

================================================================
== Vivado HLS Report for 'MixColumns'
================================================================
* Date:           Wed Feb  7 17:52:40 2018

* Version:        2017.4 (Build 2086221 on Fri Dec 15 21:13:33 MST 2017)
* Project:        cipher
* Solution:       aes_cipher
* Product family: zynq
* Target device:  xc7z020clg400-1


================================================================
== Performance Estimates
================================================================
+ Timing (ns): 
    * Summary: 
    +--------+-------+----------+------------+
    |  Clock | Target| Estimated| Uncertainty|
    +--------+-------+----------+------------+
    |ap_clk  |  10.00|      6.67|        0.00|
    +--------+-------+----------+------------+

+ Latency (clock cycles): 
    * Summary: 
    +-----+-----+-----+-----+---------+
    |  Latency  |  Interval | Pipeline|
    | min | max | min | max |   Type  |
    +-----+-----+-----+-----+---------+
    |   43|   43|   43|   43|   none  |
    +-----+-----+-----+-----+---------+

    + Detail: 
        * Instance: 
        N/A

        * Loop: 
        +----------+-----+-----+----------+-----------+-----------+------+----------+
        |          |  Latency  | Iteration|  Initiation Interval  | Trip |          |
        | Loop Name| min | max |  Latency |  achieved |   target  | Count| Pipelined|
        +----------+-----+-----+----------+-----------+-----------+------+----------+
        |- Loop 1  |   32|   32|         2|          -|          -|    16|    no    |
        +----------+-----+-----+----------+-----------+-----------+------+----------+

============================================================
+ Verbose Summary: Synthesis Manager
============================================================
InlineROM: 1
ExposeGlobal: 0
============================================================
+ Verbose Summary: CDFG Model
============================================================
IsTopModel: 0
ResetActiveHigh: 1
IsCombinational: 0
IsDatapathOnly: 0
HasWiredReturn: 1
HasMFsm: 0
HasVarLatency: 1
IsPipeline: 0
IsRtlPipelined: 0
IsInstanceOverlapped: 0
IsDontTouch: 0
HasImplIP: 0
IsGatedGlobalClock: 0


============================================================
+ Verbose Summary: Schedule
============================================================
* Number of FSM states : 13
* Pipeline : 0
* Dataflow Pipeline: 0

* FSM state transitions: 
1 --> 
	2  / true
2 --> 
	3  / true
3 --> 
	4  / true
4 --> 
	5  / true
5 --> 
	6  / true
6 --> 
	7  / true
7 --> 
	8  / true
8 --> 
	9  / true
9 --> 
	10  / true
10 --> 
	11  / true
11 --> 
	12  / true
12 --> 
	13  / (!tmp_16)
13 --> 
	12  / true

* FSM state operations: 

 <State 1> : 2.32ns
ST_1 : Operation 14 [1/1] (0.00ns)   --->   "%state_addr = getelementptr [16 x i8]* %state, i64 0, i64 0"
ST_1 : Operation 15 [1/1] (0.00ns)   --->   "%tmp_state = alloca [16 x i8], align 16" [source/AESfunctions.cpp:76]   --->   Core 37 'RAM' <Latency = 1> <II = 1> <Delay = 2.32> <Storage> <Opcode : 'load' 'store'> <Ports = 2> <Width = 8> <Depth = 16> <RAM>
ST_1 : Operation 16 [2/2] (2.32ns)   --->   "%state_load = load i8* %state_addr, align 1" [source/AESfunctions.cpp:77]   --->   Core 37 'RAM' <Latency = 1> <II = 1> <Delay = 2.32> <Storage> <Opcode : 'load' 'store'> <Ports = 2> <Width = 8> <Depth = 16> <RAM>

 <State 2> : 2.32ns
ST_2 : Operation 17 [1/2] (2.32ns)   --->   "%state_load = load i8* %state_addr, align 1" [source/AESfunctions.cpp:77]   --->   Core 37 'RAM' <Latency = 1> <II = 1> <Delay = 2.32> <Storage> <Opcode : 'load' 'store'> <Ports = 2> <Width = 8> <Depth = 16> <RAM>
ST_2 : Operation 18 [1/1] (0.00ns)   --->   "%state_addr_32 = getelementptr [16 x i8]* %state, i64 0, i64 1" [source/AESfunctions.cpp:77]
ST_2 : Operation 19 [2/2] (2.32ns)   --->   "%state_load_16 = load i8* %state_addr_32, align 1" [source/AESfunctions.cpp:77]   --->   Core 37 'RAM' <Latency = 1> <II = 1> <Delay = 2.32> <Storage> <Opcode : 'load' 'store'> <Ports = 2> <Width = 8> <Depth = 16> <RAM>
ST_2 : Operation 20 [1/1] (0.00ns)   --->   "%state_addr_33 = getelementptr [16 x i8]* %state, i64 0, i64 2" [source/AESfunctions.cpp:77]
ST_2 : Operation 21 [2/2] (2.32ns)   --->   "%state_load_17 = load i8* %state_addr_33, align 1" [source/AESfunctions.cpp:77]   --->   Core 37 'RAM' <Latency = 1> <II = 1> <Delay = 2.32> <Storage> <Opcode : 'load' 'store'> <Ports = 2> <Width = 8> <Depth = 16> <RAM>

 <State 3> : 5.58ns
ST_3 : Operation 22 [1/1] (0.00ns)   --->   "%addr = call i64 @_ssdm_op_BitConcatenate.i64.i56.i8(i56 1, i8 %state_load)" [source/AESfunctions.cpp:77]
ST_3 : Operation 23 [1/1] (0.00ns)   --->   "%cipher_addr = getelementptr [768 x i8]* @cipher, i64 0, i64 %addr" [source/AESfunctions.cpp:77]
ST_3 : Operation 24 [2/2] (3.25ns)   --->   "%cipher_load = load i8* %cipher_addr, align 1" [source/AESfunctions.cpp:77]   --->   Core 48 'ROM_nP' <Latency = 1> <II = 1> <Delay = 3.25> <Storage> <Opcode : 'load'> <Ports = 0> <Width = 8> <Depth = 768> <ROM>
ST_3 : Operation 25 [1/2] (2.32ns)   --->   "%state_load_16 = load i8* %state_addr_32, align 1" [source/AESfunctions.cpp:77]   --->   Core 37 'RAM' <Latency = 1> <II = 1> <Delay = 2.32> <Storage> <Opcode : 'load' 'store'> <Ports = 2> <Width = 8> <Depth = 16> <RAM>
ST_3 : Operation 26 [1/1] (0.00ns)   --->   "%addr1 = call i64 @_ssdm_op_BitConcatenate.i64.i56.i8(i56 2, i8 %state_load_16)" [source/AESfunctions.cpp:77]
ST_3 : Operation 27 [1/1] (0.00ns)   --->   "%cipher_addr_16 = getelementptr [768 x i8]* @cipher, i64 0, i64 %addr1" [source/AESfunctions.cpp:77]
ST_3 : Operation 28 [2/2] (3.25ns)   --->   "%cipher_load_16 = load i8* %cipher_addr_16, align 1" [source/AESfunctions.cpp:77]   --->   Core 48 'ROM_nP' <Latency = 1> <II = 1> <Delay = 3.25> <Storage> <Opcode : 'load'> <Ports = 0> <Width = 8> <Depth = 768> <ROM>
ST_3 : Operation 29 [1/2] (2.32ns)   --->   "%state_load_17 = load i8* %state_addr_33, align 1" [source/AESfunctions.cpp:77]   --->   Core 37 'RAM' <Latency = 1> <II = 1> <Delay = 2.32> <Storage> <Opcode : 'load' 'store'> <Ports = 2> <Width = 8> <Depth = 16> <RAM>
ST_3 : Operation 30 [1/1] (0.00ns)   --->   "%state_addr_34 = getelementptr [16 x i8]* %state, i64 0, i64 3" [source/AESfunctions.cpp:77]
ST_3 : Operation 31 [2/2] (2.32ns)   --->   "%state_load_18 = load i8* %state_addr_34, align 1" [source/AESfunctions.cpp:77]   --->   Core 37 'RAM' <Latency = 1> <II = 1> <Delay = 2.32> <Storage> <Opcode : 'load' 'store'> <Ports = 2> <Width = 8> <Depth = 16> <RAM>
ST_3 : Operation 32 [1/1] (0.00ns)   --->   "%addr2 = call i64 @_ssdm_op_BitConcatenate.i64.i56.i8(i56 1, i8 %state_load_16)" [source/AESfunctions.cpp:77]
ST_3 : Operation 33 [1/1] (0.00ns)   --->   "%cipher_addr_17 = getelementptr [768 x i8]* @cipher, i64 0, i64 %addr2" [source/AESfunctions.cpp:77]
ST_3 : Operation 34 [2/2] (3.25ns)   --->   "%cipher_load_17 = load i8* %cipher_addr_17, align 1" [source/AESfunctions.cpp:78]   --->   Core 48 'ROM_nP' <Latency = 1> <II = 1> <Delay = 3.25> <Storage> <Opcode : 'load'> <Ports = 0> <Width = 8> <Depth = 768> <ROM>
ST_3 : Operation 35 [1/1] (0.00ns)   --->   "%addr3 = call i64 @_ssdm_op_BitConcatenate.i64.i56.i8(i56 2, i8 %state_load_17)" [source/AESfunctions.cpp:77]
ST_3 : Operation 36 [1/1] (0.00ns)   --->   "%cipher_addr_18 = getelementptr [768 x i8]* @cipher, i64 0, i64 %addr3" [source/AESfunctions.cpp:77]
ST_3 : Operation 37 [2/2] (3.25ns)   --->   "%cipher_load_18 = load i8* %cipher_addr_18, align 1" [source/AESfunctions.cpp:78]   --->   Core 48 'ROM_nP' <Latency = 1> <II = 1> <Delay = 3.25> <Storage> <Opcode : 'load'> <Ports = 0> <Width = 8> <Depth = 768> <ROM>
ST_3 : Operation 38 [1/1] (0.00ns)   --->   "%state_addr_35 = getelementptr [16 x i8]* %state, i64 0, i64 4" [source/AESfunctions.cpp:82]
ST_3 : Operation 39 [2/2] (2.32ns)   --->   "%state_load_19 = load i8* %state_addr_35, align 1" [source/AESfunctions.cpp:82]   --->   Core 37 'RAM' <Latency = 1> <II = 1> <Delay = 2.32> <Storage> <Opcode : 'load' 'store'> <Ports = 2> <Width = 8> <Depth = 16> <RAM>

 <State 4> : 6.67ns
ST_4 : Operation 40 [1/2] (3.25ns)   --->   "%cipher_load = load i8* %cipher_addr, align 1" [source/AESfunctions.cpp:77]   --->   Core 48 'ROM_nP' <Latency = 1> <II = 1> <Delay = 3.25> <Storage> <Opcode : 'load'> <Ports = 0> <Width = 8> <Depth = 768> <ROM>
ST_4 : Operation 41 [1/2] (3.25ns)   --->   "%cipher_load_16 = load i8* %cipher_addr_16, align 1" [source/AESfunctions.cpp:77]   --->   Core 48 'ROM_nP' <Latency = 1> <II = 1> <Delay = 3.25> <Storage> <Opcode : 'load'> <Ports = 0> <Width = 8> <Depth = 768> <ROM>
ST_4 : Operation 42 [1/2] (2.32ns)   --->   "%state_load_18 = load i8* %state_addr_34, align 1" [source/AESfunctions.cpp:77]   --->   Core 37 'RAM' <Latency = 1> <II = 1> <Delay = 2.32> <Storage> <Opcode : 'load' 'store'> <Ports = 2> <Width = 8> <Depth = 16> <RAM>
ST_4 : Operation 43 [1/1] (0.00ns) (grouped into LUT with out node tmp_9)   --->   "%tmp1 = xor i8 %cipher_load_16, %cipher_load" [source/AESfunctions.cpp:77]   --->   Core 27 'LogicGate' <Latency = 0> <II = 1> <Delay = 1.09> <FuncUnit> <Opcode : 'and' 'or' 'xor'> <InPorts = 2> <OutPorts = 1>
ST_4 : Operation 44 [1/1] (0.00ns) (grouped into LUT with out node tmp_9)   --->   "%tmp2 = xor i8 %state_load_17, %state_load_18" [source/AESfunctions.cpp:77]   --->   Core 27 'LogicGate' <Latency = 0> <II = 1> <Delay = 1.09> <FuncUnit> <Opcode : 'and' 'or' 'xor'> <InPorts = 2> <OutPorts = 1>
ST_4 : Operation 45 [1/1] (1.09ns) (out node of the LUT)   --->   "%tmp_9 = xor i8 %tmp2, %tmp1" [source/AESfunctions.cpp:77]   --->   Core 27 'LogicGate' <Latency = 0> <II = 1> <Delay = 1.09> <FuncUnit> <Opcode : 'and' 'or' 'xor'> <InPorts = 2> <OutPorts = 1>
ST_4 : Operation 46 [1/1] (0.00ns)   --->   "%tmp_state_addr = getelementptr inbounds [16 x i8]* %tmp_state, i64 0, i64 0" [source/AESfunctions.cpp:77]
ST_4 : Operation 47 [1/1] (2.32ns)   --->   "store i8 %tmp_9, i8* %tmp_state_addr, align 16" [source/AESfunctions.cpp:77]   --->   Core 37 'RAM' <Latency = 1> <II = 1> <Delay = 2.32> <Storage> <Opcode : 'load' 'store'> <Ports = 2> <Width = 8> <Depth = 16> <RAM>
ST_4 : Operation 48 [1/2] (3.25ns)   --->   "%cipher_load_17 = load i8* %cipher_addr_17, align 1" [source/AESfunctions.cpp:78]   --->   Core 48 'ROM_nP' <Latency = 1> <II = 1> <Delay = 3.25> <Storage> <Opcode : 'load'> <Ports = 0> <Width = 8> <Depth = 768> <ROM>
ST_4 : Operation 49 [1/2] (3.25ns)   --->   "%cipher_load_18 = load i8* %cipher_addr_18, align 1" [source/AESfunctions.cpp:78]   --->   Core 48 'ROM_nP' <Latency = 1> <II = 1> <Delay = 3.25> <Storage> <Opcode : 'load'> <Ports = 0> <Width = 8> <Depth = 768> <ROM>
ST_4 : Operation 50 [1/1] (0.00ns) (grouped into LUT with out node tmp_3)   --->   "%tmp3 = xor i8 %state_load_18, %state_load" [source/AESfunctions.cpp:78]   --->   Core 27 'LogicGate' <Latency = 0> <II = 1> <Delay = 1.09> <FuncUnit> <Opcode : 'and' 'or' 'xor'> <InPorts = 2> <OutPorts = 1>
ST_4 : Operation 51 [1/1] (0.00ns) (grouped into LUT with out node tmp_3)   --->   "%tmp4 = xor i8 %cipher_load_17, %cipher_load_18" [source/AESfunctions.cpp:78]   --->   Core 27 'LogicGate' <Latency = 0> <II = 1> <Delay = 1.09> <FuncUnit> <Opcode : 'and' 'or' 'xor'> <InPorts = 2> <OutPorts = 1>
ST_4 : Operation 52 [1/1] (1.09ns) (out node of the LUT)   --->   "%tmp_3 = xor i8 %tmp4, %tmp3" [source/AESfunctions.cpp:78]   --->   Core 27 'LogicGate' <Latency = 0> <II = 1> <Delay = 1.09> <FuncUnit> <Opcode : 'and' 'or' 'xor'> <InPorts = 2> <OutPorts = 1>
ST_4 : Operation 53 [1/1] (0.00ns)   --->   "%tmp_state_addr_17 = getelementptr inbounds [16 x i8]* %tmp_state, i64 0, i64 1" [source/AESfunctions.cpp:78]
ST_4 : Operation 54 [1/1] (2.32ns)   --->   "store i8 %tmp_3, i8* %tmp_state_addr_17, align 1" [source/AESfunctions.cpp:78]   --->   Core 37 'RAM' <Latency = 1> <II = 1> <Delay = 2.32> <Storage> <Opcode : 'load' 'store'> <Ports = 2> <Width = 8> <Depth = 16> <RAM>
ST_4 : Operation 55 [1/1] (0.00ns)   --->   "%addr4 = call i64 @_ssdm_op_BitConcatenate.i64.i56.i8(i56 1, i8 %state_load_17)" [source/AESfunctions.cpp:77]
ST_4 : Operation 56 [1/1] (0.00ns)   --->   "%cipher_addr_19 = getelementptr [768 x i8]* @cipher, i64 0, i64 %addr4" [source/AESfunctions.cpp:77]
ST_4 : Operation 57 [2/2] (3.25ns)   --->   "%cipher_load_19 = load i8* %cipher_addr_19, align 1" [source/AESfunctions.cpp:79]   --->   Core 48 'ROM_nP' <Latency = 1> <II = 1> <Delay = 3.25> <Storage> <Opcode : 'load'> <Ports = 0> <Width = 8> <Depth = 768> <ROM>
ST_4 : Operation 58 [1/1] (0.00ns)   --->   "%addr5 = call i64 @_ssdm_op_BitConcatenate.i64.i56.i8(i56 2, i8 %state_load_18)" [source/AESfunctions.cpp:77]
ST_4 : Operation 59 [1/1] (0.00ns)   --->   "%cipher_addr_20 = getelementptr [768 x i8]* @cipher, i64 0, i64 %addr5" [source/AESfunctions.cpp:77]
ST_4 : Operation 60 [2/2] (3.25ns)   --->   "%cipher_load_20 = load i8* %cipher_addr_20, align 1" [source/AESfunctions.cpp:79]   --->   Core 48 'ROM_nP' <Latency = 1> <II = 1> <Delay = 3.25> <Storage> <Opcode : 'load'> <Ports = 0> <Width = 8> <Depth = 768> <ROM>
ST_4 : Operation 61 [1/1] (0.00ns)   --->   "%addr6 = call i64 @_ssdm_op_BitConcatenate.i64.i56.i8(i56 2, i8 %state_load)" [source/AESfunctions.cpp:77]
ST_4 : Operation 62 [1/1] (0.00ns)   --->   "%cipher_addr_21 = getelementptr [768 x i8]* @cipher, i64 0, i64 %addr6" [source/AESfunctions.cpp:77]
ST_4 : Operation 63 [2/2] (3.25ns)   --->   "%cipher_load_21 = load i8* %cipher_addr_21, align 1" [source/AESfunctions.cpp:80]   --->   Core 48 'ROM_nP' <Latency = 1> <II = 1> <Delay = 3.25> <Storage> <Opcode : 'load'> <Ports = 0> <Width = 8> <Depth = 768> <ROM>
ST_4 : Operation 64 [1/1] (0.00ns)   --->   "%addr7 = call i64 @_ssdm_op_BitConcatenate.i64.i56.i8(i56 1, i8 %state_load_18)" [source/AESfunctions.cpp:77]
ST_4 : Operation 65 [1/1] (0.00ns)   --->   "%cipher_addr_22 = getelementptr [768 x i8]* @cipher, i64 0, i64 %addr7" [source/AESfunctions.cpp:77]
ST_4 : Operation 66 [2/2] (3.25ns)   --->   "%cipher_load_22 = load i8* %cipher_addr_22, align 1" [source/AESfunctions.cpp:80]   --->   Core 48 'ROM_nP' <Latency = 1> <II = 1> <Delay = 3.25> <Storage> <Opcode : 'load'> <Ports = 0> <Width = 8> <Depth = 768> <ROM>
ST_4 : Operation 67 [1/2] (2.32ns)   --->   "%state_load_19 = load i8* %state_addr_35, align 1" [source/AESfunctions.cpp:82]   --->   Core 37 'RAM' <Latency = 1> <II = 1> <Delay = 2.32> <Storage> <Opcode : 'load' 'store'> <Ports = 2> <Width = 8> <Depth = 16> <RAM>
ST_4 : Operation 68 [1/1] (0.00ns)   --->   "%state_addr_36 = getelementptr [16 x i8]* %state, i64 0, i64 5" [source/AESfunctions.cpp:82]
ST_4 : Operation 69 [2/2] (2.32ns)   --->   "%state_load_20 = load i8* %state_addr_36, align 1" [source/AESfunctions.cpp:82]   --->   Core 37 'RAM' <Latency = 1> <II = 1> <Delay = 2.32> <Storage> <Opcode : 'load' 'store'> <Ports = 2> <Width = 8> <Depth = 16> <RAM>
ST_4 : Operation 70 [1/1] (0.00ns)   --->   "%state_addr_37 = getelementptr [16 x i8]* %state, i64 0, i64 6" [source/AESfunctions.cpp:82]
ST_4 : Operation 71 [2/2] (2.32ns)   --->   "%state_load_21 = load i8* %state_addr_37, align 1" [source/AESfunctions.cpp:82]   --->   Core 37 'RAM' <Latency = 1> <II = 1> <Delay = 2.32> <Storage> <Opcode : 'load' 'store'> <Ports = 2> <Width = 8> <Depth = 16> <RAM>

 <State 5> : 6.67ns
ST_5 : Operation 72 [1/2] (3.25ns)   --->   "%cipher_load_19 = load i8* %cipher_addr_19, align 1" [source/AESfunctions.cpp:79]   --->   Core 48 'ROM_nP' <Latency = 1> <II = 1> <Delay = 3.25> <Storage> <Opcode : 'load'> <Ports = 0> <Width = 8> <Depth = 768> <ROM>
ST_5 : Operation 73 [1/2] (3.25ns)   --->   "%cipher_load_20 = load i8* %cipher_addr_20, align 1" [source/AESfunctions.cpp:79]   --->   Core 48 'ROM_nP' <Latency = 1> <II = 1> <Delay = 3.25> <Storage> <Opcode : 'load'> <Ports = 0> <Width = 8> <Depth = 768> <ROM>
ST_5 : Operation 74 [1/1] (0.00ns) (grouped into LUT with out node tmp_1)   --->   "%tmp5 = xor i8 %state_load_16, %state_load" [source/AESfunctions.cpp:79]   --->   Core 27 'LogicGate' <Latency = 0> <II = 1> <Delay = 1.09> <FuncUnit> <Opcode : 'and' 'or' 'xor'> <InPorts = 2> <OutPorts = 1>
ST_5 : Operation 75 [1/1] (0.00ns) (grouped into LUT with out node tmp_1)   --->   "%tmp6 = xor i8 %cipher_load_19, %cipher_load_20" [source/AESfunctions.cpp:79]   --->   Core 27 'LogicGate' <Latency = 0> <II = 1> <Delay = 1.09> <FuncUnit> <Opcode : 'and' 'or' 'xor'> <InPorts = 2> <OutPorts = 1>
ST_5 : Operation 76 [1/1] (1.09ns) (out node of the LUT)   --->   "%tmp_1 = xor i8 %tmp6, %tmp5" [source/AESfunctions.cpp:79]   --->   Core 27 'LogicGate' <Latency = 0> <II = 1> <Delay = 1.09> <FuncUnit> <Opcode : 'and' 'or' 'xor'> <InPorts = 2> <OutPorts = 1>
ST_5 : Operation 77 [1/1] (0.00ns)   --->   "%tmp_state_addr_18 = getelementptr inbounds [16 x i8]* %tmp_state, i64 0, i64 2" [source/AESfunctions.cpp:79]
ST_5 : Operation 78 [1/1] (2.32ns)   --->   "store i8 %tmp_1, i8* %tmp_state_addr_18, align 2" [source/AESfunctions.cpp:79]   --->   Core 37 'RAM' <Latency = 1> <II = 1> <Delay = 2.32> <Storage> <Opcode : 'load' 'store'> <Ports = 2> <Width = 8> <Depth = 16> <RAM>
ST_5 : Operation 79 [1/2] (3.25ns)   --->   "%cipher_load_21 = load i8* %cipher_addr_21, align 1" [source/AESfunctions.cpp:80]   --->   Core 48 'ROM_nP' <Latency = 1> <II = 1> <Delay = 3.25> <Storage> <Opcode : 'load'> <Ports = 0> <Width = 8> <Depth = 768> <ROM>
ST_5 : Operation 80 [1/2] (3.25ns)   --->   "%cipher_load_22 = load i8* %cipher_addr_22, align 1" [source/AESfunctions.cpp:80]   --->   Core 48 'ROM_nP' <Latency = 1> <II = 1> <Delay = 3.25> <Storage> <Opcode : 'load'> <Ports = 0> <Width = 8> <Depth = 768> <ROM>
ST_5 : Operation 81 [1/1] (0.00ns) (grouped into LUT with out node tmp_2)   --->   "%tmp7 = xor i8 %state_load_17, %state_load_16" [source/AESfunctions.cpp:80]   --->   Core 27 'LogicGate' <Latency = 0> <II = 1> <Delay = 1.09> <FuncUnit> <Opcode : 'and' 'or' 'xor'> <InPorts = 2> <OutPorts = 1>
ST_5 : Operation 82 [1/1] (0.00ns) (grouped into LUT with out node tmp_2)   --->   "%tmp8 = xor i8 %cipher_load_21, %cipher_load_22" [source/AESfunctions.cpp:80]   --->   Core 27 'LogicGate' <Latency = 0> <II = 1> <Delay = 1.09> <FuncUnit> <Opcode : 'and' 'or' 'xor'> <InPorts = 2> <OutPorts = 1>
ST_5 : Operation 83 [1/1] (1.09ns) (out node of the LUT)   --->   "%tmp_2 = xor i8 %tmp8, %tmp7" [source/AESfunctions.cpp:80]   --->   Core 27 'LogicGate' <Latency = 0> <II = 1> <Delay = 1.09> <FuncUnit> <Opcode : 'and' 'or' 'xor'> <InPorts = 2> <OutPorts = 1>
ST_5 : Operation 84 [1/1] (0.00ns)   --->   "%tmp_state_addr_19 = getelementptr inbounds [16 x i8]* %tmp_state, i64 0, i64 3" [source/AESfunctions.cpp:80]
ST_5 : Operation 85 [1/1] (2.32ns)   --->   "store i8 %tmp_2, i8* %tmp_state_addr_19, align 1" [source/AESfunctions.cpp:80]   --->   Core 37 'RAM' <Latency = 1> <II = 1> <Delay = 2.32> <Storage> <Opcode : 'load' 'store'> <Ports = 2> <Width = 8> <Depth = 16> <RAM>
ST_5 : Operation 86 [1/1] (0.00ns)   --->   "%addr8 = call i64 @_ssdm_op_BitConcatenate.i64.i56.i8(i56 1, i8 %state_load_19)" [source/AESfunctions.cpp:82]
ST_5 : Operation 87 [1/1] (0.00ns)   --->   "%cipher_addr_23 = getelementptr [768 x i8]* @cipher, i64 0, i64 %addr8" [source/AESfunctions.cpp:82]
ST_5 : Operation 88 [2/2] (3.25ns)   --->   "%cipher_load_23 = load i8* %cipher_addr_23, align 1" [source/AESfunctions.cpp:82]   --->   Core 48 'ROM_nP' <Latency = 1> <II = 1> <Delay = 3.25> <Storage> <Opcode : 'load'> <Ports = 0> <Width = 8> <Depth = 768> <ROM>
ST_5 : Operation 89 [1/2] (2.32ns)   --->   "%state_load_20 = load i8* %state_addr_36, align 1" [source/AESfunctions.cpp:82]   --->   Core 37 'RAM' <Latency = 1> <II = 1> <Delay = 2.32> <Storage> <Opcode : 'load' 'store'> <Ports = 2> <Width = 8> <Depth = 16> <RAM>
ST_5 : Operation 90 [1/1] (0.00ns)   --->   "%addr9 = call i64 @_ssdm_op_BitConcatenate.i64.i56.i8(i56 2, i8 %state_load_20)" [source/AESfunctions.cpp:82]
ST_5 : Operation 91 [1/1] (0.00ns)   --->   "%cipher_addr_24 = getelementptr [768 x i8]* @cipher, i64 0, i64 %addr9" [source/AESfunctions.cpp:82]
ST_5 : Operation 92 [2/2] (3.25ns)   --->   "%cipher_load_24 = load i8* %cipher_addr_24, align 1" [source/AESfunctions.cpp:82]   --->   Core 48 'ROM_nP' <Latency = 1> <II = 1> <Delay = 3.25> <Storage> <Opcode : 'load'> <Ports = 0> <Width = 8> <Depth = 768> <ROM>
ST_5 : Operation 93 [1/2] (2.32ns)   --->   "%state_load_21 = load i8* %state_addr_37, align 1" [source/AESfunctions.cpp:82]   --->   Core 37 'RAM' <Latency = 1> <II = 1> <Delay = 2.32> <Storage> <Opcode : 'load' 'store'> <Ports = 2> <Width = 8> <Depth = 16> <RAM>
ST_5 : Operation 94 [1/1] (0.00ns)   --->   "%state_addr_38 = getelementptr [16 x i8]* %state, i64 0, i64 7" [source/AESfunctions.cpp:82]
ST_5 : Operation 95 [2/2] (2.32ns)   --->   "%state_load_22 = load i8* %state_addr_38, align 1" [source/AESfunctions.cpp:82]   --->   Core 37 'RAM' <Latency = 1> <II = 1> <Delay = 2.32> <Storage> <Opcode : 'load' 'store'> <Ports = 2> <Width = 8> <Depth = 16> <RAM>
ST_5 : Operation 96 [1/1] (0.00ns)   --->   "%addr10 = call i64 @_ssdm_op_BitConcatenate.i64.i56.i8(i56 1, i8 %state_load_20)" [source/AESfunctions.cpp:82]
ST_5 : Operation 97 [1/1] (0.00ns)   --->   "%cipher_addr_25 = getelementptr [768 x i8]* @cipher, i64 0, i64 %addr10" [source/AESfunctions.cpp:82]
ST_5 : Operation 98 [2/2] (3.25ns)   --->   "%cipher_load_25 = load i8* %cipher_addr_25, align 1" [source/AESfunctions.cpp:83]   --->   Core 48 'ROM_nP' <Latency = 1> <II = 1> <Delay = 3.25> <Storage> <Opcode : 'load'> <Ports = 0> <Width = 8> <Depth = 768> <ROM>
ST_5 : Operation 99 [1/1] (0.00ns)   --->   "%addr11 = call i64 @_ssdm_op_BitConcatenate.i64.i56.i8(i56 2, i8 %state_load_21)" [source/AESfunctions.cpp:82]
ST_5 : Operation 100 [1/1] (0.00ns)   --->   "%cipher_addr_26 = getelementptr [768 x i8]* @cipher, i64 0, i64 %addr11" [source/AESfunctions.cpp:82]
ST_5 : Operation 101 [2/2] (3.25ns)   --->   "%cipher_load_26 = load i8* %cipher_addr_26, align 1" [source/AESfunctions.cpp:83]   --->   Core 48 'ROM_nP' <Latency = 1> <II = 1> <Delay = 3.25> <Storage> <Opcode : 'load'> <Ports = 0> <Width = 8> <Depth = 768> <ROM>
ST_5 : Operation 102 [1/1] (0.00ns)   --->   "%state_addr_39 = getelementptr [16 x i8]* %state, i64 0, i64 8" [source/AESfunctions.cpp:87]
ST_5 : Operation 103 [2/2] (2.32ns)   --->   "%state_load_23 = load i8* %state_addr_39, align 1" [source/AESfunctions.cpp:87]   --->   Core 37 'RAM' <Latency = 1> <II = 1> <Delay = 2.32> <Storage> <Opcode : 'load' 'store'> <Ports = 2> <Width = 8> <Depth = 16> <RAM>

 <State 6> : 6.67ns
ST_6 : Operation 104 [1/2] (3.25ns)   --->   "%cipher_load_23 = load i8* %cipher_addr_23, align 1" [source/AESfunctions.cpp:82]   --->   Core 48 'ROM_nP' <Latency = 1> <II = 1> <Delay = 3.25> <Storage> <Opcode : 'load'> <Ports = 0> <Width = 8> <Depth = 768> <ROM>
ST_6 : Operation 105 [1/2] (3.25ns)   --->   "%cipher_load_24 = load i8* %cipher_addr_24, align 1" [source/AESfunctions.cpp:82]   --->   Core 48 'ROM_nP' <Latency = 1> <II = 1> <Delay = 3.25> <Storage> <Opcode : 'load'> <Ports = 0> <Width = 8> <Depth = 768> <ROM>
ST_6 : Operation 106 [1/2] (2.32ns)   --->   "%state_load_22 = load i8* %state_addr_38, align 1" [source/AESfunctions.cpp:82]   --->   Core 37 'RAM' <Latency = 1> <II = 1> <Delay = 2.32> <Storage> <Opcode : 'load' 'store'> <Ports = 2> <Width = 8> <Depth = 16> <RAM>
ST_6 : Operation 107 [1/1] (0.00ns) (grouped into LUT with out node tmp_8)   --->   "%tmp9 = xor i8 %cipher_load_24, %cipher_load_23" [source/AESfunctions.cpp:82]   --->   Core 27 'LogicGate' <Latency = 0> <II = 1> <Delay = 1.09> <FuncUnit> <Opcode : 'and' 'or' 'xor'> <InPorts = 2> <OutPorts = 1>
ST_6 : Operation 108 [1/1] (0.00ns) (grouped into LUT with out node tmp_8)   --->   "%tmp = xor i8 %state_load_21, %state_load_22" [source/AESfunctions.cpp:82]   --->   Core 27 'LogicGate' <Latency = 0> <II = 1> <Delay = 1.09> <FuncUnit> <Opcode : 'and' 'or' 'xor'> <InPorts = 2> <OutPorts = 1>
ST_6 : Operation 109 [1/1] (1.09ns) (out node of the LUT)   --->   "%tmp_8 = xor i8 %tmp, %tmp9" [source/AESfunctions.cpp:82]   --->   Core 27 'LogicGate' <Latency = 0> <II = 1> <Delay = 1.09> <FuncUnit> <Opcode : 'and' 'or' 'xor'> <InPorts = 2> <OutPorts = 1>
ST_6 : Operation 110 [1/1] (0.00ns)   --->   "%tmp_state_addr_20 = getelementptr inbounds [16 x i8]* %tmp_state, i64 0, i64 4" [source/AESfunctions.cpp:82]
ST_6 : Operation 111 [1/1] (2.32ns)   --->   "store i8 %tmp_8, i8* %tmp_state_addr_20, align 4" [source/AESfunctions.cpp:82]   --->   Core 37 'RAM' <Latency = 1> <II = 1> <Delay = 2.32> <Storage> <Opcode : 'load' 'store'> <Ports = 2> <Width = 8> <Depth = 16> <RAM>
ST_6 : Operation 112 [1/2] (3.25ns)   --->   "%cipher_load_25 = load i8* %cipher_addr_25, align 1" [source/AESfunctions.cpp:83]   --->   Core 48 'ROM_nP' <Latency = 1> <II = 1> <Delay = 3.25> <Storage> <Opcode : 'load'> <Ports = 0> <Width = 8> <Depth = 768> <ROM>
ST_6 : Operation 113 [1/2] (3.25ns)   --->   "%cipher_load_26 = load i8* %cipher_addr_26, align 1" [source/AESfunctions.cpp:83]   --->   Core 48 'ROM_nP' <Latency = 1> <II = 1> <Delay = 3.25> <Storage> <Opcode : 'load'> <Ports = 0> <Width = 8> <Depth = 768> <ROM>
ST_6 : Operation 114 [1/1] (0.00ns) (grouped into LUT with out node tmp_s)   --->   "%tmp10 = xor i8 %state_load_22, %state_load_19" [source/AESfunctions.cpp:83]   --->   Core 27 'LogicGate' <Latency = 0> <II = 1> <Delay = 1.09> <FuncUnit> <Opcode : 'and' 'or' 'xor'> <InPorts = 2> <OutPorts = 1>
ST_6 : Operation 115 [1/1] (0.00ns) (grouped into LUT with out node tmp_s)   --->   "%tmp11 = xor i8 %cipher_load_25, %cipher_load_26" [source/AESfunctions.cpp:83]   --->   Core 27 'LogicGate' <Latency = 0> <II = 1> <Delay = 1.09> <FuncUnit> <Opcode : 'and' 'or' 'xor'> <InPorts = 2> <OutPorts = 1>
ST_6 : Operation 116 [1/1] (1.09ns) (out node of the LUT)   --->   "%tmp_s = xor i8 %tmp11, %tmp10" [source/AESfunctions.cpp:83]   --->   Core 27 'LogicGate' <Latency = 0> <II = 1> <Delay = 1.09> <FuncUnit> <Opcode : 'and' 'or' 'xor'> <InPorts = 2> <OutPorts = 1>
ST_6 : Operation 117 [1/1] (0.00ns)   --->   "%tmp_state_addr_21 = getelementptr inbounds [16 x i8]* %tmp_state, i64 0, i64 5" [source/AESfunctions.cpp:83]
ST_6 : Operation 118 [1/1] (2.32ns)   --->   "store i8 %tmp_s, i8* %tmp_state_addr_21, align 1" [source/AESfunctions.cpp:83]   --->   Core 37 'RAM' <Latency = 1> <II = 1> <Delay = 2.32> <Storage> <Opcode : 'load' 'store'> <Ports = 2> <Width = 8> <Depth = 16> <RAM>
ST_6 : Operation 119 [1/1] (0.00ns)   --->   "%addr12 = call i64 @_ssdm_op_BitConcatenate.i64.i56.i8(i56 1, i8 %state_load_21)" [source/AESfunctions.cpp:82]
ST_6 : Operation 120 [1/1] (0.00ns)   --->   "%cipher_addr_27 = getelementptr [768 x i8]* @cipher, i64 0, i64 %addr12" [source/AESfunctions.cpp:82]
ST_6 : Operation 121 [2/2] (3.25ns)   --->   "%cipher_load_27 = load i8* %cipher_addr_27, align 1" [source/AESfunctions.cpp:84]   --->   Core 48 'ROM_nP' <Latency = 1> <II = 1> <Delay = 3.25> <Storage> <Opcode : 'load'> <Ports = 0> <Width = 8> <Depth = 768> <ROM>
ST_6 : Operation 122 [1/1] (0.00ns)   --->   "%addr13 = call i64 @_ssdm_op_BitConcatenate.i64.i56.i8(i56 2, i8 %state_load_22)" [source/AESfunctions.cpp:82]
ST_6 : Operation 123 [1/1] (0.00ns)   --->   "%cipher_addr_28 = getelementptr [768 x i8]* @cipher, i64 0, i64 %addr13" [source/AESfunctions.cpp:82]
ST_6 : Operation 124 [2/2] (3.25ns)   --->   "%cipher_load_28 = load i8* %cipher_addr_28, align 1" [source/AESfunctions.cpp:84]   --->   Core 48 'ROM_nP' <Latency = 1> <II = 1> <Delay = 3.25> <Storage> <Opcode : 'load'> <Ports = 0> <Width = 8> <Depth = 768> <ROM>
ST_6 : Operation 125 [1/1] (0.00ns)   --->   "%addr14 = call i64 @_ssdm_op_BitConcatenate.i64.i56.i8(i56 2, i8 %state_load_19)" [source/AESfunctions.cpp:82]
ST_6 : Operation 126 [1/1] (0.00ns)   --->   "%cipher_addr_29 = getelementptr [768 x i8]* @cipher, i64 0, i64 %addr14" [source/AESfunctions.cpp:82]
ST_6 : Operation 127 [2/2] (3.25ns)   --->   "%cipher_load_29 = load i8* %cipher_addr_29, align 1" [source/AESfunctions.cpp:85]   --->   Core 48 'ROM_nP' <Latency = 1> <II = 1> <Delay = 3.25> <Storage> <Opcode : 'load'> <Ports = 0> <Width = 8> <Depth = 768> <ROM>
ST_6 : Operation 128 [1/1] (0.00ns)   --->   "%addr15 = call i64 @_ssdm_op_BitConcatenate.i64.i56.i8(i56 1, i8 %state_load_22)" [source/AESfunctions.cpp:82]
ST_6 : Operation 129 [1/1] (0.00ns)   --->   "%cipher_addr_30 = getelementptr [768 x i8]* @cipher, i64 0, i64 %addr15" [source/AESfunctions.cpp:82]
ST_6 : Operation 130 [2/2] (3.25ns)   --->   "%cipher_load_30 = load i8* %cipher_addr_30, align 1" [source/AESfunctions.cpp:85]   --->   Core 48 'ROM_nP' <Latency = 1> <II = 1> <Delay = 3.25> <Storage> <Opcode : 'load'> <Ports = 0> <Width = 8> <Depth = 768> <ROM>
ST_6 : Operation 131 [1/2] (2.32ns)   --->   "%state_load_23 = load i8* %state_addr_39, align 1" [source/AESfunctions.cpp:87]   --->   Core 37 'RAM' <Latency = 1> <II = 1> <Delay = 2.32> <Storage> <Opcode : 'load' 'store'> <Ports = 2> <Width = 8> <Depth = 16> <RAM>
ST_6 : Operation 132 [1/1] (0.00ns)   --->   "%state_addr_40 = getelementptr [16 x i8]* %state, i64 0, i64 9" [source/AESfunctions.cpp:87]
ST_6 : Operation 133 [2/2] (2.32ns)   --->   "%state_load_24 = load i8* %state_addr_40, align 1" [source/AESfunctions.cpp:87]   --->   Core 37 'RAM' <Latency = 1> <II = 1> <Delay = 2.32> <Storage> <Opcode : 'load' 'store'> <Ports = 2> <Width = 8> <Depth = 16> <RAM>
ST_6 : Operation 134 [1/1] (0.00ns)   --->   "%state_addr_41 = getelementptr [16 x i8]* %state, i64 0, i64 10" [source/AESfunctions.cpp:87]
ST_6 : Operation 135 [2/2] (2.32ns)   --->   "%state_load_25 = load i8* %state_addr_41, align 1" [source/AESfunctions.cpp:87]   --->   Core 37 'RAM' <Latency = 1> <II = 1> <Delay = 2.32> <Storage> <Opcode : 'load' 'store'> <Ports = 2> <Width = 8> <Depth = 16> <RAM>

 <State 7> : 6.67ns
ST_7 : Operation 136 [1/2] (3.25ns)   --->   "%cipher_load_27 = load i8* %cipher_addr_27, align 1" [source/AESfunctions.cpp:84]   --->   Core 48 'ROM_nP' <Latency = 1> <II = 1> <Delay = 3.25> <Storage> <Opcode : 'load'> <Ports = 0> <Width = 8> <Depth = 768> <ROM>
ST_7 : Operation 137 [1/2] (3.25ns)   --->   "%cipher_load_28 = load i8* %cipher_addr_28, align 1" [source/AESfunctions.cpp:84]   --->   Core 48 'ROM_nP' <Latency = 1> <II = 1> <Delay = 3.25> <Storage> <Opcode : 'load'> <Ports = 0> <Width = 8> <Depth = 768> <ROM>
ST_7 : Operation 138 [1/1] (0.00ns) (grouped into LUT with out node tmp_4)   --->   "%tmp12 = xor i8 %state_load_20, %state_load_19" [source/AESfunctions.cpp:84]   --->   Core 27 'LogicGate' <Latency = 0> <II = 1> <Delay = 1.09> <FuncUnit> <Opcode : 'and' 'or' 'xor'> <InPorts = 2> <OutPorts = 1>
ST_7 : Operation 139 [1/1] (0.00ns) (grouped into LUT with out node tmp_4)   --->   "%tmp13 = xor i8 %cipher_load_27, %cipher_load_28" [source/AESfunctions.cpp:84]   --->   Core 27 'LogicGate' <Latency = 0> <II = 1> <Delay = 1.09> <FuncUnit> <Opcode : 'and' 'or' 'xor'> <InPorts = 2> <OutPorts = 1>
ST_7 : Operation 140 [1/1] (1.09ns) (out node of the LUT)   --->   "%tmp_4 = xor i8 %tmp13, %tmp12" [source/AESfunctions.cpp:84]   --->   Core 27 'LogicGate' <Latency = 0> <II = 1> <Delay = 1.09> <FuncUnit> <Opcode : 'and' 'or' 'xor'> <InPorts = 2> <OutPorts = 1>
ST_7 : Operation 141 [1/1] (0.00ns)   --->   "%tmp_state_addr_22 = getelementptr inbounds [16 x i8]* %tmp_state, i64 0, i64 6" [source/AESfunctions.cpp:84]
ST_7 : Operation 142 [1/1] (2.32ns)   --->   "store i8 %tmp_4, i8* %tmp_state_addr_22, align 2" [source/AESfunctions.cpp:84]   --->   Core 37 'RAM' <Latency = 1> <II = 1> <Delay = 2.32> <Storage> <Opcode : 'load' 'store'> <Ports = 2> <Width = 8> <Depth = 16> <RAM>
ST_7 : Operation 143 [1/2] (3.25ns)   --->   "%cipher_load_29 = load i8* %cipher_addr_29, align 1" [source/AESfunctions.cpp:85]   --->   Core 48 'ROM_nP' <Latency = 1> <II = 1> <Delay = 3.25> <Storage> <Opcode : 'load'> <Ports = 0> <Width = 8> <Depth = 768> <ROM>
ST_7 : Operation 144 [1/2] (3.25ns)   --->   "%cipher_load_30 = load i8* %cipher_addr_30, align 1" [source/AESfunctions.cpp:85]   --->   Core 48 'ROM_nP' <Latency = 1> <II = 1> <Delay = 3.25> <Storage> <Opcode : 'load'> <Ports = 0> <Width = 8> <Depth = 768> <ROM>
ST_7 : Operation 145 [1/1] (0.00ns) (grouped into LUT with out node tmp_5)   --->   "%tmp14 = xor i8 %state_load_21, %state_load_20" [source/AESfunctions.cpp:85]   --->   Core 27 'LogicGate' <Latency = 0> <II = 1> <Delay = 1.09> <FuncUnit> <Opcode : 'and' 'or' 'xor'> <InPorts = 2> <OutPorts = 1>
ST_7 : Operation 146 [1/1] (0.00ns) (grouped into LUT with out node tmp_5)   --->   "%tmp15 = xor i8 %cipher_load_29, %cipher_load_30" [source/AESfunctions.cpp:85]   --->   Core 27 'LogicGate' <Latency = 0> <II = 1> <Delay = 1.09> <FuncUnit> <Opcode : 'and' 'or' 'xor'> <InPorts = 2> <OutPorts = 1>
ST_7 : Operation 147 [1/1] (1.09ns) (out node of the LUT)   --->   "%tmp_5 = xor i8 %tmp15, %tmp14" [source/AESfunctions.cpp:85]   --->   Core 27 'LogicGate' <Latency = 0> <II = 1> <Delay = 1.09> <FuncUnit> <Opcode : 'and' 'or' 'xor'> <InPorts = 2> <OutPorts = 1>
ST_7 : Operation 148 [1/1] (0.00ns)   --->   "%tmp_state_addr_23 = getelementptr inbounds [16 x i8]* %tmp_state, i64 0, i64 7" [source/AESfunctions.cpp:85]
ST_7 : Operation 149 [1/1] (2.32ns)   --->   "store i8 %tmp_5, i8* %tmp_state_addr_23, align 1" [source/AESfunctions.cpp:85]   --->   Core 37 'RAM' <Latency = 1> <II = 1> <Delay = 2.32> <Storage> <Opcode : 'load' 'store'> <Ports = 2> <Width = 8> <Depth = 16> <RAM>
ST_7 : Operation 150 [1/1] (0.00ns)   --->   "%addr16 = call i64 @_ssdm_op_BitConcatenate.i64.i56.i8(i56 1, i8 %state_load_23)" [source/AESfunctions.cpp:87]
ST_7 : Operation 151 [1/1] (0.00ns)   --->   "%cipher_addr_31 = getelementptr [768 x i8]* @cipher, i64 0, i64 %addr16" [source/AESfunctions.cpp:87]
ST_7 : Operation 152 [2/2] (3.25ns)   --->   "%cipher_load_31 = load i8* %cipher_addr_31, align 1" [source/AESfunctions.cpp:87]   --->   Core 48 'ROM_nP' <Latency = 1> <II = 1> <Delay = 3.25> <Storage> <Opcode : 'load'> <Ports = 0> <Width = 8> <Depth = 768> <ROM>
ST_7 : Operation 153 [1/2] (2.32ns)   --->   "%state_load_24 = load i8* %state_addr_40, align 1" [source/AESfunctions.cpp:87]   --->   Core 37 'RAM' <Latency = 1> <II = 1> <Delay = 2.32> <Storage> <Opcode : 'load' 'store'> <Ports = 2> <Width = 8> <Depth = 16> <RAM>
ST_7 : Operation 154 [1/1] (0.00ns)   --->   "%addr17 = call i64 @_ssdm_op_BitConcatenate.i64.i56.i8(i56 2, i8 %state_load_24)" [source/AESfunctions.cpp:87]
ST_7 : Operation 155 [1/1] (0.00ns)   --->   "%cipher_addr_32 = getelementptr [768 x i8]* @cipher, i64 0, i64 %addr17" [source/AESfunctions.cpp:87]
ST_7 : Operation 156 [2/2] (3.25ns)   --->   "%cipher_load_32 = load i8* %cipher_addr_32, align 1" [source/AESfunctions.cpp:87]   --->   Core 48 'ROM_nP' <Latency = 1> <II = 1> <Delay = 3.25> <Storage> <Opcode : 'load'> <Ports = 0> <Width = 8> <Depth = 768> <ROM>
ST_7 : Operation 157 [1/2] (2.32ns)   --->   "%state_load_25 = load i8* %state_addr_41, align 1" [source/AESfunctions.cpp:87]   --->   Core 37 'RAM' <Latency = 1> <II = 1> <Delay = 2.32> <Storage> <Opcode : 'load' 'store'> <Ports = 2> <Width = 8> <Depth = 16> <RAM>
ST_7 : Operation 158 [1/1] (0.00ns)   --->   "%state_addr_42 = getelementptr [16 x i8]* %state, i64 0, i64 11" [source/AESfunctions.cpp:87]
ST_7 : Operation 159 [2/2] (2.32ns)   --->   "%state_load_26 = load i8* %state_addr_42, align 1" [source/AESfunctions.cpp:87]   --->   Core 37 'RAM' <Latency = 1> <II = 1> <Delay = 2.32> <Storage> <Opcode : 'load' 'store'> <Ports = 2> <Width = 8> <Depth = 16> <RAM>
ST_7 : Operation 160 [1/1] (0.00ns)   --->   "%addr18 = call i64 @_ssdm_op_BitConcatenate.i64.i56.i8(i56 1, i8 %state_load_24)" [source/AESfunctions.cpp:87]
ST_7 : Operation 161 [1/1] (0.00ns)   --->   "%cipher_addr_33 = getelementptr [768 x i8]* @cipher, i64 0, i64 %addr18" [source/AESfunctions.cpp:87]
ST_7 : Operation 162 [2/2] (3.25ns)   --->   "%cipher_load_33 = load i8* %cipher_addr_33, align 1" [source/AESfunctions.cpp:88]   --->   Core 48 'ROM_nP' <Latency = 1> <II = 1> <Delay = 3.25> <Storage> <Opcode : 'load'> <Ports = 0> <Width = 8> <Depth = 768> <ROM>
ST_7 : Operation 163 [1/1] (0.00ns)   --->   "%addr19 = call i64 @_ssdm_op_BitConcatenate.i64.i56.i8(i56 2, i8 %state_load_25)" [source/AESfunctions.cpp:87]
ST_7 : Operation 164 [1/1] (0.00ns)   --->   "%cipher_addr_34 = getelementptr [768 x i8]* @cipher, i64 0, i64 %addr19" [source/AESfunctions.cpp:87]
ST_7 : Operation 165 [2/2] (3.25ns)   --->   "%cipher_load_34 = load i8* %cipher_addr_34, align 1" [source/AESfunctions.cpp:88]   --->   Core 48 'ROM_nP' <Latency = 1> <II = 1> <Delay = 3.25> <Storage> <Opcode : 'load'> <Ports = 0> <Width = 8> <Depth = 768> <ROM>
ST_7 : Operation 166 [1/1] (0.00ns)   --->   "%state_addr_43 = getelementptr [16 x i8]* %state, i64 0, i64 12" [source/AESfunctions.cpp:92]
ST_7 : Operation 167 [2/2] (2.32ns)   --->   "%state_load_27 = load i8* %state_addr_43, align 1" [source/AESfunctions.cpp:92]   --->   Core 37 'RAM' <Latency = 1> <II = 1> <Delay = 2.32> <Storage> <Opcode : 'load' 'store'> <Ports = 2> <Width = 8> <Depth = 16> <RAM>

 <State 8> : 6.67ns
ST_8 : Operation 168 [1/2] (3.25ns)   --->   "%cipher_load_31 = load i8* %cipher_addr_31, align 1" [source/AESfunctions.cpp:87]   --->   Core 48 'ROM_nP' <Latency = 1> <II = 1> <Delay = 3.25> <Storage> <Opcode : 'load'> <Ports = 0> <Width = 8> <Depth = 768> <ROM>
ST_8 : Operation 169 [1/2] (3.25ns)   --->   "%cipher_load_32 = load i8* %cipher_addr_32, align 1" [source/AESfunctions.cpp:87]   --->   Core 48 'ROM_nP' <Latency = 1> <II = 1> <Delay = 3.25> <Storage> <Opcode : 'load'> <Ports = 0> <Width = 8> <Depth = 768> <ROM>
ST_8 : Operation 170 [1/2] (2.32ns)   --->   "%state_load_26 = load i8* %state_addr_42, align 1" [source/AESfunctions.cpp:87]   --->   Core 37 'RAM' <Latency = 1> <II = 1> <Delay = 2.32> <Storage> <Opcode : 'load' 'store'> <Ports = 2> <Width = 8> <Depth = 16> <RAM>
ST_8 : Operation 171 [1/1] (0.00ns) (grouped into LUT with out node tmp_6)   --->   "%tmp16 = xor i8 %cipher_load_32, %cipher_load_31" [source/AESfunctions.cpp:87]   --->   Core 27 'LogicGate' <Latency = 0> <II = 1> <Delay = 1.09> <FuncUnit> <Opcode : 'and' 'or' 'xor'> <InPorts = 2> <OutPorts = 1>
ST_8 : Operation 172 [1/1] (0.00ns) (grouped into LUT with out node tmp_6)   --->   "%tmp17 = xor i8 %state_load_25, %state_load_26" [source/AESfunctions.cpp:87]   --->   Core 27 'LogicGate' <Latency = 0> <II = 1> <Delay = 1.09> <FuncUnit> <Opcode : 'and' 'or' 'xor'> <InPorts = 2> <OutPorts = 1>
ST_8 : Operation 173 [1/1] (1.09ns) (out node of the LUT)   --->   "%tmp_6 = xor i8 %tmp17, %tmp16" [source/AESfunctions.cpp:87]   --->   Core 27 'LogicGate' <Latency = 0> <II = 1> <Delay = 1.09> <FuncUnit> <Opcode : 'and' 'or' 'xor'> <InPorts = 2> <OutPorts = 1>
ST_8 : Operation 174 [1/1] (0.00ns)   --->   "%tmp_state_addr_24 = getelementptr inbounds [16 x i8]* %tmp_state, i64 0, i64 8" [source/AESfunctions.cpp:87]
ST_8 : Operation 175 [1/1] (2.32ns)   --->   "store i8 %tmp_6, i8* %tmp_state_addr_24, align 8" [source/AESfunctions.cpp:87]   --->   Core 37 'RAM' <Latency = 1> <II = 1> <Delay = 2.32> <Storage> <Opcode : 'load' 'store'> <Ports = 2> <Width = 8> <Depth = 16> <RAM>
ST_8 : Operation 176 [1/2] (3.25ns)   --->   "%cipher_load_33 = load i8* %cipher_addr_33, align 1" [source/AESfunctions.cpp:88]   --->   Core 48 'ROM_nP' <Latency = 1> <II = 1> <Delay = 3.25> <Storage> <Opcode : 'load'> <Ports = 0> <Width = 8> <Depth = 768> <ROM>
ST_8 : Operation 177 [1/2] (3.25ns)   --->   "%cipher_load_34 = load i8* %cipher_addr_34, align 1" [source/AESfunctions.cpp:88]   --->   Core 48 'ROM_nP' <Latency = 1> <II = 1> <Delay = 3.25> <Storage> <Opcode : 'load'> <Ports = 0> <Width = 8> <Depth = 768> <ROM>
ST_8 : Operation 178 [1/1] (0.00ns) (grouped into LUT with out node tmp_7)   --->   "%tmp18 = xor i8 %state_load_26, %state_load_23" [source/AESfunctions.cpp:88]   --->   Core 27 'LogicGate' <Latency = 0> <II = 1> <Delay = 1.09> <FuncUnit> <Opcode : 'and' 'or' 'xor'> <InPorts = 2> <OutPorts = 1>
ST_8 : Operation 179 [1/1] (0.00ns) (grouped into LUT with out node tmp_7)   --->   "%tmp19 = xor i8 %cipher_load_33, %cipher_load_34" [source/AESfunctions.cpp:88]   --->   Core 27 'LogicGate' <Latency = 0> <II = 1> <Delay = 1.09> <FuncUnit> <Opcode : 'and' 'or' 'xor'> <InPorts = 2> <OutPorts = 1>
ST_8 : Operation 180 [1/1] (1.09ns) (out node of the LUT)   --->   "%tmp_7 = xor i8 %tmp19, %tmp18" [source/AESfunctions.cpp:88]   --->   Core 27 'LogicGate' <Latency = 0> <II = 1> <Delay = 1.09> <FuncUnit> <Opcode : 'and' 'or' 'xor'> <InPorts = 2> <OutPorts = 1>
ST_8 : Operation 181 [1/1] (0.00ns)   --->   "%tmp_state_addr_25 = getelementptr inbounds [16 x i8]* %tmp_state, i64 0, i64 9" [source/AESfunctions.cpp:88]
ST_8 : Operation 182 [1/1] (2.32ns)   --->   "store i8 %tmp_7, i8* %tmp_state_addr_25, align 1" [source/AESfunctions.cpp:88]   --->   Core 37 'RAM' <Latency = 1> <II = 1> <Delay = 2.32> <Storage> <Opcode : 'load' 'store'> <Ports = 2> <Width = 8> <Depth = 16> <RAM>
ST_8 : Operation 183 [1/1] (0.00ns)   --->   "%addr20 = call i64 @_ssdm_op_BitConcatenate.i64.i56.i8(i56 1, i8 %state_load_25)" [source/AESfunctions.cpp:87]
ST_8 : Operation 184 [1/1] (0.00ns)   --->   "%cipher_addr_35 = getelementptr [768 x i8]* @cipher, i64 0, i64 %addr20" [source/AESfunctions.cpp:87]
ST_8 : Operation 185 [2/2] (3.25ns)   --->   "%cipher_load_35 = load i8* %cipher_addr_35, align 1" [source/AESfunctions.cpp:89]   --->   Core 48 'ROM_nP' <Latency = 1> <II = 1> <Delay = 3.25> <Storage> <Opcode : 'load'> <Ports = 0> <Width = 8> <Depth = 768> <ROM>
ST_8 : Operation 186 [1/1] (0.00ns)   --->   "%addr21 = call i64 @_ssdm_op_BitConcatenate.i64.i56.i8(i56 2, i8 %state_load_26)" [source/AESfunctions.cpp:87]
ST_8 : Operation 187 [1/1] (0.00ns)   --->   "%cipher_addr_36 = getelementptr [768 x i8]* @cipher, i64 0, i64 %addr21" [source/AESfunctions.cpp:87]
ST_8 : Operation 188 [2/2] (3.25ns)   --->   "%cipher_load_36 = load i8* %cipher_addr_36, align 1" [source/AESfunctions.cpp:89]   --->   Core 48 'ROM_nP' <Latency = 1> <II = 1> <Delay = 3.25> <Storage> <Opcode : 'load'> <Ports = 0> <Width = 8> <Depth = 768> <ROM>
ST_8 : Operation 189 [1/1] (0.00ns)   --->   "%addr22 = call i64 @_ssdm_op_BitConcatenate.i64.i56.i8(i56 2, i8 %state_load_23)" [source/AESfunctions.cpp:87]
ST_8 : Operation 190 [1/1] (0.00ns)   --->   "%cipher_addr_37 = getelementptr [768 x i8]* @cipher, i64 0, i64 %addr22" [source/AESfunctions.cpp:87]
ST_8 : Operation 191 [2/2] (3.25ns)   --->   "%cipher_load_37 = load i8* %cipher_addr_37, align 1" [source/AESfunctions.cpp:90]   --->   Core 48 'ROM_nP' <Latency = 1> <II = 1> <Delay = 3.25> <Storage> <Opcode : 'load'> <Ports = 0> <Width = 8> <Depth = 768> <ROM>
ST_8 : Operation 192 [1/1] (0.00ns)   --->   "%addr23 = call i64 @_ssdm_op_BitConcatenate.i64.i56.i8(i56 1, i8 %state_load_26)" [source/AESfunctions.cpp:87]
ST_8 : Operation 193 [1/1] (0.00ns)   --->   "%cipher_addr_38 = getelementptr [768 x i8]* @cipher, i64 0, i64 %addr23" [source/AESfunctions.cpp:87]
ST_8 : Operation 194 [2/2] (3.25ns)   --->   "%cipher_load_38 = load i8* %cipher_addr_38, align 1" [source/AESfunctions.cpp:90]   --->   Core 48 'ROM_nP' <Latency = 1> <II = 1> <Delay = 3.25> <Storage> <Opcode : 'load'> <Ports = 0> <Width = 8> <Depth = 768> <ROM>
ST_8 : Operation 195 [1/2] (2.32ns)   --->   "%state_load_27 = load i8* %state_addr_43, align 1" [source/AESfunctions.cpp:92]   --->   Core 37 'RAM' <Latency = 1> <II = 1> <Delay = 2.32> <Storage> <Opcode : 'load' 'store'> <Ports = 2> <Width = 8> <Depth = 16> <RAM>
ST_8 : Operation 196 [1/1] (0.00ns)   --->   "%state_addr_44 = getelementptr [16 x i8]* %state, i64 0, i64 13" [source/AESfunctions.cpp:92]
ST_8 : Operation 197 [2/2] (2.32ns)   --->   "%state_load_28 = load i8* %state_addr_44, align 1" [source/AESfunctions.cpp:92]   --->   Core 37 'RAM' <Latency = 1> <II = 1> <Delay = 2.32> <Storage> <Opcode : 'load' 'store'> <Ports = 2> <Width = 8> <Depth = 16> <RAM>
ST_8 : Operation 198 [1/1] (0.00ns)   --->   "%state_addr_45 = getelementptr [16 x i8]* %state, i64 0, i64 14" [source/AESfunctions.cpp:92]
ST_8 : Operation 199 [2/2] (2.32ns)   --->   "%state_load_29 = load i8* %state_addr_45, align 1" [source/AESfunctions.cpp:92]   --->   Core 37 'RAM' <Latency = 1> <II = 1> <Delay = 2.32> <Storage> <Opcode : 'load' 'store'> <Ports = 2> <Width = 8> <Depth = 16> <RAM>

 <State 9> : 6.67ns
ST_9 : Operation 200 [1/2] (3.25ns)   --->   "%cipher_load_35 = load i8* %cipher_addr_35, align 1" [source/AESfunctions.cpp:89]   --->   Core 48 'ROM_nP' <Latency = 1> <II = 1> <Delay = 3.25> <Storage> <Opcode : 'load'> <Ports = 0> <Width = 8> <Depth = 768> <ROM>
ST_9 : Operation 201 [1/2] (3.25ns)   --->   "%cipher_load_36 = load i8* %cipher_addr_36, align 1" [source/AESfunctions.cpp:89]   --->   Core 48 'ROM_nP' <Latency = 1> <II = 1> <Delay = 3.25> <Storage> <Opcode : 'load'> <Ports = 0> <Width = 8> <Depth = 768> <ROM>
ST_9 : Operation 202 [1/1] (0.00ns) (grouped into LUT with out node tmp_10)   --->   "%tmp20 = xor i8 %state_load_24, %state_load_23" [source/AESfunctions.cpp:89]   --->   Core 27 'LogicGate' <Latency = 0> <II = 1> <Delay = 1.09> <FuncUnit> <Opcode : 'and' 'or' 'xor'> <InPorts = 2> <OutPorts = 1>
ST_9 : Operation 203 [1/1] (0.00ns) (grouped into LUT with out node tmp_10)   --->   "%tmp21 = xor i8 %cipher_load_35, %cipher_load_36" [source/AESfunctions.cpp:89]   --->   Core 27 'LogicGate' <Latency = 0> <II = 1> <Delay = 1.09> <FuncUnit> <Opcode : 'and' 'or' 'xor'> <InPorts = 2> <OutPorts = 1>
ST_9 : Operation 204 [1/1] (1.09ns) (out node of the LUT)   --->   "%tmp_10 = xor i8 %tmp21, %tmp20" [source/AESfunctions.cpp:89]   --->   Core 27 'LogicGate' <Latency = 0> <II = 1> <Delay = 1.09> <FuncUnit> <Opcode : 'and' 'or' 'xor'> <InPorts = 2> <OutPorts = 1>
ST_9 : Operation 205 [1/1] (0.00ns)   --->   "%tmp_state_addr_26 = getelementptr inbounds [16 x i8]* %tmp_state, i64 0, i64 10" [source/AESfunctions.cpp:89]
ST_9 : Operation 206 [1/1] (2.32ns)   --->   "store i8 %tmp_10, i8* %tmp_state_addr_26, align 2" [source/AESfunctions.cpp:89]   --->   Core 37 'RAM' <Latency = 1> <II = 1> <Delay = 2.32> <Storage> <Opcode : 'load' 'store'> <Ports = 2> <Width = 8> <Depth = 16> <RAM>
ST_9 : Operation 207 [1/2] (3.25ns)   --->   "%cipher_load_37 = load i8* %cipher_addr_37, align 1" [source/AESfunctions.cpp:90]   --->   Core 48 'ROM_nP' <Latency = 1> <II = 1> <Delay = 3.25> <Storage> <Opcode : 'load'> <Ports = 0> <Width = 8> <Depth = 768> <ROM>
ST_9 : Operation 208 [1/2] (3.25ns)   --->   "%cipher_load_38 = load i8* %cipher_addr_38, align 1" [source/AESfunctions.cpp:90]   --->   Core 48 'ROM_nP' <Latency = 1> <II = 1> <Delay = 3.25> <Storage> <Opcode : 'load'> <Ports = 0> <Width = 8> <Depth = 768> <ROM>
ST_9 : Operation 209 [1/1] (0.00ns) (grouped into LUT with out node tmp_11)   --->   "%tmp22 = xor i8 %state_load_25, %state_load_24" [source/AESfunctions.cpp:90]   --->   Core 27 'LogicGate' <Latency = 0> <II = 1> <Delay = 1.09> <FuncUnit> <Opcode : 'and' 'or' 'xor'> <InPorts = 2> <OutPorts = 1>
ST_9 : Operation 210 [1/1] (0.00ns) (grouped into LUT with out node tmp_11)   --->   "%tmp23 = xor i8 %cipher_load_37, %cipher_load_38" [source/AESfunctions.cpp:90]   --->   Core 27 'LogicGate' <Latency = 0> <II = 1> <Delay = 1.09> <FuncUnit> <Opcode : 'and' 'or' 'xor'> <InPorts = 2> <OutPorts = 1>
ST_9 : Operation 211 [1/1] (1.09ns) (out node of the LUT)   --->   "%tmp_11 = xor i8 %tmp23, %tmp22" [source/AESfunctions.cpp:90]   --->   Core 27 'LogicGate' <Latency = 0> <II = 1> <Delay = 1.09> <FuncUnit> <Opcode : 'and' 'or' 'xor'> <InPorts = 2> <OutPorts = 1>
ST_9 : Operation 212 [1/1] (0.00ns)   --->   "%tmp_state_addr_27 = getelementptr inbounds [16 x i8]* %tmp_state, i64 0, i64 11" [source/AESfunctions.cpp:90]
ST_9 : Operation 213 [1/1] (2.32ns)   --->   "store i8 %tmp_11, i8* %tmp_state_addr_27, align 1" [source/AESfunctions.cpp:90]   --->   Core 37 'RAM' <Latency = 1> <II = 1> <Delay = 2.32> <Storage> <Opcode : 'load' 'store'> <Ports = 2> <Width = 8> <Depth = 16> <RAM>
ST_9 : Operation 214 [1/1] (0.00ns)   --->   "%addr24 = call i64 @_ssdm_op_BitConcatenate.i64.i56.i8(i56 1, i8 %state_load_27)" [source/AESfunctions.cpp:92]
ST_9 : Operation 215 [1/1] (0.00ns)   --->   "%cipher_addr_39 = getelementptr [768 x i8]* @cipher, i64 0, i64 %addr24" [source/AESfunctions.cpp:92]
ST_9 : Operation 216 [2/2] (3.25ns)   --->   "%cipher_load_39 = load i8* %cipher_addr_39, align 1" [source/AESfunctions.cpp:92]   --->   Core 48 'ROM_nP' <Latency = 1> <II = 1> <Delay = 3.25> <Storage> <Opcode : 'load'> <Ports = 0> <Width = 8> <Depth = 768> <ROM>
ST_9 : Operation 217 [1/2] (2.32ns)   --->   "%state_load_28 = load i8* %state_addr_44, align 1" [source/AESfunctions.cpp:92]   --->   Core 37 'RAM' <Latency = 1> <II = 1> <Delay = 2.32> <Storage> <Opcode : 'load' 'store'> <Ports = 2> <Width = 8> <Depth = 16> <RAM>
ST_9 : Operation 218 [1/1] (0.00ns)   --->   "%addr25 = call i64 @_ssdm_op_BitConcatenate.i64.i56.i8(i56 2, i8 %state_load_28)" [source/AESfunctions.cpp:92]
ST_9 : Operation 219 [1/1] (0.00ns)   --->   "%cipher_addr_40 = getelementptr [768 x i8]* @cipher, i64 0, i64 %addr25" [source/AESfunctions.cpp:92]
ST_9 : Operation 220 [2/2] (3.25ns)   --->   "%cipher_load_40 = load i8* %cipher_addr_40, align 1" [source/AESfunctions.cpp:92]   --->   Core 48 'ROM_nP' <Latency = 1> <II = 1> <Delay = 3.25> <Storage> <Opcode : 'load'> <Ports = 0> <Width = 8> <Depth = 768> <ROM>
ST_9 : Operation 221 [1/2] (2.32ns)   --->   "%state_load_29 = load i8* %state_addr_45, align 1" [source/AESfunctions.cpp:92]   --->   Core 37 'RAM' <Latency = 1> <II = 1> <Delay = 2.32> <Storage> <Opcode : 'load' 'store'> <Ports = 2> <Width = 8> <Depth = 16> <RAM>
ST_9 : Operation 222 [1/1] (0.00ns)   --->   "%state_addr_46 = getelementptr [16 x i8]* %state, i64 0, i64 15" [source/AESfunctions.cpp:92]
ST_9 : Operation 223 [2/2] (2.32ns)   --->   "%state_load_30 = load i8* %state_addr_46, align 1" [source/AESfunctions.cpp:92]   --->   Core 37 'RAM' <Latency = 1> <II = 1> <Delay = 2.32> <Storage> <Opcode : 'load' 'store'> <Ports = 2> <Width = 8> <Depth = 16> <RAM>
ST_9 : Operation 224 [1/1] (0.00ns)   --->   "%addr26 = call i64 @_ssdm_op_BitConcatenate.i64.i56.i8(i56 1, i8 %state_load_28)" [source/AESfunctions.cpp:92]
ST_9 : Operation 225 [1/1] (0.00ns)   --->   "%cipher_addr_41 = getelementptr [768 x i8]* @cipher, i64 0, i64 %addr26" [source/AESfunctions.cpp:92]
ST_9 : Operation 226 [2/2] (3.25ns)   --->   "%cipher_load_41 = load i8* %cipher_addr_41, align 1" [source/AESfunctions.cpp:93]   --->   Core 48 'ROM_nP' <Latency = 1> <II = 1> <Delay = 3.25> <Storage> <Opcode : 'load'> <Ports = 0> <Width = 8> <Depth = 768> <ROM>
ST_9 : Operation 227 [1/1] (0.00ns)   --->   "%addr27 = call i64 @_ssdm_op_BitConcatenate.i64.i56.i8(i56 2, i8 %state_load_29)" [source/AESfunctions.cpp:92]
ST_9 : Operation 228 [1/1] (0.00ns)   --->   "%cipher_addr_42 = getelementptr [768 x i8]* @cipher, i64 0, i64 %addr27" [source/AESfunctions.cpp:92]
ST_9 : Operation 229 [2/2] (3.25ns)   --->   "%cipher_load_42 = load i8* %cipher_addr_42, align 1" [source/AESfunctions.cpp:93]   --->   Core 48 'ROM_nP' <Latency = 1> <II = 1> <Delay = 3.25> <Storage> <Opcode : 'load'> <Ports = 0> <Width = 8> <Depth = 768> <ROM>

 <State 10> : 6.67ns
ST_10 : Operation 230 [1/2] (3.25ns)   --->   "%cipher_load_39 = load i8* %cipher_addr_39, align 1" [source/AESfunctions.cpp:92]   --->   Core 48 'ROM_nP' <Latency = 1> <II = 1> <Delay = 3.25> <Storage> <Opcode : 'load'> <Ports = 0> <Width = 8> <Depth = 768> <ROM>
ST_10 : Operation 231 [1/2] (3.25ns)   --->   "%cipher_load_40 = load i8* %cipher_addr_40, align 1" [source/AESfunctions.cpp:92]   --->   Core 48 'ROM_nP' <Latency = 1> <II = 1> <Delay = 3.25> <Storage> <Opcode : 'load'> <Ports = 0> <Width = 8> <Depth = 768> <ROM>
ST_10 : Operation 232 [1/2] (2.32ns)   --->   "%state_load_30 = load i8* %state_addr_46, align 1" [source/AESfunctions.cpp:92]   --->   Core 37 'RAM' <Latency = 1> <II = 1> <Delay = 2.32> <Storage> <Opcode : 'load' 'store'> <Ports = 2> <Width = 8> <Depth = 16> <RAM>
ST_10 : Operation 233 [1/1] (0.00ns) (grouped into LUT with out node tmp_12)   --->   "%tmp24 = xor i8 %cipher_load_40, %cipher_load_39" [source/AESfunctions.cpp:92]   --->   Core 27 'LogicGate' <Latency = 0> <II = 1> <Delay = 1.09> <FuncUnit> <Opcode : 'and' 'or' 'xor'> <InPorts = 2> <OutPorts = 1>
ST_10 : Operation 234 [1/1] (0.00ns) (grouped into LUT with out node tmp_12)   --->   "%tmp25 = xor i8 %state_load_29, %state_load_30" [source/AESfunctions.cpp:92]   --->   Core 27 'LogicGate' <Latency = 0> <II = 1> <Delay = 1.09> <FuncUnit> <Opcode : 'and' 'or' 'xor'> <InPorts = 2> <OutPorts = 1>
ST_10 : Operation 235 [1/1] (1.09ns) (out node of the LUT)   --->   "%tmp_12 = xor i8 %tmp25, %tmp24" [source/AESfunctions.cpp:92]   --->   Core 27 'LogicGate' <Latency = 0> <II = 1> <Delay = 1.09> <FuncUnit> <Opcode : 'and' 'or' 'xor'> <InPorts = 2> <OutPorts = 1>
ST_10 : Operation 236 [1/1] (0.00ns)   --->   "%tmp_state_addr_28 = getelementptr inbounds [16 x i8]* %tmp_state, i64 0, i64 12" [source/AESfunctions.cpp:92]
ST_10 : Operation 237 [1/1] (2.32ns)   --->   "store i8 %tmp_12, i8* %tmp_state_addr_28, align 4" [source/AESfunctions.cpp:92]   --->   Core 37 'RAM' <Latency = 1> <II = 1> <Delay = 2.32> <Storage> <Opcode : 'load' 'store'> <Ports = 2> <Width = 8> <Depth = 16> <RAM>
ST_10 : Operation 238 [1/2] (3.25ns)   --->   "%cipher_load_41 = load i8* %cipher_addr_41, align 1" [source/AESfunctions.cpp:93]   --->   Core 48 'ROM_nP' <Latency = 1> <II = 1> <Delay = 3.25> <Storage> <Opcode : 'load'> <Ports = 0> <Width = 8> <Depth = 768> <ROM>
ST_10 : Operation 239 [1/2] (3.25ns)   --->   "%cipher_load_42 = load i8* %cipher_addr_42, align 1" [source/AESfunctions.cpp:93]   --->   Core 48 'ROM_nP' <Latency = 1> <II = 1> <Delay = 3.25> <Storage> <Opcode : 'load'> <Ports = 0> <Width = 8> <Depth = 768> <ROM>
ST_10 : Operation 240 [1/1] (0.00ns) (grouped into LUT with out node tmp_13)   --->   "%tmp26 = xor i8 %state_load_30, %state_load_27" [source/AESfunctions.cpp:93]   --->   Core 27 'LogicGate' <Latency = 0> <II = 1> <Delay = 1.09> <FuncUnit> <Opcode : 'and' 'or' 'xor'> <InPorts = 2> <OutPorts = 1>
ST_10 : Operation 241 [1/1] (0.00ns) (grouped into LUT with out node tmp_13)   --->   "%tmp27 = xor i8 %cipher_load_41, %cipher_load_42" [source/AESfunctions.cpp:93]   --->   Core 27 'LogicGate' <Latency = 0> <II = 1> <Delay = 1.09> <FuncUnit> <Opcode : 'and' 'or' 'xor'> <InPorts = 2> <OutPorts = 1>
ST_10 : Operation 242 [1/1] (1.09ns) (out node of the LUT)   --->   "%tmp_13 = xor i8 %tmp27, %tmp26" [source/AESfunctions.cpp:93]   --->   Core 27 'LogicGate' <Latency = 0> <II = 1> <Delay = 1.09> <FuncUnit> <Opcode : 'and' 'or' 'xor'> <InPorts = 2> <OutPorts = 1>
ST_10 : Operation 243 [1/1] (0.00ns)   --->   "%tmp_state_addr_29 = getelementptr inbounds [16 x i8]* %tmp_state, i64 0, i64 13" [source/AESfunctions.cpp:93]
ST_10 : Operation 244 [1/1] (2.32ns)   --->   "store i8 %tmp_13, i8* %tmp_state_addr_29, align 1" [source/AESfunctions.cpp:93]   --->   Core 37 'RAM' <Latency = 1> <II = 1> <Delay = 2.32> <Storage> <Opcode : 'load' 'store'> <Ports = 2> <Width = 8> <Depth = 16> <RAM>
ST_10 : Operation 245 [1/1] (0.00ns)   --->   "%addr28 = call i64 @_ssdm_op_BitConcatenate.i64.i56.i8(i56 1, i8 %state_load_29)" [source/AESfunctions.cpp:92]
ST_10 : Operation 246 [1/1] (0.00ns)   --->   "%cipher_addr_43 = getelementptr [768 x i8]* @cipher, i64 0, i64 %addr28" [source/AESfunctions.cpp:92]
ST_10 : Operation 247 [2/2] (3.25ns)   --->   "%cipher_load_43 = load i8* %cipher_addr_43, align 1" [source/AESfunctions.cpp:94]   --->   Core 48 'ROM_nP' <Latency = 1> <II = 1> <Delay = 3.25> <Storage> <Opcode : 'load'> <Ports = 0> <Width = 8> <Depth = 768> <ROM>
ST_10 : Operation 248 [1/1] (0.00ns)   --->   "%addr29 = call i64 @_ssdm_op_BitConcatenate.i64.i56.i8(i56 2, i8 %state_load_30)" [source/AESfunctions.cpp:92]
ST_10 : Operation 249 [1/1] (0.00ns)   --->   "%cipher_addr_44 = getelementptr [768 x i8]* @cipher, i64 0, i64 %addr29" [source/AESfunctions.cpp:92]
ST_10 : Operation 250 [2/2] (3.25ns)   --->   "%cipher_load_44 = load i8* %cipher_addr_44, align 1" [source/AESfunctions.cpp:94]   --->   Core 48 'ROM_nP' <Latency = 1> <II = 1> <Delay = 3.25> <Storage> <Opcode : 'load'> <Ports = 0> <Width = 8> <Depth = 768> <ROM>
ST_10 : Operation 251 [1/1] (0.00ns)   --->   "%addr30 = call i64 @_ssdm_op_BitConcatenate.i64.i56.i8(i56 2, i8 %state_load_27)" [source/AESfunctions.cpp:92]
ST_10 : Operation 252 [1/1] (0.00ns)   --->   "%cipher_addr_45 = getelementptr [768 x i8]* @cipher, i64 0, i64 %addr30" [source/AESfunctions.cpp:92]
ST_10 : Operation 253 [2/2] (3.25ns)   --->   "%cipher_load_45 = load i8* %cipher_addr_45, align 1" [source/AESfunctions.cpp:95]   --->   Core 48 'ROM_nP' <Latency = 1> <II = 1> <Delay = 3.25> <Storage> <Opcode : 'load'> <Ports = 0> <Width = 8> <Depth = 768> <ROM>
ST_10 : Operation 254 [1/1] (0.00ns)   --->   "%addr31 = call i64 @_ssdm_op_BitConcatenate.i64.i56.i8(i56 1, i8 %state_load_30)" [source/AESfunctions.cpp:92]
ST_10 : Operation 255 [1/1] (0.00ns)   --->   "%cipher_addr_46 = getelementptr [768 x i8]* @cipher, i64 0, i64 %addr31" [source/AESfunctions.cpp:92]
ST_10 : Operation 256 [2/2] (3.25ns)   --->   "%cipher_load_46 = load i8* %cipher_addr_46, align 1" [source/AESfunctions.cpp:95]   --->   Core 48 'ROM_nP' <Latency = 1> <II = 1> <Delay = 3.25> <Storage> <Opcode : 'load'> <Ports = 0> <Width = 8> <Depth = 768> <ROM>

 <State 11> : 6.67ns
ST_11 : Operation 257 [1/2] (3.25ns)   --->   "%cipher_load_43 = load i8* %cipher_addr_43, align 1" [source/AESfunctions.cpp:94]   --->   Core 48 'ROM_nP' <Latency = 1> <II = 1> <Delay = 3.25> <Storage> <Opcode : 'load'> <Ports = 0> <Width = 8> <Depth = 768> <ROM>
ST_11 : Operation 258 [1/2] (3.25ns)   --->   "%cipher_load_44 = load i8* %cipher_addr_44, align 1" [source/AESfunctions.cpp:94]   --->   Core 48 'ROM_nP' <Latency = 1> <II = 1> <Delay = 3.25> <Storage> <Opcode : 'load'> <Ports = 0> <Width = 8> <Depth = 768> <ROM>
ST_11 : Operation 259 [1/1] (0.00ns) (grouped into LUT with out node tmp_14)   --->   "%tmp28 = xor i8 %state_load_28, %state_load_27" [source/AESfunctions.cpp:94]   --->   Core 27 'LogicGate' <Latency = 0> <II = 1> <Delay = 1.09> <FuncUnit> <Opcode : 'and' 'or' 'xor'> <InPorts = 2> <OutPorts = 1>
ST_11 : Operation 260 [1/1] (0.00ns) (grouped into LUT with out node tmp_14)   --->   "%tmp29 = xor i8 %cipher_load_43, %cipher_load_44" [source/AESfunctions.cpp:94]   --->   Core 27 'LogicGate' <Latency = 0> <II = 1> <Delay = 1.09> <FuncUnit> <Opcode : 'and' 'or' 'xor'> <InPorts = 2> <OutPorts = 1>
ST_11 : Operation 261 [1/1] (1.09ns) (out node of the LUT)   --->   "%tmp_14 = xor i8 %tmp29, %tmp28" [source/AESfunctions.cpp:94]   --->   Core 27 'LogicGate' <Latency = 0> <II = 1> <Delay = 1.09> <FuncUnit> <Opcode : 'and' 'or' 'xor'> <InPorts = 2> <OutPorts = 1>
ST_11 : Operation 262 [1/1] (0.00ns)   --->   "%tmp_state_addr_30 = getelementptr inbounds [16 x i8]* %tmp_state, i64 0, i64 14" [source/AESfunctions.cpp:94]
ST_11 : Operation 263 [1/1] (2.32ns)   --->   "store i8 %tmp_14, i8* %tmp_state_addr_30, align 2" [source/AESfunctions.cpp:94]   --->   Core 37 'RAM' <Latency = 1> <II = 1> <Delay = 2.32> <Storage> <Opcode : 'load' 'store'> <Ports = 2> <Width = 8> <Depth = 16> <RAM>
ST_11 : Operation 264 [1/2] (3.25ns)   --->   "%cipher_load_45 = load i8* %cipher_addr_45, align 1" [source/AESfunctions.cpp:95]   --->   Core 48 'ROM_nP' <Latency = 1> <II = 1> <Delay = 3.25> <Storage> <Opcode : 'load'> <Ports = 0> <Width = 8> <Depth = 768> <ROM>
ST_11 : Operation 265 [1/2] (3.25ns)   --->   "%cipher_load_46 = load i8* %cipher_addr_46, align 1" [source/AESfunctions.cpp:95]   --->   Core 48 'ROM_nP' <Latency = 1> <II = 1> <Delay = 3.25> <Storage> <Opcode : 'load'> <Ports = 0> <Width = 8> <Depth = 768> <ROM>
ST_11 : Operation 266 [1/1] (0.00ns) (grouped into LUT with out node tmp_15)   --->   "%tmp30 = xor i8 %state_load_29, %state_load_28" [source/AESfunctions.cpp:95]   --->   Core 27 'LogicGate' <Latency = 0> <II = 1> <Delay = 1.09> <FuncUnit> <Opcode : 'and' 'or' 'xor'> <InPorts = 2> <OutPorts = 1>
ST_11 : Operation 267 [1/1] (0.00ns) (grouped into LUT with out node tmp_15)   --->   "%tmp31 = xor i8 %cipher_load_45, %cipher_load_46" [source/AESfunctions.cpp:95]   --->   Core 27 'LogicGate' <Latency = 0> <II = 1> <Delay = 1.09> <FuncUnit> <Opcode : 'and' 'or' 'xor'> <InPorts = 2> <OutPorts = 1>
ST_11 : Operation 268 [1/1] (1.09ns) (out node of the LUT)   --->   "%tmp_15 = xor i8 %tmp31, %tmp30" [source/AESfunctions.cpp:95]   --->   Core 27 'LogicGate' <Latency = 0> <II = 1> <Delay = 1.09> <FuncUnit> <Opcode : 'and' 'or' 'xor'> <InPorts = 2> <OutPorts = 1>
ST_11 : Operation 269 [1/1] (0.00ns)   --->   "%tmp_state_addr_31 = getelementptr inbounds [16 x i8]* %tmp_state, i64 0, i64 15" [source/AESfunctions.cpp:95]
ST_11 : Operation 270 [1/1] (2.32ns)   --->   "store i8 %tmp_15, i8* %tmp_state_addr_31, align 1" [source/AESfunctions.cpp:95]   --->   Core 37 'RAM' <Latency = 1> <II = 1> <Delay = 2.32> <Storage> <Opcode : 'load' 'store'> <Ports = 2> <Width = 8> <Depth = 16> <RAM>
ST_11 : Operation 271 [1/1] (1.76ns)   --->   "br label %1" [source/AESfunctions.cpp:96]

 <State 12> : 2.32ns
ST_12 : Operation 272 [1/1] (0.00ns)   --->   "%i = phi i5 [ 0, %0 ], [ %i_2, %2 ]"
ST_12 : Operation 273 [1/1] (1.36ns)   --->   "%tmp_16 = icmp eq i5 %i, -16" [source/AESfunctions.cpp:96]   --->   Core 25 'Cmp' <Latency = 0> <II = 1> <Delay = 1.36> <FuncUnit> <Opcode : 'icmp'> <InPorts = 2> <OutPorts = 1>
ST_12 : Operation 274 [1/1] (0.00ns)   --->   "%empty = call i32 (...)* @_ssdm_op_SpecLoopTripCount(i64 16, i64 16, i64 16)"
ST_12 : Operation 275 [1/1] (1.78ns)   --->   "%i_2 = add i5 %i, 1" [source/AESfunctions.cpp:96]   --->   Core 14 'AddSub' <Latency = 0> <II = 1> <Delay = 1.78> <FuncUnit> <Opcode : 'add' 'sub'> <InPorts = 2> <OutPorts = 1>
ST_12 : Operation 276 [1/1] (0.00ns)   --->   "br i1 %tmp_16, label %3, label %2" [source/AESfunctions.cpp:96]
ST_12 : Operation 277 [1/1] (0.00ns)   --->   "%tmp_17 = zext i5 %i to i64" [source/AESfunctions.cpp:97]
ST_12 : Operation 278 [1/1] (0.00ns)   --->   "%tmp_state_addr_32 = getelementptr inbounds [16 x i8]* %tmp_state, i64 0, i64 %tmp_17" [source/AESfunctions.cpp:97]
ST_12 : Operation 279 [2/2] (2.32ns)   --->   "%tmp_state_load = load i8* %tmp_state_addr_32, align 1" [source/AESfunctions.cpp:97]   --->   Core 37 'RAM' <Latency = 1> <II = 1> <Delay = 2.32> <Storage> <Opcode : 'load' 'store'> <Ports = 2> <Width = 8> <Depth = 16> <RAM>
ST_12 : Operation 280 [1/1] (0.00ns)   --->   "ret void" [source/AESfunctions.cpp:99]

 <State 13> : 4.64ns
ST_13 : Operation 281 [1/2] (2.32ns)   --->   "%tmp_state_load = load i8* %tmp_state_addr_32, align 1" [source/AESfunctions.cpp:97]   --->   Core 37 'RAM' <Latency = 1> <II = 1> <Delay = 2.32> <Storage> <Opcode : 'load' 'store'> <Ports = 2> <Width = 8> <Depth = 16> <RAM>
ST_13 : Operation 282 [1/1] (0.00ns)   --->   "%state_addr_47 = getelementptr [16 x i8]* %state, i64 0, i64 %tmp_17" [source/AESfunctions.cpp:97]
ST_13 : Operation 283 [1/1] (2.32ns)   --->   "store i8 %tmp_state_load, i8* %state_addr_47, align 1" [source/AESfunctions.cpp:97]   --->   Core 37 'RAM' <Latency = 1> <II = 1> <Delay = 2.32> <Storage> <Opcode : 'load' 'store'> <Ports = 2> <Width = 8> <Depth = 16> <RAM>
ST_13 : Operation 284 [1/1] (0.00ns)   --->   "br label %1" [source/AESfunctions.cpp:96]


============================================================
+ Verbose Summary: Timing violations
============================================================
Target clock period: 10ns, clock uncertainty: 0ns.

 <State 1>: 2.32ns
The critical path consists of the following:
	'getelementptr' operation ('state_addr') [3]  (0 ns)
	'load' operation ('state_load', source/AESfunctions.cpp:77) on array 'state' [5]  (2.32 ns)

 <State 2>: 2.32ns
The critical path consists of the following:
	'load' operation ('state_load', source/AESfunctions.cpp:77) on array 'state' [5]  (2.32 ns)

 <State 3>: 5.58ns
The critical path consists of the following:
	'load' operation ('state_load_16', source/AESfunctions.cpp:77) on array 'state' [10]  (2.32 ns)
	'getelementptr' operation ('cipher_addr_16', source/AESfunctions.cpp:77) [12]  (0 ns)
	'load' operation ('cipher_load_16', source/AESfunctions.cpp:77) on array 'cipher' [13]  (3.25 ns)

 <State 4>: 6.67ns
The critical path consists of the following:
	'load' operation ('cipher_load', source/AESfunctions.cpp:77) on array 'cipher' [8]  (3.25 ns)
	'xor' operation ('tmp1', source/AESfunctions.cpp:77) [18]  (0 ns)
	'xor' operation ('tmp_9', source/AESfunctions.cpp:77) [20]  (1.09 ns)
	'store' operation (source/AESfunctions.cpp:77) of variable 'tmp_9', source/AESfunctions.cpp:77 on array 'tmp_state', source/AESfunctions.cpp:76 [22]  (2.32 ns)

 <State 5>: 6.67ns
The critical path consists of the following:
	'load' operation ('cipher_load_19', source/AESfunctions.cpp:79) on array 'cipher' [36]  (3.25 ns)
	'xor' operation ('tmp6', source/AESfunctions.cpp:79) [41]  (0 ns)
	'xor' operation ('tmp_1', source/AESfunctions.cpp:79) [42]  (1.09 ns)
	'store' operation (source/AESfunctions.cpp:79) of variable 'tmp_1', source/AESfunctions.cpp:79 on array 'tmp_state', source/AESfunctions.cpp:76 [44]  (2.32 ns)

 <State 6>: 6.67ns
The critical path consists of the following:
	'load' operation ('cipher_load_23', source/AESfunctions.cpp:82) on array 'cipher' [60]  (3.25 ns)
	'xor' operation ('tmp9', source/AESfunctions.cpp:82) [70]  (0 ns)
	'xor' operation ('tmp_8', source/AESfunctions.cpp:82) [72]  (1.09 ns)
	'store' operation (source/AESfunctions.cpp:82) of variable 'tmp_8', source/AESfunctions.cpp:82 on array 'tmp_state', source/AESfunctions.cpp:76 [74]  (2.32 ns)

 <State 7>: 6.67ns
The critical path consists of the following:
	'load' operation ('cipher_load_27', source/AESfunctions.cpp:84) on array 'cipher' [88]  (3.25 ns)
	'xor' operation ('tmp13', source/AESfunctions.cpp:84) [93]  (0 ns)
	'xor' operation ('tmp_4', source/AESfunctions.cpp:84) [94]  (1.09 ns)
	'store' operation (source/AESfunctions.cpp:84) of variable 'tmp_4', source/AESfunctions.cpp:84 on array 'tmp_state', source/AESfunctions.cpp:76 [96]  (2.32 ns)

 <State 8>: 6.67ns
The critical path consists of the following:
	'load' operation ('cipher_load_31', source/AESfunctions.cpp:87) on array 'cipher' [112]  (3.25 ns)
	'xor' operation ('tmp16', source/AESfunctions.cpp:87) [122]  (0 ns)
	'xor' operation ('tmp_6', source/AESfunctions.cpp:87) [124]  (1.09 ns)
	'store' operation (source/AESfunctions.cpp:87) of variable 'tmp_6', source/AESfunctions.cpp:87 on array 'tmp_state', source/AESfunctions.cpp:76 [126]  (2.32 ns)

 <State 9>: 6.67ns
The critical path consists of the following:
	'load' operation ('cipher_load_35', source/AESfunctions.cpp:89) on array 'cipher' [140]  (3.25 ns)
	'xor' operation ('tmp21', source/AESfunctions.cpp:89) [145]  (0 ns)
	'xor' operation ('tmp_10', source/AESfunctions.cpp:89) [146]  (1.09 ns)
	'store' operation (source/AESfunctions.cpp:89) of variable 'tmp_10', source/AESfunctions.cpp:89 on array 'tmp_state', source/AESfunctions.cpp:76 [148]  (2.32 ns)

 <State 10>: 6.67ns
The critical path consists of the following:
	'load' operation ('cipher_load_39', source/AESfunctions.cpp:92) on array 'cipher' [164]  (3.25 ns)
	'xor' operation ('tmp24', source/AESfunctions.cpp:92) [174]  (0 ns)
	'xor' operation ('tmp_12', source/AESfunctions.cpp:92) [176]  (1.09 ns)
	'store' operation (source/AESfunctions.cpp:92) of variable 'tmp_12', source/AESfunctions.cpp:92 on array 'tmp_state', source/AESfunctions.cpp:76 [178]  (2.32 ns)

 <State 11>: 6.67ns
The critical path consists of the following:
	'load' operation ('cipher_load_43', source/AESfunctions.cpp:94) on array 'cipher' [192]  (3.25 ns)
	'xor' operation ('tmp29', source/AESfunctions.cpp:94) [197]  (0 ns)
	'xor' operation ('tmp_14', source/AESfunctions.cpp:94) [198]  (1.09 ns)
	'store' operation (source/AESfunctions.cpp:94) of variable 'tmp_14', source/AESfunctions.cpp:94 on array 'tmp_state', source/AESfunctions.cpp:76 [200]  (2.32 ns)

 <State 12>: 2.32ns
The critical path consists of the following:
	'phi' operation ('i') with incoming values : ('i', source/AESfunctions.cpp:96) [214]  (0 ns)
	'getelementptr' operation ('tmp_state_addr_32', source/AESfunctions.cpp:97) [221]  (0 ns)
	'load' operation ('tmp_state_load', source/AESfunctions.cpp:97) on array 'tmp_state', source/AESfunctions.cpp:76 [222]  (2.32 ns)

 <State 13>: 4.64ns
The critical path consists of the following:
	'load' operation ('tmp_state_load', source/AESfunctions.cpp:97) on array 'tmp_state', source/AESfunctions.cpp:76 [222]  (2.32 ns)
	'store' operation (source/AESfunctions.cpp:97) of variable 'tmp_state_load', source/AESfunctions.cpp:97 on array 'state' [224]  (2.32 ns)


============================================================
+ Verbose Summary: Binding
============================================================
N/A
* FSMD analyzer results:
  - Output states:
 - Input state : 
  - Chain level:
	State 1
	State 2
	State 3
	State 4
	State 5
	State 6
	State 7
	State 8
	State 9
	State 10
	State 11
	State 12
	State 13


============================================================
+ Verbose Summary: Datapath Resource usage 
============================================================
N/A
