

================================================================
== Vivado HLS Report for 'ShiftRows'
================================================================
* Date:           Wed Feb  7 17:52:39 2018

* Version:        2017.4 (Build 2086221 on Fri Dec 15 21:13:33 MST 2017)
* Project:        cipher
* Solution:       aes_cipher
* Product family: zynq
* Target device:  xc7z020clg400-1


================================================================
== Performance Estimates
================================================================
+ Timing (ns): 
    * Summary: 
    +--------+-------+----------+------------+
    |  Clock | Target| Estimated| Uncertainty|
    +--------+-------+----------+------------+
    |ap_clk  |  10.00|      4.64|        0.00|
    +--------+-------+----------+------------+

+ Latency (clock cycles): 
    * Summary: 
    +-----+-----+-----+-----+---------+
    |  Latency  |  Interval | Pipeline|
    | min | max | min | max |   Type  |
    +-----+-----+-----+-----+---------+
    |   41|   41|   41|   41|   none  |
    +-----+-----+-----+-----+---------+

    + Detail: 
        * Instance: 
        N/A

        * Loop: 
        +----------+-----+-----+----------+-----------+-----------+------+----------+
        |          |  Latency  | Iteration|  Initiation Interval  | Trip |          |
        | Loop Name| min | max |  Latency |  achieved |   target  | Count| Pipelined|
        +----------+-----+-----+----------+-----------+-----------+------+----------+
        |- Loop 1  |   32|   32|         2|          -|          -|    16|    no    |
        +----------+-----+-----+----------+-----------+-----------+------+----------+

============================================================
+ Verbose Summary: Synthesis Manager
============================================================
InlineROM: 1
ExposeGlobal: 0
============================================================
+ Verbose Summary: CDFG Model
============================================================
IsTopModel: 0
ResetActiveHigh: 1
IsCombinational: 0
IsDatapathOnly: 0
HasWiredReturn: 1
HasMFsm: 0
HasVarLatency: 1
IsPipeline: 0
IsRtlPipelined: 0
IsInstanceOverlapped: 0
IsDontTouch: 0
HasImplIP: 0
IsGatedGlobalClock: 0


============================================================
+ Verbose Summary: Schedule
============================================================
* Number of FSM states : 11
* Pipeline : 0
* Dataflow Pipeline: 0

* FSM state transitions: 
1 --> 
	2  / true
2 --> 
	3  / true
3 --> 
	4  / true
4 --> 
	5  / true
5 --> 
	6  / true
6 --> 
	7  / true
7 --> 
	8  / true
8 --> 
	9  / true
9 --> 
	10  / true
10 --> 
	11  / (!tmp)
11 --> 
	10  / true

* FSM state operations: 

 <State 1> : 2.32ns
ST_1 : Operation 12 [1/1] (0.00ns)   --->   "%state_addr = getelementptr [16 x i8]* %state, i64 0, i64 0"
ST_1 : Operation 13 [1/1] (0.00ns)   --->   "%tmp_state = alloca [16 x i8], align 16" [source/AESfunctions.cpp:22]   --->   Core 37 'RAM' <Latency = 1> <II = 1> <Delay = 2.32> <Storage> <Opcode : 'load' 'store'> <Ports = 2> <Width = 8> <Depth = 16> <RAM>
ST_1 : Operation 14 [2/2] (2.32ns)   --->   "%state_load = load i8* %state_addr, align 1" [source/AESfunctions.cpp:23]   --->   Core 37 'RAM' <Latency = 1> <II = 1> <Delay = 2.32> <Storage> <Opcode : 'load' 'store'> <Ports = 2> <Width = 8> <Depth = 16> <RAM>
ST_1 : Operation 15 [1/1] (0.00ns)   --->   "%state_addr_17 = getelementptr [16 x i8]* %state, i64 0, i64 5" [source/AESfunctions.cpp:24]
ST_1 : Operation 16 [2/2] (2.32ns)   --->   "%state_load_1 = load i8* %state_addr_17, align 1" [source/AESfunctions.cpp:24]   --->   Core 37 'RAM' <Latency = 1> <II = 1> <Delay = 2.32> <Storage> <Opcode : 'load' 'store'> <Ports = 2> <Width = 8> <Depth = 16> <RAM>

 <State 2> : 4.64ns
ST_2 : Operation 17 [1/2] (2.32ns)   --->   "%state_load = load i8* %state_addr, align 1" [source/AESfunctions.cpp:23]   --->   Core 37 'RAM' <Latency = 1> <II = 1> <Delay = 2.32> <Storage> <Opcode : 'load' 'store'> <Ports = 2> <Width = 8> <Depth = 16> <RAM>
ST_2 : Operation 18 [1/1] (0.00ns)   --->   "%tmp_state_addr = getelementptr inbounds [16 x i8]* %tmp_state, i64 0, i64 0" [source/AESfunctions.cpp:23]
ST_2 : Operation 19 [1/1] (2.32ns)   --->   "store i8 %state_load, i8* %tmp_state_addr, align 16" [source/AESfunctions.cpp:23]   --->   Core 37 'RAM' <Latency = 1> <II = 1> <Delay = 2.32> <Storage> <Opcode : 'load' 'store'> <Ports = 2> <Width = 8> <Depth = 16> <RAM>
ST_2 : Operation 20 [1/2] (2.32ns)   --->   "%state_load_1 = load i8* %state_addr_17, align 1" [source/AESfunctions.cpp:24]   --->   Core 37 'RAM' <Latency = 1> <II = 1> <Delay = 2.32> <Storage> <Opcode : 'load' 'store'> <Ports = 2> <Width = 8> <Depth = 16> <RAM>
ST_2 : Operation 21 [1/1] (0.00ns)   --->   "%tmp_state_addr_1 = getelementptr inbounds [16 x i8]* %tmp_state, i64 0, i64 1" [source/AESfunctions.cpp:24]
ST_2 : Operation 22 [1/1] (2.32ns)   --->   "store i8 %state_load_1, i8* %tmp_state_addr_1, align 1" [source/AESfunctions.cpp:24]   --->   Core 37 'RAM' <Latency = 1> <II = 1> <Delay = 2.32> <Storage> <Opcode : 'load' 'store'> <Ports = 2> <Width = 8> <Depth = 16> <RAM>
ST_2 : Operation 23 [1/1] (0.00ns)   --->   "%state_addr_16 = getelementptr [16 x i8]* %state, i64 0, i64 10" [source/AESfunctions.cpp:25]
ST_2 : Operation 24 [2/2] (2.32ns)   --->   "%state_load_2 = load i8* %state_addr_16, align 1" [source/AESfunctions.cpp:25]   --->   Core 37 'RAM' <Latency = 1> <II = 1> <Delay = 2.32> <Storage> <Opcode : 'load' 'store'> <Ports = 2> <Width = 8> <Depth = 16> <RAM>
ST_2 : Operation 25 [1/1] (0.00ns)   --->   "%state_addr_18 = getelementptr [16 x i8]* %state, i64 0, i64 15" [source/AESfunctions.cpp:26]
ST_2 : Operation 26 [2/2] (2.32ns)   --->   "%state_load_3 = load i8* %state_addr_18, align 1" [source/AESfunctions.cpp:26]   --->   Core 37 'RAM' <Latency = 1> <II = 1> <Delay = 2.32> <Storage> <Opcode : 'load' 'store'> <Ports = 2> <Width = 8> <Depth = 16> <RAM>

 <State 3> : 4.64ns
ST_3 : Operation 27 [1/2] (2.32ns)   --->   "%state_load_2 = load i8* %state_addr_16, align 1" [source/AESfunctions.cpp:25]   --->   Core 37 'RAM' <Latency = 1> <II = 1> <Delay = 2.32> <Storage> <Opcode : 'load' 'store'> <Ports = 2> <Width = 8> <Depth = 16> <RAM>
ST_3 : Operation 28 [1/1] (0.00ns)   --->   "%tmp_state_addr_2 = getelementptr inbounds [16 x i8]* %tmp_state, i64 0, i64 2" [source/AESfunctions.cpp:25]
ST_3 : Operation 29 [1/1] (2.32ns)   --->   "store i8 %state_load_2, i8* %tmp_state_addr_2, align 2" [source/AESfunctions.cpp:25]   --->   Core 37 'RAM' <Latency = 1> <II = 1> <Delay = 2.32> <Storage> <Opcode : 'load' 'store'> <Ports = 2> <Width = 8> <Depth = 16> <RAM>
ST_3 : Operation 30 [1/2] (2.32ns)   --->   "%state_load_3 = load i8* %state_addr_18, align 1" [source/AESfunctions.cpp:26]   --->   Core 37 'RAM' <Latency = 1> <II = 1> <Delay = 2.32> <Storage> <Opcode : 'load' 'store'> <Ports = 2> <Width = 8> <Depth = 16> <RAM>
ST_3 : Operation 31 [1/1] (0.00ns)   --->   "%tmp_state_addr_3 = getelementptr inbounds [16 x i8]* %tmp_state, i64 0, i64 3" [source/AESfunctions.cpp:26]
ST_3 : Operation 32 [1/1] (2.32ns)   --->   "store i8 %state_load_3, i8* %tmp_state_addr_3, align 1" [source/AESfunctions.cpp:26]   --->   Core 37 'RAM' <Latency = 1> <II = 1> <Delay = 2.32> <Storage> <Opcode : 'load' 'store'> <Ports = 2> <Width = 8> <Depth = 16> <RAM>
ST_3 : Operation 33 [1/1] (0.00ns)   --->   "%state_addr_19 = getelementptr [16 x i8]* %state, i64 0, i64 4" [source/AESfunctions.cpp:28]
ST_3 : Operation 34 [2/2] (2.32ns)   --->   "%state_load_4 = load i8* %state_addr_19, align 1" [source/AESfunctions.cpp:28]   --->   Core 37 'RAM' <Latency = 1> <II = 1> <Delay = 2.32> <Storage> <Opcode : 'load' 'store'> <Ports = 2> <Width = 8> <Depth = 16> <RAM>
ST_3 : Operation 35 [1/1] (0.00ns)   --->   "%state_addr_20 = getelementptr [16 x i8]* %state, i64 0, i64 9" [source/AESfunctions.cpp:29]
ST_3 : Operation 36 [2/2] (2.32ns)   --->   "%state_load_5 = load i8* %state_addr_20, align 1" [source/AESfunctions.cpp:29]   --->   Core 37 'RAM' <Latency = 1> <II = 1> <Delay = 2.32> <Storage> <Opcode : 'load' 'store'> <Ports = 2> <Width = 8> <Depth = 16> <RAM>

 <State 4> : 4.64ns
ST_4 : Operation 37 [1/2] (2.32ns)   --->   "%state_load_4 = load i8* %state_addr_19, align 1" [source/AESfunctions.cpp:28]   --->   Core 37 'RAM' <Latency = 1> <II = 1> <Delay = 2.32> <Storage> <Opcode : 'load' 'store'> <Ports = 2> <Width = 8> <Depth = 16> <RAM>
ST_4 : Operation 38 [1/1] (0.00ns)   --->   "%tmp_state_addr_4 = getelementptr inbounds [16 x i8]* %tmp_state, i64 0, i64 4" [source/AESfunctions.cpp:28]
ST_4 : Operation 39 [1/1] (2.32ns)   --->   "store i8 %state_load_4, i8* %tmp_state_addr_4, align 4" [source/AESfunctions.cpp:28]   --->   Core 37 'RAM' <Latency = 1> <II = 1> <Delay = 2.32> <Storage> <Opcode : 'load' 'store'> <Ports = 2> <Width = 8> <Depth = 16> <RAM>
ST_4 : Operation 40 [1/2] (2.32ns)   --->   "%state_load_5 = load i8* %state_addr_20, align 1" [source/AESfunctions.cpp:29]   --->   Core 37 'RAM' <Latency = 1> <II = 1> <Delay = 2.32> <Storage> <Opcode : 'load' 'store'> <Ports = 2> <Width = 8> <Depth = 16> <RAM>
ST_4 : Operation 41 [1/1] (0.00ns)   --->   "%tmp_state_addr_5 = getelementptr inbounds [16 x i8]* %tmp_state, i64 0, i64 5" [source/AESfunctions.cpp:29]
ST_4 : Operation 42 [1/1] (2.32ns)   --->   "store i8 %state_load_5, i8* %tmp_state_addr_5, align 1" [source/AESfunctions.cpp:29]   --->   Core 37 'RAM' <Latency = 1> <II = 1> <Delay = 2.32> <Storage> <Opcode : 'load' 'store'> <Ports = 2> <Width = 8> <Depth = 16> <RAM>
ST_4 : Operation 43 [1/1] (0.00ns)   --->   "%state_addr_21 = getelementptr [16 x i8]* %state, i64 0, i64 14" [source/AESfunctions.cpp:30]
ST_4 : Operation 44 [2/2] (2.32ns)   --->   "%state_load_6 = load i8* %state_addr_21, align 1" [source/AESfunctions.cpp:30]   --->   Core 37 'RAM' <Latency = 1> <II = 1> <Delay = 2.32> <Storage> <Opcode : 'load' 'store'> <Ports = 2> <Width = 8> <Depth = 16> <RAM>
ST_4 : Operation 45 [1/1] (0.00ns)   --->   "%state_addr_22 = getelementptr [16 x i8]* %state, i64 0, i64 3" [source/AESfunctions.cpp:31]
ST_4 : Operation 46 [2/2] (2.32ns)   --->   "%state_load_7 = load i8* %state_addr_22, align 1" [source/AESfunctions.cpp:31]   --->   Core 37 'RAM' <Latency = 1> <II = 1> <Delay = 2.32> <Storage> <Opcode : 'load' 'store'> <Ports = 2> <Width = 8> <Depth = 16> <RAM>

 <State 5> : 4.64ns
ST_5 : Operation 47 [1/2] (2.32ns)   --->   "%state_load_6 = load i8* %state_addr_21, align 1" [source/AESfunctions.cpp:30]   --->   Core 37 'RAM' <Latency = 1> <II = 1> <Delay = 2.32> <Storage> <Opcode : 'load' 'store'> <Ports = 2> <Width = 8> <Depth = 16> <RAM>
ST_5 : Operation 48 [1/1] (0.00ns)   --->   "%tmp_state_addr_6 = getelementptr inbounds [16 x i8]* %tmp_state, i64 0, i64 6" [source/AESfunctions.cpp:30]
ST_5 : Operation 49 [1/1] (2.32ns)   --->   "store i8 %state_load_6, i8* %tmp_state_addr_6, align 2" [source/AESfunctions.cpp:30]   --->   Core 37 'RAM' <Latency = 1> <II = 1> <Delay = 2.32> <Storage> <Opcode : 'load' 'store'> <Ports = 2> <Width = 8> <Depth = 16> <RAM>
ST_5 : Operation 50 [1/2] (2.32ns)   --->   "%state_load_7 = load i8* %state_addr_22, align 1" [source/AESfunctions.cpp:31]   --->   Core 37 'RAM' <Latency = 1> <II = 1> <Delay = 2.32> <Storage> <Opcode : 'load' 'store'> <Ports = 2> <Width = 8> <Depth = 16> <RAM>
ST_5 : Operation 51 [1/1] (0.00ns)   --->   "%tmp_state_addr_7 = getelementptr inbounds [16 x i8]* %tmp_state, i64 0, i64 7" [source/AESfunctions.cpp:31]
ST_5 : Operation 52 [1/1] (2.32ns)   --->   "store i8 %state_load_7, i8* %tmp_state_addr_7, align 1" [source/AESfunctions.cpp:31]   --->   Core 37 'RAM' <Latency = 1> <II = 1> <Delay = 2.32> <Storage> <Opcode : 'load' 'store'> <Ports = 2> <Width = 8> <Depth = 16> <RAM>
ST_5 : Operation 53 [1/1] (0.00ns)   --->   "%state_addr_23 = getelementptr [16 x i8]* %state, i64 0, i64 8" [source/AESfunctions.cpp:33]
ST_5 : Operation 54 [2/2] (2.32ns)   --->   "%state_load_8 = load i8* %state_addr_23, align 1" [source/AESfunctions.cpp:33]   --->   Core 37 'RAM' <Latency = 1> <II = 1> <Delay = 2.32> <Storage> <Opcode : 'load' 'store'> <Ports = 2> <Width = 8> <Depth = 16> <RAM>
ST_5 : Operation 55 [1/1] (0.00ns)   --->   "%state_addr_24 = getelementptr [16 x i8]* %state, i64 0, i64 13" [source/AESfunctions.cpp:34]
ST_5 : Operation 56 [2/2] (2.32ns)   --->   "%state_load_9 = load i8* %state_addr_24, align 1" [source/AESfunctions.cpp:34]   --->   Core 37 'RAM' <Latency = 1> <II = 1> <Delay = 2.32> <Storage> <Opcode : 'load' 'store'> <Ports = 2> <Width = 8> <Depth = 16> <RAM>

 <State 6> : 4.64ns
ST_6 : Operation 57 [1/2] (2.32ns)   --->   "%state_load_8 = load i8* %state_addr_23, align 1" [source/AESfunctions.cpp:33]   --->   Core 37 'RAM' <Latency = 1> <II = 1> <Delay = 2.32> <Storage> <Opcode : 'load' 'store'> <Ports = 2> <Width = 8> <Depth = 16> <RAM>
ST_6 : Operation 58 [1/1] (0.00ns)   --->   "%tmp_state_addr_8 = getelementptr inbounds [16 x i8]* %tmp_state, i64 0, i64 8" [source/AESfunctions.cpp:33]
ST_6 : Operation 59 [1/1] (2.32ns)   --->   "store i8 %state_load_8, i8* %tmp_state_addr_8, align 8" [source/AESfunctions.cpp:33]   --->   Core 37 'RAM' <Latency = 1> <II = 1> <Delay = 2.32> <Storage> <Opcode : 'load' 'store'> <Ports = 2> <Width = 8> <Depth = 16> <RAM>
ST_6 : Operation 60 [1/2] (2.32ns)   --->   "%state_load_9 = load i8* %state_addr_24, align 1" [source/AESfunctions.cpp:34]   --->   Core 37 'RAM' <Latency = 1> <II = 1> <Delay = 2.32> <Storage> <Opcode : 'load' 'store'> <Ports = 2> <Width = 8> <Depth = 16> <RAM>
ST_6 : Operation 61 [1/1] (0.00ns)   --->   "%tmp_state_addr_9 = getelementptr inbounds [16 x i8]* %tmp_state, i64 0, i64 9" [source/AESfunctions.cpp:34]
ST_6 : Operation 62 [1/1] (2.32ns)   --->   "store i8 %state_load_9, i8* %tmp_state_addr_9, align 1" [source/AESfunctions.cpp:34]   --->   Core 37 'RAM' <Latency = 1> <II = 1> <Delay = 2.32> <Storage> <Opcode : 'load' 'store'> <Ports = 2> <Width = 8> <Depth = 16> <RAM>
ST_6 : Operation 63 [1/1] (0.00ns)   --->   "%state_addr_25 = getelementptr [16 x i8]* %state, i64 0, i64 2" [source/AESfunctions.cpp:35]
ST_6 : Operation 64 [2/2] (2.32ns)   --->   "%state_load_10 = load i8* %state_addr_25, align 1" [source/AESfunctions.cpp:35]   --->   Core 37 'RAM' <Latency = 1> <II = 1> <Delay = 2.32> <Storage> <Opcode : 'load' 'store'> <Ports = 2> <Width = 8> <Depth = 16> <RAM>
ST_6 : Operation 65 [1/1] (0.00ns)   --->   "%state_addr_26 = getelementptr [16 x i8]* %state, i64 0, i64 7" [source/AESfunctions.cpp:36]
ST_6 : Operation 66 [2/2] (2.32ns)   --->   "%state_load_11 = load i8* %state_addr_26, align 1" [source/AESfunctions.cpp:36]   --->   Core 37 'RAM' <Latency = 1> <II = 1> <Delay = 2.32> <Storage> <Opcode : 'load' 'store'> <Ports = 2> <Width = 8> <Depth = 16> <RAM>

 <State 7> : 4.64ns
ST_7 : Operation 67 [1/2] (2.32ns)   --->   "%state_load_10 = load i8* %state_addr_25, align 1" [source/AESfunctions.cpp:35]   --->   Core 37 'RAM' <Latency = 1> <II = 1> <Delay = 2.32> <Storage> <Opcode : 'load' 'store'> <Ports = 2> <Width = 8> <Depth = 16> <RAM>
ST_7 : Operation 68 [1/1] (0.00ns)   --->   "%tmp_state_addr_10 = getelementptr inbounds [16 x i8]* %tmp_state, i64 0, i64 10" [source/AESfunctions.cpp:35]
ST_7 : Operation 69 [1/1] (2.32ns)   --->   "store i8 %state_load_10, i8* %tmp_state_addr_10, align 2" [source/AESfunctions.cpp:35]   --->   Core 37 'RAM' <Latency = 1> <II = 1> <Delay = 2.32> <Storage> <Opcode : 'load' 'store'> <Ports = 2> <Width = 8> <Depth = 16> <RAM>
ST_7 : Operation 70 [1/2] (2.32ns)   --->   "%state_load_11 = load i8* %state_addr_26, align 1" [source/AESfunctions.cpp:36]   --->   Core 37 'RAM' <Latency = 1> <II = 1> <Delay = 2.32> <Storage> <Opcode : 'load' 'store'> <Ports = 2> <Width = 8> <Depth = 16> <RAM>
ST_7 : Operation 71 [1/1] (0.00ns)   --->   "%tmp_state_addr_11 = getelementptr inbounds [16 x i8]* %tmp_state, i64 0, i64 11" [source/AESfunctions.cpp:36]
ST_7 : Operation 72 [1/1] (2.32ns)   --->   "store i8 %state_load_11, i8* %tmp_state_addr_11, align 1" [source/AESfunctions.cpp:36]   --->   Core 37 'RAM' <Latency = 1> <II = 1> <Delay = 2.32> <Storage> <Opcode : 'load' 'store'> <Ports = 2> <Width = 8> <Depth = 16> <RAM>
ST_7 : Operation 73 [1/1] (0.00ns)   --->   "%state_addr_27 = getelementptr [16 x i8]* %state, i64 0, i64 12" [source/AESfunctions.cpp:38]
ST_7 : Operation 74 [2/2] (2.32ns)   --->   "%state_load_12 = load i8* %state_addr_27, align 1" [source/AESfunctions.cpp:38]   --->   Core 37 'RAM' <Latency = 1> <II = 1> <Delay = 2.32> <Storage> <Opcode : 'load' 'store'> <Ports = 2> <Width = 8> <Depth = 16> <RAM>
ST_7 : Operation 75 [1/1] (0.00ns)   --->   "%state_addr_28 = getelementptr [16 x i8]* %state, i64 0, i64 1" [source/AESfunctions.cpp:39]
ST_7 : Operation 76 [2/2] (2.32ns)   --->   "%state_load_13 = load i8* %state_addr_28, align 1" [source/AESfunctions.cpp:39]   --->   Core 37 'RAM' <Latency = 1> <II = 1> <Delay = 2.32> <Storage> <Opcode : 'load' 'store'> <Ports = 2> <Width = 8> <Depth = 16> <RAM>

 <State 8> : 4.64ns
ST_8 : Operation 77 [1/2] (2.32ns)   --->   "%state_load_12 = load i8* %state_addr_27, align 1" [source/AESfunctions.cpp:38]   --->   Core 37 'RAM' <Latency = 1> <II = 1> <Delay = 2.32> <Storage> <Opcode : 'load' 'store'> <Ports = 2> <Width = 8> <Depth = 16> <RAM>
ST_8 : Operation 78 [1/1] (0.00ns)   --->   "%tmp_state_addr_12 = getelementptr inbounds [16 x i8]* %tmp_state, i64 0, i64 12" [source/AESfunctions.cpp:38]
ST_8 : Operation 79 [1/1] (2.32ns)   --->   "store i8 %state_load_12, i8* %tmp_state_addr_12, align 4" [source/AESfunctions.cpp:38]   --->   Core 37 'RAM' <Latency = 1> <II = 1> <Delay = 2.32> <Storage> <Opcode : 'load' 'store'> <Ports = 2> <Width = 8> <Depth = 16> <RAM>
ST_8 : Operation 80 [1/2] (2.32ns)   --->   "%state_load_13 = load i8* %state_addr_28, align 1" [source/AESfunctions.cpp:39]   --->   Core 37 'RAM' <Latency = 1> <II = 1> <Delay = 2.32> <Storage> <Opcode : 'load' 'store'> <Ports = 2> <Width = 8> <Depth = 16> <RAM>
ST_8 : Operation 81 [1/1] (0.00ns)   --->   "%tmp_state_addr_13 = getelementptr inbounds [16 x i8]* %tmp_state, i64 0, i64 13" [source/AESfunctions.cpp:39]
ST_8 : Operation 82 [1/1] (2.32ns)   --->   "store i8 %state_load_13, i8* %tmp_state_addr_13, align 1" [source/AESfunctions.cpp:39]   --->   Core 37 'RAM' <Latency = 1> <II = 1> <Delay = 2.32> <Storage> <Opcode : 'load' 'store'> <Ports = 2> <Width = 8> <Depth = 16> <RAM>
ST_8 : Operation 83 [1/1] (0.00ns)   --->   "%state_addr_29 = getelementptr [16 x i8]* %state, i64 0, i64 6" [source/AESfunctions.cpp:40]
ST_8 : Operation 84 [2/2] (2.32ns)   --->   "%state_load_14 = load i8* %state_addr_29, align 1" [source/AESfunctions.cpp:40]   --->   Core 37 'RAM' <Latency = 1> <II = 1> <Delay = 2.32> <Storage> <Opcode : 'load' 'store'> <Ports = 2> <Width = 8> <Depth = 16> <RAM>
ST_8 : Operation 85 [1/1] (0.00ns)   --->   "%state_addr_30 = getelementptr [16 x i8]* %state, i64 0, i64 11" [source/AESfunctions.cpp:41]
ST_8 : Operation 86 [2/2] (2.32ns)   --->   "%state_load_15 = load i8* %state_addr_30, align 1" [source/AESfunctions.cpp:41]   --->   Core 37 'RAM' <Latency = 1> <II = 1> <Delay = 2.32> <Storage> <Opcode : 'load' 'store'> <Ports = 2> <Width = 8> <Depth = 16> <RAM>

 <State 9> : 4.64ns
ST_9 : Operation 87 [1/2] (2.32ns)   --->   "%state_load_14 = load i8* %state_addr_29, align 1" [source/AESfunctions.cpp:40]   --->   Core 37 'RAM' <Latency = 1> <II = 1> <Delay = 2.32> <Storage> <Opcode : 'load' 'store'> <Ports = 2> <Width = 8> <Depth = 16> <RAM>
ST_9 : Operation 88 [1/1] (0.00ns)   --->   "%tmp_state_addr_14 = getelementptr inbounds [16 x i8]* %tmp_state, i64 0, i64 14" [source/AESfunctions.cpp:40]
ST_9 : Operation 89 [1/1] (2.32ns)   --->   "store i8 %state_load_14, i8* %tmp_state_addr_14, align 2" [source/AESfunctions.cpp:40]   --->   Core 37 'RAM' <Latency = 1> <II = 1> <Delay = 2.32> <Storage> <Opcode : 'load' 'store'> <Ports = 2> <Width = 8> <Depth = 16> <RAM>
ST_9 : Operation 90 [1/2] (2.32ns)   --->   "%state_load_15 = load i8* %state_addr_30, align 1" [source/AESfunctions.cpp:41]   --->   Core 37 'RAM' <Latency = 1> <II = 1> <Delay = 2.32> <Storage> <Opcode : 'load' 'store'> <Ports = 2> <Width = 8> <Depth = 16> <RAM>
ST_9 : Operation 91 [1/1] (0.00ns)   --->   "%tmp_state_addr_15 = getelementptr inbounds [16 x i8]* %tmp_state, i64 0, i64 15" [source/AESfunctions.cpp:41]
ST_9 : Operation 92 [1/1] (2.32ns)   --->   "store i8 %state_load_15, i8* %tmp_state_addr_15, align 1" [source/AESfunctions.cpp:41]   --->   Core 37 'RAM' <Latency = 1> <II = 1> <Delay = 2.32> <Storage> <Opcode : 'load' 'store'> <Ports = 2> <Width = 8> <Depth = 16> <RAM>
ST_9 : Operation 93 [1/1] (1.76ns)   --->   "br label %1" [source/AESfunctions.cpp:42]

 <State 10> : 2.32ns
ST_10 : Operation 94 [1/1] (0.00ns)   --->   "%i = phi i5 [ 0, %0 ], [ %i_1, %2 ]"
ST_10 : Operation 95 [1/1] (1.36ns)   --->   "%tmp = icmp eq i5 %i, -16" [source/AESfunctions.cpp:42]   --->   Core 25 'Cmp' <Latency = 0> <II = 1> <Delay = 1.36> <FuncUnit> <Opcode : 'icmp'> <InPorts = 2> <OutPorts = 1>
ST_10 : Operation 96 [1/1] (0.00ns)   --->   "%empty = call i32 (...)* @_ssdm_op_SpecLoopTripCount(i64 16, i64 16, i64 16)"
ST_10 : Operation 97 [1/1] (1.78ns)   --->   "%i_1 = add i5 %i, 1" [source/AESfunctions.cpp:42]   --->   Core 14 'AddSub' <Latency = 0> <II = 1> <Delay = 1.78> <FuncUnit> <Opcode : 'add' 'sub'> <InPorts = 2> <OutPorts = 1>
ST_10 : Operation 98 [1/1] (0.00ns)   --->   "br i1 %tmp, label %3, label %2" [source/AESfunctions.cpp:42]
ST_10 : Operation 99 [1/1] (0.00ns)   --->   "%tmp_4 = zext i5 %i to i64" [source/AESfunctions.cpp:43]
ST_10 : Operation 100 [1/1] (0.00ns)   --->   "%tmp_state_addr_16 = getelementptr inbounds [16 x i8]* %tmp_state, i64 0, i64 %tmp_4" [source/AESfunctions.cpp:43]
ST_10 : Operation 101 [2/2] (2.32ns)   --->   "%tmp_state_load = load i8* %tmp_state_addr_16, align 1" [source/AESfunctions.cpp:43]   --->   Core 37 'RAM' <Latency = 1> <II = 1> <Delay = 2.32> <Storage> <Opcode : 'load' 'store'> <Ports = 2> <Width = 8> <Depth = 16> <RAM>
ST_10 : Operation 102 [1/1] (0.00ns)   --->   "ret void" [source/AESfunctions.cpp:45]

 <State 11> : 4.64ns
ST_11 : Operation 103 [1/2] (2.32ns)   --->   "%tmp_state_load = load i8* %tmp_state_addr_16, align 1" [source/AESfunctions.cpp:43]   --->   Core 37 'RAM' <Latency = 1> <II = 1> <Delay = 2.32> <Storage> <Opcode : 'load' 'store'> <Ports = 2> <Width = 8> <Depth = 16> <RAM>
ST_11 : Operation 104 [1/1] (0.00ns)   --->   "%state_addr_31 = getelementptr [16 x i8]* %state, i64 0, i64 %tmp_4" [source/AESfunctions.cpp:43]
ST_11 : Operation 105 [1/1] (2.32ns)   --->   "store i8 %tmp_state_load, i8* %state_addr_31, align 1" [source/AESfunctions.cpp:43]   --->   Core 37 'RAM' <Latency = 1> <II = 1> <Delay = 2.32> <Storage> <Opcode : 'load' 'store'> <Ports = 2> <Width = 8> <Depth = 16> <RAM>
ST_11 : Operation 106 [1/1] (0.00ns)   --->   "br label %1" [source/AESfunctions.cpp:42]


============================================================
+ Verbose Summary: Timing violations
============================================================
Target clock period: 10ns, clock uncertainty: 0ns.

 <State 1>: 2.32ns
The critical path consists of the following:
	'getelementptr' operation ('state_addr') [2]  (0 ns)
	'load' operation ('state_load', source/AESfunctions.cpp:23) on array 'state' [4]  (2.32 ns)

 <State 2>: 4.64ns
The critical path consists of the following:
	'load' operation ('state_load', source/AESfunctions.cpp:23) on array 'state' [4]  (2.32 ns)
	'store' operation (source/AESfunctions.cpp:23) of variable 'state_load', source/AESfunctions.cpp:23 on array 'tmp_state', source/AESfunctions.cpp:22 [6]  (2.32 ns)

 <State 3>: 4.64ns
The critical path consists of the following:
	'load' operation ('state_load_2', source/AESfunctions.cpp:25) on array 'state' [12]  (2.32 ns)
	'store' operation (source/AESfunctions.cpp:25) of variable 'state_load_2', source/AESfunctions.cpp:25 on array 'tmp_state', source/AESfunctions.cpp:22 [14]  (2.32 ns)

 <State 4>: 4.64ns
The critical path consists of the following:
	'load' operation ('state_load_4', source/AESfunctions.cpp:28) on array 'state' [20]  (2.32 ns)
	'store' operation (source/AESfunctions.cpp:28) of variable 'state_load_4', source/AESfunctions.cpp:28 on array 'tmp_state', source/AESfunctions.cpp:22 [22]  (2.32 ns)

 <State 5>: 4.64ns
The critical path consists of the following:
	'load' operation ('state_load_6', source/AESfunctions.cpp:30) on array 'state' [28]  (2.32 ns)
	'store' operation (source/AESfunctions.cpp:30) of variable 'state_load_6', source/AESfunctions.cpp:30 on array 'tmp_state', source/AESfunctions.cpp:22 [30]  (2.32 ns)

 <State 6>: 4.64ns
The critical path consists of the following:
	'load' operation ('state_load_8', source/AESfunctions.cpp:33) on array 'state' [36]  (2.32 ns)
	'store' operation (source/AESfunctions.cpp:33) of variable 'state_load_8', source/AESfunctions.cpp:33 on array 'tmp_state', source/AESfunctions.cpp:22 [38]  (2.32 ns)

 <State 7>: 4.64ns
The critical path consists of the following:
	'load' operation ('state_load_10', source/AESfunctions.cpp:35) on array 'state' [44]  (2.32 ns)
	'store' operation (source/AESfunctions.cpp:35) of variable 'state_load_10', source/AESfunctions.cpp:35 on array 'tmp_state', source/AESfunctions.cpp:22 [46]  (2.32 ns)

 <State 8>: 4.64ns
The critical path consists of the following:
	'load' operation ('state_load_12', source/AESfunctions.cpp:38) on array 'state' [52]  (2.32 ns)
	'store' operation (source/AESfunctions.cpp:38) of variable 'state_load_12', source/AESfunctions.cpp:38 on array 'tmp_state', source/AESfunctions.cpp:22 [54]  (2.32 ns)

 <State 9>: 4.64ns
The critical path consists of the following:
	'load' operation ('state_load_14', source/AESfunctions.cpp:40) on array 'state' [60]  (2.32 ns)
	'store' operation (source/AESfunctions.cpp:40) of variable 'state_load_14', source/AESfunctions.cpp:40 on array 'tmp_state', source/AESfunctions.cpp:22 [62]  (2.32 ns)

 <State 10>: 2.32ns
The critical path consists of the following:
	'phi' operation ('i') with incoming values : ('i', source/AESfunctions.cpp:42) [69]  (0 ns)
	'getelementptr' operation ('tmp_state_addr_16', source/AESfunctions.cpp:43) [76]  (0 ns)
	'load' operation ('tmp_state_load', source/AESfunctions.cpp:43) on array 'tmp_state', source/AESfunctions.cpp:22 [77]  (2.32 ns)

 <State 11>: 4.64ns
The critical path consists of the following:
	'load' operation ('tmp_state_load', source/AESfunctions.cpp:43) on array 'tmp_state', source/AESfunctions.cpp:22 [77]  (2.32 ns)
	'store' operation (source/AESfunctions.cpp:43) of variable 'tmp_state_load', source/AESfunctions.cpp:43 on array 'state' [79]  (2.32 ns)


============================================================
+ Verbose Summary: Binding
============================================================
N/A
* FSMD analyzer results:
  - Output states:
 - Input state : 
  - Chain level:
	State 1
	State 2
	State 3
	State 4
	State 5
	State 6
	State 7
	State 8
	State 9
	State 10
	State 11


============================================================
+ Verbose Summary: Datapath Resource usage 
============================================================
N/A
