

================================================================
== Vivado HLS Report for 'SubBytes'
================================================================
* Date:           Wed Feb  7 17:52:41 2018

* Version:        2017.4 (Build 2086221 on Fri Dec 15 21:13:33 MST 2017)
* Project:        cipher
* Solution:       aes_cipher
* Product family: zynq
* Target device:  xc7z020clg400-1


================================================================
== Performance Estimates
================================================================
+ Timing (ns): 
    * Summary: 
    +--------+-------+----------+------------+
    |  Clock | Target| Estimated| Uncertainty|
    +--------+-------+----------+------------+
    |ap_clk  |  10.00|      5.58|        0.00|
    +--------+-------+----------+------------+

+ Latency (clock cycles): 
    * Summary: 
    +-----+-----+-----+-----+---------+
    |  Latency  |  Interval | Pipeline|
    | min | max | min | max |   Type  |
    +-----+-----+-----+-----+---------+
    |   15|   15|   15|   15|   none  |
    +-----+-----+-----+-----+---------+

    + Detail: 
        * Instance: 
        N/A

        * Loop: 
        N/A



================================================================
== Utilization Estimates
================================================================
* Summary: 
+-----------------+---------+-------+--------+-------+
|       Name      | BRAM_18K| DSP48E|   FF   |  LUT  |
+-----------------+---------+-------+--------+-------+
|DSP              |        -|      -|       -|      -|
|Expression       |        -|      -|       -|      -|
|FIFO             |        -|      -|       -|      -|
|Instance         |        -|      -|       -|      -|
|Memory           |        1|      -|       0|      0|
|Multiplexer      |        -|      -|       -|    343|
|Register         |        -|      -|     112|      -|
+-----------------+---------+-------+--------+-------+
|Total            |        1|      0|     112|    343|
+-----------------+---------+-------+--------+-------+
|Available        |      280|    220|  106400|  53200|
+-----------------+---------+-------+--------+-------+
|Utilization (%)  |    ~0   |      0|   ~0   |   ~0  |
+-----------------+---------+-------+--------+-------+

+ Detail: 
    * Instance: 
    N/A

    * DSP48: 
    N/A

    * Memory: 
    +----------+-----------------+---------+---+----+------+-----+------+-------------+
    |  Memory  |      Module     | BRAM_18K| FF| LUT| Words| Bits| Banks| W*Bits*Banks|
    +----------+-----------------+---------+---+----+------+-----+------+-------------+
    |cipher_U  |SubBytes_cipher  |        1|  0|   0|   768|    8|     1|         6144|
    +----------+-----------------+---------+---+----+------+-----+------+-------------+
    |Total     |                 |        1|  0|   0|   768|    8|     1|         6144|
    +----------+-----------------+---------+---+----+------+-----+------+-------------+

    * FIFO: 
    N/A

    * Expression: 
    N/A

    * Multiplexer: 
    +-----------------+----+-----------+-----+-----------+
    |       Name      | LUT| Input Size| Bits| Total Bits|
    +-----------------+----+-----------+-----+-----------+
    |ap_NS_fsm        |  85|         17|    1|         17|
    |cipher_address0  |  44|          9|   10|         90|
    |cipher_address1  |  44|          9|   10|         90|
    |state_address0   |  85|         17|    4|         68|
    |state_address1   |  85|         17|    4|         68|
    +-----------------+----+-----------+-----+-----------+
    |Total            | 343|         69|   29|        333|
    +-----------------+----+-----------+-----+-----------+

    * Register: 
    +-----------------------+----+----+-----+-----------+
    |          Name         | FF | LUT| Bits| Const Bits|
    +-----------------------+----+----+-----+-----------+
    |ap_CS_fsm              |  16|   0|   16|          0|
    |reg_324                |   8|   0|    8|          0|
    |reg_328                |   8|   0|    8|          0|
    |reg_332                |   8|   0|    8|          0|
    |reg_336                |   8|   0|    8|          0|
    |state_load_10_reg_502  |   8|   0|    8|          0|
    |state_load_11_reg_507  |   8|   0|    8|          0|
    |state_load_4_reg_442   |   8|   0|    8|          0|
    |state_load_5_reg_447   |   8|   0|    8|          0|
    |state_load_6_reg_462   |   8|   0|    8|          0|
    |state_load_7_reg_467   |   8|   0|    8|          0|
    |state_load_8_reg_482   |   8|   0|    8|          0|
    |state_load_9_reg_487   |   8|   0|    8|          0|
    +-----------------------+----+----+-----+-----------+
    |Total                  | 112|   0|  112|          0|
    +-----------------------+----+----+-----+-----------+



================================================================
== Interface
================================================================
* Summary: 
+----------------+-----+-----+------------+--------------+--------------+
|    RTL Ports   | Dir | Bits|  Protocol  | Source Object|    C Type    |
+----------------+-----+-----+------------+--------------+--------------+
|ap_clk          |  in |    1| ap_ctrl_hs |   SubBytes   | return value |
|ap_rst          |  in |    1| ap_ctrl_hs |   SubBytes   | return value |
|ap_start        |  in |    1| ap_ctrl_hs |   SubBytes   | return value |
|ap_done         | out |    1| ap_ctrl_hs |   SubBytes   | return value |
|ap_idle         | out |    1| ap_ctrl_hs |   SubBytes   | return value |
|ap_ready        | out |    1| ap_ctrl_hs |   SubBytes   | return value |
|state_address0  | out |    4|  ap_memory |     state    |     array    |
|state_ce0       | out |    1|  ap_memory |     state    |     array    |
|state_we0       | out |    1|  ap_memory |     state    |     array    |
|state_d0        | out |    8|  ap_memory |     state    |     array    |
|state_q0        |  in |    8|  ap_memory |     state    |     array    |
|state_address1  | out |    4|  ap_memory |     state    |     array    |
|state_ce1       | out |    1|  ap_memory |     state    |     array    |
|state_we1       | out |    1|  ap_memory |     state    |     array    |
|state_d1        | out |    8|  ap_memory |     state    |     array    |
|state_q1        |  in |    8|  ap_memory |     state    |     array    |
+----------------+-----+-----+------------+--------------+--------------+

============================================================
+ Verbose Summary: Synthesis Manager
============================================================
InlineROM: 1
ExposeGlobal: 0
============================================================
+ Verbose Summary: CDFG Model
============================================================
IsTopModel: 0
ResetActiveHigh: 1
IsCombinational: 2
IsDatapathOnly: 2
HasWiredReturn: 1
HasMFsm: 0
HasVarLatency: 1
IsPipeline: 0
IsRtlPipelined: 0
IsInstanceOverlapped: 0
IsDontTouch: 0
HasImplIP: 0
IsGatedGlobalClock: 0


============================================================
+ Verbose Summary: Schedule
============================================================
* Number of FSM states : 16
* Pipeline : 0
* Dataflow Pipeline: 0

* FSM state transitions: 
1 --> 
	2  / true
2 --> 
	3  / true
3 --> 
	4  / true
4 --> 
	5  / true
5 --> 
	6  / true
6 --> 
	7  / true
7 --> 
	8  / true
8 --> 
	9  / true
9 --> 
	10  / true
10 --> 
	11  / true
11 --> 
	12  / true
12 --> 
	13  / true
13 --> 
	14  / true
14 --> 
	15  / true
15 --> 
	16  / true
16 --> 

* FSM state operations: 

 <State 1> : 2.32ns
ST_1 : Operation 17 [1/1] (0.00ns)   --->   "%state_addr = getelementptr [16 x i8]* %state, i64 0, i64 0" [source/AESfunctions.cpp:8]
ST_1 : Operation 18 [2/2] (2.32ns)   --->   "%state_load = load i8* %state_addr, align 1" [source/AESfunctions.cpp:8]   --->   Core 37 'RAM' <Latency = 1> <II = 1> <Delay = 2.32> <Storage> <Opcode : 'load' 'store'> <Ports = 2> <Width = 8> <Depth = 16> <RAM>
ST_1 : Operation 19 [1/1] (0.00ns)   --->   "%state_addr_1 = getelementptr [16 x i8]* %state, i64 0, i64 1" [source/AESfunctions.cpp:8]
ST_1 : Operation 20 [2/2] (2.32ns)   --->   "%state_load_1 = load i8* %state_addr_1, align 1" [source/AESfunctions.cpp:8]   --->   Core 37 'RAM' <Latency = 1> <II = 1> <Delay = 2.32> <Storage> <Opcode : 'load' 'store'> <Ports = 2> <Width = 8> <Depth = 16> <RAM>

 <State 2> : 2.32ns
ST_2 : Operation 21 [1/2] (2.32ns)   --->   "%state_load = load i8* %state_addr, align 1" [source/AESfunctions.cpp:8]   --->   Core 37 'RAM' <Latency = 1> <II = 1> <Delay = 2.32> <Storage> <Opcode : 'load' 'store'> <Ports = 2> <Width = 8> <Depth = 16> <RAM>
ST_2 : Operation 22 [1/2] (2.32ns)   --->   "%state_load_1 = load i8* %state_addr_1, align 1" [source/AESfunctions.cpp:8]   --->   Core 37 'RAM' <Latency = 1> <II = 1> <Delay = 2.32> <Storage> <Opcode : 'load' 'store'> <Ports = 2> <Width = 8> <Depth = 16> <RAM>
ST_2 : Operation 23 [1/1] (0.00ns)   --->   "%state_addr_2 = getelementptr [16 x i8]* %state, i64 0, i64 2" [source/AESfunctions.cpp:8]
ST_2 : Operation 24 [2/2] (2.32ns)   --->   "%state_load_2 = load i8* %state_addr_2, align 1" [source/AESfunctions.cpp:8]   --->   Core 37 'RAM' <Latency = 1> <II = 1> <Delay = 2.32> <Storage> <Opcode : 'load' 'store'> <Ports = 2> <Width = 8> <Depth = 16> <RAM>
ST_2 : Operation 25 [1/1] (0.00ns)   --->   "%state_addr_3 = getelementptr [16 x i8]* %state, i64 0, i64 3" [source/AESfunctions.cpp:8]
ST_2 : Operation 26 [2/2] (2.32ns)   --->   "%state_load_3 = load i8* %state_addr_3, align 1" [source/AESfunctions.cpp:8]   --->   Core 37 'RAM' <Latency = 1> <II = 1> <Delay = 2.32> <Storage> <Opcode : 'load' 'store'> <Ports = 2> <Width = 8> <Depth = 16> <RAM>

 <State 3> : 2.32ns
ST_3 : Operation 27 [1/2] (2.32ns)   --->   "%state_load_2 = load i8* %state_addr_2, align 1" [source/AESfunctions.cpp:8]   --->   Core 37 'RAM' <Latency = 1> <II = 1> <Delay = 2.32> <Storage> <Opcode : 'load' 'store'> <Ports = 2> <Width = 8> <Depth = 16> <RAM>
ST_3 : Operation 28 [1/2] (2.32ns)   --->   "%state_load_3 = load i8* %state_addr_3, align 1" [source/AESfunctions.cpp:8]   --->   Core 37 'RAM' <Latency = 1> <II = 1> <Delay = 2.32> <Storage> <Opcode : 'load' 'store'> <Ports = 2> <Width = 8> <Depth = 16> <RAM>
ST_3 : Operation 29 [1/1] (0.00ns)   --->   "%state_addr_4 = getelementptr [16 x i8]* %state, i64 0, i64 4" [source/AESfunctions.cpp:8]
ST_3 : Operation 30 [2/2] (2.32ns)   --->   "%state_load_4 = load i8* %state_addr_4, align 1" [source/AESfunctions.cpp:8]   --->   Core 37 'RAM' <Latency = 1> <II = 1> <Delay = 2.32> <Storage> <Opcode : 'load' 'store'> <Ports = 2> <Width = 8> <Depth = 16> <RAM>
ST_3 : Operation 31 [1/1] (0.00ns)   --->   "%state_addr_5 = getelementptr [16 x i8]* %state, i64 0, i64 5" [source/AESfunctions.cpp:8]
ST_3 : Operation 32 [2/2] (2.32ns)   --->   "%state_load_5 = load i8* %state_addr_5, align 1" [source/AESfunctions.cpp:8]   --->   Core 37 'RAM' <Latency = 1> <II = 1> <Delay = 2.32> <Storage> <Opcode : 'load' 'store'> <Ports = 2> <Width = 8> <Depth = 16> <RAM>

 <State 4> : 2.32ns
ST_4 : Operation 33 [1/2] (2.32ns)   --->   "%state_load_4 = load i8* %state_addr_4, align 1" [source/AESfunctions.cpp:8]   --->   Core 37 'RAM' <Latency = 1> <II = 1> <Delay = 2.32> <Storage> <Opcode : 'load' 'store'> <Ports = 2> <Width = 8> <Depth = 16> <RAM>
ST_4 : Operation 34 [1/2] (2.32ns)   --->   "%state_load_5 = load i8* %state_addr_5, align 1" [source/AESfunctions.cpp:8]   --->   Core 37 'RAM' <Latency = 1> <II = 1> <Delay = 2.32> <Storage> <Opcode : 'load' 'store'> <Ports = 2> <Width = 8> <Depth = 16> <RAM>
ST_4 : Operation 35 [1/1] (0.00ns)   --->   "%state_addr_6 = getelementptr [16 x i8]* %state, i64 0, i64 6" [source/AESfunctions.cpp:8]
ST_4 : Operation 36 [2/2] (2.32ns)   --->   "%state_load_6 = load i8* %state_addr_6, align 1" [source/AESfunctions.cpp:8]   --->   Core 37 'RAM' <Latency = 1> <II = 1> <Delay = 2.32> <Storage> <Opcode : 'load' 'store'> <Ports = 2> <Width = 8> <Depth = 16> <RAM>
ST_4 : Operation 37 [1/1] (0.00ns)   --->   "%state_addr_7 = getelementptr [16 x i8]* %state, i64 0, i64 7" [source/AESfunctions.cpp:8]
ST_4 : Operation 38 [2/2] (2.32ns)   --->   "%state_load_7 = load i8* %state_addr_7, align 1" [source/AESfunctions.cpp:8]   --->   Core 37 'RAM' <Latency = 1> <II = 1> <Delay = 2.32> <Storage> <Opcode : 'load' 'store'> <Ports = 2> <Width = 8> <Depth = 16> <RAM>

 <State 5> : 2.32ns
ST_5 : Operation 39 [1/2] (2.32ns)   --->   "%state_load_6 = load i8* %state_addr_6, align 1" [source/AESfunctions.cpp:8]   --->   Core 37 'RAM' <Latency = 1> <II = 1> <Delay = 2.32> <Storage> <Opcode : 'load' 'store'> <Ports = 2> <Width = 8> <Depth = 16> <RAM>
ST_5 : Operation 40 [1/2] (2.32ns)   --->   "%state_load_7 = load i8* %state_addr_7, align 1" [source/AESfunctions.cpp:8]   --->   Core 37 'RAM' <Latency = 1> <II = 1> <Delay = 2.32> <Storage> <Opcode : 'load' 'store'> <Ports = 2> <Width = 8> <Depth = 16> <RAM>
ST_5 : Operation 41 [1/1] (0.00ns)   --->   "%state_addr_8 = getelementptr [16 x i8]* %state, i64 0, i64 8" [source/AESfunctions.cpp:8]
ST_5 : Operation 42 [2/2] (2.32ns)   --->   "%state_load_8 = load i8* %state_addr_8, align 1" [source/AESfunctions.cpp:8]   --->   Core 37 'RAM' <Latency = 1> <II = 1> <Delay = 2.32> <Storage> <Opcode : 'load' 'store'> <Ports = 2> <Width = 8> <Depth = 16> <RAM>
ST_5 : Operation 43 [1/1] (0.00ns)   --->   "%state_addr_9 = getelementptr [16 x i8]* %state, i64 0, i64 9" [source/AESfunctions.cpp:8]
ST_5 : Operation 44 [2/2] (2.32ns)   --->   "%state_load_9 = load i8* %state_addr_9, align 1" [source/AESfunctions.cpp:8]   --->   Core 37 'RAM' <Latency = 1> <II = 1> <Delay = 2.32> <Storage> <Opcode : 'load' 'store'> <Ports = 2> <Width = 8> <Depth = 16> <RAM>

 <State 6> : 2.32ns
ST_6 : Operation 45 [1/2] (2.32ns)   --->   "%state_load_8 = load i8* %state_addr_8, align 1" [source/AESfunctions.cpp:8]   --->   Core 37 'RAM' <Latency = 1> <II = 1> <Delay = 2.32> <Storage> <Opcode : 'load' 'store'> <Ports = 2> <Width = 8> <Depth = 16> <RAM>
ST_6 : Operation 46 [1/2] (2.32ns)   --->   "%state_load_9 = load i8* %state_addr_9, align 1" [source/AESfunctions.cpp:8]   --->   Core 37 'RAM' <Latency = 1> <II = 1> <Delay = 2.32> <Storage> <Opcode : 'load' 'store'> <Ports = 2> <Width = 8> <Depth = 16> <RAM>
ST_6 : Operation 47 [1/1] (0.00ns)   --->   "%state_addr_10 = getelementptr [16 x i8]* %state, i64 0, i64 10" [source/AESfunctions.cpp:8]
ST_6 : Operation 48 [2/2] (2.32ns)   --->   "%state_load_10 = load i8* %state_addr_10, align 1" [source/AESfunctions.cpp:8]   --->   Core 37 'RAM' <Latency = 1> <II = 1> <Delay = 2.32> <Storage> <Opcode : 'load' 'store'> <Ports = 2> <Width = 8> <Depth = 16> <RAM>
ST_6 : Operation 49 [1/1] (0.00ns)   --->   "%state_addr_11 = getelementptr [16 x i8]* %state, i64 0, i64 11" [source/AESfunctions.cpp:8]
ST_6 : Operation 50 [2/2] (2.32ns)   --->   "%state_load_11 = load i8* %state_addr_11, align 1" [source/AESfunctions.cpp:8]   --->   Core 37 'RAM' <Latency = 1> <II = 1> <Delay = 2.32> <Storage> <Opcode : 'load' 'store'> <Ports = 2> <Width = 8> <Depth = 16> <RAM>

 <State 7> : 2.32ns
ST_7 : Operation 51 [1/2] (2.32ns)   --->   "%state_load_10 = load i8* %state_addr_10, align 1" [source/AESfunctions.cpp:8]   --->   Core 37 'RAM' <Latency = 1> <II = 1> <Delay = 2.32> <Storage> <Opcode : 'load' 'store'> <Ports = 2> <Width = 8> <Depth = 16> <RAM>
ST_7 : Operation 52 [1/2] (2.32ns)   --->   "%state_load_11 = load i8* %state_addr_11, align 1" [source/AESfunctions.cpp:8]   --->   Core 37 'RAM' <Latency = 1> <II = 1> <Delay = 2.32> <Storage> <Opcode : 'load' 'store'> <Ports = 2> <Width = 8> <Depth = 16> <RAM>
ST_7 : Operation 53 [1/1] (0.00ns)   --->   "%state_addr_12 = getelementptr [16 x i8]* %state, i64 0, i64 12" [source/AESfunctions.cpp:8]
ST_7 : Operation 54 [2/2] (2.32ns)   --->   "%state_load_12 = load i8* %state_addr_12, align 1" [source/AESfunctions.cpp:8]   --->   Core 37 'RAM' <Latency = 1> <II = 1> <Delay = 2.32> <Storage> <Opcode : 'load' 'store'> <Ports = 2> <Width = 8> <Depth = 16> <RAM>
ST_7 : Operation 55 [1/1] (0.00ns)   --->   "%state_addr_13 = getelementptr [16 x i8]* %state, i64 0, i64 13" [source/AESfunctions.cpp:8]
ST_7 : Operation 56 [2/2] (2.32ns)   --->   "%state_load_13 = load i8* %state_addr_13, align 1" [source/AESfunctions.cpp:8]   --->   Core 37 'RAM' <Latency = 1> <II = 1> <Delay = 2.32> <Storage> <Opcode : 'load' 'store'> <Ports = 2> <Width = 8> <Depth = 16> <RAM>

 <State 8> : 3.25ns
ST_8 : Operation 57 [1/1] (0.00ns)   --->   "%tmp_2 = zext i8 %state_load to i64" [source/AESfunctions.cpp:8]
ST_8 : Operation 58 [1/1] (0.00ns)   --->   "%cipher_addr = getelementptr [768 x i8]* @cipher, i64 0, i64 %tmp_2" [source/AESfunctions.cpp:8]
ST_8 : Operation 59 [2/2] (3.25ns)   --->   "%cipher_load = load i8* %cipher_addr, align 1" [source/AESfunctions.cpp:8]   --->   Core 48 'ROM_nP' <Latency = 1> <II = 1> <Delay = 3.25> <Storage> <Opcode : 'load'> <Ports = 0> <Width = 8> <Depth = 768> <ROM>
ST_8 : Operation 60 [1/1] (0.00ns)   --->   "%tmp_2_1 = zext i8 %state_load_1 to i64" [source/AESfunctions.cpp:8]
ST_8 : Operation 61 [1/1] (0.00ns)   --->   "%cipher_addr_1 = getelementptr [768 x i8]* @cipher, i64 0, i64 %tmp_2_1" [source/AESfunctions.cpp:8]
ST_8 : Operation 62 [2/2] (3.25ns)   --->   "%cipher_load_1 = load i8* %cipher_addr_1, align 1" [source/AESfunctions.cpp:8]   --->   Core 48 'ROM_nP' <Latency = 1> <II = 1> <Delay = 3.25> <Storage> <Opcode : 'load'> <Ports = 0> <Width = 8> <Depth = 768> <ROM>
ST_8 : Operation 63 [1/2] (2.32ns)   --->   "%state_load_12 = load i8* %state_addr_12, align 1" [source/AESfunctions.cpp:8]   --->   Core 37 'RAM' <Latency = 1> <II = 1> <Delay = 2.32> <Storage> <Opcode : 'load' 'store'> <Ports = 2> <Width = 8> <Depth = 16> <RAM>
ST_8 : Operation 64 [1/2] (2.32ns)   --->   "%state_load_13 = load i8* %state_addr_13, align 1" [source/AESfunctions.cpp:8]   --->   Core 37 'RAM' <Latency = 1> <II = 1> <Delay = 2.32> <Storage> <Opcode : 'load' 'store'> <Ports = 2> <Width = 8> <Depth = 16> <RAM>
ST_8 : Operation 65 [1/1] (0.00ns)   --->   "%state_addr_14 = getelementptr [16 x i8]* %state, i64 0, i64 14" [source/AESfunctions.cpp:8]
ST_8 : Operation 66 [2/2] (2.32ns)   --->   "%state_load_14 = load i8* %state_addr_14, align 1" [source/AESfunctions.cpp:8]   --->   Core 37 'RAM' <Latency = 1> <II = 1> <Delay = 2.32> <Storage> <Opcode : 'load' 'store'> <Ports = 2> <Width = 8> <Depth = 16> <RAM>
ST_8 : Operation 67 [1/1] (0.00ns)   --->   "%state_addr_15 = getelementptr [16 x i8]* %state, i64 0, i64 15" [source/AESfunctions.cpp:8]
ST_8 : Operation 68 [2/2] (2.32ns)   --->   "%state_load_15 = load i8* %state_addr_15, align 1" [source/AESfunctions.cpp:8]   --->   Core 37 'RAM' <Latency = 1> <II = 1> <Delay = 2.32> <Storage> <Opcode : 'load' 'store'> <Ports = 2> <Width = 8> <Depth = 16> <RAM>

 <State 9> : 5.58ns
ST_9 : Operation 69 [1/2] (3.25ns)   --->   "%cipher_load = load i8* %cipher_addr, align 1" [source/AESfunctions.cpp:8]   --->   Core 48 'ROM_nP' <Latency = 1> <II = 1> <Delay = 3.25> <Storage> <Opcode : 'load'> <Ports = 0> <Width = 8> <Depth = 768> <ROM>
ST_9 : Operation 70 [1/1] (2.32ns)   --->   "store i8 %cipher_load, i8* %state_addr, align 1" [source/AESfunctions.cpp:8]   --->   Core 37 'RAM' <Latency = 1> <II = 1> <Delay = 2.32> <Storage> <Opcode : 'load' 'store'> <Ports = 2> <Width = 8> <Depth = 16> <RAM>
ST_9 : Operation 71 [1/2] (3.25ns)   --->   "%cipher_load_1 = load i8* %cipher_addr_1, align 1" [source/AESfunctions.cpp:8]   --->   Core 48 'ROM_nP' <Latency = 1> <II = 1> <Delay = 3.25> <Storage> <Opcode : 'load'> <Ports = 0> <Width = 8> <Depth = 768> <ROM>
ST_9 : Operation 72 [1/1] (2.32ns)   --->   "store i8 %cipher_load_1, i8* %state_addr_1, align 1" [source/AESfunctions.cpp:8]   --->   Core 37 'RAM' <Latency = 1> <II = 1> <Delay = 2.32> <Storage> <Opcode : 'load' 'store'> <Ports = 2> <Width = 8> <Depth = 16> <RAM>
ST_9 : Operation 73 [1/1] (0.00ns)   --->   "%tmp_2_2 = zext i8 %state_load_2 to i64" [source/AESfunctions.cpp:8]
ST_9 : Operation 74 [1/1] (0.00ns)   --->   "%cipher_addr_2 = getelementptr [768 x i8]* @cipher, i64 0, i64 %tmp_2_2" [source/AESfunctions.cpp:8]
ST_9 : Operation 75 [2/2] (3.25ns)   --->   "%cipher_load_2 = load i8* %cipher_addr_2, align 1" [source/AESfunctions.cpp:8]   --->   Core 48 'ROM_nP' <Latency = 1> <II = 1> <Delay = 3.25> <Storage> <Opcode : 'load'> <Ports = 0> <Width = 8> <Depth = 768> <ROM>
ST_9 : Operation 76 [1/1] (0.00ns)   --->   "%tmp_2_3 = zext i8 %state_load_3 to i64" [source/AESfunctions.cpp:8]
ST_9 : Operation 77 [1/1] (0.00ns)   --->   "%cipher_addr_3 = getelementptr [768 x i8]* @cipher, i64 0, i64 %tmp_2_3" [source/AESfunctions.cpp:8]
ST_9 : Operation 78 [2/2] (3.25ns)   --->   "%cipher_load_3 = load i8* %cipher_addr_3, align 1" [source/AESfunctions.cpp:8]   --->   Core 48 'ROM_nP' <Latency = 1> <II = 1> <Delay = 3.25> <Storage> <Opcode : 'load'> <Ports = 0> <Width = 8> <Depth = 768> <ROM>
ST_9 : Operation 79 [1/2] (2.32ns)   --->   "%state_load_14 = load i8* %state_addr_14, align 1" [source/AESfunctions.cpp:8]   --->   Core 37 'RAM' <Latency = 1> <II = 1> <Delay = 2.32> <Storage> <Opcode : 'load' 'store'> <Ports = 2> <Width = 8> <Depth = 16> <RAM>
ST_9 : Operation 80 [1/2] (2.32ns)   --->   "%state_load_15 = load i8* %state_addr_15, align 1" [source/AESfunctions.cpp:8]   --->   Core 37 'RAM' <Latency = 1> <II = 1> <Delay = 2.32> <Storage> <Opcode : 'load' 'store'> <Ports = 2> <Width = 8> <Depth = 16> <RAM>

 <State 10> : 5.58ns
ST_10 : Operation 81 [1/2] (3.25ns)   --->   "%cipher_load_2 = load i8* %cipher_addr_2, align 1" [source/AESfunctions.cpp:8]   --->   Core 48 'ROM_nP' <Latency = 1> <II = 1> <Delay = 3.25> <Storage> <Opcode : 'load'> <Ports = 0> <Width = 8> <Depth = 768> <ROM>
ST_10 : Operation 82 [1/1] (2.32ns)   --->   "store i8 %cipher_load_2, i8* %state_addr_2, align 1" [source/AESfunctions.cpp:8]   --->   Core 37 'RAM' <Latency = 1> <II = 1> <Delay = 2.32> <Storage> <Opcode : 'load' 'store'> <Ports = 2> <Width = 8> <Depth = 16> <RAM>
ST_10 : Operation 83 [1/2] (3.25ns)   --->   "%cipher_load_3 = load i8* %cipher_addr_3, align 1" [source/AESfunctions.cpp:8]   --->   Core 48 'ROM_nP' <Latency = 1> <II = 1> <Delay = 3.25> <Storage> <Opcode : 'load'> <Ports = 0> <Width = 8> <Depth = 768> <ROM>
ST_10 : Operation 84 [1/1] (2.32ns)   --->   "store i8 %cipher_load_3, i8* %state_addr_3, align 1" [source/AESfunctions.cpp:8]   --->   Core 37 'RAM' <Latency = 1> <II = 1> <Delay = 2.32> <Storage> <Opcode : 'load' 'store'> <Ports = 2> <Width = 8> <Depth = 16> <RAM>
ST_10 : Operation 85 [1/1] (0.00ns)   --->   "%tmp_2_4 = zext i8 %state_load_4 to i64" [source/AESfunctions.cpp:8]
ST_10 : Operation 86 [1/1] (0.00ns)   --->   "%cipher_addr_4 = getelementptr [768 x i8]* @cipher, i64 0, i64 %tmp_2_4" [source/AESfunctions.cpp:8]
ST_10 : Operation 87 [2/2] (3.25ns)   --->   "%cipher_load_4 = load i8* %cipher_addr_4, align 1" [source/AESfunctions.cpp:8]   --->   Core 48 'ROM_nP' <Latency = 1> <II = 1> <Delay = 3.25> <Storage> <Opcode : 'load'> <Ports = 0> <Width = 8> <Depth = 768> <ROM>
ST_10 : Operation 88 [1/1] (0.00ns)   --->   "%tmp_2_5 = zext i8 %state_load_5 to i64" [source/AESfunctions.cpp:8]
ST_10 : Operation 89 [1/1] (0.00ns)   --->   "%cipher_addr_5 = getelementptr [768 x i8]* @cipher, i64 0, i64 %tmp_2_5" [source/AESfunctions.cpp:8]
ST_10 : Operation 90 [2/2] (3.25ns)   --->   "%cipher_load_5 = load i8* %cipher_addr_5, align 1" [source/AESfunctions.cpp:8]   --->   Core 48 'ROM_nP' <Latency = 1> <II = 1> <Delay = 3.25> <Storage> <Opcode : 'load'> <Ports = 0> <Width = 8> <Depth = 768> <ROM>

 <State 11> : 5.58ns
ST_11 : Operation 91 [1/2] (3.25ns)   --->   "%cipher_load_4 = load i8* %cipher_addr_4, align 1" [source/AESfunctions.cpp:8]   --->   Core 48 'ROM_nP' <Latency = 1> <II = 1> <Delay = 3.25> <Storage> <Opcode : 'load'> <Ports = 0> <Width = 8> <Depth = 768> <ROM>
ST_11 : Operation 92 [1/1] (2.32ns)   --->   "store i8 %cipher_load_4, i8* %state_addr_4, align 1" [source/AESfunctions.cpp:8]   --->   Core 37 'RAM' <Latency = 1> <II = 1> <Delay = 2.32> <Storage> <Opcode : 'load' 'store'> <Ports = 2> <Width = 8> <Depth = 16> <RAM>
ST_11 : Operation 93 [1/2] (3.25ns)   --->   "%cipher_load_5 = load i8* %cipher_addr_5, align 1" [source/AESfunctions.cpp:8]   --->   Core 48 'ROM_nP' <Latency = 1> <II = 1> <Delay = 3.25> <Storage> <Opcode : 'load'> <Ports = 0> <Width = 8> <Depth = 768> <ROM>
ST_11 : Operation 94 [1/1] (2.32ns)   --->   "store i8 %cipher_load_5, i8* %state_addr_5, align 1" [source/AESfunctions.cpp:8]   --->   Core 37 'RAM' <Latency = 1> <II = 1> <Delay = 2.32> <Storage> <Opcode : 'load' 'store'> <Ports = 2> <Width = 8> <Depth = 16> <RAM>
ST_11 : Operation 95 [1/1] (0.00ns)   --->   "%tmp_2_6 = zext i8 %state_load_6 to i64" [source/AESfunctions.cpp:8]
ST_11 : Operation 96 [1/1] (0.00ns)   --->   "%cipher_addr_6 = getelementptr [768 x i8]* @cipher, i64 0, i64 %tmp_2_6" [source/AESfunctions.cpp:8]
ST_11 : Operation 97 [2/2] (3.25ns)   --->   "%cipher_load_6 = load i8* %cipher_addr_6, align 1" [source/AESfunctions.cpp:8]   --->   Core 48 'ROM_nP' <Latency = 1> <II = 1> <Delay = 3.25> <Storage> <Opcode : 'load'> <Ports = 0> <Width = 8> <Depth = 768> <ROM>
ST_11 : Operation 98 [1/1] (0.00ns)   --->   "%tmp_2_7 = zext i8 %state_load_7 to i64" [source/AESfunctions.cpp:8]
ST_11 : Operation 99 [1/1] (0.00ns)   --->   "%cipher_addr_7 = getelementptr [768 x i8]* @cipher, i64 0, i64 %tmp_2_7" [source/AESfunctions.cpp:8]
ST_11 : Operation 100 [2/2] (3.25ns)   --->   "%cipher_load_7 = load i8* %cipher_addr_7, align 1" [source/AESfunctions.cpp:8]   --->   Core 48 'ROM_nP' <Latency = 1> <II = 1> <Delay = 3.25> <Storage> <Opcode : 'load'> <Ports = 0> <Width = 8> <Depth = 768> <ROM>

 <State 12> : 5.58ns
ST_12 : Operation 101 [1/2] (3.25ns)   --->   "%cipher_load_6 = load i8* %cipher_addr_6, align 1" [source/AESfunctions.cpp:8]   --->   Core 48 'ROM_nP' <Latency = 1> <II = 1> <Delay = 3.25> <Storage> <Opcode : 'load'> <Ports = 0> <Width = 8> <Depth = 768> <ROM>
ST_12 : Operation 102 [1/1] (2.32ns)   --->   "store i8 %cipher_load_6, i8* %state_addr_6, align 1" [source/AESfunctions.cpp:8]   --->   Core 37 'RAM' <Latency = 1> <II = 1> <Delay = 2.32> <Storage> <Opcode : 'load' 'store'> <Ports = 2> <Width = 8> <Depth = 16> <RAM>
ST_12 : Operation 103 [1/2] (3.25ns)   --->   "%cipher_load_7 = load i8* %cipher_addr_7, align 1" [source/AESfunctions.cpp:8]   --->   Core 48 'ROM_nP' <Latency = 1> <II = 1> <Delay = 3.25> <Storage> <Opcode : 'load'> <Ports = 0> <Width = 8> <Depth = 768> <ROM>
ST_12 : Operation 104 [1/1] (2.32ns)   --->   "store i8 %cipher_load_7, i8* %state_addr_7, align 1" [source/AESfunctions.cpp:8]   --->   Core 37 'RAM' <Latency = 1> <II = 1> <Delay = 2.32> <Storage> <Opcode : 'load' 'store'> <Ports = 2> <Width = 8> <Depth = 16> <RAM>
ST_12 : Operation 105 [1/1] (0.00ns)   --->   "%tmp_2_8 = zext i8 %state_load_8 to i64" [source/AESfunctions.cpp:8]
ST_12 : Operation 106 [1/1] (0.00ns)   --->   "%cipher_addr_8 = getelementptr [768 x i8]* @cipher, i64 0, i64 %tmp_2_8" [source/AESfunctions.cpp:8]
ST_12 : Operation 107 [2/2] (3.25ns)   --->   "%cipher_load_8 = load i8* %cipher_addr_8, align 1" [source/AESfunctions.cpp:8]   --->   Core 48 'ROM_nP' <Latency = 1> <II = 1> <Delay = 3.25> <Storage> <Opcode : 'load'> <Ports = 0> <Width = 8> <Depth = 768> <ROM>
ST_12 : Operation 108 [1/1] (0.00ns)   --->   "%tmp_2_9 = zext i8 %state_load_9 to i64" [source/AESfunctions.cpp:8]
ST_12 : Operation 109 [1/1] (0.00ns)   --->   "%cipher_addr_9 = getelementptr [768 x i8]* @cipher, i64 0, i64 %tmp_2_9" [source/AESfunctions.cpp:8]
ST_12 : Operation 110 [2/2] (3.25ns)   --->   "%cipher_load_9 = load i8* %cipher_addr_9, align 1" [source/AESfunctions.cpp:8]   --->   Core 48 'ROM_nP' <Latency = 1> <II = 1> <Delay = 3.25> <Storage> <Opcode : 'load'> <Ports = 0> <Width = 8> <Depth = 768> <ROM>

 <State 13> : 5.58ns
ST_13 : Operation 111 [1/2] (3.25ns)   --->   "%cipher_load_8 = load i8* %cipher_addr_8, align 1" [source/AESfunctions.cpp:8]   --->   Core 48 'ROM_nP' <Latency = 1> <II = 1> <Delay = 3.25> <Storage> <Opcode : 'load'> <Ports = 0> <Width = 8> <Depth = 768> <ROM>
ST_13 : Operation 112 [1/1] (2.32ns)   --->   "store i8 %cipher_load_8, i8* %state_addr_8, align 1" [source/AESfunctions.cpp:8]   --->   Core 37 'RAM' <Latency = 1> <II = 1> <Delay = 2.32> <Storage> <Opcode : 'load' 'store'> <Ports = 2> <Width = 8> <Depth = 16> <RAM>
ST_13 : Operation 113 [1/2] (3.25ns)   --->   "%cipher_load_9 = load i8* %cipher_addr_9, align 1" [source/AESfunctions.cpp:8]   --->   Core 48 'ROM_nP' <Latency = 1> <II = 1> <Delay = 3.25> <Storage> <Opcode : 'load'> <Ports = 0> <Width = 8> <Depth = 768> <ROM>
ST_13 : Operation 114 [1/1] (2.32ns)   --->   "store i8 %cipher_load_9, i8* %state_addr_9, align 1" [source/AESfunctions.cpp:8]   --->   Core 37 'RAM' <Latency = 1> <II = 1> <Delay = 2.32> <Storage> <Opcode : 'load' 'store'> <Ports = 2> <Width = 8> <Depth = 16> <RAM>
ST_13 : Operation 115 [1/1] (0.00ns)   --->   "%tmp_2_s = zext i8 %state_load_10 to i64" [source/AESfunctions.cpp:8]
ST_13 : Operation 116 [1/1] (0.00ns)   --->   "%cipher_addr_10 = getelementptr [768 x i8]* @cipher, i64 0, i64 %tmp_2_s" [source/AESfunctions.cpp:8]
ST_13 : Operation 117 [2/2] (3.25ns)   --->   "%cipher_load_10 = load i8* %cipher_addr_10, align 1" [source/AESfunctions.cpp:8]   --->   Core 48 'ROM_nP' <Latency = 1> <II = 1> <Delay = 3.25> <Storage> <Opcode : 'load'> <Ports = 0> <Width = 8> <Depth = 768> <ROM>
ST_13 : Operation 118 [1/1] (0.00ns)   --->   "%tmp_2_10 = zext i8 %state_load_11 to i64" [source/AESfunctions.cpp:8]
ST_13 : Operation 119 [1/1] (0.00ns)   --->   "%cipher_addr_11 = getelementptr [768 x i8]* @cipher, i64 0, i64 %tmp_2_10" [source/AESfunctions.cpp:8]
ST_13 : Operation 120 [2/2] (3.25ns)   --->   "%cipher_load_11 = load i8* %cipher_addr_11, align 1" [source/AESfunctions.cpp:8]   --->   Core 48 'ROM_nP' <Latency = 1> <II = 1> <Delay = 3.25> <Storage> <Opcode : 'load'> <Ports = 0> <Width = 8> <Depth = 768> <ROM>

 <State 14> : 5.58ns
ST_14 : Operation 121 [1/2] (3.25ns)   --->   "%cipher_load_10 = load i8* %cipher_addr_10, align 1" [source/AESfunctions.cpp:8]   --->   Core 48 'ROM_nP' <Latency = 1> <II = 1> <Delay = 3.25> <Storage> <Opcode : 'load'> <Ports = 0> <Width = 8> <Depth = 768> <ROM>
ST_14 : Operation 122 [1/1] (2.32ns)   --->   "store i8 %cipher_load_10, i8* %state_addr_10, align 1" [source/AESfunctions.cpp:8]   --->   Core 37 'RAM' <Latency = 1> <II = 1> <Delay = 2.32> <Storage> <Opcode : 'load' 'store'> <Ports = 2> <Width = 8> <Depth = 16> <RAM>
ST_14 : Operation 123 [1/2] (3.25ns)   --->   "%cipher_load_11 = load i8* %cipher_addr_11, align 1" [source/AESfunctions.cpp:8]   --->   Core 48 'ROM_nP' <Latency = 1> <II = 1> <Delay = 3.25> <Storage> <Opcode : 'load'> <Ports = 0> <Width = 8> <Depth = 768> <ROM>
ST_14 : Operation 124 [1/1] (2.32ns)   --->   "store i8 %cipher_load_11, i8* %state_addr_11, align 1" [source/AESfunctions.cpp:8]   --->   Core 37 'RAM' <Latency = 1> <II = 1> <Delay = 2.32> <Storage> <Opcode : 'load' 'store'> <Ports = 2> <Width = 8> <Depth = 16> <RAM>
ST_14 : Operation 125 [1/1] (0.00ns)   --->   "%tmp_2_11 = zext i8 %state_load_12 to i64" [source/AESfunctions.cpp:8]
ST_14 : Operation 126 [1/1] (0.00ns)   --->   "%cipher_addr_12 = getelementptr [768 x i8]* @cipher, i64 0, i64 %tmp_2_11" [source/AESfunctions.cpp:8]
ST_14 : Operation 127 [2/2] (3.25ns)   --->   "%cipher_load_12 = load i8* %cipher_addr_12, align 1" [source/AESfunctions.cpp:8]   --->   Core 48 'ROM_nP' <Latency = 1> <II = 1> <Delay = 3.25> <Storage> <Opcode : 'load'> <Ports = 0> <Width = 8> <Depth = 768> <ROM>
ST_14 : Operation 128 [1/1] (0.00ns)   --->   "%tmp_2_12 = zext i8 %state_load_13 to i64" [source/AESfunctions.cpp:8]
ST_14 : Operation 129 [1/1] (0.00ns)   --->   "%cipher_addr_13 = getelementptr [768 x i8]* @cipher, i64 0, i64 %tmp_2_12" [source/AESfunctions.cpp:8]
ST_14 : Operation 130 [2/2] (3.25ns)   --->   "%cipher_load_13 = load i8* %cipher_addr_13, align 1" [source/AESfunctions.cpp:8]   --->   Core 48 'ROM_nP' <Latency = 1> <II = 1> <Delay = 3.25> <Storage> <Opcode : 'load'> <Ports = 0> <Width = 8> <Depth = 768> <ROM>

 <State 15> : 5.58ns
ST_15 : Operation 131 [1/2] (3.25ns)   --->   "%cipher_load_12 = load i8* %cipher_addr_12, align 1" [source/AESfunctions.cpp:8]   --->   Core 48 'ROM_nP' <Latency = 1> <II = 1> <Delay = 3.25> <Storage> <Opcode : 'load'> <Ports = 0> <Width = 8> <Depth = 768> <ROM>
ST_15 : Operation 132 [1/1] (2.32ns)   --->   "store i8 %cipher_load_12, i8* %state_addr_12, align 1" [source/AESfunctions.cpp:8]   --->   Core 37 'RAM' <Latency = 1> <II = 1> <Delay = 2.32> <Storage> <Opcode : 'load' 'store'> <Ports = 2> <Width = 8> <Depth = 16> <RAM>
ST_15 : Operation 133 [1/2] (3.25ns)   --->   "%cipher_load_13 = load i8* %cipher_addr_13, align 1" [source/AESfunctions.cpp:8]   --->   Core 48 'ROM_nP' <Latency = 1> <II = 1> <Delay = 3.25> <Storage> <Opcode : 'load'> <Ports = 0> <Width = 8> <Depth = 768> <ROM>
ST_15 : Operation 134 [1/1] (2.32ns)   --->   "store i8 %cipher_load_13, i8* %state_addr_13, align 1" [source/AESfunctions.cpp:8]   --->   Core 37 'RAM' <Latency = 1> <II = 1> <Delay = 2.32> <Storage> <Opcode : 'load' 'store'> <Ports = 2> <Width = 8> <Depth = 16> <RAM>
ST_15 : Operation 135 [1/1] (0.00ns)   --->   "%tmp_2_13 = zext i8 %state_load_14 to i64" [source/AESfunctions.cpp:8]
ST_15 : Operation 136 [1/1] (0.00ns)   --->   "%cipher_addr_14 = getelementptr [768 x i8]* @cipher, i64 0, i64 %tmp_2_13" [source/AESfunctions.cpp:8]
ST_15 : Operation 137 [2/2] (3.25ns)   --->   "%cipher_load_14 = load i8* %cipher_addr_14, align 1" [source/AESfunctions.cpp:8]   --->   Core 48 'ROM_nP' <Latency = 1> <II = 1> <Delay = 3.25> <Storage> <Opcode : 'load'> <Ports = 0> <Width = 8> <Depth = 768> <ROM>
ST_15 : Operation 138 [1/1] (0.00ns)   --->   "%tmp_2_14 = zext i8 %state_load_15 to i64" [source/AESfunctions.cpp:8]
ST_15 : Operation 139 [1/1] (0.00ns)   --->   "%cipher_addr_15 = getelementptr [768 x i8]* @cipher, i64 0, i64 %tmp_2_14" [source/AESfunctions.cpp:8]
ST_15 : Operation 140 [2/2] (3.25ns)   --->   "%cipher_load_15 = load i8* %cipher_addr_15, align 1" [source/AESfunctions.cpp:8]   --->   Core 48 'ROM_nP' <Latency = 1> <II = 1> <Delay = 3.25> <Storage> <Opcode : 'load'> <Ports = 0> <Width = 8> <Depth = 768> <ROM>

 <State 16> : 5.58ns
ST_16 : Operation 141 [1/2] (3.25ns)   --->   "%cipher_load_14 = load i8* %cipher_addr_14, align 1" [source/AESfunctions.cpp:8]   --->   Core 48 'ROM_nP' <Latency = 1> <II = 1> <Delay = 3.25> <Storage> <Opcode : 'load'> <Ports = 0> <Width = 8> <Depth = 768> <ROM>
ST_16 : Operation 142 [1/1] (2.32ns)   --->   "store i8 %cipher_load_14, i8* %state_addr_14, align 1" [source/AESfunctions.cpp:8]   --->   Core 37 'RAM' <Latency = 1> <II = 1> <Delay = 2.32> <Storage> <Opcode : 'load' 'store'> <Ports = 2> <Width = 8> <Depth = 16> <RAM>
ST_16 : Operation 143 [1/2] (3.25ns)   --->   "%cipher_load_15 = load i8* %cipher_addr_15, align 1" [source/AESfunctions.cpp:8]   --->   Core 48 'ROM_nP' <Latency = 1> <II = 1> <Delay = 3.25> <Storage> <Opcode : 'load'> <Ports = 0> <Width = 8> <Depth = 768> <ROM>
ST_16 : Operation 144 [1/1] (2.32ns)   --->   "store i8 %cipher_load_15, i8* %state_addr_15, align 1" [source/AESfunctions.cpp:8]   --->   Core 37 'RAM' <Latency = 1> <II = 1> <Delay = 2.32> <Storage> <Opcode : 'load' 'store'> <Ports = 2> <Width = 8> <Depth = 16> <RAM>
ST_16 : Operation 145 [1/1] (0.00ns)   --->   "ret void" [source/AESfunctions.cpp:10]


============================================================
+ Verbose Summary: Binding
============================================================
STG Binding: 
---------------- STG Properties BEGIN ----------------
- Is combinational: 0
- Is one-state seq: 0
- Is datapath-only: 0
- Is pipelined: 0
- Is top level: 0
Port [ Return ] is wired: 1; IO mode=ap_ctrl_hs:ce=0
Port [ state]:  wired=1; compound=1; hidden=0; nouse=0; global=0; static=0; extern=0; dir=2; type=1; pingpong=0; private_global=0; MemPort=[22]; IO mode=ap_memory:ce=0
Port [ cipher]:  wired=0; compound=1; hidden=1; nouse=0; global=1; static=1; extern=0; dir=0; type=1; pingpong=0; private_global=0; linkage=7; visibility=0; MemPort=[11]; IO mode=ap_memory:ce=0
---------------- STG Properties END ------------------

---------------- Datapath Model BEGIN ----------------

<LifeTime>
<method=bitvector/>
state_addr     (getelementptr) [ 00111111110000000]
state_addr_1   (getelementptr) [ 00111111110000000]
state_load     (load         ) [ 00011111100000000]
state_load_1   (load         ) [ 00011111100000000]
state_addr_2   (getelementptr) [ 00011111111000000]
state_addr_3   (getelementptr) [ 00011111111000000]
state_load_2   (load         ) [ 00001111110000000]
state_load_3   (load         ) [ 00001111110000000]
state_addr_4   (getelementptr) [ 00001111111100000]
state_addr_5   (getelementptr) [ 00001111111100000]
state_load_4   (load         ) [ 00000111111000000]
state_load_5   (load         ) [ 00000111111000000]
state_addr_6   (getelementptr) [ 00000111111110000]
state_addr_7   (getelementptr) [ 00000111111110000]
state_load_6   (load         ) [ 00000011111100000]
state_load_7   (load         ) [ 00000011111100000]
state_addr_8   (getelementptr) [ 00000011111111000]
state_addr_9   (getelementptr) [ 00000011111111000]
state_load_8   (load         ) [ 00000001111110000]
state_load_9   (load         ) [ 00000001111110000]
state_addr_10  (getelementptr) [ 00000001111111100]
state_addr_11  (getelementptr) [ 00000001111111100]
state_load_10  (load         ) [ 00000000111111000]
state_load_11  (load         ) [ 00000000111111000]
state_addr_12  (getelementptr) [ 00000000111111110]
state_addr_13  (getelementptr) [ 00000000111111110]
tmp_2          (zext         ) [ 00000000000000000]
cipher_addr    (getelementptr) [ 00000000010000000]
tmp_2_1        (zext         ) [ 00000000000000000]
cipher_addr_1  (getelementptr) [ 00000000010000000]
state_load_12  (load         ) [ 00000000011111100]
state_load_13  (load         ) [ 00000000011111100]
state_addr_14  (getelementptr) [ 00000000011111111]
state_addr_15  (getelementptr) [ 00000000011111111]
cipher_load    (load         ) [ 00000000000000000]
StgValue_70    (store        ) [ 00000000000000000]
cipher_load_1  (load         ) [ 00000000000000000]
StgValue_72    (store        ) [ 00000000000000000]
tmp_2_2        (zext         ) [ 00000000000000000]
cipher_addr_2  (getelementptr) [ 00000000001000000]
tmp_2_3        (zext         ) [ 00000000000000000]
cipher_addr_3  (getelementptr) [ 00000000001000000]
state_load_14  (load         ) [ 00000000001111110]
state_load_15  (load         ) [ 00000000001111110]
cipher_load_2  (load         ) [ 00000000000000000]
StgValue_82    (store        ) [ 00000000000000000]
cipher_load_3  (load         ) [ 00000000000000000]
StgValue_84    (store        ) [ 00000000000000000]
tmp_2_4        (zext         ) [ 00000000000000000]
cipher_addr_4  (getelementptr) [ 00000000000100000]
tmp_2_5        (zext         ) [ 00000000000000000]
cipher_addr_5  (getelementptr) [ 00000000000100000]
cipher_load_4  (load         ) [ 00000000000000000]
StgValue_92    (store        ) [ 00000000000000000]
cipher_load_5  (load         ) [ 00000000000000000]
StgValue_94    (store        ) [ 00000000000000000]
tmp_2_6        (zext         ) [ 00000000000000000]
cipher_addr_6  (getelementptr) [ 00000000000010000]
tmp_2_7        (zext         ) [ 00000000000000000]
cipher_addr_7  (getelementptr) [ 00000000000010000]
cipher_load_6  (load         ) [ 00000000000000000]
StgValue_102   (store        ) [ 00000000000000000]
cipher_load_7  (load         ) [ 00000000000000000]
StgValue_104   (store        ) [ 00000000000000000]
tmp_2_8        (zext         ) [ 00000000000000000]
cipher_addr_8  (getelementptr) [ 00000000000001000]
tmp_2_9        (zext         ) [ 00000000000000000]
cipher_addr_9  (getelementptr) [ 00000000000001000]
cipher_load_8  (load         ) [ 00000000000000000]
StgValue_112   (store        ) [ 00000000000000000]
cipher_load_9  (load         ) [ 00000000000000000]
StgValue_114   (store        ) [ 00000000000000000]
tmp_2_s        (zext         ) [ 00000000000000000]
cipher_addr_10 (getelementptr) [ 00000000000000100]
tmp_2_10       (zext         ) [ 00000000000000000]
cipher_addr_11 (getelementptr) [ 00000000000000100]
cipher_load_10 (load         ) [ 00000000000000000]
StgValue_122   (store        ) [ 00000000000000000]
cipher_load_11 (load         ) [ 00000000000000000]
StgValue_124   (store        ) [ 00000000000000000]
tmp_2_11       (zext         ) [ 00000000000000000]
cipher_addr_12 (getelementptr) [ 00000000000000010]
tmp_2_12       (zext         ) [ 00000000000000000]
cipher_addr_13 (getelementptr) [ 00000000000000010]
cipher_load_12 (load         ) [ 00000000000000000]
StgValue_132   (store        ) [ 00000000000000000]
cipher_load_13 (load         ) [ 00000000000000000]
StgValue_134   (store        ) [ 00000000000000000]
tmp_2_13       (zext         ) [ 00000000000000000]
cipher_addr_14 (getelementptr) [ 00000000000000001]
tmp_2_14       (zext         ) [ 00000000000000000]
cipher_addr_15 (getelementptr) [ 00000000000000001]
cipher_load_14 (load         ) [ 00000000000000000]
StgValue_142   (store        ) [ 00000000000000000]
cipher_load_15 (load         ) [ 00000000000000000]
StgValue_144   (store        ) [ 00000000000000000]
StgValue_145   (ret          ) [ 00000000000000000]
</LifeTime>

<model>

<comp_list>
<comp id="0" class="1000" name="state">
<pin_list>
<pin id="1" dir="1" index="0" bw="1" slack="0"/>
</pin_list>
<bind>
<StgValue><ssdm name="state"/><MemPortTyVec>2 2 </MemPortTyVec>
</StgValue>
</bind>
</comp>

<comp id="2" class="1000" name="cipher">
<pin_list>
<pin id="3" dir="1" index="0" bw="1" slack="0"/>
</pin_list>
<bind>
<StgValue><ssdm name="cipher"/><MemPortTyVec>1 1 </MemPortTyVec>
</StgValue>
</bind>
</comp>

<comp id="4" class="1001" name="const_4">
<pin_list>
<pin id="5" dir="1" index="0" bw="1" slack="0"/>
</pin_list>
<bind>
<StgValue><ssdm name=""/></StgValue>
</bind>
</comp>

<comp id="6" class="1001" name="const_6">
<pin_list>
<pin id="7" dir="1" index="0" bw="1" slack="0"/>
</pin_list>
<bind>
<StgValue><ssdm name=""/></StgValue>
</bind>
</comp>

<comp id="8" class="1001" name="const_8">
<pin_list>
<pin id="9" dir="1" index="0" bw="1" slack="0"/>
</pin_list>
<bind>
<StgValue><ssdm name=""/></StgValue>
</bind>
</comp>

<comp id="10" class="1001" name="const_10">
<pin_list>
<pin id="11" dir="1" index="0" bw="1" slack="0"/>
</pin_list>
<bind>
<StgValue><ssdm name=""/></StgValue>
</bind>
</comp>

<comp id="12" class="1001" name="const_12">
<pin_list>
<pin id="13" dir="1" index="0" bw="1" slack="0"/>
</pin_list>
<bind>
<StgValue><ssdm name=""/></StgValue>
</bind>
</comp>

<comp id="14" class="1001" name="const_14">
<pin_list>
<pin id="15" dir="1" index="0" bw="1" slack="0"/>
</pin_list>
<bind>
<StgValue><ssdm name=""/></StgValue>
</bind>
</comp>

<comp id="16" class="1001" name="const_16">
<pin_list>
<pin id="17" dir="1" index="0" bw="1" slack="0"/>
</pin_list>
<bind>
<StgValue><ssdm name=""/></StgValue>
</bind>
</comp>

<comp id="18" class="1001" name="const_18">
<pin_list>
<pin id="19" dir="1" index="0" bw="1" slack="0"/>
</pin_list>
<bind>
<StgValue><ssdm name=""/></StgValue>
</bind>
</comp>

<comp id="20" class="1001" name="const_20">
<pin_list>
<pin id="21" dir="1" index="0" bw="1" slack="0"/>
</pin_list>
<bind>
<StgValue><ssdm name=""/></StgValue>
</bind>
</comp>

<comp id="22" class="1001" name="const_22">
<pin_list>
<pin id="23" dir="1" index="0" bw="1" slack="0"/>
</pin_list>
<bind>
<StgValue><ssdm name=""/></StgValue>
</bind>
</comp>

<comp id="24" class="1001" name="const_24">
<pin_list>
<pin id="25" dir="1" index="0" bw="1" slack="0"/>
</pin_list>
<bind>
<StgValue><ssdm name=""/></StgValue>
</bind>
</comp>

<comp id="26" class="1001" name="const_26">
<pin_list>
<pin id="27" dir="1" index="0" bw="1" slack="0"/>
</pin_list>
<bind>
<StgValue><ssdm name=""/></StgValue>
</bind>
</comp>

<comp id="28" class="1001" name="const_28">
<pin_list>
<pin id="29" dir="1" index="0" bw="1" slack="0"/>
</pin_list>
<bind>
<StgValue><ssdm name=""/></StgValue>
</bind>
</comp>

<comp id="30" class="1001" name="const_30">
<pin_list>
<pin id="31" dir="1" index="0" bw="1" slack="0"/>
</pin_list>
<bind>
<StgValue><ssdm name=""/></StgValue>
</bind>
</comp>

<comp id="32" class="1001" name="const_32">
<pin_list>
<pin id="33" dir="1" index="0" bw="1" slack="0"/>
</pin_list>
<bind>
<StgValue><ssdm name=""/></StgValue>
</bind>
</comp>

<comp id="34" class="1001" name="const_34">
<pin_list>
<pin id="35" dir="1" index="0" bw="1" slack="0"/>
</pin_list>
<bind>
<StgValue><ssdm name=""/></StgValue>
</bind>
</comp>

<comp id="36" class="1004" name="state_addr_gep_fu_36">
<pin_list>
<pin id="37" dir="0" index="0" bw="8" slack="0"/>
<pin id="38" dir="0" index="1" bw="1" slack="0"/>
<pin id="39" dir="0" index="2" bw="1" slack="0"/>
<pin id="40" dir="1" index="3" bw="4" slack="0"/>
</pin_list>
<bind>
<opcode="getelementptr(29) " fcode="getelementptr"/>
<opset="state_addr/1 "/>
</bind>
</comp>

<comp id="44" class="1004" name="grp_access_fu_44">
<pin_list>
<pin id="45" dir="0" index="0" bw="4" slack="0"/>
<pin id="46" dir="0" index="1" bw="8" slack="0"/>
<pin id="57" dir="0" index="3" bw="4" slack="0"/>
<pin id="58" dir="0" index="4" bw="8" slack="0"/>
<pin id="47" dir="1" index="2" bw="8" slack="6"/>
<pin id="59" dir="1" index="5" bw="8" slack="6"/>
</pin_list>
<bind>
<opcode="load(27) store(28) " fcode="store"/>
<opset="state_load/1 state_load_1/1 state_load_2/2 state_load_3/2 state_load_4/3 state_load_5/3 state_load_6/4 state_load_7/4 state_load_8/5 state_load_9/5 state_load_10/6 state_load_11/6 state_load_12/7 state_load_13/7 state_load_14/8 state_load_15/8 StgValue_70/9 StgValue_72/9 StgValue_82/10 StgValue_84/10 StgValue_92/11 StgValue_94/11 StgValue_102/12 StgValue_104/12 StgValue_112/13 StgValue_114/13 StgValue_122/14 StgValue_124/14 StgValue_132/15 StgValue_134/15 StgValue_142/16 StgValue_144/16 "/>
</bind>
</comp>

<comp id="49" class="1004" name="state_addr_1_gep_fu_49">
<pin_list>
<pin id="50" dir="0" index="0" bw="8" slack="0"/>
<pin id="51" dir="0" index="1" bw="1" slack="0"/>
<pin id="52" dir="0" index="2" bw="1" slack="0"/>
<pin id="53" dir="1" index="3" bw="4" slack="0"/>
</pin_list>
<bind>
<opcode="getelementptr(29) " fcode="getelementptr"/>
<opset="state_addr_1/1 "/>
</bind>
</comp>

<comp id="61" class="1004" name="state_addr_2_gep_fu_61">
<pin_list>
<pin id="62" dir="0" index="0" bw="8" slack="0"/>
<pin id="63" dir="0" index="1" bw="1" slack="0"/>
<pin id="64" dir="0" index="2" bw="3" slack="0"/>
<pin id="65" dir="1" index="3" bw="4" slack="0"/>
</pin_list>
<bind>
<opcode="getelementptr(29) " fcode="getelementptr"/>
<opset="state_addr_2/2 "/>
</bind>
</comp>

<comp id="70" class="1004" name="state_addr_3_gep_fu_70">
<pin_list>
<pin id="71" dir="0" index="0" bw="8" slack="0"/>
<pin id="72" dir="0" index="1" bw="1" slack="0"/>
<pin id="73" dir="0" index="2" bw="3" slack="0"/>
<pin id="74" dir="1" index="3" bw="4" slack="0"/>
</pin_list>
<bind>
<opcode="getelementptr(29) " fcode="getelementptr"/>
<opset="state_addr_3/2 "/>
</bind>
</comp>

<comp id="79" class="1004" name="state_addr_4_gep_fu_79">
<pin_list>
<pin id="80" dir="0" index="0" bw="8" slack="0"/>
<pin id="81" dir="0" index="1" bw="1" slack="0"/>
<pin id="82" dir="0" index="2" bw="4" slack="0"/>
<pin id="83" dir="1" index="3" bw="4" slack="0"/>
</pin_list>
<bind>
<opcode="getelementptr(29) " fcode="getelementptr"/>
<opset="state_addr_4/3 "/>
</bind>
</comp>

<comp id="88" class="1004" name="state_addr_5_gep_fu_88">
<pin_list>
<pin id="89" dir="0" index="0" bw="8" slack="0"/>
<pin id="90" dir="0" index="1" bw="1" slack="0"/>
<pin id="91" dir="0" index="2" bw="4" slack="0"/>
<pin id="92" dir="1" index="3" bw="4" slack="0"/>
</pin_list>
<bind>
<opcode="getelementptr(29) " fcode="getelementptr"/>
<opset="state_addr_5/3 "/>
</bind>
</comp>

<comp id="97" class="1004" name="state_addr_6_gep_fu_97">
<pin_list>
<pin id="98" dir="0" index="0" bw="8" slack="0"/>
<pin id="99" dir="0" index="1" bw="1" slack="0"/>
<pin id="100" dir="0" index="2" bw="4" slack="0"/>
<pin id="101" dir="1" index="3" bw="4" slack="0"/>
</pin_list>
<bind>
<opcode="getelementptr(29) " fcode="getelementptr"/>
<opset="state_addr_6/4 "/>
</bind>
</comp>

<comp id="106" class="1004" name="state_addr_7_gep_fu_106">
<pin_list>
<pin id="107" dir="0" index="0" bw="8" slack="0"/>
<pin id="108" dir="0" index="1" bw="1" slack="0"/>
<pin id="109" dir="0" index="2" bw="4" slack="0"/>
<pin id="110" dir="1" index="3" bw="4" slack="0"/>
</pin_list>
<bind>
<opcode="getelementptr(29) " fcode="getelementptr"/>
<opset="state_addr_7/4 "/>
</bind>
</comp>

<comp id="115" class="1004" name="state_addr_8_gep_fu_115">
<pin_list>
<pin id="116" dir="0" index="0" bw="8" slack="0"/>
<pin id="117" dir="0" index="1" bw="1" slack="0"/>
<pin id="118" dir="0" index="2" bw="5" slack="0"/>
<pin id="119" dir="1" index="3" bw="4" slack="0"/>
</pin_list>
<bind>
<opcode="getelementptr(29) " fcode="getelementptr"/>
<opset="state_addr_8/5 "/>
</bind>
</comp>

<comp id="124" class="1004" name="state_addr_9_gep_fu_124">
<pin_list>
<pin id="125" dir="0" index="0" bw="8" slack="0"/>
<pin id="126" dir="0" index="1" bw="1" slack="0"/>
<pin id="127" dir="0" index="2" bw="5" slack="0"/>
<pin id="128" dir="1" index="3" bw="4" slack="0"/>
</pin_list>
<bind>
<opcode="getelementptr(29) " fcode="getelementptr"/>
<opset="state_addr_9/5 "/>
</bind>
</comp>

<comp id="133" class="1004" name="state_addr_10_gep_fu_133">
<pin_list>
<pin id="134" dir="0" index="0" bw="8" slack="0"/>
<pin id="135" dir="0" index="1" bw="1" slack="0"/>
<pin id="136" dir="0" index="2" bw="5" slack="0"/>
<pin id="137" dir="1" index="3" bw="4" slack="0"/>
</pin_list>
<bind>
<opcode="getelementptr(29) " fcode="getelementptr"/>
<opset="state_addr_10/6 "/>
</bind>
</comp>

<comp id="142" class="1004" name="state_addr_11_gep_fu_142">
<pin_list>
<pin id="143" dir="0" index="0" bw="8" slack="0"/>
<pin id="144" dir="0" index="1" bw="1" slack="0"/>
<pin id="145" dir="0" index="2" bw="5" slack="0"/>
<pin id="146" dir="1" index="3" bw="4" slack="0"/>
</pin_list>
<bind>
<opcode="getelementptr(29) " fcode="getelementptr"/>
<opset="state_addr_11/6 "/>
</bind>
</comp>

<comp id="151" class="1004" name="state_addr_12_gep_fu_151">
<pin_list>
<pin id="152" dir="0" index="0" bw="8" slack="0"/>
<pin id="153" dir="0" index="1" bw="1" slack="0"/>
<pin id="154" dir="0" index="2" bw="5" slack="0"/>
<pin id="155" dir="1" index="3" bw="4" slack="0"/>
</pin_list>
<bind>
<opcode="getelementptr(29) " fcode="getelementptr"/>
<opset="state_addr_12/7 "/>
</bind>
</comp>

<comp id="160" class="1004" name="state_addr_13_gep_fu_160">
<pin_list>
<pin id="161" dir="0" index="0" bw="8" slack="0"/>
<pin id="162" dir="0" index="1" bw="1" slack="0"/>
<pin id="163" dir="0" index="2" bw="5" slack="0"/>
<pin id="164" dir="1" index="3" bw="4" slack="0"/>
</pin_list>
<bind>
<opcode="getelementptr(29) " fcode="getelementptr"/>
<opset="state_addr_13/7 "/>
</bind>
</comp>

<comp id="169" class="1004" name="cipher_addr_gep_fu_169">
<pin_list>
<pin id="170" dir="0" index="0" bw="8" slack="0"/>
<pin id="171" dir="0" index="1" bw="1" slack="0"/>
<pin id="172" dir="0" index="2" bw="8" slack="0"/>
<pin id="173" dir="1" index="3" bw="10" slack="0"/>
</pin_list>
<bind>
<opcode="getelementptr(29) " fcode="getelementptr"/>
<opset="cipher_addr/8 "/>
</bind>
</comp>

<comp id="176" class="1004" name="grp_access_fu_176">
<pin_list>
<pin id="177" dir="0" index="0" bw="10" slack="0"/>
<pin id="178" dir="0" index="1" bw="8" slack="2147483647"/>
<pin id="188" dir="0" index="3" bw="10" slack="0"/>
<pin id="189" dir="0" index="4" bw="8" slack="2147483647"/>
<pin id="179" dir="1" index="2" bw="8" slack="0"/>
<pin id="190" dir="1" index="5" bw="8" slack="0"/>
</pin_list>
<bind>
<opcode="load(27) " fcode="load"/>
<opset="cipher_load/8 cipher_load_1/8 cipher_load_2/9 cipher_load_3/9 cipher_load_4/10 cipher_load_5/10 cipher_load_6/11 cipher_load_7/11 cipher_load_8/12 cipher_load_9/12 cipher_load_10/13 cipher_load_11/13 cipher_load_12/14 cipher_load_13/14 cipher_load_14/15 cipher_load_15/15 "/>
</bind>
</comp>

<comp id="181" class="1004" name="cipher_addr_1_gep_fu_181">
<pin_list>
<pin id="182" dir="0" index="0" bw="8" slack="0"/>
<pin id="183" dir="0" index="1" bw="1" slack="0"/>
<pin id="184" dir="0" index="2" bw="8" slack="0"/>
<pin id="185" dir="1" index="3" bw="10" slack="0"/>
</pin_list>
<bind>
<opcode="getelementptr(29) " fcode="getelementptr"/>
<opset="cipher_addr_1/8 "/>
</bind>
</comp>

<comp id="192" class="1004" name="state_addr_14_gep_fu_192">
<pin_list>
<pin id="193" dir="0" index="0" bw="8" slack="0"/>
<pin id="194" dir="0" index="1" bw="1" slack="0"/>
<pin id="195" dir="0" index="2" bw="5" slack="0"/>
<pin id="196" dir="1" index="3" bw="4" slack="0"/>
</pin_list>
<bind>
<opcode="getelementptr(29) " fcode="getelementptr"/>
<opset="state_addr_14/8 "/>
</bind>
</comp>

<comp id="201" class="1004" name="state_addr_15_gep_fu_201">
<pin_list>
<pin id="202" dir="0" index="0" bw="8" slack="0"/>
<pin id="203" dir="0" index="1" bw="1" slack="0"/>
<pin id="204" dir="0" index="2" bw="5" slack="0"/>
<pin id="205" dir="1" index="3" bw="4" slack="0"/>
</pin_list>
<bind>
<opcode="getelementptr(29) " fcode="getelementptr"/>
<opset="state_addr_15/8 "/>
</bind>
</comp>

<comp id="212" class="1004" name="cipher_addr_2_gep_fu_212">
<pin_list>
<pin id="213" dir="0" index="0" bw="8" slack="0"/>
<pin id="214" dir="0" index="1" bw="1" slack="0"/>
<pin id="215" dir="0" index="2" bw="8" slack="0"/>
<pin id="216" dir="1" index="3" bw="10" slack="0"/>
</pin_list>
<bind>
<opcode="getelementptr(29) " fcode="getelementptr"/>
<opset="cipher_addr_2/9 "/>
</bind>
</comp>

<comp id="220" class="1004" name="cipher_addr_3_gep_fu_220">
<pin_list>
<pin id="221" dir="0" index="0" bw="8" slack="0"/>
<pin id="222" dir="0" index="1" bw="1" slack="0"/>
<pin id="223" dir="0" index="2" bw="8" slack="0"/>
<pin id="224" dir="1" index="3" bw="10" slack="0"/>
</pin_list>
<bind>
<opcode="getelementptr(29) " fcode="getelementptr"/>
<opset="cipher_addr_3/9 "/>
</bind>
</comp>

<comp id="228" class="1004" name="cipher_addr_4_gep_fu_228">
<pin_list>
<pin id="229" dir="0" index="0" bw="8" slack="0"/>
<pin id="230" dir="0" index="1" bw="1" slack="0"/>
<pin id="231" dir="0" index="2" bw="8" slack="0"/>
<pin id="232" dir="1" index="3" bw="10" slack="0"/>
</pin_list>
<bind>
<opcode="getelementptr(29) " fcode="getelementptr"/>
<opset="cipher_addr_4/10 "/>
</bind>
</comp>

<comp id="236" class="1004" name="cipher_addr_5_gep_fu_236">
<pin_list>
<pin id="237" dir="0" index="0" bw="8" slack="0"/>
<pin id="238" dir="0" index="1" bw="1" slack="0"/>
<pin id="239" dir="0" index="2" bw="8" slack="0"/>
<pin id="240" dir="1" index="3" bw="10" slack="0"/>
</pin_list>
<bind>
<opcode="getelementptr(29) " fcode="getelementptr"/>
<opset="cipher_addr_5/10 "/>
</bind>
</comp>

<comp id="244" class="1004" name="cipher_addr_6_gep_fu_244">
<pin_list>
<pin id="245" dir="0" index="0" bw="8" slack="0"/>
<pin id="246" dir="0" index="1" bw="1" slack="0"/>
<pin id="247" dir="0" index="2" bw="8" slack="0"/>
<pin id="248" dir="1" index="3" bw="10" slack="0"/>
</pin_list>
<bind>
<opcode="getelementptr(29) " fcode="getelementptr"/>
<opset="cipher_addr_6/11 "/>
</bind>
</comp>

<comp id="252" class="1004" name="cipher_addr_7_gep_fu_252">
<pin_list>
<pin id="253" dir="0" index="0" bw="8" slack="0"/>
<pin id="254" dir="0" index="1" bw="1" slack="0"/>
<pin id="255" dir="0" index="2" bw="8" slack="0"/>
<pin id="256" dir="1" index="3" bw="10" slack="0"/>
</pin_list>
<bind>
<opcode="getelementptr(29) " fcode="getelementptr"/>
<opset="cipher_addr_7/11 "/>
</bind>
</comp>

<comp id="260" class="1004" name="cipher_addr_8_gep_fu_260">
<pin_list>
<pin id="261" dir="0" index="0" bw="8" slack="0"/>
<pin id="262" dir="0" index="1" bw="1" slack="0"/>
<pin id="263" dir="0" index="2" bw="8" slack="0"/>
<pin id="264" dir="1" index="3" bw="10" slack="0"/>
</pin_list>
<bind>
<opcode="getelementptr(29) " fcode="getelementptr"/>
<opset="cipher_addr_8/12 "/>
</bind>
</comp>

<comp id="268" class="1004" name="cipher_addr_9_gep_fu_268">
<pin_list>
<pin id="269" dir="0" index="0" bw="8" slack="0"/>
<pin id="270" dir="0" index="1" bw="1" slack="0"/>
<pin id="271" dir="0" index="2" bw="8" slack="0"/>
<pin id="272" dir="1" index="3" bw="10" slack="0"/>
</pin_list>
<bind>
<opcode="getelementptr(29) " fcode="getelementptr"/>
<opset="cipher_addr_9/12 "/>
</bind>
</comp>

<comp id="276" class="1004" name="cipher_addr_10_gep_fu_276">
<pin_list>
<pin id="277" dir="0" index="0" bw="8" slack="0"/>
<pin id="278" dir="0" index="1" bw="1" slack="0"/>
<pin id="279" dir="0" index="2" bw="8" slack="0"/>
<pin id="280" dir="1" index="3" bw="10" slack="0"/>
</pin_list>
<bind>
<opcode="getelementptr(29) " fcode="getelementptr"/>
<opset="cipher_addr_10/13 "/>
</bind>
</comp>

<comp id="284" class="1004" name="cipher_addr_11_gep_fu_284">
<pin_list>
<pin id="285" dir="0" index="0" bw="8" slack="0"/>
<pin id="286" dir="0" index="1" bw="1" slack="0"/>
<pin id="287" dir="0" index="2" bw="8" slack="0"/>
<pin id="288" dir="1" index="3" bw="10" slack="0"/>
</pin_list>
<bind>
<opcode="getelementptr(29) " fcode="getelementptr"/>
<opset="cipher_addr_11/13 "/>
</bind>
</comp>

<comp id="292" class="1004" name="cipher_addr_12_gep_fu_292">
<pin_list>
<pin id="293" dir="0" index="0" bw="8" slack="0"/>
<pin id="294" dir="0" index="1" bw="1" slack="0"/>
<pin id="295" dir="0" index="2" bw="8" slack="0"/>
<pin id="296" dir="1" index="3" bw="10" slack="0"/>
</pin_list>
<bind>
<opcode="getelementptr(29) " fcode="getelementptr"/>
<opset="cipher_addr_12/14 "/>
</bind>
</comp>

<comp id="300" class="1004" name="cipher_addr_13_gep_fu_300">
<pin_list>
<pin id="301" dir="0" index="0" bw="8" slack="0"/>
<pin id="302" dir="0" index="1" bw="1" slack="0"/>
<pin id="303" dir="0" index="2" bw="8" slack="0"/>
<pin id="304" dir="1" index="3" bw="10" slack="0"/>
</pin_list>
<bind>
<opcode="getelementptr(29) " fcode="getelementptr"/>
<opset="cipher_addr_13/14 "/>
</bind>
</comp>

<comp id="308" class="1004" name="cipher_addr_14_gep_fu_308">
<pin_list>
<pin id="309" dir="0" index="0" bw="8" slack="0"/>
<pin id="310" dir="0" index="1" bw="1" slack="0"/>
<pin id="311" dir="0" index="2" bw="8" slack="0"/>
<pin id="312" dir="1" index="3" bw="10" slack="0"/>
</pin_list>
<bind>
<opcode="getelementptr(29) " fcode="getelementptr"/>
<opset="cipher_addr_14/15 "/>
</bind>
</comp>

<comp id="316" class="1004" name="cipher_addr_15_gep_fu_316">
<pin_list>
<pin id="317" dir="0" index="0" bw="8" slack="0"/>
<pin id="318" dir="0" index="1" bw="1" slack="0"/>
<pin id="319" dir="0" index="2" bw="8" slack="0"/>
<pin id="320" dir="1" index="3" bw="10" slack="0"/>
</pin_list>
<bind>
<opcode="getelementptr(29) " fcode="getelementptr"/>
<opset="cipher_addr_15/15 "/>
</bind>
</comp>

<comp id="324" class="1005" name="reg_324">
<pin_list>
<pin id="325" dir="0" index="0" bw="8" slack="6"/>
<pin id="326" dir="1" index="1" bw="8" slack="6"/>
</pin_list>
<bind>
<opset="state_load state_load_12 "/>
</bind>
</comp>

<comp id="328" class="1005" name="reg_328">
<pin_list>
<pin id="329" dir="0" index="0" bw="8" slack="6"/>
<pin id="330" dir="1" index="1" bw="8" slack="6"/>
</pin_list>
<bind>
<opset="state_load_1 state_load_13 "/>
</bind>
</comp>

<comp id="332" class="1005" name="reg_332">
<pin_list>
<pin id="333" dir="0" index="0" bw="8" slack="6"/>
<pin id="334" dir="1" index="1" bw="8" slack="6"/>
</pin_list>
<bind>
<opset="state_load_2 state_load_14 "/>
</bind>
</comp>

<comp id="336" class="1005" name="reg_336">
<pin_list>
<pin id="337" dir="0" index="0" bw="8" slack="6"/>
<pin id="338" dir="1" index="1" bw="8" slack="6"/>
</pin_list>
<bind>
<opset="state_load_3 state_load_15 "/>
</bind>
</comp>

<comp id="340" class="1004" name="tmp_2_fu_340">
<pin_list>
<pin id="341" dir="0" index="0" bw="8" slack="6"/>
<pin id="342" dir="1" index="1" bw="64" slack="0"/>
</pin_list>
<bind>
<opcode="zext(34) " fcode="zext"/>
<opset="tmp_2/8 "/>
</bind>
</comp>

<comp id="345" class="1004" name="tmp_2_1_fu_345">
<pin_list>
<pin id="346" dir="0" index="0" bw="8" slack="6"/>
<pin id="347" dir="1" index="1" bw="64" slack="0"/>
</pin_list>
<bind>
<opcode="zext(34) " fcode="zext"/>
<opset="tmp_2_1/8 "/>
</bind>
</comp>

<comp id="350" class="1004" name="tmp_2_2_fu_350">
<pin_list>
<pin id="351" dir="0" index="0" bw="8" slack="6"/>
<pin id="352" dir="1" index="1" bw="64" slack="0"/>
</pin_list>
<bind>
<opcode="zext(34) " fcode="zext"/>
<opset="tmp_2_2/9 "/>
</bind>
</comp>

<comp id="355" class="1004" name="tmp_2_3_fu_355">
<pin_list>
<pin id="356" dir="0" index="0" bw="8" slack="6"/>
<pin id="357" dir="1" index="1" bw="64" slack="0"/>
</pin_list>
<bind>
<opcode="zext(34) " fcode="zext"/>
<opset="tmp_2_3/9 "/>
</bind>
</comp>

<comp id="360" class="1004" name="tmp_2_4_fu_360">
<pin_list>
<pin id="361" dir="0" index="0" bw="8" slack="6"/>
<pin id="362" dir="1" index="1" bw="64" slack="0"/>
</pin_list>
<bind>
<opcode="zext(34) " fcode="zext"/>
<opset="tmp_2_4/10 "/>
</bind>
</comp>

<comp id="364" class="1004" name="tmp_2_5_fu_364">
<pin_list>
<pin id="365" dir="0" index="0" bw="8" slack="6"/>
<pin id="366" dir="1" index="1" bw="64" slack="0"/>
</pin_list>
<bind>
<opcode="zext(34) " fcode="zext"/>
<opset="tmp_2_5/10 "/>
</bind>
</comp>

<comp id="368" class="1004" name="tmp_2_6_fu_368">
<pin_list>
<pin id="369" dir="0" index="0" bw="8" slack="6"/>
<pin id="370" dir="1" index="1" bw="64" slack="0"/>
</pin_list>
<bind>
<opcode="zext(34) " fcode="zext"/>
<opset="tmp_2_6/11 "/>
</bind>
</comp>

<comp id="372" class="1004" name="tmp_2_7_fu_372">
<pin_list>
<pin id="373" dir="0" index="0" bw="8" slack="6"/>
<pin id="374" dir="1" index="1" bw="64" slack="0"/>
</pin_list>
<bind>
<opcode="zext(34) " fcode="zext"/>
<opset="tmp_2_7/11 "/>
</bind>
</comp>

<comp id="376" class="1004" name="tmp_2_8_fu_376">
<pin_list>
<pin id="377" dir="0" index="0" bw="8" slack="6"/>
<pin id="378" dir="1" index="1" bw="64" slack="0"/>
</pin_list>
<bind>
<opcode="zext(34) " fcode="zext"/>
<opset="tmp_2_8/12 "/>
</bind>
</comp>

<comp id="380" class="1004" name="tmp_2_9_fu_380">
<pin_list>
<pin id="381" dir="0" index="0" bw="8" slack="6"/>
<pin id="382" dir="1" index="1" bw="64" slack="0"/>
</pin_list>
<bind>
<opcode="zext(34) " fcode="zext"/>
<opset="tmp_2_9/12 "/>
</bind>
</comp>

<comp id="384" class="1004" name="tmp_2_s_fu_384">
<pin_list>
<pin id="385" dir="0" index="0" bw="8" slack="6"/>
<pin id="386" dir="1" index="1" bw="64" slack="0"/>
</pin_list>
<bind>
<opcode="zext(34) " fcode="zext"/>
<opset="tmp_2_s/13 "/>
</bind>
</comp>

<comp id="388" class="1004" name="tmp_2_10_fu_388">
<pin_list>
<pin id="389" dir="0" index="0" bw="8" slack="6"/>
<pin id="390" dir="1" index="1" bw="64" slack="0"/>
</pin_list>
<bind>
<opcode="zext(34) " fcode="zext"/>
<opset="tmp_2_10/13 "/>
</bind>
</comp>

<comp id="392" class="1004" name="tmp_2_11_fu_392">
<pin_list>
<pin id="393" dir="0" index="0" bw="8" slack="6"/>
<pin id="394" dir="1" index="1" bw="64" slack="0"/>
</pin_list>
<bind>
<opcode="zext(34) " fcode="zext"/>
<opset="tmp_2_11/14 "/>
</bind>
</comp>

<comp id="397" class="1004" name="tmp_2_12_fu_397">
<pin_list>
<pin id="398" dir="0" index="0" bw="8" slack="6"/>
<pin id="399" dir="1" index="1" bw="64" slack="0"/>
</pin_list>
<bind>
<opcode="zext(34) " fcode="zext"/>
<opset="tmp_2_12/14 "/>
</bind>
</comp>

<comp id="402" class="1004" name="tmp_2_13_fu_402">
<pin_list>
<pin id="403" dir="0" index="0" bw="8" slack="6"/>
<pin id="404" dir="1" index="1" bw="64" slack="0"/>
</pin_list>
<bind>
<opcode="zext(34) " fcode="zext"/>
<opset="tmp_2_13/15 "/>
</bind>
</comp>

<comp id="407" class="1004" name="tmp_2_14_fu_407">
<pin_list>
<pin id="408" dir="0" index="0" bw="8" slack="6"/>
<pin id="409" dir="1" index="1" bw="64" slack="0"/>
</pin_list>
<bind>
<opcode="zext(34) " fcode="zext"/>
<opset="tmp_2_14/15 "/>
</bind>
</comp>

<comp id="412" class="1005" name="state_addr_reg_412">
<pin_list>
<pin id="413" dir="0" index="0" bw="4" slack="1"/>
<pin id="414" dir="1" index="1" bw="4" slack="1"/>
</pin_list>
<bind>
<opset="state_addr "/>
</bind>
</comp>

<comp id="417" class="1005" name="state_addr_1_reg_417">
<pin_list>
<pin id="418" dir="0" index="0" bw="4" slack="1"/>
<pin id="419" dir="1" index="1" bw="4" slack="1"/>
</pin_list>
<bind>
<opset="state_addr_1 "/>
</bind>
</comp>

<comp id="422" class="1005" name="state_addr_2_reg_422">
<pin_list>
<pin id="423" dir="0" index="0" bw="4" slack="1"/>
<pin id="424" dir="1" index="1" bw="4" slack="1"/>
</pin_list>
<bind>
<opset="state_addr_2 "/>
</bind>
</comp>

<comp id="427" class="1005" name="state_addr_3_reg_427">
<pin_list>
<pin id="428" dir="0" index="0" bw="4" slack="1"/>
<pin id="429" dir="1" index="1" bw="4" slack="1"/>
</pin_list>
<bind>
<opset="state_addr_3 "/>
</bind>
</comp>

<comp id="432" class="1005" name="state_addr_4_reg_432">
<pin_list>
<pin id="433" dir="0" index="0" bw="4" slack="1"/>
<pin id="434" dir="1" index="1" bw="4" slack="1"/>
</pin_list>
<bind>
<opset="state_addr_4 "/>
</bind>
</comp>

<comp id="437" class="1005" name="state_addr_5_reg_437">
<pin_list>
<pin id="438" dir="0" index="0" bw="4" slack="1"/>
<pin id="439" dir="1" index="1" bw="4" slack="1"/>
</pin_list>
<bind>
<opset="state_addr_5 "/>
</bind>
</comp>

<comp id="442" class="1005" name="state_load_4_reg_442">
<pin_list>
<pin id="443" dir="0" index="0" bw="8" slack="6"/>
<pin id="444" dir="1" index="1" bw="8" slack="6"/>
</pin_list>
<bind>
<opset="state_load_4 "/>
</bind>
</comp>

<comp id="447" class="1005" name="state_load_5_reg_447">
<pin_list>
<pin id="448" dir="0" index="0" bw="8" slack="6"/>
<pin id="449" dir="1" index="1" bw="8" slack="6"/>
</pin_list>
<bind>
<opset="state_load_5 "/>
</bind>
</comp>

<comp id="452" class="1005" name="state_addr_6_reg_452">
<pin_list>
<pin id="453" dir="0" index="0" bw="4" slack="1"/>
<pin id="454" dir="1" index="1" bw="4" slack="1"/>
</pin_list>
<bind>
<opset="state_addr_6 "/>
</bind>
</comp>

<comp id="457" class="1005" name="state_addr_7_reg_457">
<pin_list>
<pin id="458" dir="0" index="0" bw="4" slack="1"/>
<pin id="459" dir="1" index="1" bw="4" slack="1"/>
</pin_list>
<bind>
<opset="state_addr_7 "/>
</bind>
</comp>

<comp id="462" class="1005" name="state_load_6_reg_462">
<pin_list>
<pin id="463" dir="0" index="0" bw="8" slack="6"/>
<pin id="464" dir="1" index="1" bw="8" slack="6"/>
</pin_list>
<bind>
<opset="state_load_6 "/>
</bind>
</comp>

<comp id="467" class="1005" name="state_load_7_reg_467">
<pin_list>
<pin id="468" dir="0" index="0" bw="8" slack="6"/>
<pin id="469" dir="1" index="1" bw="8" slack="6"/>
</pin_list>
<bind>
<opset="state_load_7 "/>
</bind>
</comp>

<comp id="472" class="1005" name="state_addr_8_reg_472">
<pin_list>
<pin id="473" dir="0" index="0" bw="4" slack="1"/>
<pin id="474" dir="1" index="1" bw="4" slack="1"/>
</pin_list>
<bind>
<opset="state_addr_8 "/>
</bind>
</comp>

<comp id="477" class="1005" name="state_addr_9_reg_477">
<pin_list>
<pin id="478" dir="0" index="0" bw="4" slack="1"/>
<pin id="479" dir="1" index="1" bw="4" slack="1"/>
</pin_list>
<bind>
<opset="state_addr_9 "/>
</bind>
</comp>

<comp id="482" class="1005" name="state_load_8_reg_482">
<pin_list>
<pin id="483" dir="0" index="0" bw="8" slack="6"/>
<pin id="484" dir="1" index="1" bw="8" slack="6"/>
</pin_list>
<bind>
<opset="state_load_8 "/>
</bind>
</comp>

<comp id="487" class="1005" name="state_load_9_reg_487">
<pin_list>
<pin id="488" dir="0" index="0" bw="8" slack="6"/>
<pin id="489" dir="1" index="1" bw="8" slack="6"/>
</pin_list>
<bind>
<opset="state_load_9 "/>
</bind>
</comp>

<comp id="492" class="1005" name="state_addr_10_reg_492">
<pin_list>
<pin id="493" dir="0" index="0" bw="4" slack="1"/>
<pin id="494" dir="1" index="1" bw="4" slack="1"/>
</pin_list>
<bind>
<opset="state_addr_10 "/>
</bind>
</comp>

<comp id="497" class="1005" name="state_addr_11_reg_497">
<pin_list>
<pin id="498" dir="0" index="0" bw="4" slack="1"/>
<pin id="499" dir="1" index="1" bw="4" slack="1"/>
</pin_list>
<bind>
<opset="state_addr_11 "/>
</bind>
</comp>

<comp id="502" class="1005" name="state_load_10_reg_502">
<pin_list>
<pin id="503" dir="0" index="0" bw="8" slack="6"/>
<pin id="504" dir="1" index="1" bw="8" slack="6"/>
</pin_list>
<bind>
<opset="state_load_10 "/>
</bind>
</comp>

<comp id="507" class="1005" name="state_load_11_reg_507">
<pin_list>
<pin id="508" dir="0" index="0" bw="8" slack="6"/>
<pin id="509" dir="1" index="1" bw="8" slack="6"/>
</pin_list>
<bind>
<opset="state_load_11 "/>
</bind>
</comp>

<comp id="512" class="1005" name="state_addr_12_reg_512">
<pin_list>
<pin id="513" dir="0" index="0" bw="4" slack="1"/>
<pin id="514" dir="1" index="1" bw="4" slack="1"/>
</pin_list>
<bind>
<opset="state_addr_12 "/>
</bind>
</comp>

<comp id="517" class="1005" name="state_addr_13_reg_517">
<pin_list>
<pin id="518" dir="0" index="0" bw="4" slack="1"/>
<pin id="519" dir="1" index="1" bw="4" slack="1"/>
</pin_list>
<bind>
<opset="state_addr_13 "/>
</bind>
</comp>

<comp id="522" class="1005" name="cipher_addr_reg_522">
<pin_list>
<pin id="523" dir="0" index="0" bw="10" slack="1"/>
<pin id="524" dir="1" index="1" bw="10" slack="1"/>
</pin_list>
<bind>
<opset="cipher_addr "/>
</bind>
</comp>

<comp id="527" class="1005" name="cipher_addr_1_reg_527">
<pin_list>
<pin id="528" dir="0" index="0" bw="10" slack="1"/>
<pin id="529" dir="1" index="1" bw="10" slack="1"/>
</pin_list>
<bind>
<opset="cipher_addr_1 "/>
</bind>
</comp>

<comp id="532" class="1005" name="state_addr_14_reg_532">
<pin_list>
<pin id="533" dir="0" index="0" bw="4" slack="1"/>
<pin id="534" dir="1" index="1" bw="4" slack="1"/>
</pin_list>
<bind>
<opset="state_addr_14 "/>
</bind>
</comp>

<comp id="537" class="1005" name="state_addr_15_reg_537">
<pin_list>
<pin id="538" dir="0" index="0" bw="4" slack="1"/>
<pin id="539" dir="1" index="1" bw="4" slack="1"/>
</pin_list>
<bind>
<opset="state_addr_15 "/>
</bind>
</comp>

<comp id="542" class="1005" name="cipher_addr_2_reg_542">
<pin_list>
<pin id="543" dir="0" index="0" bw="10" slack="1"/>
<pin id="544" dir="1" index="1" bw="10" slack="1"/>
</pin_list>
<bind>
<opset="cipher_addr_2 "/>
</bind>
</comp>

<comp id="547" class="1005" name="cipher_addr_3_reg_547">
<pin_list>
<pin id="548" dir="0" index="0" bw="10" slack="1"/>
<pin id="549" dir="1" index="1" bw="10" slack="1"/>
</pin_list>
<bind>
<opset="cipher_addr_3 "/>
</bind>
</comp>

<comp id="552" class="1005" name="cipher_addr_4_reg_552">
<pin_list>
<pin id="553" dir="0" index="0" bw="10" slack="1"/>
<pin id="554" dir="1" index="1" bw="10" slack="1"/>
</pin_list>
<bind>
<opset="cipher_addr_4 "/>
</bind>
</comp>

<comp id="557" class="1005" name="cipher_addr_5_reg_557">
<pin_list>
<pin id="558" dir="0" index="0" bw="10" slack="1"/>
<pin id="559" dir="1" index="1" bw="10" slack="1"/>
</pin_list>
<bind>
<opset="cipher_addr_5 "/>
</bind>
</comp>

<comp id="562" class="1005" name="cipher_addr_6_reg_562">
<pin_list>
<pin id="563" dir="0" index="0" bw="10" slack="1"/>
<pin id="564" dir="1" index="1" bw="10" slack="1"/>
</pin_list>
<bind>
<opset="cipher_addr_6 "/>
</bind>
</comp>

<comp id="567" class="1005" name="cipher_addr_7_reg_567">
<pin_list>
<pin id="568" dir="0" index="0" bw="10" slack="1"/>
<pin id="569" dir="1" index="1" bw="10" slack="1"/>
</pin_list>
<bind>
<opset="cipher_addr_7 "/>
</bind>
</comp>

<comp id="572" class="1005" name="cipher_addr_8_reg_572">
<pin_list>
<pin id="573" dir="0" index="0" bw="10" slack="1"/>
<pin id="574" dir="1" index="1" bw="10" slack="1"/>
</pin_list>
<bind>
<opset="cipher_addr_8 "/>
</bind>
</comp>

<comp id="577" class="1005" name="cipher_addr_9_reg_577">
<pin_list>
<pin id="578" dir="0" index="0" bw="10" slack="1"/>
<pin id="579" dir="1" index="1" bw="10" slack="1"/>
</pin_list>
<bind>
<opset="cipher_addr_9 "/>
</bind>
</comp>

<comp id="582" class="1005" name="cipher_addr_10_reg_582">
<pin_list>
<pin id="583" dir="0" index="0" bw="10" slack="1"/>
<pin id="584" dir="1" index="1" bw="10" slack="1"/>
</pin_list>
<bind>
<opset="cipher_addr_10 "/>
</bind>
</comp>

<comp id="587" class="1005" name="cipher_addr_11_reg_587">
<pin_list>
<pin id="588" dir="0" index="0" bw="10" slack="1"/>
<pin id="589" dir="1" index="1" bw="10" slack="1"/>
</pin_list>
<bind>
<opset="cipher_addr_11 "/>
</bind>
</comp>

<comp id="592" class="1005" name="cipher_addr_12_reg_592">
<pin_list>
<pin id="593" dir="0" index="0" bw="10" slack="1"/>
<pin id="594" dir="1" index="1" bw="10" slack="1"/>
</pin_list>
<bind>
<opset="cipher_addr_12 "/>
</bind>
</comp>

<comp id="597" class="1005" name="cipher_addr_13_reg_597">
<pin_list>
<pin id="598" dir="0" index="0" bw="10" slack="1"/>
<pin id="599" dir="1" index="1" bw="10" slack="1"/>
</pin_list>
<bind>
<opset="cipher_addr_13 "/>
</bind>
</comp>

<comp id="602" class="1005" name="cipher_addr_14_reg_602">
<pin_list>
<pin id="603" dir="0" index="0" bw="10" slack="1"/>
<pin id="604" dir="1" index="1" bw="10" slack="1"/>
</pin_list>
<bind>
<opset="cipher_addr_14 "/>
</bind>
</comp>

<comp id="607" class="1005" name="cipher_addr_15_reg_607">
<pin_list>
<pin id="608" dir="0" index="0" bw="10" slack="1"/>
<pin id="609" dir="1" index="1" bw="10" slack="1"/>
</pin_list>
<bind>
<opset="cipher_addr_15 "/>
</bind>
</comp>

</comp_list>

<net_list>
<net id="41"><net_src comp="0" pin="0"/><net_sink comp="36" pin=0"/></net>

<net id="42"><net_src comp="4" pin="0"/><net_sink comp="36" pin=1"/></net>

<net id="43"><net_src comp="4" pin="0"/><net_sink comp="36" pin=2"/></net>

<net id="48"><net_src comp="36" pin="3"/><net_sink comp="44" pin=0"/></net>

<net id="54"><net_src comp="0" pin="0"/><net_sink comp="49" pin=0"/></net>

<net id="55"><net_src comp="4" pin="0"/><net_sink comp="49" pin=1"/></net>

<net id="56"><net_src comp="6" pin="0"/><net_sink comp="49" pin=2"/></net>

<net id="60"><net_src comp="49" pin="3"/><net_sink comp="44" pin=3"/></net>

<net id="66"><net_src comp="0" pin="0"/><net_sink comp="61" pin=0"/></net>

<net id="67"><net_src comp="4" pin="0"/><net_sink comp="61" pin=1"/></net>

<net id="68"><net_src comp="8" pin="0"/><net_sink comp="61" pin=2"/></net>

<net id="69"><net_src comp="61" pin="3"/><net_sink comp="44" pin=0"/></net>

<net id="75"><net_src comp="0" pin="0"/><net_sink comp="70" pin=0"/></net>

<net id="76"><net_src comp="4" pin="0"/><net_sink comp="70" pin=1"/></net>

<net id="77"><net_src comp="10" pin="0"/><net_sink comp="70" pin=2"/></net>

<net id="78"><net_src comp="70" pin="3"/><net_sink comp="44" pin=3"/></net>

<net id="84"><net_src comp="0" pin="0"/><net_sink comp="79" pin=0"/></net>

<net id="85"><net_src comp="4" pin="0"/><net_sink comp="79" pin=1"/></net>

<net id="86"><net_src comp="12" pin="0"/><net_sink comp="79" pin=2"/></net>

<net id="87"><net_src comp="79" pin="3"/><net_sink comp="44" pin=0"/></net>

<net id="93"><net_src comp="0" pin="0"/><net_sink comp="88" pin=0"/></net>

<net id="94"><net_src comp="4" pin="0"/><net_sink comp="88" pin=1"/></net>

<net id="95"><net_src comp="14" pin="0"/><net_sink comp="88" pin=2"/></net>

<net id="96"><net_src comp="88" pin="3"/><net_sink comp="44" pin=3"/></net>

<net id="102"><net_src comp="0" pin="0"/><net_sink comp="97" pin=0"/></net>

<net id="103"><net_src comp="4" pin="0"/><net_sink comp="97" pin=1"/></net>

<net id="104"><net_src comp="16" pin="0"/><net_sink comp="97" pin=2"/></net>

<net id="105"><net_src comp="97" pin="3"/><net_sink comp="44" pin=0"/></net>

<net id="111"><net_src comp="0" pin="0"/><net_sink comp="106" pin=0"/></net>

<net id="112"><net_src comp="4" pin="0"/><net_sink comp="106" pin=1"/></net>

<net id="113"><net_src comp="18" pin="0"/><net_sink comp="106" pin=2"/></net>

<net id="114"><net_src comp="106" pin="3"/><net_sink comp="44" pin=3"/></net>

<net id="120"><net_src comp="0" pin="0"/><net_sink comp="115" pin=0"/></net>

<net id="121"><net_src comp="4" pin="0"/><net_sink comp="115" pin=1"/></net>

<net id="122"><net_src comp="20" pin="0"/><net_sink comp="115" pin=2"/></net>

<net id="123"><net_src comp="115" pin="3"/><net_sink comp="44" pin=0"/></net>

<net id="129"><net_src comp="0" pin="0"/><net_sink comp="124" pin=0"/></net>

<net id="130"><net_src comp="4" pin="0"/><net_sink comp="124" pin=1"/></net>

<net id="131"><net_src comp="22" pin="0"/><net_sink comp="124" pin=2"/></net>

<net id="132"><net_src comp="124" pin="3"/><net_sink comp="44" pin=3"/></net>

<net id="138"><net_src comp="0" pin="0"/><net_sink comp="133" pin=0"/></net>

<net id="139"><net_src comp="4" pin="0"/><net_sink comp="133" pin=1"/></net>

<net id="140"><net_src comp="24" pin="0"/><net_sink comp="133" pin=2"/></net>

<net id="141"><net_src comp="133" pin="3"/><net_sink comp="44" pin=0"/></net>

<net id="147"><net_src comp="0" pin="0"/><net_sink comp="142" pin=0"/></net>

<net id="148"><net_src comp="4" pin="0"/><net_sink comp="142" pin=1"/></net>

<net id="149"><net_src comp="26" pin="0"/><net_sink comp="142" pin=2"/></net>

<net id="150"><net_src comp="142" pin="3"/><net_sink comp="44" pin=3"/></net>

<net id="156"><net_src comp="0" pin="0"/><net_sink comp="151" pin=0"/></net>

<net id="157"><net_src comp="4" pin="0"/><net_sink comp="151" pin=1"/></net>

<net id="158"><net_src comp="28" pin="0"/><net_sink comp="151" pin=2"/></net>

<net id="159"><net_src comp="151" pin="3"/><net_sink comp="44" pin=0"/></net>

<net id="165"><net_src comp="0" pin="0"/><net_sink comp="160" pin=0"/></net>

<net id="166"><net_src comp="4" pin="0"/><net_sink comp="160" pin=1"/></net>

<net id="167"><net_src comp="30" pin="0"/><net_sink comp="160" pin=2"/></net>

<net id="168"><net_src comp="160" pin="3"/><net_sink comp="44" pin=3"/></net>

<net id="174"><net_src comp="2" pin="0"/><net_sink comp="169" pin=0"/></net>

<net id="175"><net_src comp="4" pin="0"/><net_sink comp="169" pin=1"/></net>

<net id="180"><net_src comp="169" pin="3"/><net_sink comp="176" pin=0"/></net>

<net id="186"><net_src comp="2" pin="0"/><net_sink comp="181" pin=0"/></net>

<net id="187"><net_src comp="4" pin="0"/><net_sink comp="181" pin=1"/></net>

<net id="191"><net_src comp="181" pin="3"/><net_sink comp="176" pin=3"/></net>

<net id="197"><net_src comp="0" pin="0"/><net_sink comp="192" pin=0"/></net>

<net id="198"><net_src comp="4" pin="0"/><net_sink comp="192" pin=1"/></net>

<net id="199"><net_src comp="32" pin="0"/><net_sink comp="192" pin=2"/></net>

<net id="200"><net_src comp="192" pin="3"/><net_sink comp="44" pin=0"/></net>

<net id="206"><net_src comp="0" pin="0"/><net_sink comp="201" pin=0"/></net>

<net id="207"><net_src comp="4" pin="0"/><net_sink comp="201" pin=1"/></net>

<net id="208"><net_src comp="34" pin="0"/><net_sink comp="201" pin=2"/></net>

<net id="209"><net_src comp="201" pin="3"/><net_sink comp="44" pin=3"/></net>

<net id="210"><net_src comp="176" pin="2"/><net_sink comp="44" pin=1"/></net>

<net id="211"><net_src comp="176" pin="5"/><net_sink comp="44" pin=4"/></net>

<net id="217"><net_src comp="2" pin="0"/><net_sink comp="212" pin=0"/></net>

<net id="218"><net_src comp="4" pin="0"/><net_sink comp="212" pin=1"/></net>

<net id="219"><net_src comp="212" pin="3"/><net_sink comp="176" pin=0"/></net>

<net id="225"><net_src comp="2" pin="0"/><net_sink comp="220" pin=0"/></net>

<net id="226"><net_src comp="4" pin="0"/><net_sink comp="220" pin=1"/></net>

<net id="227"><net_src comp="220" pin="3"/><net_sink comp="176" pin=3"/></net>

<net id="233"><net_src comp="2" pin="0"/><net_sink comp="228" pin=0"/></net>

<net id="234"><net_src comp="4" pin="0"/><net_sink comp="228" pin=1"/></net>

<net id="235"><net_src comp="228" pin="3"/><net_sink comp="176" pin=0"/></net>

<net id="241"><net_src comp="2" pin="0"/><net_sink comp="236" pin=0"/></net>

<net id="242"><net_src comp="4" pin="0"/><net_sink comp="236" pin=1"/></net>

<net id="243"><net_src comp="236" pin="3"/><net_sink comp="176" pin=3"/></net>

<net id="249"><net_src comp="2" pin="0"/><net_sink comp="244" pin=0"/></net>

<net id="250"><net_src comp="4" pin="0"/><net_sink comp="244" pin=1"/></net>

<net id="251"><net_src comp="244" pin="3"/><net_sink comp="176" pin=0"/></net>

<net id="257"><net_src comp="2" pin="0"/><net_sink comp="252" pin=0"/></net>

<net id="258"><net_src comp="4" pin="0"/><net_sink comp="252" pin=1"/></net>

<net id="259"><net_src comp="252" pin="3"/><net_sink comp="176" pin=3"/></net>

<net id="265"><net_src comp="2" pin="0"/><net_sink comp="260" pin=0"/></net>

<net id="266"><net_src comp="4" pin="0"/><net_sink comp="260" pin=1"/></net>

<net id="267"><net_src comp="260" pin="3"/><net_sink comp="176" pin=0"/></net>

<net id="273"><net_src comp="2" pin="0"/><net_sink comp="268" pin=0"/></net>

<net id="274"><net_src comp="4" pin="0"/><net_sink comp="268" pin=1"/></net>

<net id="275"><net_src comp="268" pin="3"/><net_sink comp="176" pin=3"/></net>

<net id="281"><net_src comp="2" pin="0"/><net_sink comp="276" pin=0"/></net>

<net id="282"><net_src comp="4" pin="0"/><net_sink comp="276" pin=1"/></net>

<net id="283"><net_src comp="276" pin="3"/><net_sink comp="176" pin=0"/></net>

<net id="289"><net_src comp="2" pin="0"/><net_sink comp="284" pin=0"/></net>

<net id="290"><net_src comp="4" pin="0"/><net_sink comp="284" pin=1"/></net>

<net id="291"><net_src comp="284" pin="3"/><net_sink comp="176" pin=3"/></net>

<net id="297"><net_src comp="2" pin="0"/><net_sink comp="292" pin=0"/></net>

<net id="298"><net_src comp="4" pin="0"/><net_sink comp="292" pin=1"/></net>

<net id="299"><net_src comp="292" pin="3"/><net_sink comp="176" pin=0"/></net>

<net id="305"><net_src comp="2" pin="0"/><net_sink comp="300" pin=0"/></net>

<net id="306"><net_src comp="4" pin="0"/><net_sink comp="300" pin=1"/></net>

<net id="307"><net_src comp="300" pin="3"/><net_sink comp="176" pin=3"/></net>

<net id="313"><net_src comp="2" pin="0"/><net_sink comp="308" pin=0"/></net>

<net id="314"><net_src comp="4" pin="0"/><net_sink comp="308" pin=1"/></net>

<net id="315"><net_src comp="308" pin="3"/><net_sink comp="176" pin=0"/></net>

<net id="321"><net_src comp="2" pin="0"/><net_sink comp="316" pin=0"/></net>

<net id="322"><net_src comp="4" pin="0"/><net_sink comp="316" pin=1"/></net>

<net id="323"><net_src comp="316" pin="3"/><net_sink comp="176" pin=3"/></net>

<net id="327"><net_src comp="44" pin="2"/><net_sink comp="324" pin=0"/></net>

<net id="331"><net_src comp="44" pin="5"/><net_sink comp="328" pin=0"/></net>

<net id="335"><net_src comp="44" pin="2"/><net_sink comp="332" pin=0"/></net>

<net id="339"><net_src comp="44" pin="5"/><net_sink comp="336" pin=0"/></net>

<net id="343"><net_src comp="324" pin="1"/><net_sink comp="340" pin=0"/></net>

<net id="344"><net_src comp="340" pin="1"/><net_sink comp="169" pin=2"/></net>

<net id="348"><net_src comp="328" pin="1"/><net_sink comp="345" pin=0"/></net>

<net id="349"><net_src comp="345" pin="1"/><net_sink comp="181" pin=2"/></net>

<net id="353"><net_src comp="332" pin="1"/><net_sink comp="350" pin=0"/></net>

<net id="354"><net_src comp="350" pin="1"/><net_sink comp="212" pin=2"/></net>

<net id="358"><net_src comp="336" pin="1"/><net_sink comp="355" pin=0"/></net>

<net id="359"><net_src comp="355" pin="1"/><net_sink comp="220" pin=2"/></net>

<net id="363"><net_src comp="360" pin="1"/><net_sink comp="228" pin=2"/></net>

<net id="367"><net_src comp="364" pin="1"/><net_sink comp="236" pin=2"/></net>

<net id="371"><net_src comp="368" pin="1"/><net_sink comp="244" pin=2"/></net>

<net id="375"><net_src comp="372" pin="1"/><net_sink comp="252" pin=2"/></net>

<net id="379"><net_src comp="376" pin="1"/><net_sink comp="260" pin=2"/></net>

<net id="383"><net_src comp="380" pin="1"/><net_sink comp="268" pin=2"/></net>

<net id="387"><net_src comp="384" pin="1"/><net_sink comp="276" pin=2"/></net>

<net id="391"><net_src comp="388" pin="1"/><net_sink comp="284" pin=2"/></net>

<net id="395"><net_src comp="324" pin="1"/><net_sink comp="392" pin=0"/></net>

<net id="396"><net_src comp="392" pin="1"/><net_sink comp="292" pin=2"/></net>

<net id="400"><net_src comp="328" pin="1"/><net_sink comp="397" pin=0"/></net>

<net id="401"><net_src comp="397" pin="1"/><net_sink comp="300" pin=2"/></net>

<net id="405"><net_src comp="332" pin="1"/><net_sink comp="402" pin=0"/></net>

<net id="406"><net_src comp="402" pin="1"/><net_sink comp="308" pin=2"/></net>

<net id="410"><net_src comp="336" pin="1"/><net_sink comp="407" pin=0"/></net>

<net id="411"><net_src comp="407" pin="1"/><net_sink comp="316" pin=2"/></net>

<net id="415"><net_src comp="36" pin="3"/><net_sink comp="412" pin=0"/></net>

<net id="416"><net_src comp="412" pin="1"/><net_sink comp="44" pin=0"/></net>

<net id="420"><net_src comp="49" pin="3"/><net_sink comp="417" pin=0"/></net>

<net id="421"><net_src comp="417" pin="1"/><net_sink comp="44" pin=3"/></net>

<net id="425"><net_src comp="61" pin="3"/><net_sink comp="422" pin=0"/></net>

<net id="426"><net_src comp="422" pin="1"/><net_sink comp="44" pin=0"/></net>

<net id="430"><net_src comp="70" pin="3"/><net_sink comp="427" pin=0"/></net>

<net id="431"><net_src comp="427" pin="1"/><net_sink comp="44" pin=3"/></net>

<net id="435"><net_src comp="79" pin="3"/><net_sink comp="432" pin=0"/></net>

<net id="436"><net_src comp="432" pin="1"/><net_sink comp="44" pin=0"/></net>

<net id="440"><net_src comp="88" pin="3"/><net_sink comp="437" pin=0"/></net>

<net id="441"><net_src comp="437" pin="1"/><net_sink comp="44" pin=3"/></net>

<net id="445"><net_src comp="44" pin="2"/><net_sink comp="442" pin=0"/></net>

<net id="446"><net_src comp="442" pin="1"/><net_sink comp="360" pin=0"/></net>

<net id="450"><net_src comp="44" pin="5"/><net_sink comp="447" pin=0"/></net>

<net id="451"><net_src comp="447" pin="1"/><net_sink comp="364" pin=0"/></net>

<net id="455"><net_src comp="97" pin="3"/><net_sink comp="452" pin=0"/></net>

<net id="456"><net_src comp="452" pin="1"/><net_sink comp="44" pin=0"/></net>

<net id="460"><net_src comp="106" pin="3"/><net_sink comp="457" pin=0"/></net>

<net id="461"><net_src comp="457" pin="1"/><net_sink comp="44" pin=3"/></net>

<net id="465"><net_src comp="44" pin="2"/><net_sink comp="462" pin=0"/></net>

<net id="466"><net_src comp="462" pin="1"/><net_sink comp="368" pin=0"/></net>

<net id="470"><net_src comp="44" pin="5"/><net_sink comp="467" pin=0"/></net>

<net id="471"><net_src comp="467" pin="1"/><net_sink comp="372" pin=0"/></net>

<net id="475"><net_src comp="115" pin="3"/><net_sink comp="472" pin=0"/></net>

<net id="476"><net_src comp="472" pin="1"/><net_sink comp="44" pin=0"/></net>

<net id="480"><net_src comp="124" pin="3"/><net_sink comp="477" pin=0"/></net>

<net id="481"><net_src comp="477" pin="1"/><net_sink comp="44" pin=3"/></net>

<net id="485"><net_src comp="44" pin="2"/><net_sink comp="482" pin=0"/></net>

<net id="486"><net_src comp="482" pin="1"/><net_sink comp="376" pin=0"/></net>

<net id="490"><net_src comp="44" pin="5"/><net_sink comp="487" pin=0"/></net>

<net id="491"><net_src comp="487" pin="1"/><net_sink comp="380" pin=0"/></net>

<net id="495"><net_src comp="133" pin="3"/><net_sink comp="492" pin=0"/></net>

<net id="496"><net_src comp="492" pin="1"/><net_sink comp="44" pin=0"/></net>

<net id="500"><net_src comp="142" pin="3"/><net_sink comp="497" pin=0"/></net>

<net id="501"><net_src comp="497" pin="1"/><net_sink comp="44" pin=3"/></net>

<net id="505"><net_src comp="44" pin="2"/><net_sink comp="502" pin=0"/></net>

<net id="506"><net_src comp="502" pin="1"/><net_sink comp="384" pin=0"/></net>

<net id="510"><net_src comp="44" pin="5"/><net_sink comp="507" pin=0"/></net>

<net id="511"><net_src comp="507" pin="1"/><net_sink comp="388" pin=0"/></net>

<net id="515"><net_src comp="151" pin="3"/><net_sink comp="512" pin=0"/></net>

<net id="516"><net_src comp="512" pin="1"/><net_sink comp="44" pin=0"/></net>

<net id="520"><net_src comp="160" pin="3"/><net_sink comp="517" pin=0"/></net>

<net id="521"><net_src comp="517" pin="1"/><net_sink comp="44" pin=3"/></net>

<net id="525"><net_src comp="169" pin="3"/><net_sink comp="522" pin=0"/></net>

<net id="526"><net_src comp="522" pin="1"/><net_sink comp="176" pin=0"/></net>

<net id="530"><net_src comp="181" pin="3"/><net_sink comp="527" pin=0"/></net>

<net id="531"><net_src comp="527" pin="1"/><net_sink comp="176" pin=3"/></net>

<net id="535"><net_src comp="192" pin="3"/><net_sink comp="532" pin=0"/></net>

<net id="536"><net_src comp="532" pin="1"/><net_sink comp="44" pin=0"/></net>

<net id="540"><net_src comp="201" pin="3"/><net_sink comp="537" pin=0"/></net>

<net id="541"><net_src comp="537" pin="1"/><net_sink comp="44" pin=3"/></net>

<net id="545"><net_src comp="212" pin="3"/><net_sink comp="542" pin=0"/></net>

<net id="546"><net_src comp="542" pin="1"/><net_sink comp="176" pin=0"/></net>

<net id="550"><net_src comp="220" pin="3"/><net_sink comp="547" pin=0"/></net>

<net id="551"><net_src comp="547" pin="1"/><net_sink comp="176" pin=3"/></net>

<net id="555"><net_src comp="228" pin="3"/><net_sink comp="552" pin=0"/></net>

<net id="556"><net_src comp="552" pin="1"/><net_sink comp="176" pin=0"/></net>

<net id="560"><net_src comp="236" pin="3"/><net_sink comp="557" pin=0"/></net>

<net id="561"><net_src comp="557" pin="1"/><net_sink comp="176" pin=3"/></net>

<net id="565"><net_src comp="244" pin="3"/><net_sink comp="562" pin=0"/></net>

<net id="566"><net_src comp="562" pin="1"/><net_sink comp="176" pin=0"/></net>

<net id="570"><net_src comp="252" pin="3"/><net_sink comp="567" pin=0"/></net>

<net id="571"><net_src comp="567" pin="1"/><net_sink comp="176" pin=3"/></net>

<net id="575"><net_src comp="260" pin="3"/><net_sink comp="572" pin=0"/></net>

<net id="576"><net_src comp="572" pin="1"/><net_sink comp="176" pin=0"/></net>

<net id="580"><net_src comp="268" pin="3"/><net_sink comp="577" pin=0"/></net>

<net id="581"><net_src comp="577" pin="1"/><net_sink comp="176" pin=3"/></net>

<net id="585"><net_src comp="276" pin="3"/><net_sink comp="582" pin=0"/></net>

<net id="586"><net_src comp="582" pin="1"/><net_sink comp="176" pin=0"/></net>

<net id="590"><net_src comp="284" pin="3"/><net_sink comp="587" pin=0"/></net>

<net id="591"><net_src comp="587" pin="1"/><net_sink comp="176" pin=3"/></net>

<net id="595"><net_src comp="292" pin="3"/><net_sink comp="592" pin=0"/></net>

<net id="596"><net_src comp="592" pin="1"/><net_sink comp="176" pin=0"/></net>

<net id="600"><net_src comp="300" pin="3"/><net_sink comp="597" pin=0"/></net>

<net id="601"><net_src comp="597" pin="1"/><net_sink comp="176" pin=3"/></net>

<net id="605"><net_src comp="308" pin="3"/><net_sink comp="602" pin=0"/></net>

<net id="606"><net_src comp="602" pin="1"/><net_sink comp="176" pin=0"/></net>

<net id="610"><net_src comp="316" pin="3"/><net_sink comp="607" pin=0"/></net>

<net id="611"><net_src comp="607" pin="1"/><net_sink comp="176" pin=3"/></net>

</net_list>

</model> 
---------------- Datapath Model END ------------------

* FSMD analyzer results:
  - Output states:
	Port: state | {9 10 11 12 13 14 15 16 }
	Port: cipher | {}
 - Input state : 
	Port: SubBytes : state | {1 2 3 4 5 6 7 8 9 }
	Port: SubBytes : cipher | {8 9 10 11 12 13 14 15 16 }
  - Chain level:
	State 1
		state_load : 1
		state_load_1 : 1
	State 2
		state_load_2 : 1
		state_load_3 : 1
	State 3
		state_load_4 : 1
		state_load_5 : 1
	State 4
		state_load_6 : 1
		state_load_7 : 1
	State 5
		state_load_8 : 1
		state_load_9 : 1
	State 6
		state_load_10 : 1
		state_load_11 : 1
	State 7
		state_load_12 : 1
		state_load_13 : 1
	State 8
		cipher_addr : 1
		cipher_load : 2
		cipher_addr_1 : 1
		cipher_load_1 : 2
		state_load_14 : 1
		state_load_15 : 1
	State 9
		StgValue_70 : 1
		StgValue_72 : 1
		cipher_addr_2 : 1
		cipher_load_2 : 2
		cipher_addr_3 : 1
		cipher_load_3 : 2
	State 10
		StgValue_82 : 1
		StgValue_84 : 1
		cipher_addr_4 : 1
		cipher_load_4 : 2
		cipher_addr_5 : 1
		cipher_load_5 : 2
	State 11
		StgValue_92 : 1
		StgValue_94 : 1
		cipher_addr_6 : 1
		cipher_load_6 : 2
		cipher_addr_7 : 1
		cipher_load_7 : 2
	State 12
		StgValue_102 : 1
		StgValue_104 : 1
		cipher_addr_8 : 1
		cipher_load_8 : 2
		cipher_addr_9 : 1
		cipher_load_9 : 2
	State 13
		StgValue_112 : 1
		StgValue_114 : 1
		cipher_addr_10 : 1
		cipher_load_10 : 2
		cipher_addr_11 : 1
		cipher_load_11 : 2
	State 14
		StgValue_122 : 1
		StgValue_124 : 1
		cipher_addr_12 : 1
		cipher_load_12 : 2
		cipher_addr_13 : 1
		cipher_load_13 : 2
	State 15
		StgValue_132 : 1
		StgValue_134 : 1
		cipher_addr_14 : 1
		cipher_load_14 : 2
		cipher_addr_15 : 1
		cipher_load_15 : 2
	State 16
		StgValue_142 : 1
		StgValue_144 : 1


============================================================
+ Verbose Summary: Datapath Resource usage 
============================================================

* Functional unit list:
|----------|-----------------|
| Operation| Functional Unit |
|----------|-----------------|
|          |   tmp_2_fu_340  |
|          |  tmp_2_1_fu_345 |
|          |  tmp_2_2_fu_350 |
|          |  tmp_2_3_fu_355 |
|          |  tmp_2_4_fu_360 |
|          |  tmp_2_5_fu_364 |
|          |  tmp_2_6_fu_368 |
|   zext   |  tmp_2_7_fu_372 |
|          |  tmp_2_8_fu_376 |
|          |  tmp_2_9_fu_380 |
|          |  tmp_2_s_fu_384 |
|          | tmp_2_10_fu_388 |
|          | tmp_2_11_fu_392 |
|          | tmp_2_12_fu_397 |
|          | tmp_2_13_fu_402 |
|          | tmp_2_14_fu_407 |
|----------|-----------------|
|   Total  |                 |
|----------|-----------------|

Memories:
N/A

* Register list:
+----------------------+--------+
|                      |   FF   |
+----------------------+--------+
|cipher_addr_10_reg_582|   10   |
|cipher_addr_11_reg_587|   10   |
|cipher_addr_12_reg_592|   10   |
|cipher_addr_13_reg_597|   10   |
|cipher_addr_14_reg_602|   10   |
|cipher_addr_15_reg_607|   10   |
| cipher_addr_1_reg_527|   10   |
| cipher_addr_2_reg_542|   10   |
| cipher_addr_3_reg_547|   10   |
| cipher_addr_4_reg_552|   10   |
| cipher_addr_5_reg_557|   10   |
| cipher_addr_6_reg_562|   10   |
| cipher_addr_7_reg_567|   10   |
| cipher_addr_8_reg_572|   10   |
| cipher_addr_9_reg_577|   10   |
|  cipher_addr_reg_522 |   10   |
|        reg_324       |    8   |
|        reg_328       |    8   |
|        reg_332       |    8   |
|        reg_336       |    8   |
| state_addr_10_reg_492|    4   |
| state_addr_11_reg_497|    4   |
| state_addr_12_reg_512|    4   |
| state_addr_13_reg_517|    4   |
| state_addr_14_reg_532|    4   |
| state_addr_15_reg_537|    4   |
| state_addr_1_reg_417 |    4   |
| state_addr_2_reg_422 |    4   |
| state_addr_3_reg_427 |    4   |
| state_addr_4_reg_432 |    4   |
| state_addr_5_reg_437 |    4   |
| state_addr_6_reg_452 |    4   |
| state_addr_7_reg_457 |    4   |
| state_addr_8_reg_472 |    4   |
| state_addr_9_reg_477 |    4   |
|  state_addr_reg_412  |    4   |
| state_load_10_reg_502|    8   |
| state_load_11_reg_507|    8   |
| state_load_4_reg_442 |    8   |
| state_load_5_reg_447 |    8   |
| state_load_6_reg_462 |    8   |
| state_load_7_reg_467 |    8   |
| state_load_8_reg_482 |    8   |
| state_load_9_reg_487 |    8   |
+----------------------+--------+
|         Total        |   320  |
+----------------------+--------+

* Multiplexer (MUX) list: 
|-------------------|------|------|------|--------||---------||---------|
|        Comp       |  Pin | Size |  BW  | S x BW ||  Delay  ||   LUT   |
|-------------------|------|------|------|--------||---------||---------|
|  grp_access_fu_44 |  p0  |  16  |   4  |   64   ||    65   |
|  grp_access_fu_44 |  p3  |  16  |   4  |   64   ||    65   |
| grp_access_fu_176 |  p0  |  16  |  10  |   160  ||    65   |
| grp_access_fu_176 |  p3  |  16  |  10  |   160  ||    65   |
|-------------------|------|------|------|--------||---------||---------|
|       Total       |      |      |      |   448  ||  8.796  ||   260   |
|-------------------|------|------|------|--------||---------||---------|



* Summary:
+-----------+--------+--------+--------+
|           |  Delay |   FF   |   LUT  |
+-----------+--------+--------+--------+
|  Function |    -   |    -   |    -   |
|   Memory  |    -   |    -   |    -   |
|Multiplexer|    8   |    -   |   260  |
|  Register |    -   |   320  |    -   |
+-----------+--------+--------+--------+
|   Total   |    8   |   320  |   260  |
+-----------+--------+--------+--------+
