

================================================================
== Vivado HLS Report for 'SubBytes'
================================================================
* Date:           Wed Feb  7 17:52:39 2018

* Version:        2017.4 (Build 2086221 on Fri Dec 15 21:13:33 MST 2017)
* Project:        cipher
* Solution:       aes_cipher
* Product family: zynq
* Target device:  xc7z020clg400-1


================================================================
== Performance Estimates
================================================================
+ Timing (ns): 
    * Summary: 
    +--------+-------+----------+------------+
    |  Clock | Target| Estimated| Uncertainty|
    +--------+-------+----------+------------+
    |ap_clk  |  10.00|      5.58|        0.00|
    +--------+-------+----------+------------+

+ Latency (clock cycles): 
    * Summary: 
    +-----+-----+-----+-----+---------+
    |  Latency  |  Interval | Pipeline|
    | min | max | min | max |   Type  |
    +-----+-----+-----+-----+---------+
    |   15|   15|   15|   15|   none  |
    +-----+-----+-----+-----+---------+

    + Detail: 
        * Instance: 
        N/A

        * Loop: 
        N/A

============================================================
+ Verbose Summary: Synthesis Manager
============================================================
InlineROM: 1
ExposeGlobal: 0
============================================================
+ Verbose Summary: CDFG Model
============================================================
IsTopModel: 0
ResetActiveHigh: 1
IsCombinational: 0
IsDatapathOnly: 0
HasWiredReturn: 1
HasMFsm: 0
HasVarLatency: 1
IsPipeline: 0
IsRtlPipelined: 0
IsInstanceOverlapped: 0
IsDontTouch: 0
HasImplIP: 0
IsGatedGlobalClock: 0


============================================================
+ Verbose Summary: Schedule
============================================================
* Number of FSM states : 16
* Pipeline : 0
* Dataflow Pipeline: 0

* FSM state transitions: 
1 --> 
	2  / true
2 --> 
	3  / true
3 --> 
	4  / true
4 --> 
	5  / true
5 --> 
	6  / true
6 --> 
	7  / true
7 --> 
	8  / true
8 --> 
	9  / true
9 --> 
	10  / true
10 --> 
	11  / true
11 --> 
	12  / true
12 --> 
	13  / true
13 --> 
	14  / true
14 --> 
	15  / true
15 --> 
	16  / true
16 --> 

* FSM state operations: 

 <State 1> : 2.32ns
ST_1 : Operation 17 [1/1] (0.00ns)   --->   "%state_addr = getelementptr [16 x i8]* %state, i64 0, i64 0" [source/AESfunctions.cpp:8]
ST_1 : Operation 18 [2/2] (2.32ns)   --->   "%state_load = load i8* %state_addr, align 1" [source/AESfunctions.cpp:8]   --->   Core 37 'RAM' <Latency = 1> <II = 1> <Delay = 2.32> <Storage> <Opcode : 'load' 'store'> <Ports = 2> <Width = 8> <Depth = 16> <RAM>
ST_1 : Operation 19 [1/1] (0.00ns)   --->   "%state_addr_1 = getelementptr [16 x i8]* %state, i64 0, i64 1" [source/AESfunctions.cpp:8]
ST_1 : Operation 20 [2/2] (2.32ns)   --->   "%state_load_1 = load i8* %state_addr_1, align 1" [source/AESfunctions.cpp:8]   --->   Core 37 'RAM' <Latency = 1> <II = 1> <Delay = 2.32> <Storage> <Opcode : 'load' 'store'> <Ports = 2> <Width = 8> <Depth = 16> <RAM>

 <State 2> : 2.32ns
ST_2 : Operation 21 [1/2] (2.32ns)   --->   "%state_load = load i8* %state_addr, align 1" [source/AESfunctions.cpp:8]   --->   Core 37 'RAM' <Latency = 1> <II = 1> <Delay = 2.32> <Storage> <Opcode : 'load' 'store'> <Ports = 2> <Width = 8> <Depth = 16> <RAM>
ST_2 : Operation 22 [1/2] (2.32ns)   --->   "%state_load_1 = load i8* %state_addr_1, align 1" [source/AESfunctions.cpp:8]   --->   Core 37 'RAM' <Latency = 1> <II = 1> <Delay = 2.32> <Storage> <Opcode : 'load' 'store'> <Ports = 2> <Width = 8> <Depth = 16> <RAM>
ST_2 : Operation 23 [1/1] (0.00ns)   --->   "%state_addr_2 = getelementptr [16 x i8]* %state, i64 0, i64 2" [source/AESfunctions.cpp:8]
ST_2 : Operation 24 [2/2] (2.32ns)   --->   "%state_load_2 = load i8* %state_addr_2, align 1" [source/AESfunctions.cpp:8]   --->   Core 37 'RAM' <Latency = 1> <II = 1> <Delay = 2.32> <Storage> <Opcode : 'load' 'store'> <Ports = 2> <Width = 8> <Depth = 16> <RAM>
ST_2 : Operation 25 [1/1] (0.00ns)   --->   "%state_addr_3 = getelementptr [16 x i8]* %state, i64 0, i64 3" [source/AESfunctions.cpp:8]
ST_2 : Operation 26 [2/2] (2.32ns)   --->   "%state_load_3 = load i8* %state_addr_3, align 1" [source/AESfunctions.cpp:8]   --->   Core 37 'RAM' <Latency = 1> <II = 1> <Delay = 2.32> <Storage> <Opcode : 'load' 'store'> <Ports = 2> <Width = 8> <Depth = 16> <RAM>

 <State 3> : 2.32ns
ST_3 : Operation 27 [1/2] (2.32ns)   --->   "%state_load_2 = load i8* %state_addr_2, align 1" [source/AESfunctions.cpp:8]   --->   Core 37 'RAM' <Latency = 1> <II = 1> <Delay = 2.32> <Storage> <Opcode : 'load' 'store'> <Ports = 2> <Width = 8> <Depth = 16> <RAM>
ST_3 : Operation 28 [1/2] (2.32ns)   --->   "%state_load_3 = load i8* %state_addr_3, align 1" [source/AESfunctions.cpp:8]   --->   Core 37 'RAM' <Latency = 1> <II = 1> <Delay = 2.32> <Storage> <Opcode : 'load' 'store'> <Ports = 2> <Width = 8> <Depth = 16> <RAM>
ST_3 : Operation 29 [1/1] (0.00ns)   --->   "%state_addr_4 = getelementptr [16 x i8]* %state, i64 0, i64 4" [source/AESfunctions.cpp:8]
ST_3 : Operation 30 [2/2] (2.32ns)   --->   "%state_load_4 = load i8* %state_addr_4, align 1" [source/AESfunctions.cpp:8]   --->   Core 37 'RAM' <Latency = 1> <II = 1> <Delay = 2.32> <Storage> <Opcode : 'load' 'store'> <Ports = 2> <Width = 8> <Depth = 16> <RAM>
ST_3 : Operation 31 [1/1] (0.00ns)   --->   "%state_addr_5 = getelementptr [16 x i8]* %state, i64 0, i64 5" [source/AESfunctions.cpp:8]
ST_3 : Operation 32 [2/2] (2.32ns)   --->   "%state_load_5 = load i8* %state_addr_5, align 1" [source/AESfunctions.cpp:8]   --->   Core 37 'RAM' <Latency = 1> <II = 1> <Delay = 2.32> <Storage> <Opcode : 'load' 'store'> <Ports = 2> <Width = 8> <Depth = 16> <RAM>

 <State 4> : 2.32ns
ST_4 : Operation 33 [1/2] (2.32ns)   --->   "%state_load_4 = load i8* %state_addr_4, align 1" [source/AESfunctions.cpp:8]   --->   Core 37 'RAM' <Latency = 1> <II = 1> <Delay = 2.32> <Storage> <Opcode : 'load' 'store'> <Ports = 2> <Width = 8> <Depth = 16> <RAM>
ST_4 : Operation 34 [1/2] (2.32ns)   --->   "%state_load_5 = load i8* %state_addr_5, align 1" [source/AESfunctions.cpp:8]   --->   Core 37 'RAM' <Latency = 1> <II = 1> <Delay = 2.32> <Storage> <Opcode : 'load' 'store'> <Ports = 2> <Width = 8> <Depth = 16> <RAM>
ST_4 : Operation 35 [1/1] (0.00ns)   --->   "%state_addr_6 = getelementptr [16 x i8]* %state, i64 0, i64 6" [source/AESfunctions.cpp:8]
ST_4 : Operation 36 [2/2] (2.32ns)   --->   "%state_load_6 = load i8* %state_addr_6, align 1" [source/AESfunctions.cpp:8]   --->   Core 37 'RAM' <Latency = 1> <II = 1> <Delay = 2.32> <Storage> <Opcode : 'load' 'store'> <Ports = 2> <Width = 8> <Depth = 16> <RAM>
ST_4 : Operation 37 [1/1] (0.00ns)   --->   "%state_addr_7 = getelementptr [16 x i8]* %state, i64 0, i64 7" [source/AESfunctions.cpp:8]
ST_4 : Operation 38 [2/2] (2.32ns)   --->   "%state_load_7 = load i8* %state_addr_7, align 1" [source/AESfunctions.cpp:8]   --->   Core 37 'RAM' <Latency = 1> <II = 1> <Delay = 2.32> <Storage> <Opcode : 'load' 'store'> <Ports = 2> <Width = 8> <Depth = 16> <RAM>

 <State 5> : 2.32ns
ST_5 : Operation 39 [1/2] (2.32ns)   --->   "%state_load_6 = load i8* %state_addr_6, align 1" [source/AESfunctions.cpp:8]   --->   Core 37 'RAM' <Latency = 1> <II = 1> <Delay = 2.32> <Storage> <Opcode : 'load' 'store'> <Ports = 2> <Width = 8> <Depth = 16> <RAM>
ST_5 : Operation 40 [1/2] (2.32ns)   --->   "%state_load_7 = load i8* %state_addr_7, align 1" [source/AESfunctions.cpp:8]   --->   Core 37 'RAM' <Latency = 1> <II = 1> <Delay = 2.32> <Storage> <Opcode : 'load' 'store'> <Ports = 2> <Width = 8> <Depth = 16> <RAM>
ST_5 : Operation 41 [1/1] (0.00ns)   --->   "%state_addr_8 = getelementptr [16 x i8]* %state, i64 0, i64 8" [source/AESfunctions.cpp:8]
ST_5 : Operation 42 [2/2] (2.32ns)   --->   "%state_load_8 = load i8* %state_addr_8, align 1" [source/AESfunctions.cpp:8]   --->   Core 37 'RAM' <Latency = 1> <II = 1> <Delay = 2.32> <Storage> <Opcode : 'load' 'store'> <Ports = 2> <Width = 8> <Depth = 16> <RAM>
ST_5 : Operation 43 [1/1] (0.00ns)   --->   "%state_addr_9 = getelementptr [16 x i8]* %state, i64 0, i64 9" [source/AESfunctions.cpp:8]
ST_5 : Operation 44 [2/2] (2.32ns)   --->   "%state_load_9 = load i8* %state_addr_9, align 1" [source/AESfunctions.cpp:8]   --->   Core 37 'RAM' <Latency = 1> <II = 1> <Delay = 2.32> <Storage> <Opcode : 'load' 'store'> <Ports = 2> <Width = 8> <Depth = 16> <RAM>

 <State 6> : 2.32ns
ST_6 : Operation 45 [1/2] (2.32ns)   --->   "%state_load_8 = load i8* %state_addr_8, align 1" [source/AESfunctions.cpp:8]   --->   Core 37 'RAM' <Latency = 1> <II = 1> <Delay = 2.32> <Storage> <Opcode : 'load' 'store'> <Ports = 2> <Width = 8> <Depth = 16> <RAM>
ST_6 : Operation 46 [1/2] (2.32ns)   --->   "%state_load_9 = load i8* %state_addr_9, align 1" [source/AESfunctions.cpp:8]   --->   Core 37 'RAM' <Latency = 1> <II = 1> <Delay = 2.32> <Storage> <Opcode : 'load' 'store'> <Ports = 2> <Width = 8> <Depth = 16> <RAM>
ST_6 : Operation 47 [1/1] (0.00ns)   --->   "%state_addr_10 = getelementptr [16 x i8]* %state, i64 0, i64 10" [source/AESfunctions.cpp:8]
ST_6 : Operation 48 [2/2] (2.32ns)   --->   "%state_load_10 = load i8* %state_addr_10, align 1" [source/AESfunctions.cpp:8]   --->   Core 37 'RAM' <Latency = 1> <II = 1> <Delay = 2.32> <Storage> <Opcode : 'load' 'store'> <Ports = 2> <Width = 8> <Depth = 16> <RAM>
ST_6 : Operation 49 [1/1] (0.00ns)   --->   "%state_addr_11 = getelementptr [16 x i8]* %state, i64 0, i64 11" [source/AESfunctions.cpp:8]
ST_6 : Operation 50 [2/2] (2.32ns)   --->   "%state_load_11 = load i8* %state_addr_11, align 1" [source/AESfunctions.cpp:8]   --->   Core 37 'RAM' <Latency = 1> <II = 1> <Delay = 2.32> <Storage> <Opcode : 'load' 'store'> <Ports = 2> <Width = 8> <Depth = 16> <RAM>

 <State 7> : 2.32ns
ST_7 : Operation 51 [1/2] (2.32ns)   --->   "%state_load_10 = load i8* %state_addr_10, align 1" [source/AESfunctions.cpp:8]   --->   Core 37 'RAM' <Latency = 1> <II = 1> <Delay = 2.32> <Storage> <Opcode : 'load' 'store'> <Ports = 2> <Width = 8> <Depth = 16> <RAM>
ST_7 : Operation 52 [1/2] (2.32ns)   --->   "%state_load_11 = load i8* %state_addr_11, align 1" [source/AESfunctions.cpp:8]   --->   Core 37 'RAM' <Latency = 1> <II = 1> <Delay = 2.32> <Storage> <Opcode : 'load' 'store'> <Ports = 2> <Width = 8> <Depth = 16> <RAM>
ST_7 : Operation 53 [1/1] (0.00ns)   --->   "%state_addr_12 = getelementptr [16 x i8]* %state, i64 0, i64 12" [source/AESfunctions.cpp:8]
ST_7 : Operation 54 [2/2] (2.32ns)   --->   "%state_load_12 = load i8* %state_addr_12, align 1" [source/AESfunctions.cpp:8]   --->   Core 37 'RAM' <Latency = 1> <II = 1> <Delay = 2.32> <Storage> <Opcode : 'load' 'store'> <Ports = 2> <Width = 8> <Depth = 16> <RAM>
ST_7 : Operation 55 [1/1] (0.00ns)   --->   "%state_addr_13 = getelementptr [16 x i8]* %state, i64 0, i64 13" [source/AESfunctions.cpp:8]
ST_7 : Operation 56 [2/2] (2.32ns)   --->   "%state_load_13 = load i8* %state_addr_13, align 1" [source/AESfunctions.cpp:8]   --->   Core 37 'RAM' <Latency = 1> <II = 1> <Delay = 2.32> <Storage> <Opcode : 'load' 'store'> <Ports = 2> <Width = 8> <Depth = 16> <RAM>

 <State 8> : 3.25ns
ST_8 : Operation 57 [1/1] (0.00ns)   --->   "%tmp_2 = zext i8 %state_load to i64" [source/AESfunctions.cpp:8]
ST_8 : Operation 58 [1/1] (0.00ns)   --->   "%cipher_addr = getelementptr [768 x i8]* @cipher, i64 0, i64 %tmp_2" [source/AESfunctions.cpp:8]
ST_8 : Operation 59 [2/2] (3.25ns)   --->   "%cipher_load = load i8* %cipher_addr, align 1" [source/AESfunctions.cpp:8]   --->   Core 48 'ROM_nP' <Latency = 1> <II = 1> <Delay = 3.25> <Storage> <Opcode : 'load'> <Ports = 0> <Width = 8> <Depth = 768> <ROM>
ST_8 : Operation 60 [1/1] (0.00ns)   --->   "%tmp_2_1 = zext i8 %state_load_1 to i64" [source/AESfunctions.cpp:8]
ST_8 : Operation 61 [1/1] (0.00ns)   --->   "%cipher_addr_1 = getelementptr [768 x i8]* @cipher, i64 0, i64 %tmp_2_1" [source/AESfunctions.cpp:8]
ST_8 : Operation 62 [2/2] (3.25ns)   --->   "%cipher_load_1 = load i8* %cipher_addr_1, align 1" [source/AESfunctions.cpp:8]   --->   Core 48 'ROM_nP' <Latency = 1> <II = 1> <Delay = 3.25> <Storage> <Opcode : 'load'> <Ports = 0> <Width = 8> <Depth = 768> <ROM>
ST_8 : Operation 63 [1/2] (2.32ns)   --->   "%state_load_12 = load i8* %state_addr_12, align 1" [source/AESfunctions.cpp:8]   --->   Core 37 'RAM' <Latency = 1> <II = 1> <Delay = 2.32> <Storage> <Opcode : 'load' 'store'> <Ports = 2> <Width = 8> <Depth = 16> <RAM>
ST_8 : Operation 64 [1/2] (2.32ns)   --->   "%state_load_13 = load i8* %state_addr_13, align 1" [source/AESfunctions.cpp:8]   --->   Core 37 'RAM' <Latency = 1> <II = 1> <Delay = 2.32> <Storage> <Opcode : 'load' 'store'> <Ports = 2> <Width = 8> <Depth = 16> <RAM>
ST_8 : Operation 65 [1/1] (0.00ns)   --->   "%state_addr_14 = getelementptr [16 x i8]* %state, i64 0, i64 14" [source/AESfunctions.cpp:8]
ST_8 : Operation 66 [2/2] (2.32ns)   --->   "%state_load_14 = load i8* %state_addr_14, align 1" [source/AESfunctions.cpp:8]   --->   Core 37 'RAM' <Latency = 1> <II = 1> <Delay = 2.32> <Storage> <Opcode : 'load' 'store'> <Ports = 2> <Width = 8> <Depth = 16> <RAM>
ST_8 : Operation 67 [1/1] (0.00ns)   --->   "%state_addr_15 = getelementptr [16 x i8]* %state, i64 0, i64 15" [source/AESfunctions.cpp:8]
ST_8 : Operation 68 [2/2] (2.32ns)   --->   "%state_load_15 = load i8* %state_addr_15, align 1" [source/AESfunctions.cpp:8]   --->   Core 37 'RAM' <Latency = 1> <II = 1> <Delay = 2.32> <Storage> <Opcode : 'load' 'store'> <Ports = 2> <Width = 8> <Depth = 16> <RAM>

 <State 9> : 5.58ns
ST_9 : Operation 69 [1/2] (3.25ns)   --->   "%cipher_load = load i8* %cipher_addr, align 1" [source/AESfunctions.cpp:8]   --->   Core 48 'ROM_nP' <Latency = 1> <II = 1> <Delay = 3.25> <Storage> <Opcode : 'load'> <Ports = 0> <Width = 8> <Depth = 768> <ROM>
ST_9 : Operation 70 [1/1] (2.32ns)   --->   "store i8 %cipher_load, i8* %state_addr, align 1" [source/AESfunctions.cpp:8]   --->   Core 37 'RAM' <Latency = 1> <II = 1> <Delay = 2.32> <Storage> <Opcode : 'load' 'store'> <Ports = 2> <Width = 8> <Depth = 16> <RAM>
ST_9 : Operation 71 [1/2] (3.25ns)   --->   "%cipher_load_1 = load i8* %cipher_addr_1, align 1" [source/AESfunctions.cpp:8]   --->   Core 48 'ROM_nP' <Latency = 1> <II = 1> <Delay = 3.25> <Storage> <Opcode : 'load'> <Ports = 0> <Width = 8> <Depth = 768> <ROM>
ST_9 : Operation 72 [1/1] (2.32ns)   --->   "store i8 %cipher_load_1, i8* %state_addr_1, align 1" [source/AESfunctions.cpp:8]   --->   Core 37 'RAM' <Latency = 1> <II = 1> <Delay = 2.32> <Storage> <Opcode : 'load' 'store'> <Ports = 2> <Width = 8> <Depth = 16> <RAM>
ST_9 : Operation 73 [1/1] (0.00ns)   --->   "%tmp_2_2 = zext i8 %state_load_2 to i64" [source/AESfunctions.cpp:8]
ST_9 : Operation 74 [1/1] (0.00ns)   --->   "%cipher_addr_2 = getelementptr [768 x i8]* @cipher, i64 0, i64 %tmp_2_2" [source/AESfunctions.cpp:8]
ST_9 : Operation 75 [2/2] (3.25ns)   --->   "%cipher_load_2 = load i8* %cipher_addr_2, align 1" [source/AESfunctions.cpp:8]   --->   Core 48 'ROM_nP' <Latency = 1> <II = 1> <Delay = 3.25> <Storage> <Opcode : 'load'> <Ports = 0> <Width = 8> <Depth = 768> <ROM>
ST_9 : Operation 76 [1/1] (0.00ns)   --->   "%tmp_2_3 = zext i8 %state_load_3 to i64" [source/AESfunctions.cpp:8]
ST_9 : Operation 77 [1/1] (0.00ns)   --->   "%cipher_addr_3 = getelementptr [768 x i8]* @cipher, i64 0, i64 %tmp_2_3" [source/AESfunctions.cpp:8]
ST_9 : Operation 78 [2/2] (3.25ns)   --->   "%cipher_load_3 = load i8* %cipher_addr_3, align 1" [source/AESfunctions.cpp:8]   --->   Core 48 'ROM_nP' <Latency = 1> <II = 1> <Delay = 3.25> <Storage> <Opcode : 'load'> <Ports = 0> <Width = 8> <Depth = 768> <ROM>
ST_9 : Operation 79 [1/2] (2.32ns)   --->   "%state_load_14 = load i8* %state_addr_14, align 1" [source/AESfunctions.cpp:8]   --->   Core 37 'RAM' <Latency = 1> <II = 1> <Delay = 2.32> <Storage> <Opcode : 'load' 'store'> <Ports = 2> <Width = 8> <Depth = 16> <RAM>
ST_9 : Operation 80 [1/2] (2.32ns)   --->   "%state_load_15 = load i8* %state_addr_15, align 1" [source/AESfunctions.cpp:8]   --->   Core 37 'RAM' <Latency = 1> <II = 1> <Delay = 2.32> <Storage> <Opcode : 'load' 'store'> <Ports = 2> <Width = 8> <Depth = 16> <RAM>

 <State 10> : 5.58ns
ST_10 : Operation 81 [1/2] (3.25ns)   --->   "%cipher_load_2 = load i8* %cipher_addr_2, align 1" [source/AESfunctions.cpp:8]   --->   Core 48 'ROM_nP' <Latency = 1> <II = 1> <Delay = 3.25> <Storage> <Opcode : 'load'> <Ports = 0> <Width = 8> <Depth = 768> <ROM>
ST_10 : Operation 82 [1/1] (2.32ns)   --->   "store i8 %cipher_load_2, i8* %state_addr_2, align 1" [source/AESfunctions.cpp:8]   --->   Core 37 'RAM' <Latency = 1> <II = 1> <Delay = 2.32> <Storage> <Opcode : 'load' 'store'> <Ports = 2> <Width = 8> <Depth = 16> <RAM>
ST_10 : Operation 83 [1/2] (3.25ns)   --->   "%cipher_load_3 = load i8* %cipher_addr_3, align 1" [source/AESfunctions.cpp:8]   --->   Core 48 'ROM_nP' <Latency = 1> <II = 1> <Delay = 3.25> <Storage> <Opcode : 'load'> <Ports = 0> <Width = 8> <Depth = 768> <ROM>
ST_10 : Operation 84 [1/1] (2.32ns)   --->   "store i8 %cipher_load_3, i8* %state_addr_3, align 1" [source/AESfunctions.cpp:8]   --->   Core 37 'RAM' <Latency = 1> <II = 1> <Delay = 2.32> <Storage> <Opcode : 'load' 'store'> <Ports = 2> <Width = 8> <Depth = 16> <RAM>
ST_10 : Operation 85 [1/1] (0.00ns)   --->   "%tmp_2_4 = zext i8 %state_load_4 to i64" [source/AESfunctions.cpp:8]
ST_10 : Operation 86 [1/1] (0.00ns)   --->   "%cipher_addr_4 = getelementptr [768 x i8]* @cipher, i64 0, i64 %tmp_2_4" [source/AESfunctions.cpp:8]
ST_10 : Operation 87 [2/2] (3.25ns)   --->   "%cipher_load_4 = load i8* %cipher_addr_4, align 1" [source/AESfunctions.cpp:8]   --->   Core 48 'ROM_nP' <Latency = 1> <II = 1> <Delay = 3.25> <Storage> <Opcode : 'load'> <Ports = 0> <Width = 8> <Depth = 768> <ROM>
ST_10 : Operation 88 [1/1] (0.00ns)   --->   "%tmp_2_5 = zext i8 %state_load_5 to i64" [source/AESfunctions.cpp:8]
ST_10 : Operation 89 [1/1] (0.00ns)   --->   "%cipher_addr_5 = getelementptr [768 x i8]* @cipher, i64 0, i64 %tmp_2_5" [source/AESfunctions.cpp:8]
ST_10 : Operation 90 [2/2] (3.25ns)   --->   "%cipher_load_5 = load i8* %cipher_addr_5, align 1" [source/AESfunctions.cpp:8]   --->   Core 48 'ROM_nP' <Latency = 1> <II = 1> <Delay = 3.25> <Storage> <Opcode : 'load'> <Ports = 0> <Width = 8> <Depth = 768> <ROM>

 <State 11> : 5.58ns
ST_11 : Operation 91 [1/2] (3.25ns)   --->   "%cipher_load_4 = load i8* %cipher_addr_4, align 1" [source/AESfunctions.cpp:8]   --->   Core 48 'ROM_nP' <Latency = 1> <II = 1> <Delay = 3.25> <Storage> <Opcode : 'load'> <Ports = 0> <Width = 8> <Depth = 768> <ROM>
ST_11 : Operation 92 [1/1] (2.32ns)   --->   "store i8 %cipher_load_4, i8* %state_addr_4, align 1" [source/AESfunctions.cpp:8]   --->   Core 37 'RAM' <Latency = 1> <II = 1> <Delay = 2.32> <Storage> <Opcode : 'load' 'store'> <Ports = 2> <Width = 8> <Depth = 16> <RAM>
ST_11 : Operation 93 [1/2] (3.25ns)   --->   "%cipher_load_5 = load i8* %cipher_addr_5, align 1" [source/AESfunctions.cpp:8]   --->   Core 48 'ROM_nP' <Latency = 1> <II = 1> <Delay = 3.25> <Storage> <Opcode : 'load'> <Ports = 0> <Width = 8> <Depth = 768> <ROM>
ST_11 : Operation 94 [1/1] (2.32ns)   --->   "store i8 %cipher_load_5, i8* %state_addr_5, align 1" [source/AESfunctions.cpp:8]   --->   Core 37 'RAM' <Latency = 1> <II = 1> <Delay = 2.32> <Storage> <Opcode : 'load' 'store'> <Ports = 2> <Width = 8> <Depth = 16> <RAM>
ST_11 : Operation 95 [1/1] (0.00ns)   --->   "%tmp_2_6 = zext i8 %state_load_6 to i64" [source/AESfunctions.cpp:8]
ST_11 : Operation 96 [1/1] (0.00ns)   --->   "%cipher_addr_6 = getelementptr [768 x i8]* @cipher, i64 0, i64 %tmp_2_6" [source/AESfunctions.cpp:8]
ST_11 : Operation 97 [2/2] (3.25ns)   --->   "%cipher_load_6 = load i8* %cipher_addr_6, align 1" [source/AESfunctions.cpp:8]   --->   Core 48 'ROM_nP' <Latency = 1> <II = 1> <Delay = 3.25> <Storage> <Opcode : 'load'> <Ports = 0> <Width = 8> <Depth = 768> <ROM>
ST_11 : Operation 98 [1/1] (0.00ns)   --->   "%tmp_2_7 = zext i8 %state_load_7 to i64" [source/AESfunctions.cpp:8]
ST_11 : Operation 99 [1/1] (0.00ns)   --->   "%cipher_addr_7 = getelementptr [768 x i8]* @cipher, i64 0, i64 %tmp_2_7" [source/AESfunctions.cpp:8]
ST_11 : Operation 100 [2/2] (3.25ns)   --->   "%cipher_load_7 = load i8* %cipher_addr_7, align 1" [source/AESfunctions.cpp:8]   --->   Core 48 'ROM_nP' <Latency = 1> <II = 1> <Delay = 3.25> <Storage> <Opcode : 'load'> <Ports = 0> <Width = 8> <Depth = 768> <ROM>

 <State 12> : 5.58ns
ST_12 : Operation 101 [1/2] (3.25ns)   --->   "%cipher_load_6 = load i8* %cipher_addr_6, align 1" [source/AESfunctions.cpp:8]   --->   Core 48 'ROM_nP' <Latency = 1> <II = 1> <Delay = 3.25> <Storage> <Opcode : 'load'> <Ports = 0> <Width = 8> <Depth = 768> <ROM>
ST_12 : Operation 102 [1/1] (2.32ns)   --->   "store i8 %cipher_load_6, i8* %state_addr_6, align 1" [source/AESfunctions.cpp:8]   --->   Core 37 'RAM' <Latency = 1> <II = 1> <Delay = 2.32> <Storage> <Opcode : 'load' 'store'> <Ports = 2> <Width = 8> <Depth = 16> <RAM>
ST_12 : Operation 103 [1/2] (3.25ns)   --->   "%cipher_load_7 = load i8* %cipher_addr_7, align 1" [source/AESfunctions.cpp:8]   --->   Core 48 'ROM_nP' <Latency = 1> <II = 1> <Delay = 3.25> <Storage> <Opcode : 'load'> <Ports = 0> <Width = 8> <Depth = 768> <ROM>
ST_12 : Operation 104 [1/1] (2.32ns)   --->   "store i8 %cipher_load_7, i8* %state_addr_7, align 1" [source/AESfunctions.cpp:8]   --->   Core 37 'RAM' <Latency = 1> <II = 1> <Delay = 2.32> <Storage> <Opcode : 'load' 'store'> <Ports = 2> <Width = 8> <Depth = 16> <RAM>
ST_12 : Operation 105 [1/1] (0.00ns)   --->   "%tmp_2_8 = zext i8 %state_load_8 to i64" [source/AESfunctions.cpp:8]
ST_12 : Operation 106 [1/1] (0.00ns)   --->   "%cipher_addr_8 = getelementptr [768 x i8]* @cipher, i64 0, i64 %tmp_2_8" [source/AESfunctions.cpp:8]
ST_12 : Operation 107 [2/2] (3.25ns)   --->   "%cipher_load_8 = load i8* %cipher_addr_8, align 1" [source/AESfunctions.cpp:8]   --->   Core 48 'ROM_nP' <Latency = 1> <II = 1> <Delay = 3.25> <Storage> <Opcode : 'load'> <Ports = 0> <Width = 8> <Depth = 768> <ROM>
ST_12 : Operation 108 [1/1] (0.00ns)   --->   "%tmp_2_9 = zext i8 %state_load_9 to i64" [source/AESfunctions.cpp:8]
ST_12 : Operation 109 [1/1] (0.00ns)   --->   "%cipher_addr_9 = getelementptr [768 x i8]* @cipher, i64 0, i64 %tmp_2_9" [source/AESfunctions.cpp:8]
ST_12 : Operation 110 [2/2] (3.25ns)   --->   "%cipher_load_9 = load i8* %cipher_addr_9, align 1" [source/AESfunctions.cpp:8]   --->   Core 48 'ROM_nP' <Latency = 1> <II = 1> <Delay = 3.25> <Storage> <Opcode : 'load'> <Ports = 0> <Width = 8> <Depth = 768> <ROM>

 <State 13> : 5.58ns
ST_13 : Operation 111 [1/2] (3.25ns)   --->   "%cipher_load_8 = load i8* %cipher_addr_8, align 1" [source/AESfunctions.cpp:8]   --->   Core 48 'ROM_nP' <Latency = 1> <II = 1> <Delay = 3.25> <Storage> <Opcode : 'load'> <Ports = 0> <Width = 8> <Depth = 768> <ROM>
ST_13 : Operation 112 [1/1] (2.32ns)   --->   "store i8 %cipher_load_8, i8* %state_addr_8, align 1" [source/AESfunctions.cpp:8]   --->   Core 37 'RAM' <Latency = 1> <II = 1> <Delay = 2.32> <Storage> <Opcode : 'load' 'store'> <Ports = 2> <Width = 8> <Depth = 16> <RAM>
ST_13 : Operation 113 [1/2] (3.25ns)   --->   "%cipher_load_9 = load i8* %cipher_addr_9, align 1" [source/AESfunctions.cpp:8]   --->   Core 48 'ROM_nP' <Latency = 1> <II = 1> <Delay = 3.25> <Storage> <Opcode : 'load'> <Ports = 0> <Width = 8> <Depth = 768> <ROM>
ST_13 : Operation 114 [1/1] (2.32ns)   --->   "store i8 %cipher_load_9, i8* %state_addr_9, align 1" [source/AESfunctions.cpp:8]   --->   Core 37 'RAM' <Latency = 1> <II = 1> <Delay = 2.32> <Storage> <Opcode : 'load' 'store'> <Ports = 2> <Width = 8> <Depth = 16> <RAM>
ST_13 : Operation 115 [1/1] (0.00ns)   --->   "%tmp_2_s = zext i8 %state_load_10 to i64" [source/AESfunctions.cpp:8]
ST_13 : Operation 116 [1/1] (0.00ns)   --->   "%cipher_addr_10 = getelementptr [768 x i8]* @cipher, i64 0, i64 %tmp_2_s" [source/AESfunctions.cpp:8]
ST_13 : Operation 117 [2/2] (3.25ns)   --->   "%cipher_load_10 = load i8* %cipher_addr_10, align 1" [source/AESfunctions.cpp:8]   --->   Core 48 'ROM_nP' <Latency = 1> <II = 1> <Delay = 3.25> <Storage> <Opcode : 'load'> <Ports = 0> <Width = 8> <Depth = 768> <ROM>
ST_13 : Operation 118 [1/1] (0.00ns)   --->   "%tmp_2_10 = zext i8 %state_load_11 to i64" [source/AESfunctions.cpp:8]
ST_13 : Operation 119 [1/1] (0.00ns)   --->   "%cipher_addr_11 = getelementptr [768 x i8]* @cipher, i64 0, i64 %tmp_2_10" [source/AESfunctions.cpp:8]
ST_13 : Operation 120 [2/2] (3.25ns)   --->   "%cipher_load_11 = load i8* %cipher_addr_11, align 1" [source/AESfunctions.cpp:8]   --->   Core 48 'ROM_nP' <Latency = 1> <II = 1> <Delay = 3.25> <Storage> <Opcode : 'load'> <Ports = 0> <Width = 8> <Depth = 768> <ROM>

 <State 14> : 5.58ns
ST_14 : Operation 121 [1/2] (3.25ns)   --->   "%cipher_load_10 = load i8* %cipher_addr_10, align 1" [source/AESfunctions.cpp:8]   --->   Core 48 'ROM_nP' <Latency = 1> <II = 1> <Delay = 3.25> <Storage> <Opcode : 'load'> <Ports = 0> <Width = 8> <Depth = 768> <ROM>
ST_14 : Operation 122 [1/1] (2.32ns)   --->   "store i8 %cipher_load_10, i8* %state_addr_10, align 1" [source/AESfunctions.cpp:8]   --->   Core 37 'RAM' <Latency = 1> <II = 1> <Delay = 2.32> <Storage> <Opcode : 'load' 'store'> <Ports = 2> <Width = 8> <Depth = 16> <RAM>
ST_14 : Operation 123 [1/2] (3.25ns)   --->   "%cipher_load_11 = load i8* %cipher_addr_11, align 1" [source/AESfunctions.cpp:8]   --->   Core 48 'ROM_nP' <Latency = 1> <II = 1> <Delay = 3.25> <Storage> <Opcode : 'load'> <Ports = 0> <Width = 8> <Depth = 768> <ROM>
ST_14 : Operation 124 [1/1] (2.32ns)   --->   "store i8 %cipher_load_11, i8* %state_addr_11, align 1" [source/AESfunctions.cpp:8]   --->   Core 37 'RAM' <Latency = 1> <II = 1> <Delay = 2.32> <Storage> <Opcode : 'load' 'store'> <Ports = 2> <Width = 8> <Depth = 16> <RAM>
ST_14 : Operation 125 [1/1] (0.00ns)   --->   "%tmp_2_11 = zext i8 %state_load_12 to i64" [source/AESfunctions.cpp:8]
ST_14 : Operation 126 [1/1] (0.00ns)   --->   "%cipher_addr_12 = getelementptr [768 x i8]* @cipher, i64 0, i64 %tmp_2_11" [source/AESfunctions.cpp:8]
ST_14 : Operation 127 [2/2] (3.25ns)   --->   "%cipher_load_12 = load i8* %cipher_addr_12, align 1" [source/AESfunctions.cpp:8]   --->   Core 48 'ROM_nP' <Latency = 1> <II = 1> <Delay = 3.25> <Storage> <Opcode : 'load'> <Ports = 0> <Width = 8> <Depth = 768> <ROM>
ST_14 : Operation 128 [1/1] (0.00ns)   --->   "%tmp_2_12 = zext i8 %state_load_13 to i64" [source/AESfunctions.cpp:8]
ST_14 : Operation 129 [1/1] (0.00ns)   --->   "%cipher_addr_13 = getelementptr [768 x i8]* @cipher, i64 0, i64 %tmp_2_12" [source/AESfunctions.cpp:8]
ST_14 : Operation 130 [2/2] (3.25ns)   --->   "%cipher_load_13 = load i8* %cipher_addr_13, align 1" [source/AESfunctions.cpp:8]   --->   Core 48 'ROM_nP' <Latency = 1> <II = 1> <Delay = 3.25> <Storage> <Opcode : 'load'> <Ports = 0> <Width = 8> <Depth = 768> <ROM>

 <State 15> : 5.58ns
ST_15 : Operation 131 [1/2] (3.25ns)   --->   "%cipher_load_12 = load i8* %cipher_addr_12, align 1" [source/AESfunctions.cpp:8]   --->   Core 48 'ROM_nP' <Latency = 1> <II = 1> <Delay = 3.25> <Storage> <Opcode : 'load'> <Ports = 0> <Width = 8> <Depth = 768> <ROM>
ST_15 : Operation 132 [1/1] (2.32ns)   --->   "store i8 %cipher_load_12, i8* %state_addr_12, align 1" [source/AESfunctions.cpp:8]   --->   Core 37 'RAM' <Latency = 1> <II = 1> <Delay = 2.32> <Storage> <Opcode : 'load' 'store'> <Ports = 2> <Width = 8> <Depth = 16> <RAM>
ST_15 : Operation 133 [1/2] (3.25ns)   --->   "%cipher_load_13 = load i8* %cipher_addr_13, align 1" [source/AESfunctions.cpp:8]   --->   Core 48 'ROM_nP' <Latency = 1> <II = 1> <Delay = 3.25> <Storage> <Opcode : 'load'> <Ports = 0> <Width = 8> <Depth = 768> <ROM>
ST_15 : Operation 134 [1/1] (2.32ns)   --->   "store i8 %cipher_load_13, i8* %state_addr_13, align 1" [source/AESfunctions.cpp:8]   --->   Core 37 'RAM' <Latency = 1> <II = 1> <Delay = 2.32> <Storage> <Opcode : 'load' 'store'> <Ports = 2> <Width = 8> <Depth = 16> <RAM>
ST_15 : Operation 135 [1/1] (0.00ns)   --->   "%tmp_2_13 = zext i8 %state_load_14 to i64" [source/AESfunctions.cpp:8]
ST_15 : Operation 136 [1/1] (0.00ns)   --->   "%cipher_addr_14 = getelementptr [768 x i8]* @cipher, i64 0, i64 %tmp_2_13" [source/AESfunctions.cpp:8]
ST_15 : Operation 137 [2/2] (3.25ns)   --->   "%cipher_load_14 = load i8* %cipher_addr_14, align 1" [source/AESfunctions.cpp:8]   --->   Core 48 'ROM_nP' <Latency = 1> <II = 1> <Delay = 3.25> <Storage> <Opcode : 'load'> <Ports = 0> <Width = 8> <Depth = 768> <ROM>
ST_15 : Operation 138 [1/1] (0.00ns)   --->   "%tmp_2_14 = zext i8 %state_load_15 to i64" [source/AESfunctions.cpp:8]
ST_15 : Operation 139 [1/1] (0.00ns)   --->   "%cipher_addr_15 = getelementptr [768 x i8]* @cipher, i64 0, i64 %tmp_2_14" [source/AESfunctions.cpp:8]
ST_15 : Operation 140 [2/2] (3.25ns)   --->   "%cipher_load_15 = load i8* %cipher_addr_15, align 1" [source/AESfunctions.cpp:8]   --->   Core 48 'ROM_nP' <Latency = 1> <II = 1> <Delay = 3.25> <Storage> <Opcode : 'load'> <Ports = 0> <Width = 8> <Depth = 768> <ROM>

 <State 16> : 5.58ns
ST_16 : Operation 141 [1/2] (3.25ns)   --->   "%cipher_load_14 = load i8* %cipher_addr_14, align 1" [source/AESfunctions.cpp:8]   --->   Core 48 'ROM_nP' <Latency = 1> <II = 1> <Delay = 3.25> <Storage> <Opcode : 'load'> <Ports = 0> <Width = 8> <Depth = 768> <ROM>
ST_16 : Operation 142 [1/1] (2.32ns)   --->   "store i8 %cipher_load_14, i8* %state_addr_14, align 1" [source/AESfunctions.cpp:8]   --->   Core 37 'RAM' <Latency = 1> <II = 1> <Delay = 2.32> <Storage> <Opcode : 'load' 'store'> <Ports = 2> <Width = 8> <Depth = 16> <RAM>
ST_16 : Operation 143 [1/2] (3.25ns)   --->   "%cipher_load_15 = load i8* %cipher_addr_15, align 1" [source/AESfunctions.cpp:8]   --->   Core 48 'ROM_nP' <Latency = 1> <II = 1> <Delay = 3.25> <Storage> <Opcode : 'load'> <Ports = 0> <Width = 8> <Depth = 768> <ROM>
ST_16 : Operation 144 [1/1] (2.32ns)   --->   "store i8 %cipher_load_15, i8* %state_addr_15, align 1" [source/AESfunctions.cpp:8]   --->   Core 37 'RAM' <Latency = 1> <II = 1> <Delay = 2.32> <Storage> <Opcode : 'load' 'store'> <Ports = 2> <Width = 8> <Depth = 16> <RAM>
ST_16 : Operation 145 [1/1] (0.00ns)   --->   "ret void" [source/AESfunctions.cpp:10]


============================================================
+ Verbose Summary: Timing violations
============================================================
Target clock period: 10ns, clock uncertainty: 0ns.

 <State 1>: 2.32ns
The critical path consists of the following:
	'getelementptr' operation ('state_addr', source/AESfunctions.cpp:8) [3]  (0 ns)
	'load' operation ('state_load', source/AESfunctions.cpp:8) on array 'state' [4]  (2.32 ns)

 <State 2>: 2.32ns
The critical path consists of the following:
	'load' operation ('state_load', source/AESfunctions.cpp:8) on array 'state' [4]  (2.32 ns)

 <State 3>: 2.32ns
The critical path consists of the following:
	'load' operation ('state_load_2', source/AESfunctions.cpp:8) on array 'state' [16]  (2.32 ns)

 <State 4>: 2.32ns
The critical path consists of the following:
	'load' operation ('state_load_4', source/AESfunctions.cpp:8) on array 'state' [28]  (2.32 ns)

 <State 5>: 2.32ns
The critical path consists of the following:
	'load' operation ('state_load_6', source/AESfunctions.cpp:8) on array 'state' [40]  (2.32 ns)

 <State 6>: 2.32ns
The critical path consists of the following:
	'load' operation ('state_load_8', source/AESfunctions.cpp:8) on array 'state' [52]  (2.32 ns)

 <State 7>: 2.32ns
The critical path consists of the following:
	'load' operation ('state_load_10', source/AESfunctions.cpp:8) on array 'state' [64]  (2.32 ns)

 <State 8>: 3.25ns
The critical path consists of the following:
	'getelementptr' operation ('cipher_addr', source/AESfunctions.cpp:8) [6]  (0 ns)
	'load' operation ('cipher_load', source/AESfunctions.cpp:8) on array 'cipher' [7]  (3.25 ns)

 <State 9>: 5.58ns
The critical path consists of the following:
	'load' operation ('cipher_load', source/AESfunctions.cpp:8) on array 'cipher' [7]  (3.25 ns)
	'store' operation (source/AESfunctions.cpp:8) of variable 'cipher_load', source/AESfunctions.cpp:8 on array 'state' [8]  (2.32 ns)

 <State 10>: 5.58ns
The critical path consists of the following:
	'load' operation ('cipher_load_2', source/AESfunctions.cpp:8) on array 'cipher' [19]  (3.25 ns)
	'store' operation (source/AESfunctions.cpp:8) of variable 'cipher_load_2', source/AESfunctions.cpp:8 on array 'state' [20]  (2.32 ns)

 <State 11>: 5.58ns
The critical path consists of the following:
	'load' operation ('cipher_load_4', source/AESfunctions.cpp:8) on array 'cipher' [31]  (3.25 ns)
	'store' operation (source/AESfunctions.cpp:8) of variable 'cipher_load_4', source/AESfunctions.cpp:8 on array 'state' [32]  (2.32 ns)

 <State 12>: 5.58ns
The critical path consists of the following:
	'load' operation ('cipher_load_6', source/AESfunctions.cpp:8) on array 'cipher' [43]  (3.25 ns)
	'store' operation (source/AESfunctions.cpp:8) of variable 'cipher_load_6', source/AESfunctions.cpp:8 on array 'state' [44]  (2.32 ns)

 <State 13>: 5.58ns
The critical path consists of the following:
	'load' operation ('cipher_load_8', source/AESfunctions.cpp:8) on array 'cipher' [55]  (3.25 ns)
	'store' operation (source/AESfunctions.cpp:8) of variable 'cipher_load_8', source/AESfunctions.cpp:8 on array 'state' [56]  (2.32 ns)

 <State 14>: 5.58ns
The critical path consists of the following:
	'load' operation ('cipher_load_10', source/AESfunctions.cpp:8) on array 'cipher' [67]  (3.25 ns)
	'store' operation (source/AESfunctions.cpp:8) of variable 'cipher_load_10', source/AESfunctions.cpp:8 on array 'state' [68]  (2.32 ns)

 <State 15>: 5.58ns
The critical path consists of the following:
	'load' operation ('cipher_load_12', source/AESfunctions.cpp:8) on array 'cipher' [79]  (3.25 ns)
	'store' operation (source/AESfunctions.cpp:8) of variable 'cipher_load_12', source/AESfunctions.cpp:8 on array 'state' [80]  (2.32 ns)

 <State 16>: 5.58ns
The critical path consists of the following:
	'load' operation ('cipher_load_14', source/AESfunctions.cpp:8) on array 'cipher' [91]  (3.25 ns)
	'store' operation (source/AESfunctions.cpp:8) of variable 'cipher_load_14', source/AESfunctions.cpp:8 on array 'state' [92]  (2.32 ns)


============================================================
+ Verbose Summary: Binding
============================================================
N/A
* FSMD analyzer results:
  - Output states:
 - Input state : 
  - Chain level:
	State 1
	State 2
	State 3
	State 4
	State 5
	State 6
	State 7
	State 8
	State 9
	State 10
	State 11
	State 12
	State 13
	State 14
	State 15
	State 16


============================================================
+ Verbose Summary: Datapath Resource usage 
============================================================
N/A
