

================================================================
== Vivado HLS Report for 'InvShiftRows'
================================================================
* Date:           Wed Feb  7 17:52:11 2018

* Version:        2017.4 (Build 2086221 on Fri Dec 15 21:13:33 MST 2017)
* Project:        inverse_cipher
* Solution:       aes_inverse_cipher
* Product family: zynq
* Target device:  xc7z020clg400-1


================================================================
== Performance Estimates
================================================================
+ Timing (ns): 
    * Summary: 
    +--------+-------+----------+------------+
    |  Clock | Target| Estimated| Uncertainty|
    +--------+-------+----------+------------+
    |ap_clk  |  10.00|      4.64|        0.00|
    +--------+-------+----------+------------+

+ Latency (clock cycles): 
    * Summary: 
    +-----+-----+-----+-----+---------+
    |  Latency  |  Interval | Pipeline|
    | min | max | min | max |   Type  |
    +-----+-----+-----+-----+---------+
    |   41|   41|   41|   41|   none  |
    +-----+-----+-----+-----+---------+

    + Detail: 
        * Instance: 
        N/A

        * Loop: 
        +----------+-----+-----+----------+-----------+-----------+------+----------+
        |          |  Latency  | Iteration|  Initiation Interval  | Trip |          |
        | Loop Name| min | max |  Latency |  achieved |   target  | Count| Pipelined|
        +----------+-----+-----+----------+-----------+-----------+------+----------+
        |- Loop 1  |   32|   32|         2|          -|          -|    16|    no    |
        +----------+-----+-----+----------+-----------+-----------+------+----------+



================================================================
== Utilization Estimates
================================================================
* Summary: 
+-----------------+---------+-------+--------+-------+
|       Name      | BRAM_18K| DSP48E|   FF   |  LUT  |
+-----------------+---------+-------+--------+-------+
|DSP              |        -|      -|       -|      -|
|Expression       |        -|      -|       0|     26|
|FIFO             |        -|      -|       -|      -|
|Instance         |        -|      -|       -|      -|
|Memory           |        1|      -|       0|      0|
|Multiplexer      |        -|      -|       -|    244|
|Register         |        -|      -|      26|      -|
+-----------------+---------+-------+--------+-------+
|Total            |        1|      0|      26|    270|
+-----------------+---------+-------+--------+-------+
|Available        |      280|    220|  106400|  53200|
+-----------------+---------+-------+--------+-------+
|Utilization (%)  |    ~0   |      0|   ~0   |   ~0  |
+-----------------+---------+-------+--------+-------+

+ Detail: 
    * Instance: 
    N/A

    * DSP48: 
    N/A

    * Memory: 
    +-------------+----------------------+---------+---+----+------+-----+------+-------------+
    |    Memory   |        Module        | BRAM_18K| FF| LUT| Words| Bits| Banks| W*Bits*Banks|
    +-------------+----------------------+---------+---+----+------+-----+------+-------------+
    |tmp_state_U  |InvShiftRows_tmp_bkb  |        1|  0|   0|    16|    8|     1|          128|
    +-------------+----------------------+---------+---+----+------+-----+------+-------------+
    |Total        |                      |        1|  0|   0|    16|    8|     1|          128|
    +-------------+----------------------+---------+---+----+------+-----+------+-------------+

    * FIFO: 
    N/A

    * Expression: 
    +---------------+----------+-------+---+----+------------+------------+
    | Variable Name | Operation| DSP48E| FF| LUT| Bitwidth P0| Bitwidth P1|
    +---------------+----------+-------+---+----+------------+------------+
    |i_1_fu_369_p2  |     +    |      0|  0|  15|           5|           1|
    |tmp_fu_363_p2  |   icmp   |      0|  0|  11|           5|           6|
    +---------------+----------+-------+---+----+------------+------------+
    |Total          |          |      0|  0|  26|          10|           7|
    +---------------+----------+-------+---+----+------------+------------+

    * Multiplexer: 
    +--------------------+----+-----------+-----+-----------+
    |        Name        | LUT| Input Size| Bits| Total Bits|
    +--------------------+----+-----------+-----+-----------+
    |ap_NS_fsm           |  53|         12|    1|         12|
    |i_reg_352           |   9|          2|    5|         10|
    |state_address0      |  47|         10|    4|         40|
    |state_address1      |  44|          9|    4|         36|
    |tmp_state_address0  |  47|         10|    4|         40|
    |tmp_state_address1  |  44|          9|    4|         36|
    +--------------------+----+-----------+-----+-----------+
    |Total               | 244|         52|   22|        174|
    +--------------------+----+-----------+-----+-----------+

    * Register: 
    +---------------+----+----+-----+-----------+
    |      Name     | FF | LUT| Bits| Const Bits|
    +---------------+----+----+-----+-----------+
    |ap_CS_fsm      |  11|   0|   11|          0|
    |i_1_reg_463    |   5|   0|    5|          0|
    |i_reg_352      |   5|   0|    5|          0|
    |tmp_4_reg_468  |   5|   0|   64|         59|
    +---------------+----+----+-----+-----------+
    |Total          |  26|   0|   85|         59|
    +---------------+----+----+-----+-----------+



================================================================
== Interface
================================================================
* Summary: 
+----------------+-----+-----+------------+--------------+--------------+
|    RTL Ports   | Dir | Bits|  Protocol  | Source Object|    C Type    |
+----------------+-----+-----+------------+--------------+--------------+
|ap_clk          |  in |    1| ap_ctrl_hs | InvShiftRows | return value |
|ap_rst          |  in |    1| ap_ctrl_hs | InvShiftRows | return value |
|ap_start        |  in |    1| ap_ctrl_hs | InvShiftRows | return value |
|ap_done         | out |    1| ap_ctrl_hs | InvShiftRows | return value |
|ap_idle         | out |    1| ap_ctrl_hs | InvShiftRows | return value |
|ap_ready        | out |    1| ap_ctrl_hs | InvShiftRows | return value |
|state_address0  | out |    4|  ap_memory |     state    |     array    |
|state_ce0       | out |    1|  ap_memory |     state    |     array    |
|state_we0       | out |    1|  ap_memory |     state    |     array    |
|state_d0        | out |    8|  ap_memory |     state    |     array    |
|state_q0        |  in |    8|  ap_memory |     state    |     array    |
|state_address1  | out |    4|  ap_memory |     state    |     array    |
|state_ce1       | out |    1|  ap_memory |     state    |     array    |
|state_q1        |  in |    8|  ap_memory |     state    |     array    |
+----------------+-----+-----+------------+--------------+--------------+

============================================================
+ Verbose Summary: Synthesis Manager
============================================================
InlineROM: 1
ExposeGlobal: 0
============================================================
+ Verbose Summary: CDFG Model
============================================================
IsTopModel: 0
ResetActiveHigh: 1
IsCombinational: 2
IsDatapathOnly: 2
HasWiredReturn: 1
HasMFsm: 0
HasVarLatency: 1
IsPipeline: 0
IsRtlPipelined: 0
IsInstanceOverlapped: 0
IsDontTouch: 0
HasImplIP: 0
IsGatedGlobalClock: 0


============================================================
+ Verbose Summary: Schedule
============================================================
* Number of FSM states : 11
* Pipeline : 0
* Dataflow Pipeline: 0

* FSM state transitions: 
1 --> 
	2  / true
2 --> 
	3  / true
3 --> 
	4  / true
4 --> 
	5  / true
5 --> 
	6  / true
6 --> 
	7  / true
7 --> 
	8  / true
8 --> 
	9  / true
9 --> 
	10  / true
10 --> 
	11  / (!tmp)
11 --> 
	10  / true

* FSM state operations: 

 <State 1> : 2.32ns
ST_1 : Operation 12 [1/1] (0.00ns)   --->   "%state_addr = getelementptr [16 x i8]* %state, i64 0, i64 0"
ST_1 : Operation 13 [1/1] (2.32ns)   --->   "%tmp_state = alloca [16 x i8], align 16" [source/AESfunctions.cpp:49]   --->   Core 37 'RAM' <Latency = 1> <II = 1> <Delay = 2.32> <Storage> <Opcode : 'load' 'store'> <Ports = 2> <Width = 8> <Depth = 16> <RAM>
ST_1 : Operation 14 [2/2] (2.32ns)   --->   "%state_load = load i8* %state_addr, align 1" [source/AESfunctions.cpp:50]   --->   Core 37 'RAM' <Latency = 1> <II = 1> <Delay = 2.32> <Storage> <Opcode : 'load' 'store'> <Ports = 2> <Width = 8> <Depth = 16> <RAM>
ST_1 : Operation 15 [1/1] (0.00ns)   --->   "%state_addr_17 = getelementptr [16 x i8]* %state, i64 0, i64 13" [source/AESfunctions.cpp:51]
ST_1 : Operation 16 [2/2] (2.32ns)   --->   "%state_load_1 = load i8* %state_addr_17, align 1" [source/AESfunctions.cpp:51]   --->   Core 37 'RAM' <Latency = 1> <II = 1> <Delay = 2.32> <Storage> <Opcode : 'load' 'store'> <Ports = 2> <Width = 8> <Depth = 16> <RAM>

 <State 2> : 4.64ns
ST_2 : Operation 17 [1/2] (2.32ns)   --->   "%state_load = load i8* %state_addr, align 1" [source/AESfunctions.cpp:50]   --->   Core 37 'RAM' <Latency = 1> <II = 1> <Delay = 2.32> <Storage> <Opcode : 'load' 'store'> <Ports = 2> <Width = 8> <Depth = 16> <RAM>
ST_2 : Operation 18 [1/1] (0.00ns)   --->   "%tmp_state_addr = getelementptr inbounds [16 x i8]* %tmp_state, i64 0, i64 0" [source/AESfunctions.cpp:50]
ST_2 : Operation 19 [1/1] (2.32ns)   --->   "store i8 %state_load, i8* %tmp_state_addr, align 16" [source/AESfunctions.cpp:50]   --->   Core 37 'RAM' <Latency = 1> <II = 1> <Delay = 2.32> <Storage> <Opcode : 'load' 'store'> <Ports = 2> <Width = 8> <Depth = 16> <RAM>
ST_2 : Operation 20 [1/2] (2.32ns)   --->   "%state_load_1 = load i8* %state_addr_17, align 1" [source/AESfunctions.cpp:51]   --->   Core 37 'RAM' <Latency = 1> <II = 1> <Delay = 2.32> <Storage> <Opcode : 'load' 'store'> <Ports = 2> <Width = 8> <Depth = 16> <RAM>
ST_2 : Operation 21 [1/1] (0.00ns)   --->   "%tmp_state_addr_1 = getelementptr inbounds [16 x i8]* %tmp_state, i64 0, i64 1" [source/AESfunctions.cpp:51]
ST_2 : Operation 22 [1/1] (2.32ns)   --->   "store i8 %state_load_1, i8* %tmp_state_addr_1, align 1" [source/AESfunctions.cpp:51]   --->   Core 37 'RAM' <Latency = 1> <II = 1> <Delay = 2.32> <Storage> <Opcode : 'load' 'store'> <Ports = 2> <Width = 8> <Depth = 16> <RAM>
ST_2 : Operation 23 [1/1] (0.00ns)   --->   "%state_addr_16 = getelementptr [16 x i8]* %state, i64 0, i64 10" [source/AESfunctions.cpp:52]
ST_2 : Operation 24 [2/2] (2.32ns)   --->   "%state_load_2 = load i8* %state_addr_16, align 1" [source/AESfunctions.cpp:52]   --->   Core 37 'RAM' <Latency = 1> <II = 1> <Delay = 2.32> <Storage> <Opcode : 'load' 'store'> <Ports = 2> <Width = 8> <Depth = 16> <RAM>
ST_2 : Operation 25 [1/1] (0.00ns)   --->   "%state_addr_18 = getelementptr [16 x i8]* %state, i64 0, i64 7" [source/AESfunctions.cpp:53]
ST_2 : Operation 26 [2/2] (2.32ns)   --->   "%state_load_3 = load i8* %state_addr_18, align 1" [source/AESfunctions.cpp:53]   --->   Core 37 'RAM' <Latency = 1> <II = 1> <Delay = 2.32> <Storage> <Opcode : 'load' 'store'> <Ports = 2> <Width = 8> <Depth = 16> <RAM>

 <State 3> : 4.64ns
ST_3 : Operation 27 [1/2] (2.32ns)   --->   "%state_load_2 = load i8* %state_addr_16, align 1" [source/AESfunctions.cpp:52]   --->   Core 37 'RAM' <Latency = 1> <II = 1> <Delay = 2.32> <Storage> <Opcode : 'load' 'store'> <Ports = 2> <Width = 8> <Depth = 16> <RAM>
ST_3 : Operation 28 [1/1] (0.00ns)   --->   "%tmp_state_addr_2 = getelementptr inbounds [16 x i8]* %tmp_state, i64 0, i64 2" [source/AESfunctions.cpp:52]
ST_3 : Operation 29 [1/1] (2.32ns)   --->   "store i8 %state_load_2, i8* %tmp_state_addr_2, align 2" [source/AESfunctions.cpp:52]   --->   Core 37 'RAM' <Latency = 1> <II = 1> <Delay = 2.32> <Storage> <Opcode : 'load' 'store'> <Ports = 2> <Width = 8> <Depth = 16> <RAM>
ST_3 : Operation 30 [1/2] (2.32ns)   --->   "%state_load_3 = load i8* %state_addr_18, align 1" [source/AESfunctions.cpp:53]   --->   Core 37 'RAM' <Latency = 1> <II = 1> <Delay = 2.32> <Storage> <Opcode : 'load' 'store'> <Ports = 2> <Width = 8> <Depth = 16> <RAM>
ST_3 : Operation 31 [1/1] (0.00ns)   --->   "%tmp_state_addr_3 = getelementptr inbounds [16 x i8]* %tmp_state, i64 0, i64 3" [source/AESfunctions.cpp:53]
ST_3 : Operation 32 [1/1] (2.32ns)   --->   "store i8 %state_load_3, i8* %tmp_state_addr_3, align 1" [source/AESfunctions.cpp:53]   --->   Core 37 'RAM' <Latency = 1> <II = 1> <Delay = 2.32> <Storage> <Opcode : 'load' 'store'> <Ports = 2> <Width = 8> <Depth = 16> <RAM>
ST_3 : Operation 33 [1/1] (0.00ns)   --->   "%state_addr_19 = getelementptr [16 x i8]* %state, i64 0, i64 4" [source/AESfunctions.cpp:55]
ST_3 : Operation 34 [2/2] (2.32ns)   --->   "%state_load_4 = load i8* %state_addr_19, align 1" [source/AESfunctions.cpp:55]   --->   Core 37 'RAM' <Latency = 1> <II = 1> <Delay = 2.32> <Storage> <Opcode : 'load' 'store'> <Ports = 2> <Width = 8> <Depth = 16> <RAM>
ST_3 : Operation 35 [1/1] (0.00ns)   --->   "%state_addr_20 = getelementptr [16 x i8]* %state, i64 0, i64 1" [source/AESfunctions.cpp:56]
ST_3 : Operation 36 [2/2] (2.32ns)   --->   "%state_load_5 = load i8* %state_addr_20, align 1" [source/AESfunctions.cpp:56]   --->   Core 37 'RAM' <Latency = 1> <II = 1> <Delay = 2.32> <Storage> <Opcode : 'load' 'store'> <Ports = 2> <Width = 8> <Depth = 16> <RAM>

 <State 4> : 4.64ns
ST_4 : Operation 37 [1/2] (2.32ns)   --->   "%state_load_4 = load i8* %state_addr_19, align 1" [source/AESfunctions.cpp:55]   --->   Core 37 'RAM' <Latency = 1> <II = 1> <Delay = 2.32> <Storage> <Opcode : 'load' 'store'> <Ports = 2> <Width = 8> <Depth = 16> <RAM>
ST_4 : Operation 38 [1/1] (0.00ns)   --->   "%tmp_state_addr_4 = getelementptr inbounds [16 x i8]* %tmp_state, i64 0, i64 4" [source/AESfunctions.cpp:55]
ST_4 : Operation 39 [1/1] (2.32ns)   --->   "store i8 %state_load_4, i8* %tmp_state_addr_4, align 4" [source/AESfunctions.cpp:55]   --->   Core 37 'RAM' <Latency = 1> <II = 1> <Delay = 2.32> <Storage> <Opcode : 'load' 'store'> <Ports = 2> <Width = 8> <Depth = 16> <RAM>
ST_4 : Operation 40 [1/2] (2.32ns)   --->   "%state_load_5 = load i8* %state_addr_20, align 1" [source/AESfunctions.cpp:56]   --->   Core 37 'RAM' <Latency = 1> <II = 1> <Delay = 2.32> <Storage> <Opcode : 'load' 'store'> <Ports = 2> <Width = 8> <Depth = 16> <RAM>
ST_4 : Operation 41 [1/1] (0.00ns)   --->   "%tmp_state_addr_5 = getelementptr inbounds [16 x i8]* %tmp_state, i64 0, i64 5" [source/AESfunctions.cpp:56]
ST_4 : Operation 42 [1/1] (2.32ns)   --->   "store i8 %state_load_5, i8* %tmp_state_addr_5, align 1" [source/AESfunctions.cpp:56]   --->   Core 37 'RAM' <Latency = 1> <II = 1> <Delay = 2.32> <Storage> <Opcode : 'load' 'store'> <Ports = 2> <Width = 8> <Depth = 16> <RAM>
ST_4 : Operation 43 [1/1] (0.00ns)   --->   "%state_addr_21 = getelementptr [16 x i8]* %state, i64 0, i64 14" [source/AESfunctions.cpp:57]
ST_4 : Operation 44 [2/2] (2.32ns)   --->   "%state_load_6 = load i8* %state_addr_21, align 1" [source/AESfunctions.cpp:57]   --->   Core 37 'RAM' <Latency = 1> <II = 1> <Delay = 2.32> <Storage> <Opcode : 'load' 'store'> <Ports = 2> <Width = 8> <Depth = 16> <RAM>
ST_4 : Operation 45 [1/1] (0.00ns)   --->   "%state_addr_22 = getelementptr [16 x i8]* %state, i64 0, i64 11" [source/AESfunctions.cpp:58]
ST_4 : Operation 46 [2/2] (2.32ns)   --->   "%state_load_7 = load i8* %state_addr_22, align 1" [source/AESfunctions.cpp:58]   --->   Core 37 'RAM' <Latency = 1> <II = 1> <Delay = 2.32> <Storage> <Opcode : 'load' 'store'> <Ports = 2> <Width = 8> <Depth = 16> <RAM>

 <State 5> : 4.64ns
ST_5 : Operation 47 [1/2] (2.32ns)   --->   "%state_load_6 = load i8* %state_addr_21, align 1" [source/AESfunctions.cpp:57]   --->   Core 37 'RAM' <Latency = 1> <II = 1> <Delay = 2.32> <Storage> <Opcode : 'load' 'store'> <Ports = 2> <Width = 8> <Depth = 16> <RAM>
ST_5 : Operation 48 [1/1] (0.00ns)   --->   "%tmp_state_addr_6 = getelementptr inbounds [16 x i8]* %tmp_state, i64 0, i64 6" [source/AESfunctions.cpp:57]
ST_5 : Operation 49 [1/1] (2.32ns)   --->   "store i8 %state_load_6, i8* %tmp_state_addr_6, align 2" [source/AESfunctions.cpp:57]   --->   Core 37 'RAM' <Latency = 1> <II = 1> <Delay = 2.32> <Storage> <Opcode : 'load' 'store'> <Ports = 2> <Width = 8> <Depth = 16> <RAM>
ST_5 : Operation 50 [1/2] (2.32ns)   --->   "%state_load_7 = load i8* %state_addr_22, align 1" [source/AESfunctions.cpp:58]   --->   Core 37 'RAM' <Latency = 1> <II = 1> <Delay = 2.32> <Storage> <Opcode : 'load' 'store'> <Ports = 2> <Width = 8> <Depth = 16> <RAM>
ST_5 : Operation 51 [1/1] (0.00ns)   --->   "%tmp_state_addr_7 = getelementptr inbounds [16 x i8]* %tmp_state, i64 0, i64 7" [source/AESfunctions.cpp:58]
ST_5 : Operation 52 [1/1] (2.32ns)   --->   "store i8 %state_load_7, i8* %tmp_state_addr_7, align 1" [source/AESfunctions.cpp:58]   --->   Core 37 'RAM' <Latency = 1> <II = 1> <Delay = 2.32> <Storage> <Opcode : 'load' 'store'> <Ports = 2> <Width = 8> <Depth = 16> <RAM>
ST_5 : Operation 53 [1/1] (0.00ns)   --->   "%state_addr_23 = getelementptr [16 x i8]* %state, i64 0, i64 8" [source/AESfunctions.cpp:60]
ST_5 : Operation 54 [2/2] (2.32ns)   --->   "%state_load_8 = load i8* %state_addr_23, align 1" [source/AESfunctions.cpp:60]   --->   Core 37 'RAM' <Latency = 1> <II = 1> <Delay = 2.32> <Storage> <Opcode : 'load' 'store'> <Ports = 2> <Width = 8> <Depth = 16> <RAM>
ST_5 : Operation 55 [1/1] (0.00ns)   --->   "%state_addr_24 = getelementptr [16 x i8]* %state, i64 0, i64 5" [source/AESfunctions.cpp:61]
ST_5 : Operation 56 [2/2] (2.32ns)   --->   "%state_load_9 = load i8* %state_addr_24, align 1" [source/AESfunctions.cpp:61]   --->   Core 37 'RAM' <Latency = 1> <II = 1> <Delay = 2.32> <Storage> <Opcode : 'load' 'store'> <Ports = 2> <Width = 8> <Depth = 16> <RAM>

 <State 6> : 4.64ns
ST_6 : Operation 57 [1/2] (2.32ns)   --->   "%state_load_8 = load i8* %state_addr_23, align 1" [source/AESfunctions.cpp:60]   --->   Core 37 'RAM' <Latency = 1> <II = 1> <Delay = 2.32> <Storage> <Opcode : 'load' 'store'> <Ports = 2> <Width = 8> <Depth = 16> <RAM>
ST_6 : Operation 58 [1/1] (0.00ns)   --->   "%tmp_state_addr_8 = getelementptr inbounds [16 x i8]* %tmp_state, i64 0, i64 8" [source/AESfunctions.cpp:60]
ST_6 : Operation 59 [1/1] (2.32ns)   --->   "store i8 %state_load_8, i8* %tmp_state_addr_8, align 8" [source/AESfunctions.cpp:60]   --->   Core 37 'RAM' <Latency = 1> <II = 1> <Delay = 2.32> <Storage> <Opcode : 'load' 'store'> <Ports = 2> <Width = 8> <Depth = 16> <RAM>
ST_6 : Operation 60 [1/2] (2.32ns)   --->   "%state_load_9 = load i8* %state_addr_24, align 1" [source/AESfunctions.cpp:61]   --->   Core 37 'RAM' <Latency = 1> <II = 1> <Delay = 2.32> <Storage> <Opcode : 'load' 'store'> <Ports = 2> <Width = 8> <Depth = 16> <RAM>
ST_6 : Operation 61 [1/1] (0.00ns)   --->   "%tmp_state_addr_9 = getelementptr inbounds [16 x i8]* %tmp_state, i64 0, i64 9" [source/AESfunctions.cpp:61]
ST_6 : Operation 62 [1/1] (2.32ns)   --->   "store i8 %state_load_9, i8* %tmp_state_addr_9, align 1" [source/AESfunctions.cpp:61]   --->   Core 37 'RAM' <Latency = 1> <II = 1> <Delay = 2.32> <Storage> <Opcode : 'load' 'store'> <Ports = 2> <Width = 8> <Depth = 16> <RAM>
ST_6 : Operation 63 [1/1] (0.00ns)   --->   "%state_addr_25 = getelementptr [16 x i8]* %state, i64 0, i64 2" [source/AESfunctions.cpp:62]
ST_6 : Operation 64 [2/2] (2.32ns)   --->   "%state_load_10 = load i8* %state_addr_25, align 1" [source/AESfunctions.cpp:62]   --->   Core 37 'RAM' <Latency = 1> <II = 1> <Delay = 2.32> <Storage> <Opcode : 'load' 'store'> <Ports = 2> <Width = 8> <Depth = 16> <RAM>
ST_6 : Operation 65 [1/1] (0.00ns)   --->   "%state_addr_26 = getelementptr [16 x i8]* %state, i64 0, i64 15" [source/AESfunctions.cpp:63]
ST_6 : Operation 66 [2/2] (2.32ns)   --->   "%state_load_11 = load i8* %state_addr_26, align 1" [source/AESfunctions.cpp:63]   --->   Core 37 'RAM' <Latency = 1> <II = 1> <Delay = 2.32> <Storage> <Opcode : 'load' 'store'> <Ports = 2> <Width = 8> <Depth = 16> <RAM>

 <State 7> : 4.64ns
ST_7 : Operation 67 [1/2] (2.32ns)   --->   "%state_load_10 = load i8* %state_addr_25, align 1" [source/AESfunctions.cpp:62]   --->   Core 37 'RAM' <Latency = 1> <II = 1> <Delay = 2.32> <Storage> <Opcode : 'load' 'store'> <Ports = 2> <Width = 8> <Depth = 16> <RAM>
ST_7 : Operation 68 [1/1] (0.00ns)   --->   "%tmp_state_addr_10 = getelementptr inbounds [16 x i8]* %tmp_state, i64 0, i64 10" [source/AESfunctions.cpp:62]
ST_7 : Operation 69 [1/1] (2.32ns)   --->   "store i8 %state_load_10, i8* %tmp_state_addr_10, align 2" [source/AESfunctions.cpp:62]   --->   Core 37 'RAM' <Latency = 1> <II = 1> <Delay = 2.32> <Storage> <Opcode : 'load' 'store'> <Ports = 2> <Width = 8> <Depth = 16> <RAM>
ST_7 : Operation 70 [1/2] (2.32ns)   --->   "%state_load_11 = load i8* %state_addr_26, align 1" [source/AESfunctions.cpp:63]   --->   Core 37 'RAM' <Latency = 1> <II = 1> <Delay = 2.32> <Storage> <Opcode : 'load' 'store'> <Ports = 2> <Width = 8> <Depth = 16> <RAM>
ST_7 : Operation 71 [1/1] (0.00ns)   --->   "%tmp_state_addr_11 = getelementptr inbounds [16 x i8]* %tmp_state, i64 0, i64 11" [source/AESfunctions.cpp:63]
ST_7 : Operation 72 [1/1] (2.32ns)   --->   "store i8 %state_load_11, i8* %tmp_state_addr_11, align 1" [source/AESfunctions.cpp:63]   --->   Core 37 'RAM' <Latency = 1> <II = 1> <Delay = 2.32> <Storage> <Opcode : 'load' 'store'> <Ports = 2> <Width = 8> <Depth = 16> <RAM>
ST_7 : Operation 73 [1/1] (0.00ns)   --->   "%state_addr_27 = getelementptr [16 x i8]* %state, i64 0, i64 12" [source/AESfunctions.cpp:65]
ST_7 : Operation 74 [2/2] (2.32ns)   --->   "%state_load_12 = load i8* %state_addr_27, align 1" [source/AESfunctions.cpp:65]   --->   Core 37 'RAM' <Latency = 1> <II = 1> <Delay = 2.32> <Storage> <Opcode : 'load' 'store'> <Ports = 2> <Width = 8> <Depth = 16> <RAM>
ST_7 : Operation 75 [1/1] (0.00ns)   --->   "%state_addr_28 = getelementptr [16 x i8]* %state, i64 0, i64 9" [source/AESfunctions.cpp:66]
ST_7 : Operation 76 [2/2] (2.32ns)   --->   "%state_load_13 = load i8* %state_addr_28, align 1" [source/AESfunctions.cpp:66]   --->   Core 37 'RAM' <Latency = 1> <II = 1> <Delay = 2.32> <Storage> <Opcode : 'load' 'store'> <Ports = 2> <Width = 8> <Depth = 16> <RAM>

 <State 8> : 4.64ns
ST_8 : Operation 77 [1/2] (2.32ns)   --->   "%state_load_12 = load i8* %state_addr_27, align 1" [source/AESfunctions.cpp:65]   --->   Core 37 'RAM' <Latency = 1> <II = 1> <Delay = 2.32> <Storage> <Opcode : 'load' 'store'> <Ports = 2> <Width = 8> <Depth = 16> <RAM>
ST_8 : Operation 78 [1/1] (0.00ns)   --->   "%tmp_state_addr_12 = getelementptr inbounds [16 x i8]* %tmp_state, i64 0, i64 12" [source/AESfunctions.cpp:65]
ST_8 : Operation 79 [1/1] (2.32ns)   --->   "store i8 %state_load_12, i8* %tmp_state_addr_12, align 4" [source/AESfunctions.cpp:65]   --->   Core 37 'RAM' <Latency = 1> <II = 1> <Delay = 2.32> <Storage> <Opcode : 'load' 'store'> <Ports = 2> <Width = 8> <Depth = 16> <RAM>
ST_8 : Operation 80 [1/2] (2.32ns)   --->   "%state_load_13 = load i8* %state_addr_28, align 1" [source/AESfunctions.cpp:66]   --->   Core 37 'RAM' <Latency = 1> <II = 1> <Delay = 2.32> <Storage> <Opcode : 'load' 'store'> <Ports = 2> <Width = 8> <Depth = 16> <RAM>
ST_8 : Operation 81 [1/1] (0.00ns)   --->   "%tmp_state_addr_13 = getelementptr inbounds [16 x i8]* %tmp_state, i64 0, i64 13" [source/AESfunctions.cpp:66]
ST_8 : Operation 82 [1/1] (2.32ns)   --->   "store i8 %state_load_13, i8* %tmp_state_addr_13, align 1" [source/AESfunctions.cpp:66]   --->   Core 37 'RAM' <Latency = 1> <II = 1> <Delay = 2.32> <Storage> <Opcode : 'load' 'store'> <Ports = 2> <Width = 8> <Depth = 16> <RAM>
ST_8 : Operation 83 [1/1] (0.00ns)   --->   "%state_addr_29 = getelementptr [16 x i8]* %state, i64 0, i64 6" [source/AESfunctions.cpp:67]
ST_8 : Operation 84 [2/2] (2.32ns)   --->   "%state_load_14 = load i8* %state_addr_29, align 1" [source/AESfunctions.cpp:67]   --->   Core 37 'RAM' <Latency = 1> <II = 1> <Delay = 2.32> <Storage> <Opcode : 'load' 'store'> <Ports = 2> <Width = 8> <Depth = 16> <RAM>
ST_8 : Operation 85 [1/1] (0.00ns)   --->   "%state_addr_30 = getelementptr [16 x i8]* %state, i64 0, i64 3" [source/AESfunctions.cpp:68]
ST_8 : Operation 86 [2/2] (2.32ns)   --->   "%state_load_15 = load i8* %state_addr_30, align 1" [source/AESfunctions.cpp:68]   --->   Core 37 'RAM' <Latency = 1> <II = 1> <Delay = 2.32> <Storage> <Opcode : 'load' 'store'> <Ports = 2> <Width = 8> <Depth = 16> <RAM>

 <State 9> : 4.64ns
ST_9 : Operation 87 [1/2] (2.32ns)   --->   "%state_load_14 = load i8* %state_addr_29, align 1" [source/AESfunctions.cpp:67]   --->   Core 37 'RAM' <Latency = 1> <II = 1> <Delay = 2.32> <Storage> <Opcode : 'load' 'store'> <Ports = 2> <Width = 8> <Depth = 16> <RAM>
ST_9 : Operation 88 [1/1] (0.00ns)   --->   "%tmp_state_addr_14 = getelementptr inbounds [16 x i8]* %tmp_state, i64 0, i64 14" [source/AESfunctions.cpp:67]
ST_9 : Operation 89 [1/1] (2.32ns)   --->   "store i8 %state_load_14, i8* %tmp_state_addr_14, align 2" [source/AESfunctions.cpp:67]   --->   Core 37 'RAM' <Latency = 1> <II = 1> <Delay = 2.32> <Storage> <Opcode : 'load' 'store'> <Ports = 2> <Width = 8> <Depth = 16> <RAM>
ST_9 : Operation 90 [1/2] (2.32ns)   --->   "%state_load_15 = load i8* %state_addr_30, align 1" [source/AESfunctions.cpp:68]   --->   Core 37 'RAM' <Latency = 1> <II = 1> <Delay = 2.32> <Storage> <Opcode : 'load' 'store'> <Ports = 2> <Width = 8> <Depth = 16> <RAM>
ST_9 : Operation 91 [1/1] (0.00ns)   --->   "%tmp_state_addr_15 = getelementptr inbounds [16 x i8]* %tmp_state, i64 0, i64 15" [source/AESfunctions.cpp:68]
ST_9 : Operation 92 [1/1] (2.32ns)   --->   "store i8 %state_load_15, i8* %tmp_state_addr_15, align 1" [source/AESfunctions.cpp:68]   --->   Core 37 'RAM' <Latency = 1> <II = 1> <Delay = 2.32> <Storage> <Opcode : 'load' 'store'> <Ports = 2> <Width = 8> <Depth = 16> <RAM>
ST_9 : Operation 93 [1/1] (1.76ns)   --->   "br label %1" [source/AESfunctions.cpp:69]

 <State 10> : 2.32ns
ST_10 : Operation 94 [1/1] (0.00ns)   --->   "%i = phi i5 [ 0, %0 ], [ %i_1, %2 ]"
ST_10 : Operation 95 [1/1] (1.36ns)   --->   "%tmp = icmp eq i5 %i, -16" [source/AESfunctions.cpp:69]   --->   Core 25 'Cmp' <Latency = 0> <II = 1> <Delay = 1.42> <FuncUnit> <Opcode : 'icmp'> <InPorts = 2> <OutPorts = 1>
ST_10 : Operation 96 [1/1] (0.00ns)   --->   "%empty = call i32 (...)* @_ssdm_op_SpecLoopTripCount(i64 16, i64 16, i64 16)"
ST_10 : Operation 97 [1/1] (1.78ns)   --->   "%i_1 = add i5 %i, 1" [source/AESfunctions.cpp:69]   --->   Core 14 'AddSub' <Latency = 0> <II = 1> <Delay = 1.78> <FuncUnit> <Opcode : 'add' 'sub'> <InPorts = 2> <OutPorts = 1>
ST_10 : Operation 98 [1/1] (0.00ns)   --->   "br i1 %tmp, label %3, label %2" [source/AESfunctions.cpp:69]
ST_10 : Operation 99 [1/1] (0.00ns)   --->   "%tmp_4 = zext i5 %i to i64" [source/AESfunctions.cpp:70]
ST_10 : Operation 100 [1/1] (0.00ns)   --->   "%tmp_state_addr_16 = getelementptr inbounds [16 x i8]* %tmp_state, i64 0, i64 %tmp_4" [source/AESfunctions.cpp:70]
ST_10 : Operation 101 [2/2] (2.32ns)   --->   "%tmp_state_load = load i8* %tmp_state_addr_16, align 1" [source/AESfunctions.cpp:70]   --->   Core 37 'RAM' <Latency = 1> <II = 1> <Delay = 2.32> <Storage> <Opcode : 'load' 'store'> <Ports = 2> <Width = 8> <Depth = 16> <RAM>
ST_10 : Operation 102 [1/1] (0.00ns)   --->   "ret void" [source/AESfunctions.cpp:72]

 <State 11> : 4.64ns
ST_11 : Operation 103 [1/2] (2.32ns)   --->   "%tmp_state_load = load i8* %tmp_state_addr_16, align 1" [source/AESfunctions.cpp:70]   --->   Core 37 'RAM' <Latency = 1> <II = 1> <Delay = 2.32> <Storage> <Opcode : 'load' 'store'> <Ports = 2> <Width = 8> <Depth = 16> <RAM>
ST_11 : Operation 104 [1/1] (0.00ns)   --->   "%state_addr_31 = getelementptr [16 x i8]* %state, i64 0, i64 %tmp_4" [source/AESfunctions.cpp:70]
ST_11 : Operation 105 [1/1] (2.32ns)   --->   "store i8 %tmp_state_load, i8* %state_addr_31, align 1" [source/AESfunctions.cpp:70]   --->   Core 37 'RAM' <Latency = 1> <II = 1> <Delay = 2.32> <Storage> <Opcode : 'load' 'store'> <Ports = 2> <Width = 8> <Depth = 16> <RAM>
ST_11 : Operation 106 [1/1] (0.00ns)   --->   "br label %1" [source/AESfunctions.cpp:69]


============================================================
+ Verbose Summary: Binding
============================================================
STG Binding: 
---------------- STG Properties BEGIN ----------------
- Is combinational: 0
- Is one-state seq: 0
- Is datapath-only: 0
- Is pipelined: 0
- Is top level: 0
Port [ Return ] is wired: 1; IO mode=ap_ctrl_hs:ce=0
Port [ state]:  wired=1; compound=1; hidden=0; nouse=0; global=0; static=0; extern=0; dir=2; type=1; pingpong=0; private_global=0; MemPort=[21]; IO mode=ap_memory:ce=0
---------------- STG Properties END ------------------

---------------- Datapath Model BEGIN ----------------

<LifeTime>
<method=bitvector/>
state_addr        (getelementptr    ) [ 001000000000]
tmp_state         (alloca           ) [ 001111111111]
state_addr_17     (getelementptr    ) [ 001000000000]
state_load        (load             ) [ 000000000000]
tmp_state_addr    (getelementptr    ) [ 000000000000]
StgValue_19       (store            ) [ 000000000000]
state_load_1      (load             ) [ 000000000000]
tmp_state_addr_1  (getelementptr    ) [ 000000000000]
StgValue_22       (store            ) [ 000000000000]
state_addr_16     (getelementptr    ) [ 000100000000]
state_addr_18     (getelementptr    ) [ 000100000000]
state_load_2      (load             ) [ 000000000000]
tmp_state_addr_2  (getelementptr    ) [ 000000000000]
StgValue_29       (store            ) [ 000000000000]
state_load_3      (load             ) [ 000000000000]
tmp_state_addr_3  (getelementptr    ) [ 000000000000]
StgValue_32       (store            ) [ 000000000000]
state_addr_19     (getelementptr    ) [ 000010000000]
state_addr_20     (getelementptr    ) [ 000010000000]
state_load_4      (load             ) [ 000000000000]
tmp_state_addr_4  (getelementptr    ) [ 000000000000]
StgValue_39       (store            ) [ 000000000000]
state_load_5      (load             ) [ 000000000000]
tmp_state_addr_5  (getelementptr    ) [ 000000000000]
StgValue_42       (store            ) [ 000000000000]
state_addr_21     (getelementptr    ) [ 000001000000]
state_addr_22     (getelementptr    ) [ 000001000000]
state_load_6      (load             ) [ 000000000000]
tmp_state_addr_6  (getelementptr    ) [ 000000000000]
StgValue_49       (store            ) [ 000000000000]
state_load_7      (load             ) [ 000000000000]
tmp_state_addr_7  (getelementptr    ) [ 000000000000]
StgValue_52       (store            ) [ 000000000000]
state_addr_23     (getelementptr    ) [ 000000100000]
state_addr_24     (getelementptr    ) [ 000000100000]
state_load_8      (load             ) [ 000000000000]
tmp_state_addr_8  (getelementptr    ) [ 000000000000]
StgValue_59       (store            ) [ 000000000000]
state_load_9      (load             ) [ 000000000000]
tmp_state_addr_9  (getelementptr    ) [ 000000000000]
StgValue_62       (store            ) [ 000000000000]
state_addr_25     (getelementptr    ) [ 000000010000]
state_addr_26     (getelementptr    ) [ 000000010000]
state_load_10     (load             ) [ 000000000000]
tmp_state_addr_10 (getelementptr    ) [ 000000000000]
StgValue_69       (store            ) [ 000000000000]
state_load_11     (load             ) [ 000000000000]
tmp_state_addr_11 (getelementptr    ) [ 000000000000]
StgValue_72       (store            ) [ 000000000000]
state_addr_27     (getelementptr    ) [ 000000001000]
state_addr_28     (getelementptr    ) [ 000000001000]
state_load_12     (load             ) [ 000000000000]
tmp_state_addr_12 (getelementptr    ) [ 000000000000]
StgValue_79       (store            ) [ 000000000000]
state_load_13     (load             ) [ 000000000000]
tmp_state_addr_13 (getelementptr    ) [ 000000000000]
StgValue_82       (store            ) [ 000000000000]
state_addr_29     (getelementptr    ) [ 000000000100]
state_addr_30     (getelementptr    ) [ 000000000100]
state_load_14     (load             ) [ 000000000000]
tmp_state_addr_14 (getelementptr    ) [ 000000000000]
StgValue_89       (store            ) [ 000000000000]
state_load_15     (load             ) [ 000000000000]
tmp_state_addr_15 (getelementptr    ) [ 000000000000]
StgValue_92       (store            ) [ 000000000000]
StgValue_93       (br               ) [ 000000000111]
i                 (phi              ) [ 000000000010]
tmp               (icmp             ) [ 000000000011]
empty             (speclooptripcount) [ 000000000000]
i_1               (add              ) [ 000000000111]
StgValue_98       (br               ) [ 000000000000]
tmp_4             (zext             ) [ 000000000001]
tmp_state_addr_16 (getelementptr    ) [ 000000000001]
StgValue_102      (ret              ) [ 000000000000]
tmp_state_load    (load             ) [ 000000000000]
state_addr_31     (getelementptr    ) [ 000000000000]
StgValue_105      (store            ) [ 000000000000]
StgValue_106      (br               ) [ 000000000111]
</LifeTime>

<model>

<comp_list>
<comp id="0" class="1000" name="state">
<pin_list>
<pin id="1" dir="1" index="0" bw="1" slack="0"/>
</pin_list>
<bind>
<StgValue><ssdm name="state"/><MemPortTyVec>2 1 </MemPortTyVec>
</StgValue>
</bind>
</comp>

<comp id="2" class="1001" name="const_2">
<pin_list>
<pin id="3" dir="1" index="0" bw="1" slack="0"/>
</pin_list>
<bind>
<StgValue><ssdm name=""/></StgValue>
</bind>
</comp>

<comp id="4" class="1001" name="const_4">
<pin_list>
<pin id="5" dir="1" index="0" bw="1" slack="0"/>
</pin_list>
<bind>
<StgValue><ssdm name=""/></StgValue>
</bind>
</comp>

<comp id="6" class="1001" name="const_6">
<pin_list>
<pin id="7" dir="1" index="0" bw="1" slack="0"/>
</pin_list>
<bind>
<StgValue><ssdm name=""/></StgValue>
</bind>
</comp>

<comp id="8" class="1001" name="const_8">
<pin_list>
<pin id="9" dir="1" index="0" bw="1" slack="0"/>
</pin_list>
<bind>
<StgValue><ssdm name=""/></StgValue>
</bind>
</comp>

<comp id="10" class="1001" name="const_10">
<pin_list>
<pin id="11" dir="1" index="0" bw="1" slack="0"/>
</pin_list>
<bind>
<StgValue><ssdm name=""/></StgValue>
</bind>
</comp>

<comp id="12" class="1001" name="const_12">
<pin_list>
<pin id="13" dir="1" index="0" bw="1" slack="0"/>
</pin_list>
<bind>
<StgValue><ssdm name=""/></StgValue>
</bind>
</comp>

<comp id="14" class="1001" name="const_14">
<pin_list>
<pin id="15" dir="1" index="0" bw="1" slack="0"/>
</pin_list>
<bind>
<StgValue><ssdm name=""/></StgValue>
</bind>
</comp>

<comp id="16" class="1001" name="const_16">
<pin_list>
<pin id="17" dir="1" index="0" bw="1" slack="0"/>
</pin_list>
<bind>
<StgValue><ssdm name=""/></StgValue>
</bind>
</comp>

<comp id="18" class="1001" name="const_18">
<pin_list>
<pin id="19" dir="1" index="0" bw="1" slack="0"/>
</pin_list>
<bind>
<StgValue><ssdm name=""/></StgValue>
</bind>
</comp>

<comp id="20" class="1001" name="const_20">
<pin_list>
<pin id="21" dir="1" index="0" bw="1" slack="0"/>
</pin_list>
<bind>
<StgValue><ssdm name=""/></StgValue>
</bind>
</comp>

<comp id="22" class="1001" name="const_22">
<pin_list>
<pin id="23" dir="1" index="0" bw="1" slack="0"/>
</pin_list>
<bind>
<StgValue><ssdm name=""/></StgValue>
</bind>
</comp>

<comp id="24" class="1001" name="const_24">
<pin_list>
<pin id="25" dir="1" index="0" bw="1" slack="0"/>
</pin_list>
<bind>
<StgValue><ssdm name=""/></StgValue>
</bind>
</comp>

<comp id="26" class="1001" name="const_26">
<pin_list>
<pin id="27" dir="1" index="0" bw="1" slack="0"/>
</pin_list>
<bind>
<StgValue><ssdm name=""/></StgValue>
</bind>
</comp>

<comp id="28" class="1001" name="const_28">
<pin_list>
<pin id="29" dir="1" index="0" bw="1" slack="0"/>
</pin_list>
<bind>
<StgValue><ssdm name=""/></StgValue>
</bind>
</comp>

<comp id="30" class="1001" name="const_30">
<pin_list>
<pin id="31" dir="1" index="0" bw="1" slack="0"/>
</pin_list>
<bind>
<StgValue><ssdm name=""/></StgValue>
</bind>
</comp>

<comp id="32" class="1001" name="const_32">
<pin_list>
<pin id="33" dir="1" index="0" bw="1" slack="0"/>
</pin_list>
<bind>
<StgValue><ssdm name=""/></StgValue>
</bind>
</comp>

<comp id="34" class="1001" name="const_34">
<pin_list>
<pin id="35" dir="1" index="0" bw="1" slack="1"/>
</pin_list>
<bind>
<StgValue><ssdm name=""/></StgValue>
</bind>
</comp>

<comp id="36" class="1001" name="const_36">
<pin_list>
<pin id="37" dir="1" index="0" bw="1" slack="0"/>
</pin_list>
<bind>
<StgValue><ssdm name=""/></StgValue>
</bind>
</comp>

<comp id="38" class="1001" name="const_38">
<pin_list>
<pin id="39" dir="1" index="0" bw="1" slack="2147483647"/>
</pin_list>
<bind>
<StgValue><ssdm name="_ssdm_op_SpecLoopTripCount"/></StgValue>
</bind>
</comp>

<comp id="40" class="1001" name="const_40">
<pin_list>
<pin id="41" dir="1" index="0" bw="1" slack="2147483647"/>
</pin_list>
<bind>
<StgValue><ssdm name=""/></StgValue>
</bind>
</comp>

<comp id="42" class="1001" name="const_42">
<pin_list>
<pin id="43" dir="1" index="0" bw="1" slack="0"/>
</pin_list>
<bind>
<StgValue><ssdm name=""/></StgValue>
</bind>
</comp>

<comp id="44" class="1004" name="tmp_state_alloca_fu_44">
<pin_list>
<pin id="45" dir="0" index="0" bw="1" slack="0"/>
<pin id="46" dir="1" index="1" bw="8" slack="2147483647"/>
</pin_list>
<bind>
<opcode="alloca(26) " fcode="alloca"/>
<opset="tmp_state/1 "/>
</bind>
</comp>

<comp id="48" class="1004" name="state_addr_gep_fu_48">
<pin_list>
<pin id="49" dir="0" index="0" bw="8" slack="0"/>
<pin id="50" dir="0" index="1" bw="1" slack="0"/>
<pin id="51" dir="0" index="2" bw="1" slack="0"/>
<pin id="52" dir="1" index="3" bw="4" slack="0"/>
</pin_list>
<bind>
<opcode="getelementptr(29) " fcode="getelementptr"/>
<opset="state_addr/1 "/>
</bind>
</comp>

<comp id="56" class="1004" name="grp_access_fu_56">
<pin_list>
<pin id="57" dir="0" index="0" bw="4" slack="0"/>
<pin id="58" dir="0" index="1" bw="8" slack="0"/>
<pin id="69" dir="0" index="3" bw="4" slack="0"/>
<pin id="70" dir="0" index="4" bw="8" slack="2147483647"/>
<pin id="59" dir="1" index="2" bw="8" slack="0"/>
<pin id="71" dir="1" index="5" bw="8" slack="0"/>
</pin_list>
<bind>
<opcode="load(27) store(28) " fcode="store"/>
<opset="state_load/1 state_load_1/1 state_load_2/2 state_load_3/2 state_load_4/3 state_load_5/3 state_load_6/4 state_load_7/4 state_load_8/5 state_load_9/5 state_load_10/6 state_load_11/6 state_load_12/7 state_load_13/7 state_load_14/8 state_load_15/8 StgValue_105/11 "/>
</bind>
</comp>

<comp id="61" class="1004" name="state_addr_17_gep_fu_61">
<pin_list>
<pin id="62" dir="0" index="0" bw="8" slack="0"/>
<pin id="63" dir="0" index="1" bw="1" slack="0"/>
<pin id="64" dir="0" index="2" bw="5" slack="0"/>
<pin id="65" dir="1" index="3" bw="4" slack="0"/>
</pin_list>
<bind>
<opcode="getelementptr(29) " fcode="getelementptr"/>
<opset="state_addr_17/1 "/>
</bind>
</comp>

<comp id="73" class="1004" name="tmp_state_addr_gep_fu_73">
<pin_list>
<pin id="74" dir="0" index="0" bw="8" slack="2147483647"/>
<pin id="75" dir="0" index="1" bw="1" slack="0"/>
<pin id="76" dir="0" index="2" bw="1" slack="0"/>
<pin id="77" dir="1" index="3" bw="4" slack="0"/>
</pin_list>
<bind>
<opcode="getelementptr(29) " fcode="getelementptr"/>
<opset="tmp_state_addr/2 "/>
</bind>
</comp>

<comp id="80" class="1004" name="grp_access_fu_80">
<pin_list>
<pin id="81" dir="0" index="0" bw="4" slack="0"/>
<pin id="82" dir="0" index="1" bw="8" slack="0"/>
<pin id="93" dir="0" index="3" bw="4" slack="0"/>
<pin id="94" dir="0" index="4" bw="8" slack="0"/>
<pin id="83" dir="1" index="2" bw="8" slack="0"/>
<pin id="95" dir="1" index="5" bw="8" slack="2147483647"/>
</pin_list>
<bind>
<opcode="load(27) store(28) " fcode="load"/>
<opset="StgValue_19/2 StgValue_22/2 StgValue_29/3 StgValue_32/3 StgValue_39/4 StgValue_42/4 StgValue_49/5 StgValue_52/5 StgValue_59/6 StgValue_62/6 StgValue_69/7 StgValue_72/7 StgValue_79/8 StgValue_82/8 StgValue_89/9 StgValue_92/9 tmp_state_load/10 "/>
</bind>
</comp>

<comp id="86" class="1004" name="tmp_state_addr_1_gep_fu_86">
<pin_list>
<pin id="87" dir="0" index="0" bw="8" slack="2147483647"/>
<pin id="88" dir="0" index="1" bw="1" slack="0"/>
<pin id="89" dir="0" index="2" bw="1" slack="0"/>
<pin id="90" dir="1" index="3" bw="4" slack="0"/>
</pin_list>
<bind>
<opcode="getelementptr(29) " fcode="getelementptr"/>
<opset="tmp_state_addr_1/2 "/>
</bind>
</comp>

<comp id="98" class="1004" name="state_addr_16_gep_fu_98">
<pin_list>
<pin id="99" dir="0" index="0" bw="8" slack="0"/>
<pin id="100" dir="0" index="1" bw="1" slack="0"/>
<pin id="101" dir="0" index="2" bw="5" slack="0"/>
<pin id="102" dir="1" index="3" bw="4" slack="0"/>
</pin_list>
<bind>
<opcode="getelementptr(29) " fcode="getelementptr"/>
<opset="state_addr_16/2 "/>
</bind>
</comp>

<comp id="107" class="1004" name="state_addr_18_gep_fu_107">
<pin_list>
<pin id="108" dir="0" index="0" bw="8" slack="0"/>
<pin id="109" dir="0" index="1" bw="1" slack="0"/>
<pin id="110" dir="0" index="2" bw="4" slack="0"/>
<pin id="111" dir="1" index="3" bw="4" slack="0"/>
</pin_list>
<bind>
<opcode="getelementptr(29) " fcode="getelementptr"/>
<opset="state_addr_18/2 "/>
</bind>
</comp>

<comp id="116" class="1004" name="tmp_state_addr_2_gep_fu_116">
<pin_list>
<pin id="117" dir="0" index="0" bw="8" slack="2147483647"/>
<pin id="118" dir="0" index="1" bw="1" slack="0"/>
<pin id="119" dir="0" index="2" bw="3" slack="0"/>
<pin id="120" dir="1" index="3" bw="4" slack="0"/>
</pin_list>
<bind>
<opcode="getelementptr(29) " fcode="getelementptr"/>
<opset="tmp_state_addr_2/3 "/>
</bind>
</comp>

<comp id="124" class="1004" name="tmp_state_addr_3_gep_fu_124">
<pin_list>
<pin id="125" dir="0" index="0" bw="8" slack="2147483647"/>
<pin id="126" dir="0" index="1" bw="1" slack="0"/>
<pin id="127" dir="0" index="2" bw="3" slack="0"/>
<pin id="128" dir="1" index="3" bw="4" slack="0"/>
</pin_list>
<bind>
<opcode="getelementptr(29) " fcode="getelementptr"/>
<opset="tmp_state_addr_3/3 "/>
</bind>
</comp>

<comp id="132" class="1004" name="state_addr_19_gep_fu_132">
<pin_list>
<pin id="133" dir="0" index="0" bw="8" slack="0"/>
<pin id="134" dir="0" index="1" bw="1" slack="0"/>
<pin id="135" dir="0" index="2" bw="4" slack="0"/>
<pin id="136" dir="1" index="3" bw="4" slack="0"/>
</pin_list>
<bind>
<opcode="getelementptr(29) " fcode="getelementptr"/>
<opset="state_addr_19/3 "/>
</bind>
</comp>

<comp id="141" class="1004" name="state_addr_20_gep_fu_141">
<pin_list>
<pin id="142" dir="0" index="0" bw="8" slack="0"/>
<pin id="143" dir="0" index="1" bw="1" slack="0"/>
<pin id="144" dir="0" index="2" bw="1" slack="0"/>
<pin id="145" dir="1" index="3" bw="4" slack="0"/>
</pin_list>
<bind>
<opcode="getelementptr(29) " fcode="getelementptr"/>
<opset="state_addr_20/3 "/>
</bind>
</comp>

<comp id="150" class="1004" name="tmp_state_addr_4_gep_fu_150">
<pin_list>
<pin id="151" dir="0" index="0" bw="8" slack="2147483647"/>
<pin id="152" dir="0" index="1" bw="1" slack="0"/>
<pin id="153" dir="0" index="2" bw="4" slack="0"/>
<pin id="154" dir="1" index="3" bw="4" slack="0"/>
</pin_list>
<bind>
<opcode="getelementptr(29) " fcode="getelementptr"/>
<opset="tmp_state_addr_4/4 "/>
</bind>
</comp>

<comp id="158" class="1004" name="tmp_state_addr_5_gep_fu_158">
<pin_list>
<pin id="159" dir="0" index="0" bw="8" slack="2147483647"/>
<pin id="160" dir="0" index="1" bw="1" slack="0"/>
<pin id="161" dir="0" index="2" bw="4" slack="0"/>
<pin id="162" dir="1" index="3" bw="4" slack="0"/>
</pin_list>
<bind>
<opcode="getelementptr(29) " fcode="getelementptr"/>
<opset="tmp_state_addr_5/4 "/>
</bind>
</comp>

<comp id="166" class="1004" name="state_addr_21_gep_fu_166">
<pin_list>
<pin id="167" dir="0" index="0" bw="8" slack="0"/>
<pin id="168" dir="0" index="1" bw="1" slack="0"/>
<pin id="169" dir="0" index="2" bw="5" slack="0"/>
<pin id="170" dir="1" index="3" bw="4" slack="0"/>
</pin_list>
<bind>
<opcode="getelementptr(29) " fcode="getelementptr"/>
<opset="state_addr_21/4 "/>
</bind>
</comp>

<comp id="175" class="1004" name="state_addr_22_gep_fu_175">
<pin_list>
<pin id="176" dir="0" index="0" bw="8" slack="0"/>
<pin id="177" dir="0" index="1" bw="1" slack="0"/>
<pin id="178" dir="0" index="2" bw="5" slack="0"/>
<pin id="179" dir="1" index="3" bw="4" slack="0"/>
</pin_list>
<bind>
<opcode="getelementptr(29) " fcode="getelementptr"/>
<opset="state_addr_22/4 "/>
</bind>
</comp>

<comp id="184" class="1004" name="tmp_state_addr_6_gep_fu_184">
<pin_list>
<pin id="185" dir="0" index="0" bw="8" slack="2147483647"/>
<pin id="186" dir="0" index="1" bw="1" slack="0"/>
<pin id="187" dir="0" index="2" bw="4" slack="0"/>
<pin id="188" dir="1" index="3" bw="4" slack="0"/>
</pin_list>
<bind>
<opcode="getelementptr(29) " fcode="getelementptr"/>
<opset="tmp_state_addr_6/5 "/>
</bind>
</comp>

<comp id="192" class="1004" name="tmp_state_addr_7_gep_fu_192">
<pin_list>
<pin id="193" dir="0" index="0" bw="8" slack="2147483647"/>
<pin id="194" dir="0" index="1" bw="1" slack="0"/>
<pin id="195" dir="0" index="2" bw="4" slack="0"/>
<pin id="196" dir="1" index="3" bw="4" slack="0"/>
</pin_list>
<bind>
<opcode="getelementptr(29) " fcode="getelementptr"/>
<opset="tmp_state_addr_7/5 "/>
</bind>
</comp>

<comp id="200" class="1004" name="state_addr_23_gep_fu_200">
<pin_list>
<pin id="201" dir="0" index="0" bw="8" slack="0"/>
<pin id="202" dir="0" index="1" bw="1" slack="0"/>
<pin id="203" dir="0" index="2" bw="5" slack="0"/>
<pin id="204" dir="1" index="3" bw="4" slack="0"/>
</pin_list>
<bind>
<opcode="getelementptr(29) " fcode="getelementptr"/>
<opset="state_addr_23/5 "/>
</bind>
</comp>

<comp id="209" class="1004" name="state_addr_24_gep_fu_209">
<pin_list>
<pin id="210" dir="0" index="0" bw="8" slack="0"/>
<pin id="211" dir="0" index="1" bw="1" slack="0"/>
<pin id="212" dir="0" index="2" bw="4" slack="0"/>
<pin id="213" dir="1" index="3" bw="4" slack="0"/>
</pin_list>
<bind>
<opcode="getelementptr(29) " fcode="getelementptr"/>
<opset="state_addr_24/5 "/>
</bind>
</comp>

<comp id="218" class="1004" name="tmp_state_addr_8_gep_fu_218">
<pin_list>
<pin id="219" dir="0" index="0" bw="8" slack="2147483647"/>
<pin id="220" dir="0" index="1" bw="1" slack="0"/>
<pin id="221" dir="0" index="2" bw="5" slack="0"/>
<pin id="222" dir="1" index="3" bw="4" slack="0"/>
</pin_list>
<bind>
<opcode="getelementptr(29) " fcode="getelementptr"/>
<opset="tmp_state_addr_8/6 "/>
</bind>
</comp>

<comp id="226" class="1004" name="tmp_state_addr_9_gep_fu_226">
<pin_list>
<pin id="227" dir="0" index="0" bw="8" slack="2147483647"/>
<pin id="228" dir="0" index="1" bw="1" slack="0"/>
<pin id="229" dir="0" index="2" bw="5" slack="0"/>
<pin id="230" dir="1" index="3" bw="4" slack="0"/>
</pin_list>
<bind>
<opcode="getelementptr(29) " fcode="getelementptr"/>
<opset="tmp_state_addr_9/6 "/>
</bind>
</comp>

<comp id="234" class="1004" name="state_addr_25_gep_fu_234">
<pin_list>
<pin id="235" dir="0" index="0" bw="8" slack="0"/>
<pin id="236" dir="0" index="1" bw="1" slack="0"/>
<pin id="237" dir="0" index="2" bw="3" slack="0"/>
<pin id="238" dir="1" index="3" bw="4" slack="0"/>
</pin_list>
<bind>
<opcode="getelementptr(29) " fcode="getelementptr"/>
<opset="state_addr_25/6 "/>
</bind>
</comp>

<comp id="243" class="1004" name="state_addr_26_gep_fu_243">
<pin_list>
<pin id="244" dir="0" index="0" bw="8" slack="0"/>
<pin id="245" dir="0" index="1" bw="1" slack="0"/>
<pin id="246" dir="0" index="2" bw="5" slack="0"/>
<pin id="247" dir="1" index="3" bw="4" slack="0"/>
</pin_list>
<bind>
<opcode="getelementptr(29) " fcode="getelementptr"/>
<opset="state_addr_26/6 "/>
</bind>
</comp>

<comp id="252" class="1004" name="tmp_state_addr_10_gep_fu_252">
<pin_list>
<pin id="253" dir="0" index="0" bw="8" slack="2147483647"/>
<pin id="254" dir="0" index="1" bw="1" slack="0"/>
<pin id="255" dir="0" index="2" bw="5" slack="0"/>
<pin id="256" dir="1" index="3" bw="4" slack="0"/>
</pin_list>
<bind>
<opcode="getelementptr(29) " fcode="getelementptr"/>
<opset="tmp_state_addr_10/7 "/>
</bind>
</comp>

<comp id="260" class="1004" name="tmp_state_addr_11_gep_fu_260">
<pin_list>
<pin id="261" dir="0" index="0" bw="8" slack="2147483647"/>
<pin id="262" dir="0" index="1" bw="1" slack="0"/>
<pin id="263" dir="0" index="2" bw="5" slack="0"/>
<pin id="264" dir="1" index="3" bw="4" slack="0"/>
</pin_list>
<bind>
<opcode="getelementptr(29) " fcode="getelementptr"/>
<opset="tmp_state_addr_11/7 "/>
</bind>
</comp>

<comp id="268" class="1004" name="state_addr_27_gep_fu_268">
<pin_list>
<pin id="269" dir="0" index="0" bw="8" slack="0"/>
<pin id="270" dir="0" index="1" bw="1" slack="0"/>
<pin id="271" dir="0" index="2" bw="5" slack="0"/>
<pin id="272" dir="1" index="3" bw="4" slack="0"/>
</pin_list>
<bind>
<opcode="getelementptr(29) " fcode="getelementptr"/>
<opset="state_addr_27/7 "/>
</bind>
</comp>

<comp id="277" class="1004" name="state_addr_28_gep_fu_277">
<pin_list>
<pin id="278" dir="0" index="0" bw="8" slack="0"/>
<pin id="279" dir="0" index="1" bw="1" slack="0"/>
<pin id="280" dir="0" index="2" bw="5" slack="0"/>
<pin id="281" dir="1" index="3" bw="4" slack="0"/>
</pin_list>
<bind>
<opcode="getelementptr(29) " fcode="getelementptr"/>
<opset="state_addr_28/7 "/>
</bind>
</comp>

<comp id="286" class="1004" name="tmp_state_addr_12_gep_fu_286">
<pin_list>
<pin id="287" dir="0" index="0" bw="8" slack="2147483647"/>
<pin id="288" dir="0" index="1" bw="1" slack="0"/>
<pin id="289" dir="0" index="2" bw="5" slack="0"/>
<pin id="290" dir="1" index="3" bw="4" slack="0"/>
</pin_list>
<bind>
<opcode="getelementptr(29) " fcode="getelementptr"/>
<opset="tmp_state_addr_12/8 "/>
</bind>
</comp>

<comp id="294" class="1004" name="tmp_state_addr_13_gep_fu_294">
<pin_list>
<pin id="295" dir="0" index="0" bw="8" slack="2147483647"/>
<pin id="296" dir="0" index="1" bw="1" slack="0"/>
<pin id="297" dir="0" index="2" bw="5" slack="0"/>
<pin id="298" dir="1" index="3" bw="4" slack="0"/>
</pin_list>
<bind>
<opcode="getelementptr(29) " fcode="getelementptr"/>
<opset="tmp_state_addr_13/8 "/>
</bind>
</comp>

<comp id="302" class="1004" name="state_addr_29_gep_fu_302">
<pin_list>
<pin id="303" dir="0" index="0" bw="8" slack="0"/>
<pin id="304" dir="0" index="1" bw="1" slack="0"/>
<pin id="305" dir="0" index="2" bw="4" slack="0"/>
<pin id="306" dir="1" index="3" bw="4" slack="0"/>
</pin_list>
<bind>
<opcode="getelementptr(29) " fcode="getelementptr"/>
<opset="state_addr_29/8 "/>
</bind>
</comp>

<comp id="311" class="1004" name="state_addr_30_gep_fu_311">
<pin_list>
<pin id="312" dir="0" index="0" bw="8" slack="0"/>
<pin id="313" dir="0" index="1" bw="1" slack="0"/>
<pin id="314" dir="0" index="2" bw="3" slack="0"/>
<pin id="315" dir="1" index="3" bw="4" slack="0"/>
</pin_list>
<bind>
<opcode="getelementptr(29) " fcode="getelementptr"/>
<opset="state_addr_30/8 "/>
</bind>
</comp>

<comp id="320" class="1004" name="tmp_state_addr_14_gep_fu_320">
<pin_list>
<pin id="321" dir="0" index="0" bw="8" slack="2147483647"/>
<pin id="322" dir="0" index="1" bw="1" slack="0"/>
<pin id="323" dir="0" index="2" bw="5" slack="0"/>
<pin id="324" dir="1" index="3" bw="4" slack="0"/>
</pin_list>
<bind>
<opcode="getelementptr(29) " fcode="getelementptr"/>
<opset="tmp_state_addr_14/9 "/>
</bind>
</comp>

<comp id="328" class="1004" name="tmp_state_addr_15_gep_fu_328">
<pin_list>
<pin id="329" dir="0" index="0" bw="8" slack="2147483647"/>
<pin id="330" dir="0" index="1" bw="1" slack="0"/>
<pin id="331" dir="0" index="2" bw="5" slack="0"/>
<pin id="332" dir="1" index="3" bw="4" slack="0"/>
</pin_list>
<bind>
<opcode="getelementptr(29) " fcode="getelementptr"/>
<opset="tmp_state_addr_15/9 "/>
</bind>
</comp>

<comp id="336" class="1004" name="tmp_state_addr_16_gep_fu_336">
<pin_list>
<pin id="337" dir="0" index="0" bw="8" slack="2147483647"/>
<pin id="338" dir="0" index="1" bw="1" slack="0"/>
<pin id="339" dir="0" index="2" bw="5" slack="0"/>
<pin id="340" dir="1" index="3" bw="4" slack="0"/>
</pin_list>
<bind>
<opcode="getelementptr(29) " fcode="getelementptr"/>
<opset="tmp_state_addr_16/10 "/>
</bind>
</comp>

<comp id="343" class="1004" name="state_addr_31_gep_fu_343">
<pin_list>
<pin id="344" dir="0" index="0" bw="8" slack="0"/>
<pin id="345" dir="0" index="1" bw="1" slack="0"/>
<pin id="346" dir="0" index="2" bw="5" slack="1"/>
<pin id="347" dir="1" index="3" bw="4" slack="0"/>
</pin_list>
<bind>
<opcode="getelementptr(29) " fcode="getelementptr"/>
<opset="state_addr_31/11 "/>
</bind>
</comp>

<comp id="352" class="1005" name="i_reg_352">
<pin_list>
<pin id="353" dir="0" index="0" bw="5" slack="1"/>
<pin id="354" dir="1" index="1" bw="5" slack="1"/>
</pin_list>
<bind>
<opset="i (phireg) "/>
</bind>
</comp>

<comp id="356" class="1004" name="i_phi_fu_356">
<pin_list>
<pin id="357" dir="0" index="0" bw="1" slack="1"/>
<pin id="358" dir="0" index="1" bw="0" slack="2147483647"/>
<pin id="359" dir="0" index="2" bw="5" slack="0"/>
<pin id="360" dir="0" index="3" bw="0" slack="2147483647"/>
<pin id="361" dir="1" index="4" bw="5" slack="0"/>
</pin_list>
<bind>
<opcode="phi(47) " fcode="phi"/>
<opset="i/10 "/>
</bind>
</comp>

<comp id="363" class="1004" name="tmp_fu_363">
<pin_list>
<pin id="364" dir="0" index="0" bw="5" slack="0"/>
<pin id="365" dir="0" index="1" bw="5" slack="0"/>
<pin id="366" dir="1" index="2" bw="1" slack="2147483647"/>
</pin_list>
<bind>
<opcode="icmp(45) " fcode="icmp"/>
<opset="tmp/10 "/>
</bind>
</comp>

<comp id="369" class="1004" name="i_1_fu_369">
<pin_list>
<pin id="370" dir="0" index="0" bw="5" slack="0"/>
<pin id="371" dir="0" index="1" bw="1" slack="0"/>
<pin id="372" dir="1" index="2" bw="5" slack="0"/>
</pin_list>
<bind>
<opcode="add(8) " fcode="add"/>
<opset="i_1/10 "/>
</bind>
</comp>

<comp id="375" class="1004" name="tmp_4_fu_375">
<pin_list>
<pin id="376" dir="0" index="0" bw="5" slack="0"/>
<pin id="377" dir="1" index="1" bw="64" slack="0"/>
</pin_list>
<bind>
<opcode="zext(34) " fcode="zext"/>
<opset="tmp_4/10 "/>
</bind>
</comp>

<comp id="380" class="1005" name="state_addr_reg_380">
<pin_list>
<pin id="381" dir="0" index="0" bw="4" slack="1"/>
<pin id="382" dir="1" index="1" bw="4" slack="1"/>
</pin_list>
<bind>
<opset="state_addr "/>
</bind>
</comp>

<comp id="385" class="1005" name="state_addr_17_reg_385">
<pin_list>
<pin id="386" dir="0" index="0" bw="4" slack="1"/>
<pin id="387" dir="1" index="1" bw="4" slack="1"/>
</pin_list>
<bind>
<opset="state_addr_17 "/>
</bind>
</comp>

<comp id="390" class="1005" name="state_addr_16_reg_390">
<pin_list>
<pin id="391" dir="0" index="0" bw="4" slack="1"/>
<pin id="392" dir="1" index="1" bw="4" slack="1"/>
</pin_list>
<bind>
<opset="state_addr_16 "/>
</bind>
</comp>

<comp id="395" class="1005" name="state_addr_18_reg_395">
<pin_list>
<pin id="396" dir="0" index="0" bw="4" slack="1"/>
<pin id="397" dir="1" index="1" bw="4" slack="1"/>
</pin_list>
<bind>
<opset="state_addr_18 "/>
</bind>
</comp>

<comp id="400" class="1005" name="state_addr_19_reg_400">
<pin_list>
<pin id="401" dir="0" index="0" bw="4" slack="1"/>
<pin id="402" dir="1" index="1" bw="4" slack="1"/>
</pin_list>
<bind>
<opset="state_addr_19 "/>
</bind>
</comp>

<comp id="405" class="1005" name="state_addr_20_reg_405">
<pin_list>
<pin id="406" dir="0" index="0" bw="4" slack="1"/>
<pin id="407" dir="1" index="1" bw="4" slack="1"/>
</pin_list>
<bind>
<opset="state_addr_20 "/>
</bind>
</comp>

<comp id="410" class="1005" name="state_addr_21_reg_410">
<pin_list>
<pin id="411" dir="0" index="0" bw="4" slack="1"/>
<pin id="412" dir="1" index="1" bw="4" slack="1"/>
</pin_list>
<bind>
<opset="state_addr_21 "/>
</bind>
</comp>

<comp id="415" class="1005" name="state_addr_22_reg_415">
<pin_list>
<pin id="416" dir="0" index="0" bw="4" slack="1"/>
<pin id="417" dir="1" index="1" bw="4" slack="1"/>
</pin_list>
<bind>
<opset="state_addr_22 "/>
</bind>
</comp>

<comp id="420" class="1005" name="state_addr_23_reg_420">
<pin_list>
<pin id="421" dir="0" index="0" bw="4" slack="1"/>
<pin id="422" dir="1" index="1" bw="4" slack="1"/>
</pin_list>
<bind>
<opset="state_addr_23 "/>
</bind>
</comp>

<comp id="425" class="1005" name="state_addr_24_reg_425">
<pin_list>
<pin id="426" dir="0" index="0" bw="4" slack="1"/>
<pin id="427" dir="1" index="1" bw="4" slack="1"/>
</pin_list>
<bind>
<opset="state_addr_24 "/>
</bind>
</comp>

<comp id="430" class="1005" name="state_addr_25_reg_430">
<pin_list>
<pin id="431" dir="0" index="0" bw="4" slack="1"/>
<pin id="432" dir="1" index="1" bw="4" slack="1"/>
</pin_list>
<bind>
<opset="state_addr_25 "/>
</bind>
</comp>

<comp id="435" class="1005" name="state_addr_26_reg_435">
<pin_list>
<pin id="436" dir="0" index="0" bw="4" slack="1"/>
<pin id="437" dir="1" index="1" bw="4" slack="1"/>
</pin_list>
<bind>
<opset="state_addr_26 "/>
</bind>
</comp>

<comp id="440" class="1005" name="state_addr_27_reg_440">
<pin_list>
<pin id="441" dir="0" index="0" bw="4" slack="1"/>
<pin id="442" dir="1" index="1" bw="4" slack="1"/>
</pin_list>
<bind>
<opset="state_addr_27 "/>
</bind>
</comp>

<comp id="445" class="1005" name="state_addr_28_reg_445">
<pin_list>
<pin id="446" dir="0" index="0" bw="4" slack="1"/>
<pin id="447" dir="1" index="1" bw="4" slack="1"/>
</pin_list>
<bind>
<opset="state_addr_28 "/>
</bind>
</comp>

<comp id="450" class="1005" name="state_addr_29_reg_450">
<pin_list>
<pin id="451" dir="0" index="0" bw="4" slack="1"/>
<pin id="452" dir="1" index="1" bw="4" slack="1"/>
</pin_list>
<bind>
<opset="state_addr_29 "/>
</bind>
</comp>

<comp id="455" class="1005" name="state_addr_30_reg_455">
<pin_list>
<pin id="456" dir="0" index="0" bw="4" slack="1"/>
<pin id="457" dir="1" index="1" bw="4" slack="1"/>
</pin_list>
<bind>
<opset="state_addr_30 "/>
</bind>
</comp>

<comp id="463" class="1005" name="i_1_reg_463">
<pin_list>
<pin id="464" dir="0" index="0" bw="5" slack="0"/>
<pin id="465" dir="1" index="1" bw="5" slack="0"/>
</pin_list>
<bind>
<opset="i_1 "/>
</bind>
</comp>

<comp id="468" class="1005" name="tmp_4_reg_468">
<pin_list>
<pin id="469" dir="0" index="0" bw="64" slack="1"/>
<pin id="470" dir="1" index="1" bw="64" slack="1"/>
</pin_list>
<bind>
<opset="tmp_4 "/>
</bind>
</comp>

<comp id="473" class="1005" name="tmp_state_addr_16_reg_473">
<pin_list>
<pin id="474" dir="0" index="0" bw="4" slack="1"/>
<pin id="475" dir="1" index="1" bw="4" slack="1"/>
</pin_list>
<bind>
<opset="tmp_state_addr_16 "/>
</bind>
</comp>

</comp_list>

<net_list>
<net id="47"><net_src comp="4" pin="0"/><net_sink comp="44" pin=0"/></net>

<net id="53"><net_src comp="0" pin="0"/><net_sink comp="48" pin=0"/></net>

<net id="54"><net_src comp="2" pin="0"/><net_sink comp="48" pin=1"/></net>

<net id="55"><net_src comp="2" pin="0"/><net_sink comp="48" pin=2"/></net>

<net id="60"><net_src comp="48" pin="3"/><net_sink comp="56" pin=0"/></net>

<net id="66"><net_src comp="0" pin="0"/><net_sink comp="61" pin=0"/></net>

<net id="67"><net_src comp="2" pin="0"/><net_sink comp="61" pin=1"/></net>

<net id="68"><net_src comp="6" pin="0"/><net_sink comp="61" pin=2"/></net>

<net id="72"><net_src comp="61" pin="3"/><net_sink comp="56" pin=3"/></net>

<net id="78"><net_src comp="2" pin="0"/><net_sink comp="73" pin=1"/></net>

<net id="79"><net_src comp="2" pin="0"/><net_sink comp="73" pin=2"/></net>

<net id="84"><net_src comp="56" pin="2"/><net_sink comp="80" pin=1"/></net>

<net id="85"><net_src comp="73" pin="3"/><net_sink comp="80" pin=0"/></net>

<net id="91"><net_src comp="2" pin="0"/><net_sink comp="86" pin=1"/></net>

<net id="92"><net_src comp="4" pin="0"/><net_sink comp="86" pin=2"/></net>

<net id="96"><net_src comp="56" pin="5"/><net_sink comp="80" pin=4"/></net>

<net id="97"><net_src comp="86" pin="3"/><net_sink comp="80" pin=3"/></net>

<net id="103"><net_src comp="0" pin="0"/><net_sink comp="98" pin=0"/></net>

<net id="104"><net_src comp="2" pin="0"/><net_sink comp="98" pin=1"/></net>

<net id="105"><net_src comp="8" pin="0"/><net_sink comp="98" pin=2"/></net>

<net id="106"><net_src comp="98" pin="3"/><net_sink comp="56" pin=0"/></net>

<net id="112"><net_src comp="0" pin="0"/><net_sink comp="107" pin=0"/></net>

<net id="113"><net_src comp="2" pin="0"/><net_sink comp="107" pin=1"/></net>

<net id="114"><net_src comp="10" pin="0"/><net_sink comp="107" pin=2"/></net>

<net id="115"><net_src comp="107" pin="3"/><net_sink comp="56" pin=3"/></net>

<net id="121"><net_src comp="2" pin="0"/><net_sink comp="116" pin=1"/></net>

<net id="122"><net_src comp="12" pin="0"/><net_sink comp="116" pin=2"/></net>

<net id="123"><net_src comp="116" pin="3"/><net_sink comp="80" pin=0"/></net>

<net id="129"><net_src comp="2" pin="0"/><net_sink comp="124" pin=1"/></net>

<net id="130"><net_src comp="14" pin="0"/><net_sink comp="124" pin=2"/></net>

<net id="131"><net_src comp="124" pin="3"/><net_sink comp="80" pin=3"/></net>

<net id="137"><net_src comp="0" pin="0"/><net_sink comp="132" pin=0"/></net>

<net id="138"><net_src comp="2" pin="0"/><net_sink comp="132" pin=1"/></net>

<net id="139"><net_src comp="16" pin="0"/><net_sink comp="132" pin=2"/></net>

<net id="140"><net_src comp="132" pin="3"/><net_sink comp="56" pin=0"/></net>

<net id="146"><net_src comp="0" pin="0"/><net_sink comp="141" pin=0"/></net>

<net id="147"><net_src comp="2" pin="0"/><net_sink comp="141" pin=1"/></net>

<net id="148"><net_src comp="4" pin="0"/><net_sink comp="141" pin=2"/></net>

<net id="149"><net_src comp="141" pin="3"/><net_sink comp="56" pin=3"/></net>

<net id="155"><net_src comp="2" pin="0"/><net_sink comp="150" pin=1"/></net>

<net id="156"><net_src comp="16" pin="0"/><net_sink comp="150" pin=2"/></net>

<net id="157"><net_src comp="150" pin="3"/><net_sink comp="80" pin=0"/></net>

<net id="163"><net_src comp="2" pin="0"/><net_sink comp="158" pin=1"/></net>

<net id="164"><net_src comp="18" pin="0"/><net_sink comp="158" pin=2"/></net>

<net id="165"><net_src comp="158" pin="3"/><net_sink comp="80" pin=3"/></net>

<net id="171"><net_src comp="0" pin="0"/><net_sink comp="166" pin=0"/></net>

<net id="172"><net_src comp="2" pin="0"/><net_sink comp="166" pin=1"/></net>

<net id="173"><net_src comp="20" pin="0"/><net_sink comp="166" pin=2"/></net>

<net id="174"><net_src comp="166" pin="3"/><net_sink comp="56" pin=0"/></net>

<net id="180"><net_src comp="0" pin="0"/><net_sink comp="175" pin=0"/></net>

<net id="181"><net_src comp="2" pin="0"/><net_sink comp="175" pin=1"/></net>

<net id="182"><net_src comp="22" pin="0"/><net_sink comp="175" pin=2"/></net>

<net id="183"><net_src comp="175" pin="3"/><net_sink comp="56" pin=3"/></net>

<net id="189"><net_src comp="2" pin="0"/><net_sink comp="184" pin=1"/></net>

<net id="190"><net_src comp="24" pin="0"/><net_sink comp="184" pin=2"/></net>

<net id="191"><net_src comp="184" pin="3"/><net_sink comp="80" pin=0"/></net>

<net id="197"><net_src comp="2" pin="0"/><net_sink comp="192" pin=1"/></net>

<net id="198"><net_src comp="10" pin="0"/><net_sink comp="192" pin=2"/></net>

<net id="199"><net_src comp="192" pin="3"/><net_sink comp="80" pin=3"/></net>

<net id="205"><net_src comp="0" pin="0"/><net_sink comp="200" pin=0"/></net>

<net id="206"><net_src comp="2" pin="0"/><net_sink comp="200" pin=1"/></net>

<net id="207"><net_src comp="26" pin="0"/><net_sink comp="200" pin=2"/></net>

<net id="208"><net_src comp="200" pin="3"/><net_sink comp="56" pin=0"/></net>

<net id="214"><net_src comp="0" pin="0"/><net_sink comp="209" pin=0"/></net>

<net id="215"><net_src comp="2" pin="0"/><net_sink comp="209" pin=1"/></net>

<net id="216"><net_src comp="18" pin="0"/><net_sink comp="209" pin=2"/></net>

<net id="217"><net_src comp="209" pin="3"/><net_sink comp="56" pin=3"/></net>

<net id="223"><net_src comp="2" pin="0"/><net_sink comp="218" pin=1"/></net>

<net id="224"><net_src comp="26" pin="0"/><net_sink comp="218" pin=2"/></net>

<net id="225"><net_src comp="218" pin="3"/><net_sink comp="80" pin=0"/></net>

<net id="231"><net_src comp="2" pin="0"/><net_sink comp="226" pin=1"/></net>

<net id="232"><net_src comp="28" pin="0"/><net_sink comp="226" pin=2"/></net>

<net id="233"><net_src comp="226" pin="3"/><net_sink comp="80" pin=3"/></net>

<net id="239"><net_src comp="0" pin="0"/><net_sink comp="234" pin=0"/></net>

<net id="240"><net_src comp="2" pin="0"/><net_sink comp="234" pin=1"/></net>

<net id="241"><net_src comp="12" pin="0"/><net_sink comp="234" pin=2"/></net>

<net id="242"><net_src comp="234" pin="3"/><net_sink comp="56" pin=0"/></net>

<net id="248"><net_src comp="0" pin="0"/><net_sink comp="243" pin=0"/></net>

<net id="249"><net_src comp="2" pin="0"/><net_sink comp="243" pin=1"/></net>

<net id="250"><net_src comp="30" pin="0"/><net_sink comp="243" pin=2"/></net>

<net id="251"><net_src comp="243" pin="3"/><net_sink comp="56" pin=3"/></net>

<net id="257"><net_src comp="2" pin="0"/><net_sink comp="252" pin=1"/></net>

<net id="258"><net_src comp="8" pin="0"/><net_sink comp="252" pin=2"/></net>

<net id="259"><net_src comp="252" pin="3"/><net_sink comp="80" pin=0"/></net>

<net id="265"><net_src comp="2" pin="0"/><net_sink comp="260" pin=1"/></net>

<net id="266"><net_src comp="22" pin="0"/><net_sink comp="260" pin=2"/></net>

<net id="267"><net_src comp="260" pin="3"/><net_sink comp="80" pin=3"/></net>

<net id="273"><net_src comp="0" pin="0"/><net_sink comp="268" pin=0"/></net>

<net id="274"><net_src comp="2" pin="0"/><net_sink comp="268" pin=1"/></net>

<net id="275"><net_src comp="32" pin="0"/><net_sink comp="268" pin=2"/></net>

<net id="276"><net_src comp="268" pin="3"/><net_sink comp="56" pin=0"/></net>

<net id="282"><net_src comp="0" pin="0"/><net_sink comp="277" pin=0"/></net>

<net id="283"><net_src comp="2" pin="0"/><net_sink comp="277" pin=1"/></net>

<net id="284"><net_src comp="28" pin="0"/><net_sink comp="277" pin=2"/></net>

<net id="285"><net_src comp="277" pin="3"/><net_sink comp="56" pin=3"/></net>

<net id="291"><net_src comp="2" pin="0"/><net_sink comp="286" pin=1"/></net>

<net id="292"><net_src comp="32" pin="0"/><net_sink comp="286" pin=2"/></net>

<net id="293"><net_src comp="286" pin="3"/><net_sink comp="80" pin=0"/></net>

<net id="299"><net_src comp="2" pin="0"/><net_sink comp="294" pin=1"/></net>

<net id="300"><net_src comp="6" pin="0"/><net_sink comp="294" pin=2"/></net>

<net id="301"><net_src comp="294" pin="3"/><net_sink comp="80" pin=3"/></net>

<net id="307"><net_src comp="0" pin="0"/><net_sink comp="302" pin=0"/></net>

<net id="308"><net_src comp="2" pin="0"/><net_sink comp="302" pin=1"/></net>

<net id="309"><net_src comp="24" pin="0"/><net_sink comp="302" pin=2"/></net>

<net id="310"><net_src comp="302" pin="3"/><net_sink comp="56" pin=0"/></net>

<net id="316"><net_src comp="0" pin="0"/><net_sink comp="311" pin=0"/></net>

<net id="317"><net_src comp="2" pin="0"/><net_sink comp="311" pin=1"/></net>

<net id="318"><net_src comp="14" pin="0"/><net_sink comp="311" pin=2"/></net>

<net id="319"><net_src comp="311" pin="3"/><net_sink comp="56" pin=3"/></net>

<net id="325"><net_src comp="2" pin="0"/><net_sink comp="320" pin=1"/></net>

<net id="326"><net_src comp="20" pin="0"/><net_sink comp="320" pin=2"/></net>

<net id="327"><net_src comp="320" pin="3"/><net_sink comp="80" pin=0"/></net>

<net id="333"><net_src comp="2" pin="0"/><net_sink comp="328" pin=1"/></net>

<net id="334"><net_src comp="30" pin="0"/><net_sink comp="328" pin=2"/></net>

<net id="335"><net_src comp="328" pin="3"/><net_sink comp="80" pin=3"/></net>

<net id="341"><net_src comp="2" pin="0"/><net_sink comp="336" pin=1"/></net>

<net id="342"><net_src comp="336" pin="3"/><net_sink comp="80" pin=0"/></net>

<net id="348"><net_src comp="0" pin="0"/><net_sink comp="343" pin=0"/></net>

<net id="349"><net_src comp="2" pin="0"/><net_sink comp="343" pin=1"/></net>

<net id="350"><net_src comp="80" pin="2"/><net_sink comp="56" pin=1"/></net>

<net id="351"><net_src comp="343" pin="3"/><net_sink comp="56" pin=0"/></net>

<net id="355"><net_src comp="34" pin="0"/><net_sink comp="352" pin=0"/></net>

<net id="362"><net_src comp="352" pin="1"/><net_sink comp="356" pin=0"/></net>

<net id="367"><net_src comp="356" pin="4"/><net_sink comp="363" pin=0"/></net>

<net id="368"><net_src comp="36" pin="0"/><net_sink comp="363" pin=1"/></net>

<net id="373"><net_src comp="356" pin="4"/><net_sink comp="369" pin=0"/></net>

<net id="374"><net_src comp="42" pin="0"/><net_sink comp="369" pin=1"/></net>

<net id="378"><net_src comp="356" pin="4"/><net_sink comp="375" pin=0"/></net>

<net id="379"><net_src comp="375" pin="1"/><net_sink comp="336" pin=2"/></net>

<net id="383"><net_src comp="48" pin="3"/><net_sink comp="380" pin=0"/></net>

<net id="384"><net_src comp="380" pin="1"/><net_sink comp="56" pin=0"/></net>

<net id="388"><net_src comp="61" pin="3"/><net_sink comp="385" pin=0"/></net>

<net id="389"><net_src comp="385" pin="1"/><net_sink comp="56" pin=3"/></net>

<net id="393"><net_src comp="98" pin="3"/><net_sink comp="390" pin=0"/></net>

<net id="394"><net_src comp="390" pin="1"/><net_sink comp="56" pin=0"/></net>

<net id="398"><net_src comp="107" pin="3"/><net_sink comp="395" pin=0"/></net>

<net id="399"><net_src comp="395" pin="1"/><net_sink comp="56" pin=3"/></net>

<net id="403"><net_src comp="132" pin="3"/><net_sink comp="400" pin=0"/></net>

<net id="404"><net_src comp="400" pin="1"/><net_sink comp="56" pin=0"/></net>

<net id="408"><net_src comp="141" pin="3"/><net_sink comp="405" pin=0"/></net>

<net id="409"><net_src comp="405" pin="1"/><net_sink comp="56" pin=3"/></net>

<net id="413"><net_src comp="166" pin="3"/><net_sink comp="410" pin=0"/></net>

<net id="414"><net_src comp="410" pin="1"/><net_sink comp="56" pin=0"/></net>

<net id="418"><net_src comp="175" pin="3"/><net_sink comp="415" pin=0"/></net>

<net id="419"><net_src comp="415" pin="1"/><net_sink comp="56" pin=3"/></net>

<net id="423"><net_src comp="200" pin="3"/><net_sink comp="420" pin=0"/></net>

<net id="424"><net_src comp="420" pin="1"/><net_sink comp="56" pin=0"/></net>

<net id="428"><net_src comp="209" pin="3"/><net_sink comp="425" pin=0"/></net>

<net id="429"><net_src comp="425" pin="1"/><net_sink comp="56" pin=3"/></net>

<net id="433"><net_src comp="234" pin="3"/><net_sink comp="430" pin=0"/></net>

<net id="434"><net_src comp="430" pin="1"/><net_sink comp="56" pin=0"/></net>

<net id="438"><net_src comp="243" pin="3"/><net_sink comp="435" pin=0"/></net>

<net id="439"><net_src comp="435" pin="1"/><net_sink comp="56" pin=3"/></net>

<net id="443"><net_src comp="268" pin="3"/><net_sink comp="440" pin=0"/></net>

<net id="444"><net_src comp="440" pin="1"/><net_sink comp="56" pin=0"/></net>

<net id="448"><net_src comp="277" pin="3"/><net_sink comp="445" pin=0"/></net>

<net id="449"><net_src comp="445" pin="1"/><net_sink comp="56" pin=3"/></net>

<net id="453"><net_src comp="302" pin="3"/><net_sink comp="450" pin=0"/></net>

<net id="454"><net_src comp="450" pin="1"/><net_sink comp="56" pin=0"/></net>

<net id="458"><net_src comp="311" pin="3"/><net_sink comp="455" pin=0"/></net>

<net id="459"><net_src comp="455" pin="1"/><net_sink comp="56" pin=3"/></net>

<net id="466"><net_src comp="369" pin="2"/><net_sink comp="463" pin=0"/></net>

<net id="467"><net_src comp="463" pin="1"/><net_sink comp="356" pin=2"/></net>

<net id="471"><net_src comp="375" pin="1"/><net_sink comp="468" pin=0"/></net>

<net id="472"><net_src comp="468" pin="1"/><net_sink comp="343" pin=2"/></net>

<net id="476"><net_src comp="336" pin="3"/><net_sink comp="473" pin=0"/></net>

<net id="477"><net_src comp="473" pin="1"/><net_sink comp="80" pin=0"/></net>

</net_list>

</model> 
---------------- Datapath Model END ------------------

* FSMD analyzer results:
  - Output states:
	Port: state | {11 }
 - Input state : 
	Port: InvShiftRows : state | {1 2 3 4 5 6 7 8 9 }
  - Chain level:
	State 1
		state_load : 1
		state_load_1 : 1
	State 2
		StgValue_19 : 1
		StgValue_22 : 1
		state_load_2 : 1
		state_load_3 : 1
	State 3
		StgValue_29 : 1
		StgValue_32 : 1
		state_load_4 : 1
		state_load_5 : 1
	State 4
		StgValue_39 : 1
		StgValue_42 : 1
		state_load_6 : 1
		state_load_7 : 1
	State 5
		StgValue_49 : 1
		StgValue_52 : 1
		state_load_8 : 1
		state_load_9 : 1
	State 6
		StgValue_59 : 1
		StgValue_62 : 1
		state_load_10 : 1
		state_load_11 : 1
	State 7
		StgValue_69 : 1
		StgValue_72 : 1
		state_load_12 : 1
		state_load_13 : 1
	State 8
		StgValue_79 : 1
		StgValue_82 : 1
		state_load_14 : 1
		state_load_15 : 1
	State 9
		StgValue_89 : 1
		StgValue_92 : 1
	State 10
		tmp : 1
		i_1 : 1
		StgValue_98 : 2
		tmp_4 : 1
		tmp_state_addr_16 : 2
		tmp_state_load : 3
	State 11
		StgValue_105 : 1


============================================================
+ Verbose Summary: Datapath Resource usage 
============================================================

* Functional unit list:
|----------|----------------|---------|---------|
| Operation| Functional Unit|    FF   |   LUT   |
|----------|----------------|---------|---------|
|    add   |   i_1_fu_369   |    0    |    15   |
|----------|----------------|---------|---------|
|   icmp   |   tmp_fu_363   |    0    |    11   |
|----------|----------------|---------|---------|
|   zext   |  tmp_4_fu_375  |    0    |    0    |
|----------|----------------|---------|---------|
|   Total  |                |    0    |    26   |
|----------|----------------|---------|---------|

Memories:
+---------+--------+--------+--------+
|         |  BRAM  |   FF   |   LUT  |
+---------+--------+--------+--------+
|tmp_state|    1   |    0   |    0   |
+---------+--------+--------+--------+
|  Total  |    1   |    0   |    0   |
+---------+--------+--------+--------+

* Register list:
+-------------------------+--------+
|                         |   FF   |
+-------------------------+--------+
|       i_1_reg_463       |    5   |
|        i_reg_352        |    5   |
|  state_addr_16_reg_390  |    4   |
|  state_addr_17_reg_385  |    4   |
|  state_addr_18_reg_395  |    4   |
|  state_addr_19_reg_400  |    4   |
|  state_addr_20_reg_405  |    4   |
|  state_addr_21_reg_410  |    4   |
|  state_addr_22_reg_415  |    4   |
|  state_addr_23_reg_420  |    4   |
|  state_addr_24_reg_425  |    4   |
|  state_addr_25_reg_430  |    4   |
|  state_addr_26_reg_435  |    4   |
|  state_addr_27_reg_440  |    4   |
|  state_addr_28_reg_445  |    4   |
|  state_addr_29_reg_450  |    4   |
|  state_addr_30_reg_455  |    4   |
|    state_addr_reg_380   |    4   |
|      tmp_4_reg_468      |   64   |
|tmp_state_addr_16_reg_473|    4   |
+-------------------------+--------+
|          Total          |   142  |
+-------------------------+--------+

* Multiplexer (MUX) list: 
|------------------|------|------|------|--------||---------||---------|
|       Comp       |  Pin | Size |  BW  | S x BW ||  Delay  ||   LUT   |
|------------------|------|------|------|--------||---------||---------|
| grp_access_fu_56 |  p0  |  17  |   4  |   68   ||    85   |
| grp_access_fu_56 |  p3  |  16  |   4  |   64   ||    65   |
| grp_access_fu_80 |  p0  |  10  |   4  |   40   ||    47   |
| grp_access_fu_80 |  p3  |   8  |   4  |   32   ||    41   |
|------------------|------|------|------|--------||---------||---------|
|       Total      |      |      |      |   204  ||  8.4837 ||   238   |
|------------------|------|------|------|--------||---------||---------|



* Summary:
+-----------+--------+--------+--------+--------+
|           |  BRAM  |  Delay |   FF   |   LUT  |
+-----------+--------+--------+--------+--------+
|  Function |    -   |    -   |    0   |   26   |
|   Memory  |    1   |    -   |    0   |    0   |
|Multiplexer|    -   |    8   |    -   |   238  |
|  Register |    -   |    -   |   142  |    -   |
+-----------+--------+--------+--------+--------+
|   Total   |    1   |    8   |   142  |   264  |
+-----------+--------+--------+--------+--------+
