
*** Running vivado
    with args -log Zynq_CPU_wrapper.vdi -applog -m64 -product Vivado -messageDb vivado.pb -mode batch -source Zynq_CPU_wrapper.tcl -notrace



****** Vivado v2021.2 (64-bit)
  **** SW Build 3367213 on Tue Oct 19 02:48:09 MDT 2021
  **** IP Build 3369179 on Thu Oct 21 08:25:16 MDT 2021
    ** Copyright 1986-2021 Xilinx, Inc. All Rights Reserved.

source Zynq_CPU_wrapper.tcl -notrace
INFO: [IP_Flow 19-234] Refreshing IP repositories
WARNING: [IP_Flow 19-2248] Failed to load user IP repository 'c:/Users/kuh4bd/Documents/FPGALab/Project_UART/ip_repo/custom_accelerator_xyz_1.0'; Can't find the specified path.
If this directory should no longer be in your list of user repositories, go to the IP Settings dialog and remove it.
INFO: [IP_Flow 19-1700] Loaded user IP repository 'c:/Users/kuh4bd/Documents/FPGALab/Project_UART/AES_HLS/aes_full/full/impl/ip'.
WARNING: [IP_Flow 19-2248] Failed to load user IP repository 'c:/Users/kuh4bd/Documents/FPGALab/Project_UART/ip_repo/rtl_multiplier_1.0'; Can't find the specified path.
If this directory should no longer be in your list of user repositories, go to the IP Settings dialog and remove it.
WARNING: [IP_Flow 19-2248] Failed to load user IP repository 'c:/Users/kuh4bd/Documents/FPGALab/Project_UART/hls_multiplier/solution1/impl/ip'; Can't find the specified path.
If this directory should no longer be in your list of user repositories, go to the IP Settings dialog and remove it.
INFO: [IP_Flow 19-2313] Loaded Vivado IP repository 'C:/Xilinx/Vivado/2021.2/data/ip'.
WARNING: [IP_Flow 19-4995] The host OS only allows 260 characters in a normal path. The IP cache path is more than 80 characters. If you experience issues with IP caching, please consider changing the IP cache to a location with a shorter path. Alternately consider using the OS subst command to map part of the path to a drive letter. 
Current IP cache path is C:/Users/kuh4bd/Documents/FPGALab/Project_UART/ZynqComputerAES/ZynqComputer.cache/ip 
Command: link_design -top Zynq_CPU_wrapper -part xc7z020clg400-1
Design is defaulting to srcset: sources_1
Design is defaulting to constrset: constrs_1
INFO: [Device 21-403] Loading part xc7z020clg400-1
INFO: [Project 1-454] Reading design checkpoint 'c:/Users/kuh4bd/Documents/FPGALab/Project_UART/ZynqComputerAES/ZynqComputer.srcs/sources_1/bd/Zynq_CPU/ip/Zynq_CPU_AES_Full_0_1/Zynq_CPU_AES_Full_0_1.dcp' for cell 'Zynq_CPU_i/AES_Full_0'
INFO: [Project 1-454] Reading design checkpoint 'c:/Users/kuh4bd/Documents/FPGALab/Project_UART/ZynqComputerAES/ZynqComputer.srcs/sources_1/bd/Zynq_CPU/ip/Zynq_CPU_axi_uartlite_0_0/Zynq_CPU_axi_uartlite_0_0.dcp' for cell 'Zynq_CPU_i/axi_uartlite_0'
INFO: [Project 1-454] Reading design checkpoint 'c:/Users/kuh4bd/Documents/FPGALab/Project_UART/ZynqComputerAES/ZynqComputer.srcs/sources_1/bd/Zynq_CPU/ip/Zynq_CPU_processing_system7_0_1/Zynq_CPU_processing_system7_0_1.dcp' for cell 'Zynq_CPU_i/processing_system7_0'
INFO: [Project 1-454] Reading design checkpoint 'c:/Users/kuh4bd/Documents/FPGALab/Project_UART/ZynqComputerAES/ZynqComputer.srcs/sources_1/bd/Zynq_CPU/ip/Zynq_CPU_rst_ps7_0_100M_0/Zynq_CPU_rst_ps7_0_100M_0.dcp' for cell 'Zynq_CPU_i/rst_ps7_0_100M'
INFO: [Project 1-454] Reading design checkpoint 'c:/Users/kuh4bd/Documents/FPGALab/Project_UART/ZynqComputerAES/ZynqComputer.srcs/sources_1/bd/Zynq_CPU/ip/Zynq_CPU_xbar_2/Zynq_CPU_xbar_2.dcp' for cell 'Zynq_CPU_i/ps7_0_axi_periph/xbar'
INFO: [Project 1-454] Reading design checkpoint 'c:/Users/kuh4bd/Documents/FPGALab/Project_UART/ZynqComputerAES/ZynqComputer.srcs/sources_1/bd/Zynq_CPU/ip/Zynq_CPU_auto_pc_1/Zynq_CPU_auto_pc_1.dcp' for cell 'Zynq_CPU_i/ps7_0_axi_periph/s00_couplers/auto_pc'
Netlist sorting complete. Time (s): cpu = 00:00:00 ; elapsed = 00:00:00.123 . Memory (MB): peak = 1441.102 ; gain = 0.000
INFO: [Netlist 29-17] Analyzing 118 Unisim elements for replacement
INFO: [Netlist 29-28] Unisim Transformation completed in 0 CPU seconds
INFO: [Project 1-479] Netlist was created with Vivado 2021.2
INFO: [Project 1-570] Preparing netlist for logic optimization
Parsing XDC File [c:/Users/kuh4bd/Documents/FPGALab/Project_UART/ZynqComputerAES/ZynqComputer.srcs/sources_1/bd/Zynq_CPU/ip/Zynq_CPU_axi_uartlite_0_0/Zynq_CPU_axi_uartlite_0_0_board.xdc] for cell 'Zynq_CPU_i/axi_uartlite_0/U0'
Finished Parsing XDC File [c:/Users/kuh4bd/Documents/FPGALab/Project_UART/ZynqComputerAES/ZynqComputer.srcs/sources_1/bd/Zynq_CPU/ip/Zynq_CPU_axi_uartlite_0_0/Zynq_CPU_axi_uartlite_0_0_board.xdc] for cell 'Zynq_CPU_i/axi_uartlite_0/U0'
Parsing XDC File [c:/Users/kuh4bd/Documents/FPGALab/Project_UART/ZynqComputerAES/ZynqComputer.srcs/sources_1/bd/Zynq_CPU/ip/Zynq_CPU_axi_uartlite_0_0/Zynq_CPU_axi_uartlite_0_0.xdc] for cell 'Zynq_CPU_i/axi_uartlite_0/U0'
Finished Parsing XDC File [c:/Users/kuh4bd/Documents/FPGALab/Project_UART/ZynqComputerAES/ZynqComputer.srcs/sources_1/bd/Zynq_CPU/ip/Zynq_CPU_axi_uartlite_0_0/Zynq_CPU_axi_uartlite_0_0.xdc] for cell 'Zynq_CPU_i/axi_uartlite_0/U0'
Parsing XDC File [c:/Users/kuh4bd/Documents/FPGALab/Project_UART/ZynqComputerAES/ZynqComputer.srcs/sources_1/bd/Zynq_CPU/ip/Zynq_CPU_processing_system7_0_1/Zynq_CPU_processing_system7_0_1.xdc] for cell 'Zynq_CPU_i/processing_system7_0/inst'
Finished Parsing XDC File [c:/Users/kuh4bd/Documents/FPGALab/Project_UART/ZynqComputerAES/ZynqComputer.srcs/sources_1/bd/Zynq_CPU/ip/Zynq_CPU_processing_system7_0_1/Zynq_CPU_processing_system7_0_1.xdc] for cell 'Zynq_CPU_i/processing_system7_0/inst'
Parsing XDC File [c:/Users/kuh4bd/Documents/FPGALab/Project_UART/ZynqComputerAES/ZynqComputer.srcs/sources_1/bd/Zynq_CPU/ip/Zynq_CPU_rst_ps7_0_100M_0/Zynq_CPU_rst_ps7_0_100M_0_board.xdc] for cell 'Zynq_CPU_i/rst_ps7_0_100M/U0'
Finished Parsing XDC File [c:/Users/kuh4bd/Documents/FPGALab/Project_UART/ZynqComputerAES/ZynqComputer.srcs/sources_1/bd/Zynq_CPU/ip/Zynq_CPU_rst_ps7_0_100M_0/Zynq_CPU_rst_ps7_0_100M_0_board.xdc] for cell 'Zynq_CPU_i/rst_ps7_0_100M/U0'
Parsing XDC File [c:/Users/kuh4bd/Documents/FPGALab/Project_UART/ZynqComputerAES/ZynqComputer.srcs/sources_1/bd/Zynq_CPU/ip/Zynq_CPU_rst_ps7_0_100M_0/Zynq_CPU_rst_ps7_0_100M_0.xdc] for cell 'Zynq_CPU_i/rst_ps7_0_100M/U0'
Finished Parsing XDC File [c:/Users/kuh4bd/Documents/FPGALab/Project_UART/ZynqComputerAES/ZynqComputer.srcs/sources_1/bd/Zynq_CPU/ip/Zynq_CPU_rst_ps7_0_100M_0/Zynq_CPU_rst_ps7_0_100M_0.xdc] for cell 'Zynq_CPU_i/rst_ps7_0_100M/U0'
Parsing XDC File [C:/Users/kuh4bd/Documents/FPGALab/Project_UART/ZynqComputerAES/ZynqComputer.srcs/constrs_1/new/constraints.xdc]
Finished Parsing XDC File [C:/Users/kuh4bd/Documents/FPGALab/Project_UART/ZynqComputerAES/ZynqComputer.srcs/constrs_1/new/constraints.xdc]
INFO: [Opt 31-138] Pushed 0 inverter(s) to 0 load pin(s).
Netlist sorting complete. Time (s): cpu = 00:00:00 ; elapsed = 00:00:00.003 . Memory (MB): peak = 1441.102 ; gain = 0.000
INFO: [Project 1-111] Unisim Transformation Summary:
  A total of 64 instances were transformed.
  RAM16X1D => RAM32X1D (RAMD32(x2)): 64 instances

16 Infos, 4 Warnings, 0 Critical Warnings and 0 Errors encountered.
link_design completed successfully
link_design: Time (s): cpu = 00:00:07 ; elapsed = 00:00:11 . Memory (MB): peak = 1441.102 ; gain = 0.000
Command: opt_design
Attempting to get a license for feature 'Implementation' and/or device 'xc7z020'
INFO: [Common 17-349] Got license for feature 'Implementation' and/or device 'xc7z020'
Running DRC as a precondition to command opt_design

Starting DRC Task
INFO: [DRC 23-27] Running DRC with 2 threads
INFO: [Project 1-461] DRC finished with 0 Errors
INFO: [Project 1-462] Please refer to the DRC report (report_drc) for more information.

Time (s): cpu = 00:00:01 ; elapsed = 00:00:00.937 . Memory (MB): peak = 1441.102 ; gain = 0.000

Starting Cache Timing Information Task
INFO: [Timing 38-35] Done setting XDC timing constraints.
Ending Cache Timing Information Task | Checksum: 195e67854

Time (s): cpu = 00:00:06 ; elapsed = 00:00:07 . Memory (MB): peak = 1717.836 ; gain = 276.734

Starting Logic Optimization Task

Phase 1 Retarget
INFO: [Opt 31-138] Pushed 0 inverter(s) to 0 load pin(s).
INFO: [Opt 31-49] Retargeted 0 cell(s).
Phase 1 Retarget | Checksum: 17b2ea3a1

Time (s): cpu = 00:00:00 ; elapsed = 00:00:00.237 . Memory (MB): peak = 2021.980 ; gain = 0.000
INFO: [Opt 31-389] Phase Retarget created 42 cells and removed 67 cells
INFO: [Opt 31-1021] In phase Retarget, 1 netlist objects are constrained preventing optimization. Please run opt_design with -debug_log to get more detail. 

Phase 2 Constant propagation
INFO: [Opt 31-138] Pushed 0 inverter(s) to 0 load pin(s).
Phase 2 Constant propagation | Checksum: 17b2ea3a1

Time (s): cpu = 00:00:00 ; elapsed = 00:00:00.269 . Memory (MB): peak = 2021.980 ; gain = 0.000
INFO: [Opt 31-389] Phase Constant propagation created 0 cells and removed 0 cells

Phase 3 Sweep
Phase 3 Sweep | Checksum: 10eb67696

Time (s): cpu = 00:00:00 ; elapsed = 00:00:00.441 . Memory (MB): peak = 2021.980 ; gain = 0.000
INFO: [Opt 31-389] Phase Sweep created 0 cells and removed 86 cells

Phase 4 BUFG optimization
Phase 4 BUFG optimization | Checksum: 10eb67696

Time (s): cpu = 00:00:00 ; elapsed = 00:00:00.514 . Memory (MB): peak = 2021.980 ; gain = 0.000
INFO: [Opt 31-662] Phase BUFG optimization created 0 cells of which 0 are BUFGs and removed 0 cells.

Phase 5 Shift Register Optimization
INFO: [Opt 31-1064] SRL Remap converted 0 SRLs to 0 registers and converted 0 registers of register chains to 0 SRLs
Phase 5 Shift Register Optimization | Checksum: 10eb67696

Time (s): cpu = 00:00:00 ; elapsed = 00:00:00.525 . Memory (MB): peak = 2021.980 ; gain = 0.000
INFO: [Opt 31-389] Phase Shift Register Optimization created 0 cells and removed 0 cells

Phase 6 Post Processing Netlist
Phase 6 Post Processing Netlist | Checksum: 10eb67696

Time (s): cpu = 00:00:00 ; elapsed = 00:00:00.545 . Memory (MB): peak = 2021.980 ; gain = 0.000
INFO: [Opt 31-389] Phase Post Processing Netlist created 0 cells and removed 0 cells
Opt_design Change Summary
=========================


-------------------------------------------------------------------------------------------------------------------------
|  Phase                        |  #Cells created  |  #Cells Removed  |  #Constrained objects preventing optimizations  |
-------------------------------------------------------------------------------------------------------------------------
|  Retarget                     |              42  |              67  |                                              1  |
|  Constant propagation         |               0  |               0  |                                              0  |
|  Sweep                        |               0  |              86  |                                              0  |
|  BUFG optimization            |               0  |               0  |                                              0  |
|  Shift Register Optimization  |               0  |               0  |                                              0  |
|  Post Processing Netlist      |               0  |               0  |                                              0  |
-------------------------------------------------------------------------------------------------------------------------



Starting Connectivity Check Task

Time (s): cpu = 00:00:00 ; elapsed = 00:00:00.008 . Memory (MB): peak = 2021.980 ; gain = 0.000
Ending Logic Optimization Task | Checksum: 204ceb42c

Time (s): cpu = 00:00:00 ; elapsed = 00:00:00.626 . Memory (MB): peak = 2021.980 ; gain = 0.000

Starting Power Optimization Task
INFO: [Pwropt 34-132] Skipping clock gating for clocks with a period < 2.00 ns.
INFO: [Timing 38-35] Done setting XDC timing constraints.
Running Vector-less Activity Propagation...
INFO: [Pwropt 34-9] Applying IDT optimizations ...
INFO: [Pwropt 34-10] Applying ODC optimizations ...

Finished Running Vector-less Activity Propagation


Starting PowerOpt Patch Enables Task
INFO: [Pwropt 34-162] WRITE_MODE attribute of 0 BRAM(s) out of a total of 11 has been updated to save power. Run report_power_opt to get a complete listing of the BRAMs updated.
INFO: [Pwropt 34-201] Structural ODC has moved 0 WE to EN ports
Number of BRAM Ports augmented: 0 newly gated: 0 Total Ports: 22
Ending PowerOpt Patch Enables Task | Checksum: 204ceb42c

Time (s): cpu = 00:00:00 ; elapsed = 00:00:00.043 . Memory (MB): peak = 2135.965 ; gain = 0.000
Ending Power Optimization Task | Checksum: 204ceb42c

Time (s): cpu = 00:00:03 ; elapsed = 00:00:02 . Memory (MB): peak = 2135.965 ; gain = 113.984

Starting Final Cleanup Task
Ending Final Cleanup Task | Checksum: 204ceb42c

Time (s): cpu = 00:00:00 ; elapsed = 00:00:00.001 . Memory (MB): peak = 2135.965 ; gain = 0.000

Starting Netlist Obfuscation Task
Netlist sorting complete. Time (s): cpu = 00:00:00 ; elapsed = 00:00:00.002 . Memory (MB): peak = 2135.965 ; gain = 0.000
Ending Netlist Obfuscation Task | Checksum: 204ceb42c

Time (s): cpu = 00:00:00 ; elapsed = 00:00:00.002 . Memory (MB): peak = 2135.965 ; gain = 0.000
INFO: [Common 17-83] Releasing license: Implementation
39 Infos, 4 Warnings, 0 Critical Warnings and 0 Errors encountered.
opt_design completed successfully
opt_design: Time (s): cpu = 00:00:13 ; elapsed = 00:00:13 . Memory (MB): peak = 2135.965 ; gain = 694.863
INFO: [Timing 38-480] Writing timing data to binary archive.
Writing placer database...
Writing XDEF routing.
Writing XDEF routing logical nets.
Writing XDEF routing special nets.
Write XDEF Complete: Time (s): cpu = 00:00:00 ; elapsed = 00:00:00.055 . Memory (MB): peak = 2135.965 ; gain = 0.000
INFO: [Common 17-1381] The checkpoint 'C:/Users/kuh4bd/Documents/FPGALab/Project_UART/ZynqComputerAES/ZynqComputer.runs/impl_1/Zynq_CPU_wrapper_opt.dcp' has been generated.
INFO: [runtcl-4] Executing : report_drc -file Zynq_CPU_wrapper_drc_opted.rpt -pb Zynq_CPU_wrapper_drc_opted.pb -rpx Zynq_CPU_wrapper_drc_opted.rpx
Command: report_drc -file Zynq_CPU_wrapper_drc_opted.rpt -pb Zynq_CPU_wrapper_drc_opted.pb -rpx Zynq_CPU_wrapper_drc_opted.rpx
INFO: [IP_Flow 19-1839] IP Catalog is up to date.
INFO: [Timing 38-35] Done setting XDC timing constraints.
INFO: [DRC 23-27] Running DRC with 2 threads
INFO: [Vivado_Tcl 2-168] The results of DRC are in file C:/Users/kuh4bd/Documents/FPGALab/Project_UART/ZynqComputerAES/ZynqComputer.runs/impl_1/Zynq_CPU_wrapper_drc_opted.rpt.
report_drc completed successfully
Command: place_design
Attempting to get a license for feature 'Implementation' and/or device 'xc7z020'
INFO: [Common 17-349] Got license for feature 'Implementation' and/or device 'xc7z020'
INFO: [DRC 23-27] Running DRC with 2 threads
INFO: [Vivado_Tcl 4-198] DRC finished with 0 Errors
INFO: [Vivado_Tcl 4-199] Please refer to the DRC report (report_drc) for more information.
Running DRC as a precondition to command place_design
INFO: [DRC 23-27] Running DRC with 2 threads
INFO: [Vivado_Tcl 4-198] DRC finished with 0 Errors
INFO: [Vivado_Tcl 4-199] Please refer to the DRC report (report_drc) for more information.

Starting Placer Task
INFO: [Place 30-611] Multithreading enabled for place_design using a maximum of 2 CPUs

Phase 1 Placer Initialization

Phase 1.1 Placer Initialization Netlist Sorting
Netlist sorting complete. Time (s): cpu = 00:00:00 ; elapsed = 00:00:00.002 . Memory (MB): peak = 2135.965 ; gain = 0.000
Phase 1.1 Placer Initialization Netlist Sorting | Checksum: 13226a690

Time (s): cpu = 00:00:00 ; elapsed = 00:00:00.009 . Memory (MB): peak = 2135.965 ; gain = 0.000
Netlist sorting complete. Time (s): cpu = 00:00:00 ; elapsed = 00:00:00.002 . Memory (MB): peak = 2135.965 ; gain = 0.000

Phase 1.2 IO Placement/ Clock Placement/ Build Placer Device
Phase 1.2 IO Placement/ Clock Placement/ Build Placer Device | Checksum: 12a21ece1

Time (s): cpu = 00:00:01 ; elapsed = 00:00:00.566 . Memory (MB): peak = 2135.965 ; gain = 0.000

Phase 1.3 Build Placer Netlist Model
Phase 1.3 Build Placer Netlist Model | Checksum: 15b144b7f

Time (s): cpu = 00:00:02 ; elapsed = 00:00:01 . Memory (MB): peak = 2135.965 ; gain = 0.000

Phase 1.4 Constrain Clocks/Macros
Phase 1.4 Constrain Clocks/Macros | Checksum: 15b144b7f

Time (s): cpu = 00:00:02 ; elapsed = 00:00:01 . Memory (MB): peak = 2135.965 ; gain = 0.000
Phase 1 Placer Initialization | Checksum: 15b144b7f

Time (s): cpu = 00:00:02 ; elapsed = 00:00:01 . Memory (MB): peak = 2135.965 ; gain = 0.000

Phase 2 Global Placement

Phase 2.1 Floorplanning
Phase 2.1 Floorplanning | Checksum: 1ec1033a9

Time (s): cpu = 00:00:02 ; elapsed = 00:00:02 . Memory (MB): peak = 2135.965 ; gain = 0.000

Phase 2.2 Update Timing before SLR Path Opt
Phase 2.2 Update Timing before SLR Path Opt | Checksum: 17e8a29da

Time (s): cpu = 00:00:02 ; elapsed = 00:00:02 . Memory (MB): peak = 2135.965 ; gain = 0.000

Phase 2.3 Post-Processing in Floorplanning
Phase 2.3 Post-Processing in Floorplanning | Checksum: 17e8a29da

Time (s): cpu = 00:00:02 ; elapsed = 00:00:02 . Memory (MB): peak = 2135.965 ; gain = 0.000

Phase 2.4 Global Placement Core

Phase 2.4.1 Physical Synthesis In Placer
INFO: [Physopt 32-1035] Found 0 LUTNM shape to break, 192 LUT instances to create LUTNM shape
INFO: [Physopt 32-1044] Break lutnm for timing: one critical 0, two critical 0, total 0, new lutff created 0
INFO: [Physopt 32-1138] End 1 Pass. Optimized 66 nets or LUTs. Breaked 0 LUT, combined 66 existing LUTs and moved 0 existing LUT
INFO: [Physopt 32-65] No nets found for high-fanout optimization.
INFO: [Physopt 32-232] Optimized 0 net. Created 0 new instance.
INFO: [Physopt 32-775] End 1 Pass. Optimized 0 net or cell. Created 0 new cell, deleted 0 existing cell and moved 0 existing cell
INFO: [Physopt 32-670] No setup violation found.  DSP Register Optimization was not performed.
INFO: [Physopt 32-670] No setup violation found.  Shift Register to Pipeline Optimization was not performed.
INFO: [Physopt 32-670] No setup violation found.  Shift Register Optimization was not performed.
INFO: [Physopt 32-670] No setup violation found.  BRAM Register Optimization was not performed.
INFO: [Physopt 32-670] No setup violation found.  URAM Register Optimization was not performed.
INFO: [Physopt 32-949] No candidate nets found for dynamic/static region interface net replication
INFO: [Physopt 32-775] End 1 Pass. Optimized 0 net or cell. Created 0 new cell, deleted 0 existing cell and moved 0 existing cell
Netlist sorting complete. Time (s): cpu = 00:00:00 ; elapsed = 00:00:00.002 . Memory (MB): peak = 2135.965 ; gain = 0.000

Summary of Physical Synthesis Optimizations
============================================


-----------------------------------------------------------------------------------------------------------------------------------------------------------
|  Optimization                                     |  Added Cells  |  Removed Cells  |  Optimized Cells/Nets  |  Dont Touch  |  Iterations  |  Elapsed   |
-----------------------------------------------------------------------------------------------------------------------------------------------------------
|  LUT Combining                                    |            0  |             66  |                    66  |           0  |           1  |  00:00:00  |
|  Retime                                           |            0  |              0  |                     0  |           0  |           1  |  00:00:00  |
|  Very High Fanout                                 |            0  |              0  |                     0  |           0  |           1  |  00:00:00  |
|  DSP Register                                     |            0  |              0  |                     0  |           0  |           0  |  00:00:00  |
|  Shift Register to Pipeline                       |            0  |              0  |                     0  |           0  |           0  |  00:00:00  |
|  Shift Register                                   |            0  |              0  |                     0  |           0  |           0  |  00:00:00  |
|  BRAM Register                                    |            0  |              0  |                     0  |           0  |           0  |  00:00:00  |
|  URAM Register                                    |            0  |              0  |                     0  |           0  |           0  |  00:00:00  |
|  Dynamic/Static Region Interface Net Replication  |            0  |              0  |                     0  |           0  |           1  |  00:00:00  |
|  Total                                            |            0  |             66  |                    66  |           0  |           4  |  00:00:00  |
-----------------------------------------------------------------------------------------------------------------------------------------------------------


Phase 2.4.1 Physical Synthesis In Placer | Checksum: 1755b3c5f

Time (s): cpu = 00:00:06 ; elapsed = 00:00:06 . Memory (MB): peak = 2135.965 ; gain = 0.000
Phase 2.4 Global Placement Core | Checksum: c939ea30

Time (s): cpu = 00:00:07 ; elapsed = 00:00:06 . Memory (MB): peak = 2135.965 ; gain = 0.000
Phase 2 Global Placement | Checksum: c939ea30

Time (s): cpu = 00:00:07 ; elapsed = 00:00:06 . Memory (MB): peak = 2135.965 ; gain = 0.000

Phase 3 Detail Placement

Phase 3.1 Commit Multi Column Macros
Phase 3.1 Commit Multi Column Macros | Checksum: 10feca4f1

Time (s): cpu = 00:00:07 ; elapsed = 00:00:06 . Memory (MB): peak = 2135.965 ; gain = 0.000

Phase 3.2 Commit Most Macros & LUTRAMs
Phase 3.2 Commit Most Macros & LUTRAMs | Checksum: 16cc35802

Time (s): cpu = 00:00:07 ; elapsed = 00:00:07 . Memory (MB): peak = 2135.965 ; gain = 0.000

Phase 3.3 Area Swap Optimization
Phase 3.3 Area Swap Optimization | Checksum: 1901449f5

Time (s): cpu = 00:00:07 ; elapsed = 00:00:07 . Memory (MB): peak = 2135.965 ; gain = 0.000

Phase 3.4 Pipeline Register Optimization
Phase 3.4 Pipeline Register Optimization | Checksum: 240ec714a

Time (s): cpu = 00:00:07 ; elapsed = 00:00:07 . Memory (MB): peak = 2135.965 ; gain = 0.000

Phase 3.5 Small Shape Detail Placement
Phase 3.5 Small Shape Detail Placement | Checksum: 1301ec26b

Time (s): cpu = 00:00:08 ; elapsed = 00:00:09 . Memory (MB): peak = 2135.965 ; gain = 0.000

Phase 3.6 Re-assign LUT pins
Phase 3.6 Re-assign LUT pins | Checksum: 11a62a15c

Time (s): cpu = 00:00:09 ; elapsed = 00:00:10 . Memory (MB): peak = 2135.965 ; gain = 0.000

Phase 3.7 Pipeline Register Optimization
Phase 3.7 Pipeline Register Optimization | Checksum: 145e3740d

Time (s): cpu = 00:00:09 ; elapsed = 00:00:10 . Memory (MB): peak = 2135.965 ; gain = 0.000
Phase 3 Detail Placement | Checksum: 145e3740d

Time (s): cpu = 00:00:09 ; elapsed = 00:00:10 . Memory (MB): peak = 2135.965 ; gain = 0.000

Phase 4 Post Placement Optimization and Clean-Up

Phase 4.1 Post Commit Optimization
INFO: [Timing 38-35] Done setting XDC timing constraints.

Phase 4.1.1 Post Placement Optimization
Post Placement Optimization Initialization | Checksum: 16ee646e5

Phase 4.1.1.1 BUFG Insertion

Starting Physical Synthesis Task

Phase 1 Physical Synthesis Initialization
INFO: [Physopt 32-721] Multithreading enabled for phys_opt_design using a maximum of 2 CPUs
INFO: [Physopt 32-619] Estimated Timing Summary | WNS=1.686 | TNS=0.000 |
Phase 1 Physical Synthesis Initialization | Checksum: 1eaf1e522

Time (s): cpu = 00:00:01 ; elapsed = 00:00:00.183 . Memory (MB): peak = 2135.965 ; gain = 0.000
INFO: [Place 46-56] BUFG insertion identified 0 candidate nets. Inserted BUFG: 0, Replicated BUFG Driver: 0, Skipped due to Placement/Routing Conflicts: 0, Skipped due to Timing Degradation: 0, Skipped due to Illegal Netlist: 0.
Ending Physical Synthesis Task | Checksum: 14610073b

Time (s): cpu = 00:00:01 ; elapsed = 00:00:00.196 . Memory (MB): peak = 2135.965 ; gain = 0.000
Phase 4.1.1.1 BUFG Insertion | Checksum: 16ee646e5

Time (s): cpu = 00:00:10 ; elapsed = 00:00:11 . Memory (MB): peak = 2135.965 ; gain = 0.000

Phase 4.1.1.2 Post Placement Timing Optimization
INFO: [Place 30-746] Post Placement Timing Summary WNS=1.686. For the most accurate timing information please run report_timing.
Phase 4.1.1.2 Post Placement Timing Optimization | Checksum: 8ef014c4

Time (s): cpu = 00:00:10 ; elapsed = 00:00:11 . Memory (MB): peak = 2135.965 ; gain = 0.000

Time (s): cpu = 00:00:10 ; elapsed = 00:00:11 . Memory (MB): peak = 2135.965 ; gain = 0.000
Phase 4.1 Post Commit Optimization | Checksum: 8ef014c4

Time (s): cpu = 00:00:10 ; elapsed = 00:00:11 . Memory (MB): peak = 2135.965 ; gain = 0.000

Phase 4.2 Post Placement Cleanup
Phase 4.2 Post Placement Cleanup | Checksum: 8ef014c4

Time (s): cpu = 00:00:10 ; elapsed = 00:00:11 . Memory (MB): peak = 2135.965 ; gain = 0.000

Phase 4.3 Placer Reporting

Phase 4.3.1 Print Estimated Congestion
INFO: [Place 30-612] Post-Placement Estimated Congestion 
 ____________________________________________________
|           | Global Congestion | Short Congestion  |
| Direction | Region Size       | Region Size       |
|___________|___________________|___________________|
|      North|                1x1|                1x1|
|___________|___________________|___________________|
|      South|                1x1|                1x1|
|___________|___________________|___________________|
|       East|                1x1|                1x1|
|___________|___________________|___________________|
|       West|                1x1|                1x1|
|___________|___________________|___________________|

Phase 4.3.1 Print Estimated Congestion | Checksum: 8ef014c4

Time (s): cpu = 00:00:10 ; elapsed = 00:00:11 . Memory (MB): peak = 2135.965 ; gain = 0.000
Phase 4.3 Placer Reporting | Checksum: 8ef014c4

Time (s): cpu = 00:00:10 ; elapsed = 00:00:11 . Memory (MB): peak = 2135.965 ; gain = 0.000

Phase 4.4 Final Placement Cleanup
Netlist sorting complete. Time (s): cpu = 00:00:00 ; elapsed = 00:00:00.002 . Memory (MB): peak = 2135.965 ; gain = 0.000

Time (s): cpu = 00:00:10 ; elapsed = 00:00:11 . Memory (MB): peak = 2135.965 ; gain = 0.000
Phase 4 Post Placement Optimization and Clean-Up | Checksum: b642e09c

Time (s): cpu = 00:00:10 ; elapsed = 00:00:11 . Memory (MB): peak = 2135.965 ; gain = 0.000
Ending Placer Task | Checksum: 9abac577

Time (s): cpu = 00:00:10 ; elapsed = 00:00:11 . Memory (MB): peak = 2135.965 ; gain = 0.000
INFO: [Common 17-83] Releasing license: Implementation
74 Infos, 4 Warnings, 0 Critical Warnings and 0 Errors encountered.
place_design completed successfully
place_design: Time (s): cpu = 00:00:11 ; elapsed = 00:00:12 . Memory (MB): peak = 2135.965 ; gain = 0.000
INFO: [Timing 38-480] Writing timing data to binary archive.
Writing placer database...
Writing XDEF routing.
Writing XDEF routing logical nets.
Writing XDEF routing special nets.
Write XDEF Complete: Time (s): cpu = 00:00:01 ; elapsed = 00:00:00.490 . Memory (MB): peak = 2135.965 ; gain = 0.000
INFO: [Common 17-1381] The checkpoint 'C:/Users/kuh4bd/Documents/FPGALab/Project_UART/ZynqComputerAES/ZynqComputer.runs/impl_1/Zynq_CPU_wrapper_placed.dcp' has been generated.
INFO: [runtcl-4] Executing : report_io -file Zynq_CPU_wrapper_io_placed.rpt
report_io: Time (s): cpu = 00:00:00 ; elapsed = 00:00:00.059 . Memory (MB): peak = 2135.965 ; gain = 0.000
INFO: [runtcl-4] Executing : report_utilization -file Zynq_CPU_wrapper_utilization_placed.rpt -pb Zynq_CPU_wrapper_utilization_placed.pb
INFO: [runtcl-4] Executing : report_control_sets -verbose -file Zynq_CPU_wrapper_control_sets_placed.rpt
report_control_sets: Time (s): cpu = 00:00:00 ; elapsed = 00:00:00.019 . Memory (MB): peak = 2135.965 ; gain = 0.000
Command: route_design
Attempting to get a license for feature 'Implementation' and/or device 'xc7z020'
INFO: [Common 17-349] Got license for feature 'Implementation' and/or device 'xc7z020'
Running DRC as a precondition to command route_design
INFO: [DRC 23-27] Running DRC with 2 threads
INFO: [Vivado_Tcl 4-198] DRC finished with 0 Errors
INFO: [Vivado_Tcl 4-199] Please refer to the DRC report (report_drc) for more information.


Starting Routing Task
INFO: [Route 35-254] Multithreading enabled for route_design using a maximum of 2 CPUs

Phase 1 Build RT Design
Checksum: PlaceDB: 569c6f5f ConstDB: 0 ShapeSum: 441e5618 RouteDB: 0
Post Restoration Checksum: NetGraph: d51b1552 NumContArr: 9748710b Constraints: 0 Timing: 0
Phase 1 Build RT Design | Checksum: 16c63865d

Time (s): cpu = 00:00:22 ; elapsed = 00:00:23 . Memory (MB): peak = 2178.277 ; gain = 42.312

Phase 2 Router Initialization

Phase 2.1 Create Timer
Phase 2.1 Create Timer | Checksum: 16c63865d

Time (s): cpu = 00:00:22 ; elapsed = 00:00:23 . Memory (MB): peak = 2178.277 ; gain = 42.312

Phase 2.2 Fix Topology Constraints
Phase 2.2 Fix Topology Constraints | Checksum: 16c63865d

Time (s): cpu = 00:00:22 ; elapsed = 00:00:23 . Memory (MB): peak = 2184.855 ; gain = 48.891

Phase 2.3 Pre Route Cleanup
Phase 2.3 Pre Route Cleanup | Checksum: 16c63865d

Time (s): cpu = 00:00:22 ; elapsed = 00:00:23 . Memory (MB): peak = 2184.855 ; gain = 48.891
 Number of Nodes with overlaps = 0

Phase 2.4 Update Timing
Phase 2.4 Update Timing | Checksum: 17310cc7d

Time (s): cpu = 00:00:23 ; elapsed = 00:00:24 . Memory (MB): peak = 2211.371 ; gain = 75.406
INFO: [Route 35-416] Intermediate Timing Summary | WNS=1.607  | TNS=0.000  | WHS=-0.239 | THS=-43.672|


Router Utilization Summary
  Global Vertical Routing Utilization    = 0 %
  Global Horizontal Routing Utilization  = 0 %
  Routable Net Status*
  *Does not include unroutable nets such as driverless and loadless.
  Run report_route_status for detailed report.
  Number of Failed Nets               = 5671
    (Failed Nets is the sum of unrouted and partially routed nets)
  Number of Unrouted Nets             = 5671
  Number of Partially Routed Nets     = 0
  Number of Node Overlaps             = 0

Phase 2 Router Initialization | Checksum: 158d13d95

Time (s): cpu = 00:00:23 ; elapsed = 00:00:25 . Memory (MB): peak = 2211.371 ; gain = 75.406

Phase 3 Initial Routing

Phase 3.1 Global Routing
Phase 3.1 Global Routing | Checksum: 158d13d95

Time (s): cpu = 00:00:23 ; elapsed = 00:00:25 . Memory (MB): peak = 2211.371 ; gain = 75.406
Phase 3 Initial Routing | Checksum: 12b9a4cff

Time (s): cpu = 00:00:24 ; elapsed = 00:00:26 . Memory (MB): peak = 2211.371 ; gain = 75.406

Phase 4 Rip-up And Reroute

Phase 4.1 Global Iteration 0
 Number of Nodes with overlaps = 864
 Number of Nodes with overlaps = 125
 Number of Nodes with overlaps = 35
 Number of Nodes with overlaps = 15
 Number of Nodes with overlaps = 3
 Number of Nodes with overlaps = 0
INFO: [Route 35-416] Intermediate Timing Summary | WNS=1.565  | TNS=0.000  | WHS=N/A    | THS=N/A    |

Phase 4.1 Global Iteration 0 | Checksum: 1ac0484e9

Time (s): cpu = 00:00:27 ; elapsed = 00:00:29 . Memory (MB): peak = 2211.371 ; gain = 75.406

Phase 4.2 Global Iteration 1
 Number of Nodes with overlaps = 2
 Number of Nodes with overlaps = 0
INFO: [Route 35-416] Intermediate Timing Summary | WNS=1.565  | TNS=0.000  | WHS=N/A    | THS=N/A    |

Phase 4.2 Global Iteration 1 | Checksum: 21d616058

Time (s): cpu = 00:00:27 ; elapsed = 00:00:30 . Memory (MB): peak = 2211.371 ; gain = 75.406
Phase 4 Rip-up And Reroute | Checksum: 21d616058

Time (s): cpu = 00:00:27 ; elapsed = 00:00:30 . Memory (MB): peak = 2211.371 ; gain = 75.406

Phase 5 Delay and Skew Optimization

Phase 5.1 Delay CleanUp

Phase 5.1.1 Update Timing
Phase 5.1.1 Update Timing | Checksum: 19454b9c3

Time (s): cpu = 00:00:27 ; elapsed = 00:00:30 . Memory (MB): peak = 2211.371 ; gain = 75.406
INFO: [Route 35-416] Intermediate Timing Summary | WNS=1.579  | TNS=0.000  | WHS=N/A    | THS=N/A    |

Phase 5.1 Delay CleanUp | Checksum: 19454b9c3

Time (s): cpu = 00:00:27 ; elapsed = 00:00:30 . Memory (MB): peak = 2211.371 ; gain = 75.406

Phase 5.2 Clock Skew Optimization
Phase 5.2 Clock Skew Optimization | Checksum: 19454b9c3

Time (s): cpu = 00:00:27 ; elapsed = 00:00:30 . Memory (MB): peak = 2211.371 ; gain = 75.406
Phase 5 Delay and Skew Optimization | Checksum: 19454b9c3

Time (s): cpu = 00:00:27 ; elapsed = 00:00:30 . Memory (MB): peak = 2211.371 ; gain = 75.406

Phase 6 Post Hold Fix

Phase 6.1 Hold Fix Iter

Phase 6.1.1 Update Timing
Phase 6.1.1 Update Timing | Checksum: 16e4a37fa

Time (s): cpu = 00:00:27 ; elapsed = 00:00:30 . Memory (MB): peak = 2211.371 ; gain = 75.406
INFO: [Route 35-416] Intermediate Timing Summary | WNS=1.579  | TNS=0.000  | WHS=0.054  | THS=0.000  |

Phase 6.1 Hold Fix Iter | Checksum: 193414d9e

Time (s): cpu = 00:00:27 ; elapsed = 00:00:30 . Memory (MB): peak = 2211.371 ; gain = 75.406
Phase 6 Post Hold Fix | Checksum: 193414d9e

Time (s): cpu = 00:00:27 ; elapsed = 00:00:30 . Memory (MB): peak = 2211.371 ; gain = 75.406

Phase 7 Route finalize

Router Utilization Summary
  Global Vertical Routing Utilization    = 0.927669 %
  Global Horizontal Routing Utilization  = 1.21526 %
  Routable Net Status*
  *Does not include unroutable nets such as driverless and loadless.
  Run report_route_status for detailed report.
  Number of Failed Nets               = 0
    (Failed Nets is the sum of unrouted and partially routed nets)
  Number of Unrouted Nets             = 0
  Number of Partially Routed Nets     = 0
  Number of Node Overlaps             = 0

Phase 7 Route finalize | Checksum: 2396d5f92

Time (s): cpu = 00:00:27 ; elapsed = 00:00:30 . Memory (MB): peak = 2211.371 ; gain = 75.406

Phase 8 Verifying routed nets

 Verification completed successfully
Phase 8 Verifying routed nets | Checksum: 2396d5f92

Time (s): cpu = 00:00:27 ; elapsed = 00:00:30 . Memory (MB): peak = 2211.371 ; gain = 75.406

Phase 9 Depositing Routes
Phase 9 Depositing Routes | Checksum: 22ac41441

Time (s): cpu = 00:00:28 ; elapsed = 00:00:31 . Memory (MB): peak = 2211.371 ; gain = 75.406

Phase 10 Post Router Timing
INFO: [Route 35-57] Estimated Timing Summary | WNS=1.579  | TNS=0.000  | WHS=0.054  | THS=0.000  |

INFO: [Route 35-327] The final timing numbers are based on the router estimated timing analysis. For a complete and accurate timing signoff, please run report_timing_summary.
Phase 10 Post Router Timing | Checksum: 22ac41441

Time (s): cpu = 00:00:28 ; elapsed = 00:00:31 . Memory (MB): peak = 2211.371 ; gain = 75.406
INFO: [Route 35-16] Router Completed Successfully

Time (s): cpu = 00:00:28 ; elapsed = 00:00:31 . Memory (MB): peak = 2211.371 ; gain = 75.406

Routing Is Done.
INFO: [Common 17-83] Releasing license: Implementation
93 Infos, 4 Warnings, 0 Critical Warnings and 0 Errors encountered.
route_design completed successfully
route_design: Time (s): cpu = 00:00:30 ; elapsed = 00:00:33 . Memory (MB): peak = 2211.371 ; gain = 75.406
INFO: [Timing 38-480] Writing timing data to binary archive.
Writing placer database...
Writing XDEF routing.
Writing XDEF routing logical nets.
Writing XDEF routing special nets.
Write XDEF Complete: Time (s): cpu = 00:00:01 ; elapsed = 00:00:00.609 . Memory (MB): peak = 2220.109 ; gain = 8.738
INFO: [Common 17-1381] The checkpoint 'C:/Users/kuh4bd/Documents/FPGALab/Project_UART/ZynqComputerAES/ZynqComputer.runs/impl_1/Zynq_CPU_wrapper_routed.dcp' has been generated.
INFO: [runtcl-4] Executing : report_drc -file Zynq_CPU_wrapper_drc_routed.rpt -pb Zynq_CPU_wrapper_drc_routed.pb -rpx Zynq_CPU_wrapper_drc_routed.rpx
Command: report_drc -file Zynq_CPU_wrapper_drc_routed.rpt -pb Zynq_CPU_wrapper_drc_routed.pb -rpx Zynq_CPU_wrapper_drc_routed.rpx
INFO: [IP_Flow 19-1839] IP Catalog is up to date.
INFO: [DRC 23-27] Running DRC with 2 threads
INFO: [Vivado_Tcl 2-168] The results of DRC are in file C:/Users/kuh4bd/Documents/FPGALab/Project_UART/ZynqComputerAES/ZynqComputer.runs/impl_1/Zynq_CPU_wrapper_drc_routed.rpt.
report_drc completed successfully
INFO: [runtcl-4] Executing : report_methodology -file Zynq_CPU_wrapper_methodology_drc_routed.rpt -pb Zynq_CPU_wrapper_methodology_drc_routed.pb -rpx Zynq_CPU_wrapper_methodology_drc_routed.rpx
Command: report_methodology -file Zynq_CPU_wrapper_methodology_drc_routed.rpt -pb Zynq_CPU_wrapper_methodology_drc_routed.pb -rpx Zynq_CPU_wrapper_methodology_drc_routed.rpx
INFO: [Timing 38-35] Done setting XDC timing constraints.
INFO: [DRC 23-133] Running Methodology with 2 threads
INFO: [Vivado_Tcl 2-1520] The results of Report Methodology are in file C:/Users/kuh4bd/Documents/FPGALab/Project_UART/ZynqComputerAES/ZynqComputer.runs/impl_1/Zynq_CPU_wrapper_methodology_drc_routed.rpt.
report_methodology completed successfully
INFO: [runtcl-4] Executing : report_power -file Zynq_CPU_wrapper_power_routed.rpt -pb Zynq_CPU_wrapper_power_summary_routed.pb -rpx Zynq_CPU_wrapper_power_routed.rpx
Command: report_power -file Zynq_CPU_wrapper_power_routed.rpt -pb Zynq_CPU_wrapper_power_summary_routed.pb -rpx Zynq_CPU_wrapper_power_routed.rpx
INFO: [Timing 38-35] Done setting XDC timing constraints.
Running Vector-less Activity Propagation...

Finished Running Vector-less Activity Propagation
105 Infos, 4 Warnings, 0 Critical Warnings and 0 Errors encountered.
report_power completed successfully
INFO: [runtcl-4] Executing : report_route_status -file Zynq_CPU_wrapper_route_status.rpt -pb Zynq_CPU_wrapper_route_status.pb
INFO: [runtcl-4] Executing : report_timing_summary -max_paths 10 -file Zynq_CPU_wrapper_timing_summary_routed.rpt -pb Zynq_CPU_wrapper_timing_summary_routed.pb -rpx Zynq_CPU_wrapper_timing_summary_routed.rpx -warn_on_violation 
INFO: [Timing 38-91] UpdateTimingParams: Speed grade: -1, Delay Type: min_max.
INFO: [Timing 38-191] Multithreading enabled for timing update using a maximum of 2 CPUs
INFO: [runtcl-4] Executing : report_incremental_reuse -file Zynq_CPU_wrapper_incremental_reuse_routed.rpt
INFO: [Vivado_Tcl 4-1062] Incremental flow is disabled. No incremental reuse Info to report.
INFO: [runtcl-4] Executing : report_clock_utilization -file Zynq_CPU_wrapper_clock_utilization_routed.rpt
INFO: [runtcl-4] Executing : report_bus_skew -warn_on_violation -file Zynq_CPU_wrapper_bus_skew_routed.rpt -pb Zynq_CPU_wrapper_bus_skew_routed.pb -rpx Zynq_CPU_wrapper_bus_skew_routed.rpx
INFO: [Timing 38-91] UpdateTimingParams: Speed grade: -1, Delay Type: min_max.
INFO: [Timing 38-191] Multithreading enabled for timing update using a maximum of 2 CPUs
Command: write_bitstream -force Zynq_CPU_wrapper.bit
Attempting to get a license for feature 'Implementation' and/or device 'xc7z020'
INFO: [Common 17-349] Got license for feature 'Implementation' and/or device 'xc7z020'
Running DRC as a precondition to command write_bitstream
INFO: [IP_Flow 19-1839] IP Catalog is up to date.
INFO: [DRC 23-27] Running DRC with 2 threads
INFO: [Vivado 12-3199] DRC finished with 0 Errors
INFO: [Vivado 12-3200] Please refer to the DRC report (report_drc) for more information.
INFO: [Designutils 20-2272] Running write_bitstream with 2 threads.
Loading data files...
Loading site data...
Loading route data...
Processing options...
Creating bitmap...
Creating bitstream...
Writing bitstream ./Zynq_CPU_wrapper.bit...
INFO: [Vivado 12-1842] Bitgen Completed Successfully.
INFO: [Project 1-1876] WebTalk data collection is mandatory when using a ULT device. To see the specific WebTalk data collected for your design, open the usage_statistics_webtalk.html or usage_statistics_webtalk.xml file in the implementation directory.
INFO: [Common 17-83] Releasing license: Implementation
12 Infos, 0 Warnings, 0 Critical Warnings and 0 Errors encountered.
write_bitstream completed successfully
write_bitstream: Time (s): cpu = 00:00:13 ; elapsed = 00:00:13 . Memory (MB): peak = 2708.781 ; gain = 470.160
INFO: [Common 17-206] Exiting Vivado at Thu Apr 17 14:06:20 2025...
