Copyright 1986-2021 Xilinx, Inc. All Rights Reserved.
---------------------------------------------------------------------------------------------
| Tool Version : Vivado v.2021.2 (win64) Build 3367213 Tue Oct 19 02:48:09 MDT 2021
| Date         : Thu Apr 17 14:05:25 2025
| Host         : ECE-EMBSYS16 running 64-bit major release  (build 9200)
| Command      : report_control_sets -verbose -file Zynq_CPU_wrapper_control_sets_placed.rpt
| Design       : Zynq_CPU_wrapper
| Device       : xc7z020
---------------------------------------------------------------------------------------------

Control Set Information

Table of Contents
-----------------
1. Summary
2. Histogram
3. Flip-Flop Distribution
4. Detailed Control Set Information

1. Summary
----------

+----------------------------------------------------------+-------+
|                          Status                          | Count |
+----------------------------------------------------------+-------+
| Total control sets                                       |   191 |
|    Minimum number of control sets                        |   191 |
|    Addition due to synthesis replication                 |     0 |
|    Addition due to physical synthesis replication        |     0 |
| Unused register locations in slices containing registers |   197 |
+----------------------------------------------------------+-------+
* Control sets can be merged at opt_design using control_set_merge or merge_equivalent_drivers
** Run report_qor_suggestions for automated merging and remapping suggestions


2. Histogram
------------

+--------------------+-------+
|       Fanout       | Count |
+--------------------+-------+
| Total control sets |   191 |
| >= 0 to < 4        |     2 |
| >= 4 to < 6        |    22 |
| >= 6 to < 8        |     5 |
| >= 8 to < 10       |    79 |
| >= 10 to < 12      |     3 |
| >= 12 to < 14      |     5 |
| >= 14 to < 16      |     3 |
| >= 16              |    72 |
+--------------------+-------+
* Control sets can be remapped at either synth_design or opt_design


3. Flip-Flop Distribution
-------------------------

+--------------+-----------------------+------------------------+-----------------+--------------+
| Clock Enable | Synchronous Set/Reset | Asynchronous Set/Reset | Total Registers | Total Slices |
+--------------+-----------------------+------------------------+-----------------+--------------+
| No           | No                    | No                     |             167 |           60 |
| No           | No                    | Yes                    |               0 |            0 |
| No           | Yes                   | No                     |             442 |          147 |
| Yes          | No                    | No                     |            2022 |          765 |
| Yes          | No                    | Yes                    |               0 |            0 |
| Yes          | Yes                   | No                     |             172 |           49 |
+--------------+-----------------------+------------------------+-----------------+--------------+


4. Detailed Control Set Information
-----------------------------------

+-------------------------------------------------+----------------------------------------------------------------------------------------------------------------------------------------------------------------+---------------------------------------------------------------------------------------------------------------------------------------------------------------------+------------------+----------------+--------------+
|                   Clock Signal                  |                                                                          Enable Signal                                                                         |                                                                           Set/Reset Signal                                                                          | Slice Load Count | Bel Load Count | Bels / Slice |
+-------------------------------------------------+----------------------------------------------------------------------------------------------------------------------------------------------------------------+---------------------------------------------------------------------------------------------------------------------------------------------------------------------+------------------+----------------+--------------+
|  Zynq_CPU_i/processing_system7_0/inst/FCLK_CLK0 | Zynq_CPU_i/ps7_0_axi_periph/s00_couplers/auto_pc/inst/gen_axilite.gen_b2s_conv.axilite_b2s/WR.aw_channel_0/aw_cmd_fsm_0/FSM_sequential_state_reg[0]_1          | Zynq_CPU_i/ps7_0_axi_periph/s00_couplers/auto_pc/inst/gen_axilite.gen_b2s_conv.axilite_b2s/WR.aw_channel_0/aw_cmd_fsm_0/FSM_sequential_state_reg[0]_0               |                1 |              1 |         1.00 |
|  Zynq_CPU_i/processing_system7_0/inst/FCLK_CLK0 | Zynq_CPU_i/ps7_0_axi_periph/s00_couplers/auto_pc/inst/gen_axilite.gen_b2s_conv.axilite_b2s/WR.b_channel_0/bid_fifo_0/sel                                       |                                                                                                                                                                     |                1 |              2 |         2.00 |
|  Zynq_CPU_i/processing_system7_0/inst/FCLK_CLK0 | Zynq_CPU_i/AES_Full_0/inst/grp_AES_Full_Pipeline_L_rounds2_fu_168/grp_AddRoundKey_fu_108/ap_CS_fsm_state1                                                      |                                                                                                                                                                     |                1 |              4 |         4.00 |
|  Zynq_CPU_i/processing_system7_0/inst/FCLK_CLK0 | Zynq_CPU_i/axi_uartlite_0/U0/AXI_LITE_IPIF_I/I_SLAVE_ATTACHMENT/start2                                                                                         | Zynq_CPU_i/axi_uartlite_0/U0/AXI_LITE_IPIF_I/I_SLAVE_ATTACHMENT/I_DECODER/cs_ce_clr                                                                                 |                1 |              4 |         4.00 |
|  Zynq_CPU_i/processing_system7_0/inst/FCLK_CLK0 |                                                                                                                                                                | Zynq_CPU_i/ps7_0_axi_periph/s00_couplers/auto_pc/inst/gen_axilite.gen_b2s_conv.axilite_b2s/SI_REG/aw.aw_pipe/aresetn_d_reg[0]_0                                     |                2 |              4 |         2.00 |
|  Zynq_CPU_i/processing_system7_0/inst/FCLK_CLK0 |                                                                                                                                                                | Zynq_CPU_i/rst_ps7_0_100M/U0/EXT_LPF/lpf_int                                                                                                                        |                2 |              4 |         2.00 |
|  Zynq_CPU_i/processing_system7_0/inst/FCLK_CLK0 |                                                                                                                                                                | Zynq_CPU_i/ps7_0_axi_periph/s00_couplers/auto_pc/inst/gen_axilite.gen_b2s_conv.axilite_b2s/SI_REG/ar.ar_pipe/aresetn_d_reg[1]_inv_0                                 |                2 |              4 |         2.00 |
|  Zynq_CPU_i/processing_system7_0/inst/FCLK_CLK0 | Zynq_CPU_i/AES_Full_0/inst/grp_AES_Full_Pipeline_L_copy_o3_fu_188/flow_control_loop_pipe_sequential_init_U/i_fu_441                                            |                                                                                                                                                                     |                1 |              4 |         4.00 |
|  Zynq_CPU_i/processing_system7_0/inst/FCLK_CLK0 | Zynq_CPU_i/AES_Full_0/inst/grp_AES_Full_Pipeline_L_rounds_fu_139/grp_AddRoundKey_fu_104/ap_CS_fsm_state1                                                       |                                                                                                                                                                     |                1 |              4 |         4.00 |
|  Zynq_CPU_i/processing_system7_0/inst/FCLK_CLK0 | Zynq_CPU_i/AES_Full_0/inst/grp_AES_Full_Pipeline_L_copy_fu_122/flow_control_loop_pipe_sequential_init_U/E[0]                                                   |                                                                                                                                                                     |                1 |              4 |         4.00 |
|  Zynq_CPU_i/processing_system7_0/inst/FCLK_CLK0 | Zynq_CPU_i/AES_Full_0/inst/grp_AES_Full_Pipeline_L_copy1_fu_161/flow_control_loop_pipe_sequential_init_U/i_4_fu_441                                            |                                                                                                                                                                     |                2 |              4 |         2.00 |
|  Zynq_CPU_i/processing_system7_0/inst/FCLK_CLK0 | Zynq_CPU_i/AES_Full_0/inst/ap_CS_fsm_state25                                                                                                                   |                                                                                                                                                                     |                1 |              4 |         4.00 |
|  Zynq_CPU_i/processing_system7_0/inst/FCLK_CLK0 | Zynq_CPU_i/axi_uartlite_0/U0/UARTLITE_CORE_I/BAUD_RATE_I/en_16x_Baud                                                                                           |                                                                                                                                                                     |                2 |              4 |         2.00 |
|  Zynq_CPU_i/processing_system7_0/inst/FCLK_CLK0 | Zynq_CPU_i/AES_Full_0/inst/grp_AES_Full_Pipeline_L_copy_o_fu_154/flow_control_loop_pipe_sequential_init_U/i_2_fu_441                                           |                                                                                                                                                                     |                1 |              4 |         4.00 |
|  Zynq_CPU_i/processing_system7_0/inst/FCLK_CLK0 | Zynq_CPU_i/ps7_0_axi_periph/s00_couplers/auto_pc/inst/gen_axilite.gen_b2s_conv.axilite_b2s/RD.ar_channel_0/ar_cmd_fsm_0/m_axi_arready_2                        | Zynq_CPU_i/ps7_0_axi_periph/s00_couplers/auto_pc/inst/gen_axilite.gen_b2s_conv.axilite_b2s/RD.ar_channel_0/ar_cmd_fsm_0/FSM_sequential_state_reg[1]_0               |                1 |              4 |         4.00 |
|  Zynq_CPU_i/processing_system7_0/inst/FCLK_CLK0 | Zynq_CPU_i/AES_Full_0/inst/grp_AddRoundKey_fu_130/ap_CS_fsm_state1                                                                                             |                                                                                                                                                                     |                2 |              4 |         2.00 |
|  Zynq_CPU_i/processing_system7_0/inst/FCLK_CLK0 | Zynq_CPU_i/AES_Full_0/inst/grp_AES_Full_Pipeline_L_rounds_fu_139/icmp_ln182_reg_1770                                                                           |                                                                                                                                                                     |                2 |              5 |         2.50 |
|  Zynq_CPU_i/processing_system7_0/inst/FCLK_CLK0 | Zynq_CPU_i/AES_Full_0/inst/grp_AES_Full_Pipeline_L_copy_o3_fu_188/flow_control_loop_pipe_sequential_init_U/i_fu_440                                            |                                                                                                                                                                     |                2 |              5 |         2.50 |
|  Zynq_CPU_i/processing_system7_0/inst/FCLK_CLK0 | Zynq_CPU_i/AES_Full_0/inst/grp_AES_Full_Pipeline_L_copy_fu_122/flow_control_loop_pipe_sequential_init_U/i_fu_440                                               |                                                                                                                                                                     |                3 |              5 |         1.67 |
|  Zynq_CPU_i/processing_system7_0/inst/FCLK_CLK0 | Zynq_CPU_i/AES_Full_0/inst/grp_AES_Full_Pipeline_L_copy1_fu_161/flow_control_loop_pipe_sequential_init_U/i_4_fu_440                                            |                                                                                                                                                                     |                1 |              5 |         5.00 |
|  Zynq_CPU_i/processing_system7_0/inst/FCLK_CLK0 | Zynq_CPU_i/AES_Full_0/inst/grp_AES_Full_Pipeline_L_copy_o_fu_154/flow_control_loop_pipe_sequential_init_U/i_2_fu_440                                           |                                                                                                                                                                     |                2 |              5 |         2.50 |
|  Zynq_CPU_i/processing_system7_0/inst/FCLK_CLK0 | Zynq_CPU_i/ps7_0_axi_periph/s00_couplers/auto_pc/inst/gen_axilite.gen_b2s_conv.axilite_b2s/RD.r_channel_0/transaction_fifo_0/cnt_read[4]_i_1_n_0               | Zynq_CPU_i/ps7_0_axi_periph/s00_couplers/auto_pc/inst/gen_axilite.gen_b2s_conv.axilite_b2s/areset_d1                                                                |                1 |              5 |         5.00 |
|  Zynq_CPU_i/processing_system7_0/inst/FCLK_CLK0 | Zynq_CPU_i/ps7_0_axi_periph/s00_couplers/auto_pc/inst/gen_axilite.gen_b2s_conv.axilite_b2s/RD.r_channel_0/rd_data_fifo_0/cnt_read[4]_i_1__0_n_0                | Zynq_CPU_i/ps7_0_axi_periph/s00_couplers/auto_pc/inst/gen_axilite.gen_b2s_conv.axilite_b2s/areset_d1                                                                |                2 |              5 |         2.50 |
|  Zynq_CPU_i/processing_system7_0/inst/FCLK_CLK0 | Zynq_CPU_i/AES_Full_0/inst/grp_AES_Full_Pipeline_L_rounds2_fu_168/icmp_ln227_reg_2060                                                                          |                                                                                                                                                                     |                2 |              5 |         2.50 |
|  Zynq_CPU_i/processing_system7_0/inst/FCLK_CLK0 |                                                                                                                                                                | Zynq_CPU_i/axi_uartlite_0/U0/UARTLITE_CORE_I/UARTLITE_TX_I/SRL_FIFO_I/I_SRL_FIFO_RBU_F/CNTR_INCR_DECR_ADDN_F_I/SS[0]                                                |                2 |              6 |         3.00 |
|  Zynq_CPU_i/processing_system7_0/inst/FCLK_CLK0 |                                                                                                                                                                | Zynq_CPU_i/axi_uartlite_0/U0/UARTLITE_CORE_I/UARTLITE_RX_I/SRL_FIFO_I/I_SRL_FIFO_RBU_F/CNTR_INCR_DECR_ADDN_F_I/SS[0]                                                |                3 |              6 |         2.00 |
|  Zynq_CPU_i/processing_system7_0/inst/FCLK_CLK0 | Zynq_CPU_i/AES_Full_0/inst/CRTLS_s_axi_U/int_ier12_out                                                                                                         | Zynq_CPU_i/AES_Full_0/inst/grp_AES_Full_Pipeline_L_rounds2_fu_168/grp_InvMixColumns_fu_117/SR[0]                                                                    |                1 |              6 |         6.00 |
|  Zynq_CPU_i/processing_system7_0/inst/FCLK_CLK0 | Zynq_CPU_i/rst_ps7_0_100M/U0/SEQ/seq_cnt_en                                                                                                                    | Zynq_CPU_i/rst_ps7_0_100M/U0/SEQ/SEQ_COUNTER/clear                                                                                                                  |                1 |              6 |         6.00 |
|  Zynq_CPU_i/processing_system7_0/inst/FCLK_CLK0 | Zynq_CPU_i/axi_uartlite_0/U0/UARTLITE_CORE_I/BAUD_RATE_I/en_16x_Baud                                                                                           | Zynq_CPU_i/axi_uartlite_0/U0/UARTLITE_CORE_I/UARTLITE_RX_I/SERIAL_TO_PARALLEL[8].fifo_din[8]_i_1_n_0                                                                |                1 |              7 |         7.00 |
|  Zynq_CPU_i/processing_system7_0/inst/FCLK_CLK0 | Zynq_CPU_i/axi_uartlite_0/U0/AXI_LITE_IPIF_I/I_SLAVE_ATTACHMENT/I_DECODER/fifo_wr                                                                              |                                                                                                                                                                     |                1 |              8 |         8.00 |
|  Zynq_CPU_i/processing_system7_0/inst/FCLK_CLK0 | Zynq_CPU_i/axi_uartlite_0/U0/UARTLITE_CORE_I/UARTLITE_RX_I/SRL_FIFO_I/I_SRL_FIFO_RBU_F/DYNSHREG_F_I/fifo_wr                                                    |                                                                                                                                                                     |                1 |              8 |         8.00 |
|  Zynq_CPU_i/processing_system7_0/inst/FCLK_CLK0 | Zynq_CPU_i/AES_Full_0/inst/grp_AES_Full_Pipeline_L_rounds_fu_139/grp_SubBytes_fu_80/reg_324[7]_i_1_n_7                                                         |                                                                                                                                                                     |                5 |              8 |         1.60 |
|  Zynq_CPU_i/processing_system7_0/inst/FCLK_CLK0 | Zynq_CPU_i/AES_Full_0/inst/grp_AES_Full_Pipeline_L_rounds_fu_139/grp_SubBytes_fu_80/Q[3]                                                                       |                                                                                                                                                                     |                5 |              8 |         1.60 |
|  Zynq_CPU_i/processing_system7_0/inst/FCLK_CLK0 | Zynq_CPU_i/AES_Full_0/inst/grp_AES_Full_Pipeline_L_rounds_fu_139/grp_SubBytes_fu_80/reg_335[7]_i_1_n_7                                                         |                                                                                                                                                                     |                6 |              8 |         1.33 |
|  Zynq_CPU_i/processing_system7_0/inst/FCLK_CLK0 | Zynq_CPU_i/AES_Full_0/inst/grp_AES_Full_Pipeline_L_rounds_fu_139/grp_AddRoundKey_fu_104/ap_CS_fsm_state13                                                      |                                                                                                                                                                     |                7 |              8 |         1.14 |
|  Zynq_CPU_i/processing_system7_0/inst/FCLK_CLK0 | Zynq_CPU_i/AES_Full_0/inst/grp_AES_Full_Pipeline_L_rounds_fu_139/grp_AddRoundKey_fu_104/ap_CS_fsm_state11                                                      |                                                                                                                                                                     |                1 |              8 |         8.00 |
|  Zynq_CPU_i/processing_system7_0/inst/FCLK_CLK0 | Zynq_CPU_i/AES_Full_0/inst/grp_AES_Full_Pipeline_L_rounds_fu_139/grp_AddRoundKey_fu_104/ap_CS_fsm_state2                                                       |                                                                                                                                                                     |                5 |              8 |         1.60 |
|  Zynq_CPU_i/processing_system7_0/inst/FCLK_CLK0 | Zynq_CPU_i/AES_Full_0/inst/grp_AES_Full_Pipeline_L_rounds_fu_139/grp_AddRoundKey_fu_104/ap_CS_fsm_state4                                                       |                                                                                                                                                                     |                3 |              8 |         2.67 |
|  Zynq_CPU_i/processing_system7_0/inst/FCLK_CLK0 | Zynq_CPU_i/AES_Full_0/inst/grp_AES_Full_Pipeline_L_rounds_fu_139/grp_SubBytes_fu_80/reg_355[7]_i_1_n_7                                                         |                                                                                                                                                                     |                3 |              8 |         2.67 |
|  Zynq_CPU_i/processing_system7_0/inst/FCLK_CLK0 | Zynq_CPU_i/AES_Full_0/inst/grp_AES_Full_Pipeline_L_rounds_fu_139/grp_AddRoundKey_fu_104/reg_4230                                                               |                                                                                                                                                                     |                2 |              8 |         4.00 |
|  Zynq_CPU_i/processing_system7_0/inst/FCLK_CLK0 | Zynq_CPU_i/AES_Full_0/inst/grp_AES_Full_Pipeline_L_rounds_fu_139/grp_AddRoundKey_fu_104/reg_393                                                                |                                                                                                                                                                     |                4 |              8 |         2.00 |
|  Zynq_CPU_i/processing_system7_0/inst/FCLK_CLK0 | Zynq_CPU_i/AES_Full_0/inst/grp_AES_Full_Pipeline_L_rounds_fu_139/grp_SubBytes_fu_80/reg_345[7]_i_1_n_7                                                         |                                                                                                                                                                     |                2 |              8 |         4.00 |
|  Zynq_CPU_i/processing_system7_0/inst/FCLK_CLK0 | Zynq_CPU_i/AES_Full_0/inst/grp_AES_Full_Pipeline_L_rounds_fu_139/grp_SubBytes_fu_80/reg_3290                                                                   |                                                                                                                                                                     |                3 |              8 |         2.67 |
|  Zynq_CPU_i/processing_system7_0/inst/FCLK_CLK0 | Zynq_CPU_i/AES_Full_0/inst/grp_AES_Full_Pipeline_L_rounds_fu_139/grp_AddRoundKey_fu_104/reg_378[7]_i_1_n_7                                                     |                                                                                                                                                                     |                3 |              8 |         2.67 |
|  Zynq_CPU_i/processing_system7_0/inst/FCLK_CLK0 | Zynq_CPU_i/AES_Full_0/inst/grp_AES_Full_Pipeline_L_rounds_fu_139/grp_AddRoundKey_fu_104/reg_388                                                                |                                                                                                                                                                     |                3 |              8 |         2.67 |
|  Zynq_CPU_i/processing_system7_0/inst/FCLK_CLK0 | Zynq_CPU_i/AES_Full_0/inst/grp_AES_Full_Pipeline_L_rounds_fu_139/grp_AddRoundKey_fu_104/Q[1]                                                                   |                                                                                                                                                                     |                5 |              8 |         1.60 |
|  Zynq_CPU_i/processing_system7_0/inst/FCLK_CLK0 | Zynq_CPU_i/AES_Full_0/inst/grp_AES_Full_Pipeline_L_rounds_fu_139/grp_AddRoundKey_fu_104/reg_383[7]_i_1_n_7                                                     |                                                                                                                                                                     |                3 |              8 |         2.67 |
|  Zynq_CPU_i/processing_system7_0/inst/FCLK_CLK0 | Zynq_CPU_i/AES_Full_0/inst/grp_AES_Full_Pipeline_L_rounds_fu_139/grp_AddRoundKey_fu_104/reg_4350                                                               |                                                                                                                                                                     |                3 |              8 |         2.67 |
|  Zynq_CPU_i/processing_system7_0/inst/FCLK_CLK0 | Zynq_CPU_i/AES_Full_0/inst/grp_AES_Full_Pipeline_L_rounds_fu_139/grp_AddRoundKey_fu_104/reg_4290                                                               |                                                                                                                                                                     |                3 |              8 |         2.67 |
|  Zynq_CPU_i/processing_system7_0/inst/FCLK_CLK0 | Zynq_CPU_i/AES_Full_0/inst/grp_AES_Full_Pipeline_L_rounds2_fu_168/grp_AddRoundKey_fu_108/ap_CS_fsm_state11                                                     |                                                                                                                                                                     |                4 |              8 |         2.00 |
|  Zynq_CPU_i/processing_system7_0/inst/FCLK_CLK0 | Zynq_CPU_i/AES_Full_0/inst/grp_AES_Full_Pipeline_L_rounds2_fu_168/grp_AddRoundKey_fu_108/ap_CS_fsm_state13                                                     |                                                                                                                                                                     |                5 |              8 |         1.60 |
|  Zynq_CPU_i/processing_system7_0/inst/FCLK_CLK0 | Zynq_CPU_i/AES_Full_0/inst/grp_AES_Full_Pipeline_L_rounds2_fu_168/grp_AddRoundKey_fu_108/ap_CS_fsm_state2                                                      |                                                                                                                                                                     |                4 |              8 |         2.00 |
|  Zynq_CPU_i/processing_system7_0/inst/FCLK_CLK0 | Zynq_CPU_i/AES_Full_0/inst/grp_AES_Full_Pipeline_L_rounds2_fu_168/grp_AddRoundKey_fu_108/ap_CS_fsm_state4                                                      |                                                                                                                                                                     |                2 |              8 |         4.00 |
|  Zynq_CPU_i/processing_system7_0/inst/FCLK_CLK0 | Zynq_CPU_i/AES_Full_0/inst/grp_AES_Full_Pipeline_L_rounds_fu_139/grp_SubBytes_fu_80/reg_3500                                                                   |                                                                                                                                                                     |                4 |              8 |         2.00 |
|  Zynq_CPU_i/processing_system7_0/inst/FCLK_CLK0 | Zynq_CPU_i/AES_Full_0/inst/grp_AES_Full_Pipeline_L_rounds2_fu_168/grp_AddRoundKey_fu_108/reg_378[7]_i_1__0_n_7                                                 |                                                                                                                                                                     |                4 |              8 |         2.00 |
|  Zynq_CPU_i/processing_system7_0/inst/FCLK_CLK0 | Zynq_CPU_i/AES_Full_0/inst/grp_AES_Full_Pipeline_L_rounds2_fu_168/grp_AddRoundKey_fu_108/reg_383[7]_i_1__0_n_7                                                 |                                                                                                                                                                     |                3 |              8 |         2.67 |
|  Zynq_CPU_i/processing_system7_0/inst/FCLK_CLK0 | Zynq_CPU_i/AES_Full_0/inst/grp_AES_Full_Pipeline_L_rounds2_fu_168/grp_AddRoundKey_fu_108/reg_4290                                                              |                                                                                                                                                                     |                2 |              8 |         4.00 |
|  Zynq_CPU_i/processing_system7_0/inst/FCLK_CLK0 | Zynq_CPU_i/AES_Full_0/inst/grp_AES_Full_Pipeline_L_rounds2_fu_168/grp_AddRoundKey_fu_108/reg_388                                                               |                                                                                                                                                                     |                2 |              8 |         4.00 |
|  Zynq_CPU_i/processing_system7_0/inst/FCLK_CLK0 | Zynq_CPU_i/AES_Full_0/inst/grp_AES_Full_Pipeline_L_rounds2_fu_168/grp_AddRoundKey_fu_108/reg_393                                                               |                                                                                                                                                                     |                1 |              8 |         8.00 |
|  Zynq_CPU_i/processing_system7_0/inst/FCLK_CLK0 | Zynq_CPU_i/AES_Full_0/inst/grp_AES_Full_Pipeline_L_rounds2_fu_168/grp_AddRoundKey_fu_108/reg_4350                                                              |                                                                                                                                                                     |                5 |              8 |         1.60 |
|  Zynq_CPU_i/processing_system7_0/inst/FCLK_CLK0 | Zynq_CPU_i/AES_Full_0/inst/grp_AES_Full_Pipeline_L_rounds2_fu_168/grp_AddRoundKey_fu_108/reg_4230                                                              |                                                                                                                                                                     |                2 |              8 |         4.00 |
|  Zynq_CPU_i/processing_system7_0/inst/FCLK_CLK0 | Zynq_CPU_i/AES_Full_0/inst/grp_AES_Full_Pipeline_L_rounds_fu_139/grp_SubBytes_fu_80/reg_3400                                                                   |                                                                                                                                                                     |                4 |              8 |         2.00 |
|  Zynq_CPU_i/processing_system7_0/inst/FCLK_CLK0 | Zynq_CPU_i/AES_Full_0/inst/grp_AES_Full_Pipeline_L_rounds2_fu_168/grp_AddRoundKey_fu_108/Q[1]                                                                  |                                                                                                                                                                     |                4 |              8 |         2.00 |
|  Zynq_CPU_i/processing_system7_0/inst/FCLK_CLK0 | Zynq_CPU_i/ps7_0_axi_periph/s00_couplers/auto_pc/inst/gen_axilite.gen_b2s_conv.axilite_b2s/WR.b_channel_0/mhandshake_r                                         | Zynq_CPU_i/ps7_0_axi_periph/s00_couplers/auto_pc/inst/gen_axilite.gen_b2s_conv.axilite_b2s/WR.b_channel_0/bid_fifo_0/SR[0]                                          |                2 |              8 |         4.00 |
|  Zynq_CPU_i/processing_system7_0/inst/FCLK_CLK0 | Zynq_CPU_i/AES_Full_0/inst/grp_AddRoundKey_fu_130/ap_CS_fsm_state11                                                                                            |                                                                                                                                                                     |                5 |              8 |         1.60 |
|  Zynq_CPU_i/processing_system7_0/inst/FCLK_CLK0 | Zynq_CPU_i/AES_Full_0/inst/grp_AddRoundKey_fu_130/ap_CS_fsm_state4                                                                                             |                                                                                                                                                                     |                3 |              8 |         2.67 |
|  Zynq_CPU_i/processing_system7_0/inst/FCLK_CLK0 | Zynq_CPU_i/AES_Full_0/inst/grp_AddRoundKey_fu_130/ap_CS_fsm_state13                                                                                            |                                                                                                                                                                     |                5 |              8 |         1.60 |
|  Zynq_CPU_i/processing_system7_0/inst/FCLK_CLK0 | Zynq_CPU_i/AES_Full_0/inst/grp_AddRoundKey_fu_130/ap_CS_fsm_state2                                                                                             |                                                                                                                                                                     |                1 |              8 |         8.00 |
|  Zynq_CPU_i/processing_system7_0/inst/FCLK_CLK0 | Zynq_CPU_i/AES_Full_0/inst/grp_AddRoundKey_fu_130/reg_388[7]_i_1__1_n_7                                                                                        |                                                                                                                                                                     |                3 |              8 |         2.67 |
|  Zynq_CPU_i/processing_system7_0/inst/FCLK_CLK0 | Zynq_CPU_i/AES_Full_0/inst/grp_AddRoundKey_fu_130/reg_4290                                                                                                     |                                                                                                                                                                     |                5 |              8 |         1.60 |
|  Zynq_CPU_i/processing_system7_0/inst/FCLK_CLK0 | Zynq_CPU_i/AES_Full_0/inst/grp_AddRoundKey_fu_130/reg_4350                                                                                                     |                                                                                                                                                                     |                3 |              8 |         2.67 |
|  Zynq_CPU_i/processing_system7_0/inst/FCLK_CLK0 | Zynq_CPU_i/AES_Full_0/inst/grp_AddRoundKey_fu_130/reg_378[7]_i_1__1_n_7                                                                                        |                                                                                                                                                                     |                2 |              8 |         4.00 |
|  Zynq_CPU_i/processing_system7_0/inst/FCLK_CLK0 | Zynq_CPU_i/AES_Full_0/inst/grp_AddRoundKey_fu_130/reg_4230                                                                                                     |                                                                                                                                                                     |                3 |              8 |         2.67 |
|  Zynq_CPU_i/processing_system7_0/inst/FCLK_CLK0 | Zynq_CPU_i/AES_Full_0/inst/grp_AddRoundKey_fu_130/reg_383[7]_i_1__1_n_7                                                                                        |                                                                                                                                                                     |                3 |              8 |         2.67 |
|  Zynq_CPU_i/processing_system7_0/inst/FCLK_CLK0 | Zynq_CPU_i/AES_Full_0/inst/grp_AddRoundKey_fu_130/reg_393[7]_i_1__1_n_7                                                                                        |                                                                                                                                                                     |                3 |              8 |         2.67 |
|  Zynq_CPU_i/processing_system7_0/inst/FCLK_CLK0 | Zynq_CPU_i/AES_Full_0/inst/grp_AddRoundKey_fu_130/Q[0]                                                                                                         |                                                                                                                                                                     |                2 |              8 |         4.00 |
|  Zynq_CPU_i/processing_system7_0/inst/FCLK_CLK0 | Zynq_CPU_i/AES_Full_0/inst/grp_AES_Full_Pipeline_L_rounds2_fu_168/grp_InvShiftRows_fu_94/reg_1470                                                              |                                                                                                                                                                     |                3 |              8 |         2.67 |
|  Zynq_CPU_i/processing_system7_0/inst/FCLK_CLK0 | Zynq_CPU_i/AES_Full_0/inst/grp_AES_Full_Pipeline_L_rounds2_fu_168/grp_InvShiftRows_fu_94/reg_165[7]_i_1_n_7                                                    |                                                                                                                                                                     |                5 |              8 |         1.60 |
|  Zynq_CPU_i/processing_system7_0/inst/FCLK_CLK0 | Zynq_CPU_i/AES_Full_0/inst/grp_AES_Full_Pipeline_L_rounds2_fu_168/grp_InvShiftRows_fu_94/reg_1530                                                              |                                                                                                                                                                     |                2 |              8 |         4.00 |
|  Zynq_CPU_i/processing_system7_0/inst/FCLK_CLK0 | Zynq_CPU_i/AES_Full_0/inst/grp_AES_Full_Pipeline_L_rounds2_fu_168/grp_InvShiftRows_fu_94/reg_159[7]_i_1_n_7                                                    |                                                                                                                                                                     |                2 |              8 |         4.00 |
|  Zynq_CPU_i/processing_system7_0/inst/FCLK_CLK0 | Zynq_CPU_i/AES_Full_0/inst/grp_AES_Full_Pipeline_L_rounds2_fu_168/grp_InvMixColumns_fu_117/ap_CS_fsm_state11                                                   |                                                                                                                                                                     |                3 |              8 |         2.67 |
|  Zynq_CPU_i/processing_system7_0/inst/FCLK_CLK0 | Zynq_CPU_i/AES_Full_0/inst/grp_AES_Full_Pipeline_L_rounds2_fu_168/grp_InvMixColumns_fu_117/ap_CS_fsm_state12                                                   |                                                                                                                                                                     |                7 |              8 |         1.14 |
|  Zynq_CPU_i/processing_system7_0/inst/FCLK_CLK0 | Zynq_CPU_i/AES_Full_0/inst/grp_AES_Full_Pipeline_L_rounds2_fu_168/grp_InvMixColumns_fu_117/ap_CS_fsm_state7                                                    |                                                                                                                                                                     |                5 |              8 |         1.60 |
|  Zynq_CPU_i/processing_system7_0/inst/FCLK_CLK0 | Zynq_CPU_i/AES_Full_0/inst/grp_AES_Full_Pipeline_L_rounds2_fu_168/grp_InvMixColumns_fu_117/ap_CS_fsm_state13                                                   |                                                                                                                                                                     |                4 |              8 |         2.00 |
|  Zynq_CPU_i/processing_system7_0/inst/FCLK_CLK0 | Zynq_CPU_i/AES_Full_0/inst/grp_AES_Full_Pipeline_L_rounds2_fu_168/grp_InvMixColumns_fu_117/ap_CS_fsm_state4                                                    |                                                                                                                                                                     |                7 |              8 |         1.14 |
|  Zynq_CPU_i/processing_system7_0/inst/FCLK_CLK0 | Zynq_CPU_i/AES_Full_0/inst/grp_AES_Full_Pipeline_L_rounds_fu_139/grp_ShiftRows_fu_88/reg_1610                                                                  |                                                                                                                                                                     |                5 |              8 |         1.60 |
|  Zynq_CPU_i/processing_system7_0/inst/FCLK_CLK0 | Zynq_CPU_i/AES_Full_0/inst/grp_AES_Full_Pipeline_L_rounds_fu_139/grp_ShiftRows_fu_88/reg_167[7]_i_1_n_7                                                        |                                                                                                                                                                     |                4 |              8 |         2.00 |
|  Zynq_CPU_i/processing_system7_0/inst/FCLK_CLK0 | Zynq_CPU_i/AES_Full_0/inst/grp_AES_Full_Pipeline_L_rounds_fu_139/grp_ShiftRows_fu_88/reg_147[7]_i_1_n_7                                                        |                                                                                                                                                                     |                2 |              8 |         4.00 |
|  Zynq_CPU_i/processing_system7_0/inst/FCLK_CLK0 | Zynq_CPU_i/AES_Full_0/inst/grp_AES_Full_Pipeline_L_rounds_fu_139/grp_ShiftRows_fu_88/reg_154[7]_i_1_n_7                                                        |                                                                                                                                                                     |                3 |              8 |         2.67 |
|  Zynq_CPU_i/processing_system7_0/inst/FCLK_CLK0 | Zynq_CPU_i/AES_Full_0/inst/grp_AES_Full_Pipeline_L_rounds2_fu_168/grp_InvSubBytes_fu_100/reg_3290                                                              |                                                                                                                                                                     |                4 |              8 |         2.00 |
|  Zynq_CPU_i/processing_system7_0/inst/FCLK_CLK0 | Zynq_CPU_i/AES_Full_0/inst/grp_AES_Full_Pipeline_L_rounds2_fu_168/grp_InvSubBytes_fu_100/reg_345[7]_i_1__0_n_7                                                 |                                                                                                                                                                     |                5 |              8 |         1.60 |
|  Zynq_CPU_i/processing_system7_0/inst/FCLK_CLK0 | Zynq_CPU_i/AES_Full_0/inst/grp_AES_Full_Pipeline_L_rounds2_fu_168/grp_InvSubBytes_fu_100/reg_355[7]_i_1__0_n_7                                                 |                                                                                                                                                                     |                2 |              8 |         4.00 |
|  Zynq_CPU_i/processing_system7_0/inst/FCLK_CLK0 | Zynq_CPU_i/AES_Full_0/inst/grp_AES_Full_Pipeline_L_rounds2_fu_168/grp_InvSubBytes_fu_100/reg_3400                                                              |                                                                                                                                                                     |                4 |              8 |         2.00 |
|  Zynq_CPU_i/processing_system7_0/inst/FCLK_CLK0 | Zynq_CPU_i/AES_Full_0/inst/grp_AES_Full_Pipeline_L_rounds2_fu_168/grp_InvSubBytes_fu_100/reg_324[7]_i_1__0_n_7                                                 |                                                                                                                                                                     |                6 |              8 |         1.33 |
|  Zynq_CPU_i/processing_system7_0/inst/FCLK_CLK0 | Zynq_CPU_i/AES_Full_0/inst/grp_AES_Full_Pipeline_L_rounds2_fu_168/grp_InvSubBytes_fu_100/reg_335[7]_i_1__0_n_7                                                 |                                                                                                                                                                     |                1 |              8 |         8.00 |
|  Zynq_CPU_i/processing_system7_0/inst/FCLK_CLK0 | Zynq_CPU_i/AES_Full_0/inst/grp_AES_Full_Pipeline_L_rounds2_fu_168/grp_InvSubBytes_fu_100/reg_3500                                                              |                                                                                                                                                                     |                4 |              8 |         2.00 |
|  Zynq_CPU_i/processing_system7_0/inst/FCLK_CLK0 | Zynq_CPU_i/AES_Full_0/inst/grp_AES_Full_Pipeline_L_rounds2_fu_168/grp_InvSubBytes_fu_100/Q[3]                                                                  |                                                                                                                                                                     |                5 |              8 |         1.60 |
|  Zynq_CPU_i/processing_system7_0/inst/FCLK_CLK0 | Zynq_CPU_i/AES_Full_0/inst/grp_AES_Full_Pipeline_L_rounds_fu_139/grp_MixColumns_fu_94/ap_CS_fsm_state13                                                        |                                                                                                                                                                     |                6 |              8 |         1.33 |
|  Zynq_CPU_i/processing_system7_0/inst/FCLK_CLK0 | Zynq_CPU_i/AES_Full_0/inst/grp_AES_Full_Pipeline_L_rounds_fu_139/grp_MixColumns_fu_94/ap_CS_fsm_state15                                                        |                                                                                                                                                                     |                6 |              8 |         1.33 |
|  Zynq_CPU_i/processing_system7_0/inst/FCLK_CLK0 | Zynq_CPU_i/AES_Full_0/inst/grp_AES_Full_Pipeline_L_rounds_fu_139/grp_MixColumns_fu_94/ap_CS_fsm_state16                                                        |                                                                                                                                                                     |                6 |              8 |         1.33 |
|  Zynq_CPU_i/processing_system7_0/inst/FCLK_CLK0 | Zynq_CPU_i/AES_Full_0/inst/grp_AES_Full_Pipeline_L_rounds_fu_139/grp_MixColumns_fu_94/ap_CS_fsm_state5                                                         |                                                                                                                                                                     |                7 |              8 |         1.14 |
|  Zynq_CPU_i/processing_system7_0/inst/FCLK_CLK0 | Zynq_CPU_i/AES_Full_0/inst/grp_AES_Full_Pipeline_L_rounds_fu_139/grp_MixColumns_fu_94/reg_466[7]_i_1_n_7                                                       |                                                                                                                                                                     |                3 |              8 |         2.67 |
|  Zynq_CPU_i/processing_system7_0/inst/FCLK_CLK0 | Zynq_CPU_i/AES_Full_0/inst/grp_AES_Full_Pipeline_L_rounds_fu_139/grp_MixColumns_fu_94/reg_476[7]_i_1_n_7                                                       |                                                                                                                                                                     |                3 |              8 |         2.67 |
|  Zynq_CPU_i/processing_system7_0/inst/FCLK_CLK0 | Zynq_CPU_i/AES_Full_0/inst/grp_AES_Full_Pipeline_L_rounds_fu_139/grp_MixColumns_fu_94/reg_461[7]_i_1_n_7                                                       |                                                                                                                                                                     |                4 |              8 |         2.00 |
|  Zynq_CPU_i/processing_system7_0/inst/FCLK_CLK0 | Zynq_CPU_i/AES_Full_0/inst/grp_AES_Full_Pipeline_L_rounds_fu_139/grp_MixColumns_fu_94/reg_471[7]_i_1_n_7                                                       |                                                                                                                                                                     |                4 |              8 |         2.00 |
|  Zynq_CPU_i/processing_system7_0/inst/FCLK_CLK0 | Zynq_CPU_i/AES_Full_0/inst/grp_AES_Full_Pipeline_L_rounds_fu_139/grp_MixColumns_fu_94/reg_4570                                                                 |                                                                                                                                                                     |                3 |              8 |         2.67 |
|  Zynq_CPU_i/processing_system7_0/inst/FCLK_CLK0 | Zynq_CPU_i/axi_uartlite_0/U0/AXI_LITE_IPIF_I/I_SLAVE_ATTACHMENT/s_axi_rresp_i                                                                                  | Zynq_CPU_i/axi_uartlite_0/U0/AXI_LITE_IPIF_I/I_SLAVE_ATTACHMENT/rst                                                                                                 |                2 |              9 |         4.50 |
|  Zynq_CPU_i/processing_system7_0/inst/FCLK_CLK0 | Zynq_CPU_i/AES_Full_0/inst/CRTLS_s_axi_U/aw_hs                                                                                                                 |                                                                                                                                                                     |                3 |              9 |         3.00 |
|  Zynq_CPU_i/processing_system7_0/inst/FCLK_CLK0 |                                                                                                                                                                | Zynq_CPU_i/ps7_0_axi_periph/s00_couplers/auto_pc/inst/gen_axilite.gen_b2s_conv.axilite_b2s/areset_d1                                                                |                4 |             10 |         2.50 |
|  Zynq_CPU_i/processing_system7_0/inst/FCLK_CLK0 |                                                                                                                                                                | Zynq_CPU_i/axi_uartlite_0/U0/AXI_LITE_IPIF_I/I_SLAVE_ATTACHMENT/rst                                                                                                 |                5 |             11 |         2.20 |
|  Zynq_CPU_i/processing_system7_0/inst/FCLK_CLK0 |                                                                                                                                                                | Zynq_CPU_i/ps7_0_axi_periph/xbar/inst/gen_sasd.crossbar_sasd_0/addr_arbiter_inst/SR[0]                                                                              |                4 |             11 |         2.75 |
|  Zynq_CPU_i/processing_system7_0/inst/FCLK_CLK0 | Zynq_CPU_i/ps7_0_axi_periph/s00_couplers/auto_pc/inst/gen_axilite.gen_b2s_conv.axilite_b2s/WR.aw_channel_0/cmd_translator_0/incr_cmd_0/axaddr_incr[11]_i_1_n_0 |                                                                                                                                                                     |                3 |             12 |         4.00 |
|  Zynq_CPU_i/processing_system7_0/inst/FCLK_CLK0 | Zynq_CPU_i/ps7_0_axi_periph/s00_couplers/auto_pc/inst/gen_axilite.gen_b2s_conv.axilite_b2s/WR.aw_channel_0/aw_cmd_fsm_0/m_valid_i_reg[0]                       |                                                                                                                                                                     |                3 |             12 |         4.00 |
|  Zynq_CPU_i/processing_system7_0/inst/FCLK_CLK0 | Zynq_CPU_i/ps7_0_axi_periph/s00_couplers/auto_pc/inst/gen_axilite.gen_b2s_conv.axilite_b2s/RD.ar_channel_0/ar_cmd_fsm_0/E[0]                                   |                                                                                                                                                                     |                6 |             12 |         2.00 |
|  Zynq_CPU_i/processing_system7_0/inst/FCLK_CLK0 | Zynq_CPU_i/ps7_0_axi_periph/s00_couplers/auto_pc/inst/gen_axilite.gen_b2s_conv.axilite_b2s/RD.ar_channel_0/ar_cmd_fsm_0/sel_first_reg[0]                       |                                                                                                                                                                     |                3 |             12 |         4.00 |
|  Zynq_CPU_i/processing_system7_0/inst/FCLK_CLK0 | Zynq_CPU_i/ps7_0_axi_periph/s00_couplers/auto_pc/inst/gen_axilite.gen_b2s_conv.axilite_b2s/RD.r_channel_0/r_push_r                                             |                                                                                                                                                                     |                4 |             13 |         3.25 |
|  Zynq_CPU_i/processing_system7_0/inst/FCLK_CLK0 | Zynq_CPU_i/ps7_0_axi_periph/s00_couplers/auto_pc/inst/gen_axilite.gen_b2s_conv.axilite_b2s/SI_REG/b.b_pipe/s_ready_i_reg_0                                     |                                                                                                                                                                     |                4 |             14 |         3.50 |
|  Zynq_CPU_i/processing_system7_0/inst/FCLK_CLK0 | Zynq_CPU_i/ps7_0_axi_periph/s00_couplers/auto_pc/inst/gen_axilite.gen_b2s_conv.axilite_b2s/SI_REG/b.b_pipe/p_1_in                                              |                                                                                                                                                                     |                3 |             14 |         4.67 |
|  Zynq_CPU_i/processing_system7_0/inst/FCLK_CLK0 | Zynq_CPU_i/ps7_0_axi_periph/xbar/inst/gen_sasd.crossbar_sasd_0/reg_slice_r/aa_rready                                                                           |                                                                                                                                                                     |                6 |             15 |         2.50 |
|  Zynq_CPU_i/processing_system7_0/inst/FCLK_CLK0 | Zynq_CPU_i/AES_Full_0/inst/grp_AES_Full_Pipeline_L_rounds2_fu_168/grp_AddRoundKey_fu_108/Q[2]                                                                  |                                                                                                                                                                     |                8 |             16 |         2.00 |
|  Zynq_CPU_i/processing_system7_0/inst/FCLK_CLK0 | Zynq_CPU_i/AES_Full_0/inst/grp_AES_Full_Pipeline_L_rounds_fu_139/grp_MixColumns_fu_94/ap_CS_fsm_state3                                                         |                                                                                                                                                                     |                8 |             16 |         2.00 |
|  Zynq_CPU_i/processing_system7_0/inst/FCLK_CLK0 | Zynq_CPU_i/AES_Full_0/inst/grp_AES_Full_Pipeline_L_rounds_fu_139/grp_SubBytes_fu_80/Q[1]                                                                       |                                                                                                                                                                     |                6 |             16 |         2.67 |
|  Zynq_CPU_i/processing_system7_0/inst/FCLK_CLK0 | Zynq_CPU_i/AES_Full_0/inst/grp_AES_Full_Pipeline_L_rounds2_fu_168/grp_InvSubBytes_fu_100/ap_CS_fsm_state6                                                      |                                                                                                                                                                     |                6 |             16 |         2.67 |
|  Zynq_CPU_i/processing_system7_0/inst/FCLK_CLK0 | Zynq_CPU_i/AES_Full_0/inst/grp_AES_Full_Pipeline_L_rounds_fu_139/grp_MixColumns_fu_94/Q[3]                                                                     |                                                                                                                                                                     |               10 |             16 |         1.60 |
|  Zynq_CPU_i/processing_system7_0/inst/FCLK_CLK0 | Zynq_CPU_i/AES_Full_0/inst/grp_AES_Full_Pipeline_L_rounds_fu_139/grp_MixColumns_fu_94/ap_CS_fsm_state2                                                         |                                                                                                                                                                     |                7 |             16 |         2.29 |
|  Zynq_CPU_i/processing_system7_0/inst/FCLK_CLK0 | Zynq_CPU_i/AES_Full_0/inst/grp_AES_Full_Pipeline_L_rounds2_fu_168/grp_InvSubBytes_fu_100/Q[1]                                                                  |                                                                                                                                                                     |                8 |             16 |         2.00 |
|  Zynq_CPU_i/processing_system7_0/inst/FCLK_CLK0 | Zynq_CPU_i/AES_Full_0/inst/grp_AES_Full_Pipeline_L_rounds2_fu_168/grp_InvMixColumns_fu_117/reg_7270                                                            |                                                                                                                                                                     |                3 |             16 |         5.33 |
|  Zynq_CPU_i/processing_system7_0/inst/FCLK_CLK0 | Zynq_CPU_i/AES_Full_0/inst/grp_AES_Full_Pipeline_L_rounds2_fu_168/grp_InvMixColumns_fu_117/reg_7430                                                            |                                                                                                                                                                     |                6 |             16 |         2.67 |
|  Zynq_CPU_i/processing_system7_0/inst/FCLK_CLK0 | Zynq_CPU_i/AES_Full_0/inst/grp_AES_Full_Pipeline_L_copy_o3_fu_188/p_0_in0_out[1]                                                                               |                                                                                                                                                                     |                2 |             16 |         8.00 |
|  Zynq_CPU_i/processing_system7_0/inst/FCLK_CLK0 | Zynq_CPU_i/AES_Full_0/inst/grp_AES_Full_Pipeline_L_copy_o3_fu_188/p_0_in0_out[2]                                                                               |                                                                                                                                                                     |                2 |             16 |         8.00 |
|  Zynq_CPU_i/processing_system7_0/inst/FCLK_CLK0 | Zynq_CPU_i/AES_Full_0/inst/grp_AES_Full_Pipeline_L_copy_o3_fu_188/p_0_in0_out[0]                                                                               |                                                                                                                                                                     |                2 |             16 |         8.00 |
|  Zynq_CPU_i/processing_system7_0/inst/FCLK_CLK0 | Zynq_CPU_i/AES_Full_0/inst/grp_AES_Full_Pipeline_L_rounds2_fu_168/grp_InvMixColumns_fu_117/ap_CS_fsm_state2                                                    |                                                                                                                                                                     |                9 |             16 |         1.78 |
|  Zynq_CPU_i/processing_system7_0/inst/FCLK_CLK0 | Zynq_CPU_i/ps7_0_axi_periph/s00_couplers/auto_pc/inst/gen_axilite.gen_b2s_conv.axilite_b2s/WR.aw_channel_0/aw_cmd_fsm_0/m_axi_awready_0                        |                                                                                                                                                                     |                3 |             16 |         5.33 |
|  Zynq_CPU_i/processing_system7_0/inst/FCLK_CLK0 | Zynq_CPU_i/AES_Full_0/inst/grp_AES_Full_Pipeline_L_copy_o3_fu_188/p_0_in0_out[3]                                                                               |                                                                                                                                                                     |                2 |             16 |         8.00 |
|  Zynq_CPU_i/processing_system7_0/inst/FCLK_CLK0 | Zynq_CPU_i/AES_Full_0/inst/grp_AES_Full_Pipeline_L_rounds_fu_139/grp_SubBytes_fu_80/ap_CS_fsm_state6                                                           |                                                                                                                                                                     |                7 |             16 |         2.29 |
|  Zynq_CPU_i/processing_system7_0/inst/FCLK_CLK0 | Zynq_CPU_i/AES_Full_0/inst/grp_AES_Full_Pipeline_L_rounds_fu_139/grp_MixColumns_fu_94/ap_CS_fsm_state11                                                        |                                                                                                                                                                     |                8 |             16 |         2.00 |
|  Zynq_CPU_i/processing_system7_0/inst/FCLK_CLK0 | Zynq_CPU_i/AES_Full_0/inst/grp_AES_Full_Pipeline_L_rounds_fu_139/grp_SubBytes_fu_80/Q[2]                                                                       |                                                                                                                                                                     |                8 |             16 |         2.00 |
|  Zynq_CPU_i/processing_system7_0/inst/FCLK_CLK0 | Zynq_CPU_i/AES_Full_0/inst/grp_AES_Full_Pipeline_L_rounds2_fu_168/grp_InvMixColumns_fu_117/ap_CS_fsm_state5                                                    |                                                                                                                                                                     |                4 |             16 |         4.00 |
|  Zynq_CPU_i/processing_system7_0/inst/FCLK_CLK0 | Zynq_CPU_i/AES_Full_0/inst/CRTLS_s_axi_U/rdata[31]_i_2_n_7                                                                                                     | Zynq_CPU_i/AES_Full_0/inst/CRTLS_s_axi_U/rdata[31]_i_1_n_7                                                                                                          |                8 |             16 |         2.00 |
|  Zynq_CPU_i/processing_system7_0/inst/FCLK_CLK0 | Zynq_CPU_i/AES_Full_0/inst/grp_AES_Full_Pipeline_L_rounds_fu_139/grp_MixColumns_fu_94/ap_CS_fsm_state12                                                        |                                                                                                                                                                     |                6 |             16 |         2.67 |
|  Zynq_CPU_i/processing_system7_0/inst/FCLK_CLK0 | Zynq_CPU_i/AES_Full_0/inst/grp_AES_Full_Pipeline_L_rounds2_fu_168/grp_InvSubBytes_fu_100/Q[2]                                                                  |                                                                                                                                                                     |                6 |             16 |         2.67 |
|  Zynq_CPU_i/processing_system7_0/inst/FCLK_CLK0 | Zynq_CPU_i/AES_Full_0/inst/grp_AES_Full_Pipeline_L_rounds_fu_139/grp_MixColumns_fu_94/ap_CS_fsm_state14                                                        |                                                                                                                                                                     |                7 |             16 |         2.29 |
|  Zynq_CPU_i/processing_system7_0/inst/FCLK_CLK0 | Zynq_CPU_i/AES_Full_0/inst/grp_AES_Full_Pipeline_L_rounds2_fu_168/i_fu_72                                                                                      | Zynq_CPU_i/AES_Full_0/inst/grp_AES_Full_Pipeline_L_rounds2_fu_168/flow_control_loop_pipe_sequential_init_U/ap_loop_init_int_reg_0[0]                                |                4 |             16 |         4.00 |
|  Zynq_CPU_i/processing_system7_0/inst/FCLK_CLK0 | Zynq_CPU_i/AES_Full_0/inst/CRTLS_s_axi_U/rdata[31]_i_2_n_7                                                                                                     |                                                                                                                                                                     |                7 |             16 |         2.29 |
|  Zynq_CPU_i/processing_system7_0/inst/FCLK_CLK0 | Zynq_CPU_i/AES_Full_0/inst/grp_AES_Full_Pipeline_L_rounds2_fu_168/grp_InvMixColumns_fu_117/p_2_in                                                              |                                                                                                                                                                     |                7 |             16 |         2.29 |
|  Zynq_CPU_i/processing_system7_0/inst/FCLK_CLK0 | Zynq_CPU_i/AES_Full_0/inst/grp_AES_Full_Pipeline_L_rounds2_fu_168/grp_AddRoundKey_fu_108/Q[3]                                                                  |                                                                                                                                                                     |                6 |             16 |         2.67 |
|  Zynq_CPU_i/processing_system7_0/inst/FCLK_CLK0 | Zynq_CPU_i/AES_Full_0/inst/CRTLS_s_axi_U/int_Nr[15]_i_1_n_7                                                                                                    | Zynq_CPU_i/AES_Full_0/inst/grp_AES_Full_Pipeline_L_rounds2_fu_168/grp_InvMixColumns_fu_117/SR[0]                                                                    |                3 |             16 |         5.33 |
|  Zynq_CPU_i/processing_system7_0/inst/FCLK_CLK0 | Zynq_CPU_i/AES_Full_0/inst/grp_AES_Full_Pipeline_L_rounds_fu_139/grp_AddRoundKey_fu_104/ap_CS_fsm_state6                                                       |                                                                                                                                                                     |                5 |             16 |         3.20 |
|  Zynq_CPU_i/processing_system7_0/inst/FCLK_CLK0 | Zynq_CPU_i/AES_Full_0/inst/grp_AddRoundKey_fu_130/Q[1]                                                                                                         |                                                                                                                                                                     |                5 |             16 |         3.20 |
|  Zynq_CPU_i/processing_system7_0/inst/FCLK_CLK0 | Zynq_CPU_i/AES_Full_0/inst/CRTLS_s_axi_U/int_data_in/p_0_in0_out__0[0]                                                                                         |                                                                                                                                                                     |                2 |             16 |         8.00 |
|  Zynq_CPU_i/processing_system7_0/inst/FCLK_CLK0 | Zynq_CPU_i/AES_Full_0/inst/CRTLS_s_axi_U/int_data_in/p_0_in0_out__0[8]                                                                                         |                                                                                                                                                                     |                2 |             16 |         8.00 |
|  Zynq_CPU_i/processing_system7_0/inst/FCLK_CLK0 | Zynq_CPU_i/AES_Full_0/inst/CRTLS_s_axi_U/int_data_in/p_0_in0_out__0[16]                                                                                        |                                                                                                                                                                     |                2 |             16 |         8.00 |
|  Zynq_CPU_i/processing_system7_0/inst/FCLK_CLK0 | Zynq_CPU_i/AES_Full_0/inst/CRTLS_s_axi_U/int_data_in/p_0_in0_out__0[24]                                                                                        |                                                                                                                                                                     |                2 |             16 |         8.00 |
|  Zynq_CPU_i/processing_system7_0/inst/FCLK_CLK0 | Zynq_CPU_i/AES_Full_0/inst/grp_AES_Full_Pipeline_L_rounds_fu_139/grp_AddRoundKey_fu_104/Q[2]                                                                   |                                                                                                                                                                     |                6 |             16 |         2.67 |
|  Zynq_CPU_i/processing_system7_0/inst/FCLK_CLK0 | Zynq_CPU_i/AES_Full_0/inst/grp_AddRoundKey_fu_130/ap_CS_fsm_state6                                                                                             |                                                                                                                                                                     |                6 |             16 |         2.67 |
|  Zynq_CPU_i/processing_system7_0/inst/FCLK_CLK0 | Zynq_CPU_i/AES_Full_0/inst/grp_AddRoundKey_fu_130/ap_CS_fsm_state8                                                                                             |                                                                                                                                                                     |                8 |             16 |         2.00 |
|  Zynq_CPU_i/processing_system7_0/inst/FCLK_CLK0 | Zynq_CPU_i/AES_Full_0/inst/grp_AES_Full_Pipeline_L_rounds_fu_139/grp_AddRoundKey_fu_104/Q[3]                                                                   |                                                                                                                                                                     |                8 |             16 |         2.00 |
|  Zynq_CPU_i/processing_system7_0/inst/FCLK_CLK0 | Zynq_CPU_i/AES_Full_0/inst/grp_AES_Full_Pipeline_L_rounds2_fu_168/grp_AddRoundKey_fu_108/ap_CS_fsm_state6                                                      |                                                                                                                                                                     |                5 |             16 |         3.20 |
|  Zynq_CPU_i/processing_system7_0/inst/FCLK_CLK0 | Zynq_CPU_i/AES_Full_0/inst/grp_AES_Full_Pipeline_L_rounds_fu_139/grp_SubBytes_fu_80_ap_start_reg0                                                              | Zynq_CPU_i/AES_Full_0/inst/grp_AES_Full_Pipeline_L_rounds_fu_139/flow_control_loop_pipe_sequential_init_U/grp_AES_Full_Pipeline_L_rounds_fu_139_ap_start_reg_reg[0] |                5 |             16 |         3.20 |
|  Zynq_CPU_i/processing_system7_0/inst/FCLK_CLK0 | Zynq_CPU_i/AES_Full_0/inst/ap_CS_fsm_state42                                                                                                                   |                                                                                                                                                                     |                5 |             17 |         3.40 |
|  Zynq_CPU_i/processing_system7_0/inst/FCLK_CLK0 | Zynq_CPU_i/AES_Full_0/inst/ap_CS_fsm_state20                                                                                                                   |                                                                                                                                                                     |                4 |             17 |         4.25 |
|  Zynq_CPU_i/processing_system7_0/inst/FCLK_CLK0 | Zynq_CPU_i/AES_Full_0/inst/ap_CS_fsm_state1                                                                                                                    |                                                                                                                                                                     |                6 |             18 |         3.00 |
|  Zynq_CPU_i/processing_system7_0/inst/FCLK_CLK0 | Zynq_CPU_i/ps7_0_axi_periph/s00_couplers/auto_pc/inst/gen_axilite.gen_b2s_conv.axilite_b2s/RD.ar_channel_0/ar_cmd_fsm_0/m_axi_arready_2                        |                                                                                                                                                                     |                8 |             21 |         2.62 |
|  Zynq_CPU_i/processing_system7_0/inst/FCLK_CLK0 | Zynq_CPU_i/AES_Full_0/inst/grp_AES_Full_Pipeline_L_rounds2_fu_168/grp_InvMixColumns_fu_117/ap_CS_fsm_state9                                                    |                                                                                                                                                                     |                9 |             24 |         2.67 |
|  Zynq_CPU_i/processing_system7_0/inst/FCLK_CLK0 | Zynq_CPU_i/AES_Full_0/inst/grp_AES_Full_Pipeline_L_rounds_fu_139/grp_MixColumns_fu_94/Q[1]                                                                     |                                                                                                                                                                     |               10 |             24 |         2.40 |
|  Zynq_CPU_i/processing_system7_0/inst/FCLK_CLK0 | Zynq_CPU_i/AES_Full_0/inst/grp_AES_Full_Pipeline_L_rounds_fu_139/grp_MixColumns_fu_94/Q[2]                                                                     |                                                                                                                                                                     |                7 |             24 |         3.43 |
|  Zynq_CPU_i/processing_system7_0/inst/FCLK_CLK0 | Zynq_CPU_i/AES_Full_0/inst/grp_AES_Full_Pipeline_L_rounds2_fu_168/grp_InvMixColumns_fu_117/ap_CS_fsm_state8                                                    |                                                                                                                                                                     |               15 |             24 |         1.60 |
|  Zynq_CPU_i/processing_system7_0/inst/FCLK_CLK0 | Zynq_CPU_i/ps7_0_axi_periph/s00_couplers/auto_pc/inst/gen_axilite.gen_b2s_conv.axilite_b2s/WR.aw_channel_0/aw_cmd_fsm_0/FSM_sequential_state_reg[0]_1          |                                                                                                                                                                     |                9 |             24 |         2.67 |
|  Zynq_CPU_i/processing_system7_0/inst/FCLK_CLK0 | Zynq_CPU_i/AES_Full_0/inst/grp_AES_Full_Pipeline_L_rounds_fu_139/grp_MixColumns_fu_94/ap_CS_fsm_state10                                                        |                                                                                                                                                                     |               12 |             24 |         2.00 |
|  Zynq_CPU_i/processing_system7_0/inst/FCLK_CLK0 | Zynq_CPU_i/AES_Full_0/inst/grp_AES_Full_Pipeline_L_rounds_fu_139/grp_MixColumns_fu_94/Q[0]                                                                     |                                                                                                                                                                     |               12 |             24 |         2.00 |
|  Zynq_CPU_i/processing_system7_0/inst/FCLK_CLK0 | Zynq_CPU_i/ps7_0_axi_periph/xbar/inst/gen_sasd.crossbar_sasd_0/addr_arbiter_inst/p_0_in1_in                                                                    | Zynq_CPU_i/ps7_0_axi_periph/xbar/inst/gen_sasd.crossbar_sasd_0/addr_arbiter_inst/SR[0]                                                                              |                8 |             25 |         3.12 |
|  Zynq_CPU_i/processing_system7_0/inst/FCLK_CLK0 | Zynq_CPU_i/axi_uartlite_0/U0/UARTLITE_CORE_I/BAUD_RATE_I/en_16x_Baud                                                                                           | Zynq_CPU_i/axi_uartlite_0/U0/UARTLITE_CORE_I/UARTLITE_RX_I/s_axi_aresetn_0                                                                                          |                8 |             28 |         3.50 |
|  Zynq_CPU_i/processing_system7_0/inst/FCLK_CLK0 |                                                                                                                                                                | Zynq_CPU_i/axi_uartlite_0/U0/UARTLITE_CORE_I/UARTLITE_RX_I/s_axi_aresetn_0                                                                                          |               10 |             30 |         3.00 |
|  Zynq_CPU_i/processing_system7_0/inst/FCLK_CLK0 | Zynq_CPU_i/AES_Full_0/inst/grp_AES_Full_Pipeline_L_rounds2_fu_168/grp_InvMixColumns_fu_117/ap_CS_fsm_state3                                                    |                                                                                                                                                                     |               13 |             32 |         2.46 |
|  Zynq_CPU_i/processing_system7_0/inst/FCLK_CLK0 | Zynq_CPU_i/AES_Full_0/inst/CRTLS_s_axi_U/int_data_in/E[0]                                                                                                      |                                                                                                                                                                     |                8 |             32 |         4.00 |
|  Zynq_CPU_i/processing_system7_0/inst/FCLK_CLK0 | Zynq_CPU_i/AES_Full_0/inst/CRTLS_s_axi_U/int_data_out/ar_hs                                                                                                    |                                                                                                                                                                     |                8 |             32 |         4.00 |
|  Zynq_CPU_i/processing_system7_0/inst/FCLK_CLK0 | Zynq_CPU_i/AES_Full_0/inst/grp_AES_Full_Pipeline_L_rounds_fu_139/grp_MixColumns_fu_94/ap_CS_fsm_state7                                                         |                                                                                                                                                                     |               12 |             32 |         2.67 |
|  Zynq_CPU_i/processing_system7_0/inst/FCLK_CLK0 | Zynq_CPU_i/AES_Full_0/inst/grp_AES_Full_Pipeline_L_rounds2_fu_168/grp_InvMixColumns_fu_117/ap_CS_fsm_state14                                                   |                                                                                                                                                                     |                8 |             32 |         4.00 |
|  Zynq_CPU_i/processing_system7_0/inst/FCLK_CLK0 | Zynq_CPU_i/AES_Full_0/inst/CRTLS_s_axi_U/int_data_in/int_data_in_ce1                                                                                           |                                                                                                                                                                     |                8 |             32 |         4.00 |
|  Zynq_CPU_i/processing_system7_0/inst/FCLK_CLK0 | Zynq_CPU_i/ps7_0_axi_periph/s00_couplers/auto_pc/inst/gen_axilite.gen_b2s_conv.axilite_b2s/RD.r_channel_0/rd_data_fifo_0/wr_en0                                |                                                                                                                                                                     |                9 |             34 |         3.78 |
|  Zynq_CPU_i/processing_system7_0/inst/FCLK_CLK0 | Zynq_CPU_i/ps7_0_axi_periph/xbar/inst/gen_sasd.crossbar_sasd_0/addr_arbiter_inst/E[0]                                                                          |                                                                                                                                                                     |               12 |             35 |         2.92 |
|  Zynq_CPU_i/processing_system7_0/inst/FCLK_CLK0 | Zynq_CPU_i/AES_Full_0/inst/grp_AES_Full_Pipeline_L_rounds2_fu_168/grp_InvMixColumns_fu_117/ap_CS_fsm_state10                                                   |                                                                                                                                                                     |               14 |             40 |         2.86 |
|  Zynq_CPU_i/processing_system7_0/inst/FCLK_CLK0 | Zynq_CPU_i/AES_Full_0/inst/grp_AES_Full_Pipeline_L_rounds2_fu_168/grp_InvMixColumns_fu_117/ap_CS_fsm_state6                                                    |                                                                                                                                                                     |               13 |             40 |         3.08 |
|  Zynq_CPU_i/processing_system7_0/inst/FCLK_CLK0 | Zynq_CPU_i/ps7_0_axi_periph/s00_couplers/auto_pc/inst/gen_axilite.gen_b2s_conv.axilite_b2s/SI_REG/r.r_pipe/s_ready_i_reg_0                                     |                                                                                                                                                                     |                8 |             47 |         5.88 |
|  Zynq_CPU_i/processing_system7_0/inst/FCLK_CLK0 | Zynq_CPU_i/ps7_0_axi_periph/s00_couplers/auto_pc/inst/gen_axilite.gen_b2s_conv.axilite_b2s/SI_REG/r.r_pipe/p_1_in                                              |                                                                                                                                                                     |                8 |             47 |         5.88 |
|  Zynq_CPU_i/processing_system7_0/inst/FCLK_CLK0 | Zynq_CPU_i/ps7_0_axi_periph/s00_couplers/auto_pc/inst/gen_axilite.gen_b2s_conv.axilite_b2s/SI_REG/ar.ar_pipe/s_ready_i_reg_0                                   |                                                                                                                                                                     |               10 |             48 |         4.80 |
|  Zynq_CPU_i/processing_system7_0/inst/FCLK_CLK0 | Zynq_CPU_i/ps7_0_axi_periph/s00_couplers/auto_pc/inst/gen_axilite.gen_b2s_conv.axilite_b2s/SI_REG/aw.aw_pipe/s_ready_i_reg_0                                   |                                                                                                                                                                     |               14 |             48 |         3.43 |
|  Zynq_CPU_i/processing_system7_0/inst/FCLK_CLK0 | Zynq_CPU_i/ps7_0_axi_periph/s00_couplers/auto_pc/inst/gen_axilite.gen_b2s_conv.axilite_b2s/WR.aw_channel_0/aw_cmd_fsm_0/E[0]                                   |                                                                                                                                                                     |               12 |             48 |         4.00 |
|  Zynq_CPU_i/processing_system7_0/inst/FCLK_CLK0 | Zynq_CPU_i/ps7_0_axi_periph/s00_couplers/auto_pc/inst/gen_axilite.gen_b2s_conv.axilite_b2s/RD.ar_channel_0/ar_cmd_fsm_0/m_valid_i_reg[0]                       |                                                                                                                                                                     |               10 |             48 |         4.80 |
|  Zynq_CPU_i/processing_system7_0/inst/FCLK_CLK0 |                                                                                                                                                                |                                                                                                                                                                     |               61 |            168 |         2.75 |
|  Zynq_CPU_i/processing_system7_0/inst/FCLK_CLK0 |                                                                                                                                                                | Zynq_CPU_i/AES_Full_0/inst/grp_AES_Full_Pipeline_L_rounds2_fu_168/grp_InvMixColumns_fu_117/SR[0]                                                                    |              113 |            356 |         3.15 |
+-------------------------------------------------+----------------------------------------------------------------------------------------------------------------------------------------------------------------+---------------------------------------------------------------------------------------------------------------------------------------------------------------------+------------------+----------------+--------------+


