

================================================================
== Vitis HLS Report for 'AES_Full_Pipeline_L_rounds2'
================================================================
* Date:           Thu Apr 17 13:41:52 2025

* Version:        2021.2 (Build 3367213 on Tue Oct 19 02:48:09 MDT 2021)
* Project:        aes_full
* Solution:       full (Vivado IP Flow Target)
* Product family: zynq
* Target device:  xc7z020-clg400-1


================================================================
== Performance Estimates
================================================================
+ Timing: 
    * Summary: 
    +--------+----------+----------+------------+
    |  Clock |  Target  | Estimated| Uncertainty|
    +--------+----------+----------+------------+
    |ap_clk  |  10.00 ns|  6.566 ns|     2.70 ns|
    +--------+----------+----------+------------+

+ Latency: 
    * Summary: 
    +---------+---------+----------+----------+-----+-----+---------+
    |  Latency (cycles) |  Latency (absolute) |  Interval | Pipeline|
    |   min   |   max   |    min   |    max   | min | max |   Type  |
    +---------+---------+----------+----------+-----+-----+---------+
    |        ?|        ?|         ?|         ?|    ?|    ?|       no|
    +---------+---------+----------+----------+-----+-----+---------+

    + Detail: 
        * Instance: 
        +--------------------------+---------------+---------+---------+-----------+-----------+-----+-----+---------+
        |                          |               |  Latency (cycles) |   Latency (absolute)  |  Interval | Pipeline|
        |         Instance         |     Module    |   min   |   max   |    min    |    max    | min | max |   Type  |
        +--------------------------+---------------+---------+---------+-----------+-----------+-----+-----+---------+
        |grp_InvShiftRows_fu_94    |InvShiftRows   |        8|        8|  80.000 ns|  80.000 ns|    9|    9|      yes|
        |grp_InvSubBytes_fu_100    |InvSubBytes    |       17|       17|   0.170 us|   0.170 us|   18|   18|      yes|
        |grp_AddRoundKey_fu_108    |AddRoundKey    |       16|       16|   0.160 us|   0.160 us|   17|   17|      yes|
        |grp_InvMixColumns_fu_117  |InvMixColumns  |       17|       17|   0.170 us|   0.170 us|   18|   18|      yes|
        +--------------------------+---------------+---------+---------+-----------+-----------+-----+-----+---------+

        * Loop: 
        +------------+---------+---------+----------+-----------+-----------+------+----------+
        |            |  Latency (cycles) | Iteration|  Initiation Interval  | Trip |          |
        |  Loop Name |   min   |   max   |  Latency |  achieved |   target  | Count| Pipelined|
        +------------+---------+---------+----------+-----------+-----------+------+----------+
        |- L_rounds  |        ?|        ?|        63|         62|          1|     ?|       yes|
        +------------+---------+---------+----------+-----------+-----------+------+----------+



================================================================
== Utilization Estimates
================================================================
* Summary: 
+-----------------+---------+-----+--------+-------+-----+
|       Name      | BRAM_18K| DSP |   FF   |  LUT  | URAM|
+-----------------+---------+-----+--------+-------+-----+
|DSP              |        -|    -|       -|      -|    -|
|Expression       |        -|    -|       0|     81|    -|
|FIFO             |        -|    -|       -|      -|    -|
|Instance         |        5|    -|     670|   2473|    -|
|Memory           |        -|    -|       -|      -|    -|
|Multiplexer      |        -|    -|       -|    523|    -|
|Register         |        -|    -|      91|      -|    -|
+-----------------+---------+-----+--------+-------+-----+
|Total            |        5|    0|     761|   3077|    0|
+-----------------+---------+-----+--------+-------+-----+
|Available        |      280|  220|  106400|  53200|    0|
+-----------------+---------+-----+--------+-------+-----+
|Utilization (%)  |        1|    0|      ~0|      5|    0|
+-----------------+---------+-----+--------+-------+-----+

+ Detail: 
    * Instance: 
    +--------------------------+---------------+---------+----+-----+------+-----+
    |         Instance         |     Module    | BRAM_18K| DSP|  FF |  LUT | URAM|
    +--------------------------+---------------+---------+----+-----+------+-----+
    |grp_AddRoundKey_fu_108    |AddRoundKey    |        0|   0|  169|   759|    0|
    |grp_InvMixColumns_fu_117  |InvMixColumns  |        4|   0|  330|  1059|    0|
    |grp_InvShiftRows_fu_94    |InvShiftRows   |        0|   0|   41|   227|    0|
    |grp_InvSubBytes_fu_100    |InvSubBytes    |        1|   0|  130|   428|    0|
    +--------------------------+---------------+---------+----+-----+------+-----+
    |Total                     |               |        5|   0|  670|  2473|    0|
    +--------------------------+---------------+---------+----+-----+------+-----+

    * DSP: 
    N/A

    * Memory: 
    N/A

    * FIFO: 
    N/A

    * Expression: 
    +-----------------------------------------+----------+----+---+----+------------+------------+
    |              Variable Name              | Operation| DSP| FF| LUT| Bitwidth P0| Bitwidth P1|
    +-----------------------------------------+----------+----+---+----+------------+------------+
    |grp_AddRoundKey_fu_108_roundKey          |         +|   0|  0|  15|           8|           6|
    |i_2_fu_145_p2                            |         +|   0|  0|  23|          16|           1|
    |sub_ln226_fu_159_p2                      |         -|   0|  0|  13|           4|           4|
    |ap_predicate_op133_call_state46_state45  |       and|   0|  0|   2|           1|           1|
    |icmp_ln222_fu_139_p2                     |      icmp|   0|  0|  13|          16|          16|
    |icmp_ln227_fu_165_p2                     |      icmp|   0|  0|  13|          17|          17|
    |ap_enable_pp0                            |       xor|   0|  0|   2|           1|           2|
    +-----------------------------------------+----------+----+---+----+------------+------------+
    |Total                                    |          |   0|  0|  81|          63|          47|
    +-----------------------------------------+----------+----+---+----+------------+------------+

    * Multiplexer: 
    +-----------------------------+-----+-----------+-----+-----------+
    |             Name            | LUT | Input Size| Bits| Total Bits|
    +-----------------------------+-----+-----------+-----+-----------+
    |ap_NS_fsm                    |  269|         63|    1|         63|
    |ap_done_int                  |    9|          2|    1|          2|
    |ap_enable_reg_pp0_iter0      |    9|          2|    1|          2|
    |ap_enable_reg_pp0_iter0_reg  |    9|          2|    1|          2|
    |ap_enable_reg_pp0_iter1      |    9|          2|    1|          2|
    |ap_sig_allocacmp_i_1         |    9|          2|   16|         32|
    |i_fu_72                      |    9|          2|   16|         32|
    |state_1_address0             |   25|          5|    4|         20|
    |state_1_address1             |   25|          5|    4|         20|
    |state_1_ce0                  |   25|          5|    1|          5|
    |state_1_ce1                  |   25|          5|    1|          5|
    |state_1_d0                   |   25|          5|    8|         40|
    |state_1_d1                   |   25|          5|    8|         40|
    |state_1_we0                  |   25|          5|    1|          5|
    |state_1_we1                  |   25|          5|    1|          5|
    +-----------------------------+-----+-----------+-----+-----------+
    |Total                        |  523|        115|   65|        275|
    +-----------------------------+-----+-----------+-----+-----------+

    * Register: 
    +---------------------------------------+----+----+-----+-----------+
    |                  Name                 | FF | LUT| Bits| Const Bits|
    +---------------------------------------+----+----+-----+-----------+
    |ap_CS_fsm                              |  62|   0|   62|          0|
    |ap_done_reg                            |   1|   0|    1|          0|
    |ap_enable_reg_pp0_iter0_reg            |   1|   0|    1|          0|
    |ap_enable_reg_pp0_iter1                |   1|   0|    1|          0|
    |grp_AddRoundKey_fu_108_ap_start_reg    |   1|   0|    1|          0|
    |grp_InvMixColumns_fu_117_ap_start_reg  |   1|   0|    1|          0|
    |grp_InvShiftRows_fu_94_ap_start_reg    |   1|   0|    1|          0|
    |grp_InvSubBytes_fu_100_ap_start_reg    |   1|   0|    1|          0|
    |i_fu_72                                |  16|   0|   16|          0|
    |icmp_ln222_reg_197                     |   1|   0|    1|          0|
    |icmp_ln227_reg_206                     |   1|   0|    1|          0|
    |sub_ln226_reg_201                      |   4|   0|    4|          0|
    +---------------------------------------+----+----+-----+-----------+
    |Total                                  |  91|   0|   91|          0|
    +---------------------------------------+----+----+-----+-----------+



================================================================
== Interface
================================================================
* Summary: 
+----------------------+-----+-----+------------+-----------------------------+--------------+
|       RTL Ports      | Dir | Bits|  Protocol  |        Source Object        |    C Type    |
+----------------------+-----+-----+------------+-----------------------------+--------------+
|ap_clk                |   in|    1|  ap_ctrl_hs|  AES_Full_Pipeline_L_rounds2|  return value|
|ap_rst                |   in|    1|  ap_ctrl_hs|  AES_Full_Pipeline_L_rounds2|  return value|
|ap_start              |   in|    1|  ap_ctrl_hs|  AES_Full_Pipeline_L_rounds2|  return value|
|ap_done               |  out|    1|  ap_ctrl_hs|  AES_Full_Pipeline_L_rounds2|  return value|
|ap_idle               |  out|    1|  ap_ctrl_hs|  AES_Full_Pipeline_L_rounds2|  return value|
|ap_ready              |  out|    1|  ap_ctrl_hs|  AES_Full_Pipeline_L_rounds2|  return value|
|Nr                    |   in|   16|     ap_none|                           Nr|        scalar|
|state_1_address0      |  out|    4|   ap_memory|                      state_1|         array|
|state_1_ce0           |  out|    1|   ap_memory|                      state_1|         array|
|state_1_we0           |  out|    1|   ap_memory|                      state_1|         array|
|state_1_d0            |  out|    8|   ap_memory|                      state_1|         array|
|state_1_q0            |   in|    8|   ap_memory|                      state_1|         array|
|state_1_address1      |  out|    4|   ap_memory|                      state_1|         array|
|state_1_ce1           |  out|    1|   ap_memory|                      state_1|         array|
|state_1_we1           |  out|    1|   ap_memory|                      state_1|         array|
|state_1_d1            |  out|    8|   ap_memory|                      state_1|         array|
|state_1_q1            |   in|    8|   ap_memory|                      state_1|         array|
|trunc_ln              |   in|    4|     ap_none|                     trunc_ln|        scalar|
|expandedKey_address0  |  out|    8|   ap_memory|                  expandedKey|         array|
|expandedKey_ce0       |  out|    1|   ap_memory|                  expandedKey|         array|
|expandedKey_q0        |   in|    8|   ap_memory|                  expandedKey|         array|
|sub19_i               |   in|   17|     ap_none|                      sub19_i|        scalar|
+----------------------+-----+-----+------------+-----------------------------+--------------+

