

================================================================
== Vitis HLS Report for 'AES_Full_Pipeline_L_rounds'
================================================================
* Date:           Thu Apr 17 13:41:37 2025

* Version:        2021.2 (Build 3367213 on Tue Oct 19 02:48:09 MDT 2021)
* Project:        aes_full
* Solution:       full (Vivado IP Flow Target)
* Product family: zynq
* Target device:  xc7z020-clg400-1


================================================================
== Performance Estimates
================================================================
+ Timing: 
    * Summary: 
    +--------+----------+----------+------------+
    |  Clock |  Target  | Estimated| Uncertainty|
    +--------+----------+----------+------------+
    |ap_clk  |  10.00 ns|  6.566 ns|     2.70 ns|
    +--------+----------+----------+------------+

+ Latency: 
    * Summary: 
    +---------+---------+----------+----------+-----+-----+---------+
    |  Latency (cycles) |  Latency (absolute) |  Interval | Pipeline|
    |   min   |   max   |    min   |    max   | min | max |   Type  |
    +---------+---------+----------+----------+-----+-----+---------+
    |        ?|        ?|         ?|         ?|    ?|    ?|       no|
    +---------+---------+----------+----------+-----+-----+---------+

    + Detail: 
        * Instance: 
        N/A

        * Loop: 
        +------------+---------+---------+----------+-----------+-----------+------+----------+
        |            |  Latency (cycles) | Iteration|  Initiation Interval  | Trip |          |
        |  Loop Name |   min   |   max   |  Latency |  achieved |   target  | Count| Pipelined|
        +------------+---------+---------+----------+-----------+-----------+------+----------+
        |- L_rounds  |        ?|        ?|        63|         62|          1|     ?|       yes|
        +------------+---------+---------+----------+-----------+-----------+------+----------+

============================================================
+ Verbose Summary: Synthesis Manager
============================================================
InlineROM: 1
ExposeGlobal: 0
============================================================
+ Verbose Summary: CDFG Model
============================================================
IsTopModel: 0
ResetActiveHigh: 1
IsCombinational: 0
IsDatapathOnly: 0
HasWiredReturn: 1
HasMFsm: 2
HasVarLatency: 1
IsPipeline: 0
IsRtlPipelined: 0
IsInstanceOverlapped: 0
IsDontTouch: 0
HasImplIP: 0
IsGatedGlobalClock: 0

+ Individual pipeline summary: 
  * Pipeline-0: initiation interval (II) = 62, depth = 63


============================================================
+ Verbose Summary: Schedule
============================================================
* Number of FSM states : 63
* Pipeline : 1
  Pipeline-0 : II = 62, D = 63, States = { 1 2 3 4 5 6 7 8 9 10 11 12 13 14 15 16 17 18 19 20 21 22 23 24 25 26 27 28 29 30 31 32 33 34 35 36 37 38 39 40 41 42 43 44 45 46 47 48 49 50 51 52 53 54 55 56 57 58 59 60 61 62 63 }
* Dataflow Pipeline: 0

* FSM state transitions: 
1 --> 2 
2 --> 3 
3 --> 4 
4 --> 5 
5 --> 6 
6 --> 7 
7 --> 8 
8 --> 9 
9 --> 10 
10 --> 11 
11 --> 12 
12 --> 13 
13 --> 14 
14 --> 15 
15 --> 16 
16 --> 17 
17 --> 18 
18 --> 19 
19 --> 20 
20 --> 21 
21 --> 22 
22 --> 23 
23 --> 24 
24 --> 25 
25 --> 26 
26 --> 27 
27 --> 28 
28 --> 29 
29 --> 30 
30 --> 31 
31 --> 32 
32 --> 33 
33 --> 34 
34 --> 35 
35 --> 36 
36 --> 37 
37 --> 38 
38 --> 39 
39 --> 40 
40 --> 41 
41 --> 42 
42 --> 43 
43 --> 44 
44 --> 45 
45 --> 46 
46 --> 47 
47 --> 48 
48 --> 49 
49 --> 50 
50 --> 51 
51 --> 52 
52 --> 53 
53 --> 54 
54 --> 55 
55 --> 56 
56 --> 57 
57 --> 58 
58 --> 59 
59 --> 60 
60 --> 61 
61 --> 62 
62 --> 63 
63 --> 

* FSM state operations: 

State 1 <SV = 0> <Delay = 4.01>
ST_1 : Operation 66 [1/1] (0.00ns)   --->   "%i_1 = alloca i32 1"   --->   Operation 66 'alloca' 'i_1' <Predicate = true> <Delay = 0.00>
ST_1 : Operation 67 [1/1] (0.00ns)   --->   "%specmemcore_ln0 = specmemcore void @_ssdm_op_SpecMemCore, i8 %expandedKey, i64 666, i64 207, i64 1"   --->   Operation 67 'specmemcore' 'specmemcore_ln0' <Predicate = true> <Delay = 0.00>
ST_1 : Operation 68 [1/1] (0.00ns)   --->   "%specinterface_ln0 = specinterface void @_ssdm_op_SpecInterface, i8 %expandedKey, void @empty_6, i32 0, i32 0, void @empty_0, i32 1, i32 0, void @empty_0, void @empty_0, void @empty_0, i32 0, i32 0, i32 0, i32 0, void @empty_0, void @empty_0"   --->   Operation 68 'specinterface' 'specinterface_ln0' <Predicate = true> <Delay = 0.00>
ST_1 : Operation 69 [1/1] (0.00ns)   --->   "%sub_i_read = read i17 @_ssdm_op_Read.ap_auto.i17, i17 %sub_i"   --->   Operation 69 'read' 'sub_i_read' <Predicate = true> <Delay = 0.00>
ST_1 : Operation 70 [1/1] (0.00ns)   --->   "%Nr_read = read i16 @_ssdm_op_Read.ap_auto.i16, i16 %Nr"   --->   Operation 70 'read' 'Nr_read' <Predicate = true> <Delay = 0.00>
ST_1 : Operation 71 [1/1] (1.58ns)   --->   "%store_ln0 = store i16 0, i16 %i_1"   --->   Operation 71 'store' 'store_ln0' <Predicate = true> <Delay = 1.58>
ST_1 : Operation 72 [1/1] (0.00ns)   --->   "%br_ln0 = br void"   --->   Operation 72 'br' 'br_ln0' <Predicate = true> <Delay = 0.00>
ST_1 : Operation 73 [1/1] (0.00ns)   --->   "%i = load i16 %i_1" [source/AESfunctions.cpp:185->source/AESfunctions.cpp:254]   --->   Operation 73 'load' 'i' <Predicate = true> <Delay = 0.00>
ST_1 : Operation 74 [1/1] (0.00ns)   --->   "%specpipeline_ln0 = specpipeline void @_ssdm_op_SpecPipeline, i32 4294967295, i32 0, i32 1, i32 0, void @p_str"   --->   Operation 74 'specpipeline' 'specpipeline_ln0' <Predicate = true> <Delay = 0.00>
ST_1 : Operation 75 [1/1] (2.42ns)   --->   "%icmp_ln178 = icmp_eq  i16 %i, i16 %Nr_read" [source/AESfunctions.cpp:178->source/AESfunctions.cpp:254]   --->   Operation 75 'icmp' 'icmp_ln178' <Predicate = true> <Delay = 2.42> <CoreInst = "Cmp">   --->   Core 9 'Cmp' <Latency = 0> <II = 1> <Delay = 2.43> <FuncUnit> <Opcode : 'icmp'> <InPorts = 2> <OutPorts = 1>
ST_1 : Operation 76 [1/1] (2.07ns)   --->   "%i_3 = add i16 %i, i16 1" [source/AESfunctions.cpp:178->source/AESfunctions.cpp:254]   --->   Operation 76 'add' 'i_3' <Predicate = true> <Delay = 2.07> <CoreInst = "Adder">   --->   Core 1 'Adder' <Latency = 0> <II = 1> <Delay = 1.91> <FuncUnit> <Opcode : 'add' 'sub'> <InPorts = 2> <OutPorts = 1>
ST_1 : Operation 77 [1/1] (0.00ns)   --->   "%br_ln178 = br i1 %icmp_ln178, void %.split3.i, void %._crit_edge.loopexit.i.preheader.exitStub" [source/AESfunctions.cpp:178->source/AESfunctions.cpp:254]   --->   Operation 77 'br' 'br_ln178' <Predicate = true> <Delay = 0.00>
ST_1 : Operation 78 [1/1] (0.00ns)   --->   "%zext_ln178 = zext i16 %i" [source/AESfunctions.cpp:178->source/AESfunctions.cpp:254]   --->   Operation 78 'zext' 'zext_ln178' <Predicate = (!icmp_ln178)> <Delay = 0.00>
ST_1 : Operation 79 [1/1] (2.43ns)   --->   "%icmp_ln182 = icmp_eq  i17 %zext_ln178, i17 %sub_i_read" [source/AESfunctions.cpp:182->source/AESfunctions.cpp:254]   --->   Operation 79 'icmp' 'icmp_ln182' <Predicate = (!icmp_ln178)> <Delay = 2.43> <CoreInst = "Cmp">   --->   Core 9 'Cmp' <Latency = 0> <II = 1> <Delay = 2.43> <FuncUnit> <Opcode : 'icmp'> <InPorts = 2> <OutPorts = 1>
ST_1 : Operation 80 [1/1] (0.00ns)   --->   "%br_ln182 = br i1 %icmp_ln182, void, void %.split3._crit_edge.i" [source/AESfunctions.cpp:182->source/AESfunctions.cpp:254]   --->   Operation 80 'br' 'br_ln182' <Predicate = (!icmp_ln178)> <Delay = 0.00>
ST_1 : Operation 81 [1/1] (0.00ns)   --->   "%trunc_ln185 = trunc i16 %i" [source/AESfunctions.cpp:185->source/AESfunctions.cpp:254]   --->   Operation 81 'trunc' 'trunc_ln185' <Predicate = (!icmp_ln178)> <Delay = 0.00>
ST_1 : Operation 82 [1/1] (1.58ns)   --->   "%store_ln178 = store i16 %i_3, i16 %i_1" [source/AESfunctions.cpp:178->source/AESfunctions.cpp:254]   --->   Operation 82 'store' 'store_ln178' <Predicate = (!icmp_ln178)> <Delay = 1.58>
ST_1 : Operation 150 [1/1] (0.00ns)   --->   "%ret_ln0 = ret"   --->   Operation 150 'ret' 'ret_ln0' <Predicate = (icmp_ln178)> <Delay = 0.00>

State 2 <SV = 1> <Delay = 0.00>
ST_2 : Operation 83 [18/18] (0.00ns)   --->   "%call_ln180 = call void @SubBytes, i8 %state, i8 %s_box" [source/AESfunctions.cpp:180->source/AESfunctions.cpp:254]   --->   Operation 83 'call' 'call_ln180' <Predicate = (!icmp_ln178)> <Delay = 0.00> <CoreType = "Generic">   --->   Core 0 '' <Latency = 0> <II = 1> <Delay = 1.00> <Generic> <Opcode : >

State 3 <SV = 2> <Delay = 5.57>
ST_3 : Operation 84 [17/18] (5.57ns)   --->   "%call_ln180 = call void @SubBytes, i8 %state, i8 %s_box" [source/AESfunctions.cpp:180->source/AESfunctions.cpp:254]   --->   Operation 84 'call' 'call_ln180' <Predicate = (!icmp_ln178)> <Delay = 5.57> <CoreType = "Generic">   --->   Core 0 '' <Latency = 0> <II = 1> <Delay = 1.00> <Generic> <Opcode : >

State 4 <SV = 3> <Delay = 5.57>
ST_4 : Operation 85 [16/18] (5.57ns)   --->   "%call_ln180 = call void @SubBytes, i8 %state, i8 %s_box" [source/AESfunctions.cpp:180->source/AESfunctions.cpp:254]   --->   Operation 85 'call' 'call_ln180' <Predicate = (!icmp_ln178)> <Delay = 5.57> <CoreType = "Generic">   --->   Core 0 '' <Latency = 0> <II = 1> <Delay = 1.00> <Generic> <Opcode : >

State 5 <SV = 4> <Delay = 5.57>
ST_5 : Operation 86 [15/18] (5.57ns)   --->   "%call_ln180 = call void @SubBytes, i8 %state, i8 %s_box" [source/AESfunctions.cpp:180->source/AESfunctions.cpp:254]   --->   Operation 86 'call' 'call_ln180' <Predicate = (!icmp_ln178)> <Delay = 5.57> <CoreType = "Generic">   --->   Core 0 '' <Latency = 0> <II = 1> <Delay = 1.00> <Generic> <Opcode : >

State 6 <SV = 5> <Delay = 5.57>
ST_6 : Operation 87 [14/18] (5.57ns)   --->   "%call_ln180 = call void @SubBytes, i8 %state, i8 %s_box" [source/AESfunctions.cpp:180->source/AESfunctions.cpp:254]   --->   Operation 87 'call' 'call_ln180' <Predicate = (!icmp_ln178)> <Delay = 5.57> <CoreType = "Generic">   --->   Core 0 '' <Latency = 0> <II = 1> <Delay = 1.00> <Generic> <Opcode : >

State 7 <SV = 6> <Delay = 5.57>
ST_7 : Operation 88 [13/18] (5.57ns)   --->   "%call_ln180 = call void @SubBytes, i8 %state, i8 %s_box" [source/AESfunctions.cpp:180->source/AESfunctions.cpp:254]   --->   Operation 88 'call' 'call_ln180' <Predicate = (!icmp_ln178)> <Delay = 5.57> <CoreType = "Generic">   --->   Core 0 '' <Latency = 0> <II = 1> <Delay = 1.00> <Generic> <Opcode : >

State 8 <SV = 7> <Delay = 5.57>
ST_8 : Operation 89 [12/18] (5.57ns)   --->   "%call_ln180 = call void @SubBytes, i8 %state, i8 %s_box" [source/AESfunctions.cpp:180->source/AESfunctions.cpp:254]   --->   Operation 89 'call' 'call_ln180' <Predicate = (!icmp_ln178)> <Delay = 5.57> <CoreType = "Generic">   --->   Core 0 '' <Latency = 0> <II = 1> <Delay = 1.00> <Generic> <Opcode : >

State 9 <SV = 8> <Delay = 5.57>
ST_9 : Operation 90 [11/18] (5.57ns)   --->   "%call_ln180 = call void @SubBytes, i8 %state, i8 %s_box" [source/AESfunctions.cpp:180->source/AESfunctions.cpp:254]   --->   Operation 90 'call' 'call_ln180' <Predicate = (!icmp_ln178)> <Delay = 5.57> <CoreType = "Generic">   --->   Core 0 '' <Latency = 0> <II = 1> <Delay = 1.00> <Generic> <Opcode : >

State 10 <SV = 9> <Delay = 5.57>
ST_10 : Operation 91 [10/18] (5.57ns)   --->   "%call_ln180 = call void @SubBytes, i8 %state, i8 %s_box" [source/AESfunctions.cpp:180->source/AESfunctions.cpp:254]   --->   Operation 91 'call' 'call_ln180' <Predicate = (!icmp_ln178)> <Delay = 5.57> <CoreType = "Generic">   --->   Core 0 '' <Latency = 0> <II = 1> <Delay = 1.00> <Generic> <Opcode : >

State 11 <SV = 10> <Delay = 5.57>
ST_11 : Operation 92 [9/18] (5.57ns)   --->   "%call_ln180 = call void @SubBytes, i8 %state, i8 %s_box" [source/AESfunctions.cpp:180->source/AESfunctions.cpp:254]   --->   Operation 92 'call' 'call_ln180' <Predicate = (!icmp_ln178)> <Delay = 5.57> <CoreType = "Generic">   --->   Core 0 '' <Latency = 0> <II = 1> <Delay = 1.00> <Generic> <Opcode : >

State 12 <SV = 11> <Delay = 5.57>
ST_12 : Operation 93 [8/18] (5.57ns)   --->   "%call_ln180 = call void @SubBytes, i8 %state, i8 %s_box" [source/AESfunctions.cpp:180->source/AESfunctions.cpp:254]   --->   Operation 93 'call' 'call_ln180' <Predicate = (!icmp_ln178)> <Delay = 5.57> <CoreType = "Generic">   --->   Core 0 '' <Latency = 0> <II = 1> <Delay = 1.00> <Generic> <Opcode : >

State 13 <SV = 12> <Delay = 5.57>
ST_13 : Operation 94 [7/18] (5.57ns)   --->   "%call_ln180 = call void @SubBytes, i8 %state, i8 %s_box" [source/AESfunctions.cpp:180->source/AESfunctions.cpp:254]   --->   Operation 94 'call' 'call_ln180' <Predicate = (!icmp_ln178)> <Delay = 5.57> <CoreType = "Generic">   --->   Core 0 '' <Latency = 0> <II = 1> <Delay = 1.00> <Generic> <Opcode : >

State 14 <SV = 13> <Delay = 5.57>
ST_14 : Operation 95 [6/18] (5.57ns)   --->   "%call_ln180 = call void @SubBytes, i8 %state, i8 %s_box" [source/AESfunctions.cpp:180->source/AESfunctions.cpp:254]   --->   Operation 95 'call' 'call_ln180' <Predicate = (!icmp_ln178)> <Delay = 5.57> <CoreType = "Generic">   --->   Core 0 '' <Latency = 0> <II = 1> <Delay = 1.00> <Generic> <Opcode : >

State 15 <SV = 14> <Delay = 5.57>
ST_15 : Operation 96 [5/18] (5.57ns)   --->   "%call_ln180 = call void @SubBytes, i8 %state, i8 %s_box" [source/AESfunctions.cpp:180->source/AESfunctions.cpp:254]   --->   Operation 96 'call' 'call_ln180' <Predicate = (!icmp_ln178)> <Delay = 5.57> <CoreType = "Generic">   --->   Core 0 '' <Latency = 0> <II = 1> <Delay = 1.00> <Generic> <Opcode : >

State 16 <SV = 15> <Delay = 5.57>
ST_16 : Operation 97 [4/18] (5.57ns)   --->   "%call_ln180 = call void @SubBytes, i8 %state, i8 %s_box" [source/AESfunctions.cpp:180->source/AESfunctions.cpp:254]   --->   Operation 97 'call' 'call_ln180' <Predicate = (!icmp_ln178)> <Delay = 5.57> <CoreType = "Generic">   --->   Core 0 '' <Latency = 0> <II = 1> <Delay = 1.00> <Generic> <Opcode : >

State 17 <SV = 16> <Delay = 5.57>
ST_17 : Operation 98 [3/18] (5.57ns)   --->   "%call_ln180 = call void @SubBytes, i8 %state, i8 %s_box" [source/AESfunctions.cpp:180->source/AESfunctions.cpp:254]   --->   Operation 98 'call' 'call_ln180' <Predicate = (!icmp_ln178)> <Delay = 5.57> <CoreType = "Generic">   --->   Core 0 '' <Latency = 0> <II = 1> <Delay = 1.00> <Generic> <Opcode : >

State 18 <SV = 17> <Delay = 5.57>
ST_18 : Operation 99 [2/18] (5.57ns)   --->   "%call_ln180 = call void @SubBytes, i8 %state, i8 %s_box" [source/AESfunctions.cpp:180->source/AESfunctions.cpp:254]   --->   Operation 99 'call' 'call_ln180' <Predicate = (!icmp_ln178)> <Delay = 5.57> <CoreType = "Generic">   --->   Core 0 '' <Latency = 0> <II = 1> <Delay = 1.00> <Generic> <Opcode : >

State 19 <SV = 18> <Delay = 0.00>
ST_19 : Operation 100 [1/18] (0.00ns)   --->   "%call_ln180 = call void @SubBytes, i8 %state, i8 %s_box" [source/AESfunctions.cpp:180->source/AESfunctions.cpp:254]   --->   Operation 100 'call' 'call_ln180' <Predicate = (!icmp_ln178)> <Delay = 0.00> <CoreType = "Generic">   --->   Core 0 '' <Latency = 0> <II = 1> <Delay = 1.00> <Generic> <Opcode : >

State 20 <SV = 19> <Delay = 0.00>
ST_20 : Operation 101 [9/9] (0.00ns)   --->   "%call_ln181 = call void @ShiftRows, i8 %state" [source/AESfunctions.cpp:181->source/AESfunctions.cpp:254]   --->   Operation 101 'call' 'call_ln181' <Predicate = (!icmp_ln178)> <Delay = 0.00> <CoreType = "Generic">   --->   Core 0 '' <Latency = 0> <II = 1> <Delay = 1.00> <Generic> <Opcode : >

State 21 <SV = 20> <Delay = 4.64>
ST_21 : Operation 102 [8/9] (4.64ns)   --->   "%call_ln181 = call void @ShiftRows, i8 %state" [source/AESfunctions.cpp:181->source/AESfunctions.cpp:254]   --->   Operation 102 'call' 'call_ln181' <Predicate = (!icmp_ln178)> <Delay = 4.64> <CoreType = "Generic">   --->   Core 0 '' <Latency = 0> <II = 1> <Delay = 1.00> <Generic> <Opcode : >

State 22 <SV = 21> <Delay = 4.64>
ST_22 : Operation 103 [7/9] (4.64ns)   --->   "%call_ln181 = call void @ShiftRows, i8 %state" [source/AESfunctions.cpp:181->source/AESfunctions.cpp:254]   --->   Operation 103 'call' 'call_ln181' <Predicate = (!icmp_ln178)> <Delay = 4.64> <CoreType = "Generic">   --->   Core 0 '' <Latency = 0> <II = 1> <Delay = 1.00> <Generic> <Opcode : >

State 23 <SV = 22> <Delay = 4.64>
ST_23 : Operation 104 [6/9] (4.64ns)   --->   "%call_ln181 = call void @ShiftRows, i8 %state" [source/AESfunctions.cpp:181->source/AESfunctions.cpp:254]   --->   Operation 104 'call' 'call_ln181' <Predicate = (!icmp_ln178)> <Delay = 4.64> <CoreType = "Generic">   --->   Core 0 '' <Latency = 0> <II = 1> <Delay = 1.00> <Generic> <Opcode : >

State 24 <SV = 23> <Delay = 4.64>
ST_24 : Operation 105 [5/9] (4.64ns)   --->   "%call_ln181 = call void @ShiftRows, i8 %state" [source/AESfunctions.cpp:181->source/AESfunctions.cpp:254]   --->   Operation 105 'call' 'call_ln181' <Predicate = (!icmp_ln178)> <Delay = 4.64> <CoreType = "Generic">   --->   Core 0 '' <Latency = 0> <II = 1> <Delay = 1.00> <Generic> <Opcode : >

State 25 <SV = 24> <Delay = 4.64>
ST_25 : Operation 106 [4/9] (4.64ns)   --->   "%call_ln181 = call void @ShiftRows, i8 %state" [source/AESfunctions.cpp:181->source/AESfunctions.cpp:254]   --->   Operation 106 'call' 'call_ln181' <Predicate = (!icmp_ln178)> <Delay = 4.64> <CoreType = "Generic">   --->   Core 0 '' <Latency = 0> <II = 1> <Delay = 1.00> <Generic> <Opcode : >

State 26 <SV = 25> <Delay = 4.64>
ST_26 : Operation 107 [3/9] (4.64ns)   --->   "%call_ln181 = call void @ShiftRows, i8 %state" [source/AESfunctions.cpp:181->source/AESfunctions.cpp:254]   --->   Operation 107 'call' 'call_ln181' <Predicate = (!icmp_ln178)> <Delay = 4.64> <CoreType = "Generic">   --->   Core 0 '' <Latency = 0> <II = 1> <Delay = 1.00> <Generic> <Opcode : >

State 27 <SV = 26> <Delay = 4.64>
ST_27 : Operation 108 [2/9] (4.64ns)   --->   "%call_ln181 = call void @ShiftRows, i8 %state" [source/AESfunctions.cpp:181->source/AESfunctions.cpp:254]   --->   Operation 108 'call' 'call_ln181' <Predicate = (!icmp_ln178)> <Delay = 4.64> <CoreType = "Generic">   --->   Core 0 '' <Latency = 0> <II = 1> <Delay = 1.00> <Generic> <Opcode : >

State 28 <SV = 27> <Delay = 0.00>
ST_28 : Operation 109 [1/1] (0.00ns)   --->   "%specloopname_ln178 = specloopname void @_ssdm_op_SpecLoopName, void @empty_12" [source/AESfunctions.cpp:178->source/AESfunctions.cpp:254]   --->   Operation 109 'specloopname' 'specloopname_ln178' <Predicate = (!icmp_ln178)> <Delay = 0.00>
ST_28 : Operation 110 [1/9] (0.00ns)   --->   "%call_ln181 = call void @ShiftRows, i8 %state" [source/AESfunctions.cpp:181->source/AESfunctions.cpp:254]   --->   Operation 110 'call' 'call_ln181' <Predicate = (!icmp_ln178)> <Delay = 0.00> <CoreType = "Generic">   --->   Core 0 '' <Latency = 0> <II = 1> <Delay = 1.00> <Generic> <Opcode : >

State 29 <SV = 28> <Delay = 0.00>
ST_29 : Operation 111 [18/18] (0.00ns)   --->   "%call_ln183 = call void @MixColumns, i8 %state, i8 %mul02, i8 %mul03" [source/AESfunctions.cpp:183->source/AESfunctions.cpp:254]   --->   Operation 111 'call' 'call_ln183' <Predicate = (!icmp_ln178 & !icmp_ln182)> <Delay = 0.00> <CoreType = "Generic">   --->   Core 0 '' <Latency = 0> <II = 1> <Delay = 1.00> <Generic> <Opcode : >

State 30 <SV = 29> <Delay = 6.56>
ST_30 : Operation 112 [17/18] (6.56ns)   --->   "%call_ln183 = call void @MixColumns, i8 %state, i8 %mul02, i8 %mul03" [source/AESfunctions.cpp:183->source/AESfunctions.cpp:254]   --->   Operation 112 'call' 'call_ln183' <Predicate = (!icmp_ln178 & !icmp_ln182)> <Delay = 6.56> <CoreType = "Generic">   --->   Core 0 '' <Latency = 0> <II = 1> <Delay = 1.00> <Generic> <Opcode : >

State 31 <SV = 30> <Delay = 6.56>
ST_31 : Operation 113 [16/18] (6.56ns)   --->   "%call_ln183 = call void @MixColumns, i8 %state, i8 %mul02, i8 %mul03" [source/AESfunctions.cpp:183->source/AESfunctions.cpp:254]   --->   Operation 113 'call' 'call_ln183' <Predicate = (!icmp_ln178 & !icmp_ln182)> <Delay = 6.56> <CoreType = "Generic">   --->   Core 0 '' <Latency = 0> <II = 1> <Delay = 1.00> <Generic> <Opcode : >

State 32 <SV = 31> <Delay = 6.56>
ST_32 : Operation 114 [15/18] (6.56ns)   --->   "%call_ln183 = call void @MixColumns, i8 %state, i8 %mul02, i8 %mul03" [source/AESfunctions.cpp:183->source/AESfunctions.cpp:254]   --->   Operation 114 'call' 'call_ln183' <Predicate = (!icmp_ln178 & !icmp_ln182)> <Delay = 6.56> <CoreType = "Generic">   --->   Core 0 '' <Latency = 0> <II = 1> <Delay = 1.00> <Generic> <Opcode : >

State 33 <SV = 32> <Delay = 6.56>
ST_33 : Operation 115 [14/18] (6.56ns)   --->   "%call_ln183 = call void @MixColumns, i8 %state, i8 %mul02, i8 %mul03" [source/AESfunctions.cpp:183->source/AESfunctions.cpp:254]   --->   Operation 115 'call' 'call_ln183' <Predicate = (!icmp_ln178 & !icmp_ln182)> <Delay = 6.56> <CoreType = "Generic">   --->   Core 0 '' <Latency = 0> <II = 1> <Delay = 1.00> <Generic> <Opcode : >

State 34 <SV = 33> <Delay = 6.56>
ST_34 : Operation 116 [13/18] (6.56ns)   --->   "%call_ln183 = call void @MixColumns, i8 %state, i8 %mul02, i8 %mul03" [source/AESfunctions.cpp:183->source/AESfunctions.cpp:254]   --->   Operation 116 'call' 'call_ln183' <Predicate = (!icmp_ln178 & !icmp_ln182)> <Delay = 6.56> <CoreType = "Generic">   --->   Core 0 '' <Latency = 0> <II = 1> <Delay = 1.00> <Generic> <Opcode : >

State 35 <SV = 34> <Delay = 6.56>
ST_35 : Operation 117 [12/18] (6.56ns)   --->   "%call_ln183 = call void @MixColumns, i8 %state, i8 %mul02, i8 %mul03" [source/AESfunctions.cpp:183->source/AESfunctions.cpp:254]   --->   Operation 117 'call' 'call_ln183' <Predicate = (!icmp_ln178 & !icmp_ln182)> <Delay = 6.56> <CoreType = "Generic">   --->   Core 0 '' <Latency = 0> <II = 1> <Delay = 1.00> <Generic> <Opcode : >

State 36 <SV = 35> <Delay = 6.56>
ST_36 : Operation 118 [11/18] (6.56ns)   --->   "%call_ln183 = call void @MixColumns, i8 %state, i8 %mul02, i8 %mul03" [source/AESfunctions.cpp:183->source/AESfunctions.cpp:254]   --->   Operation 118 'call' 'call_ln183' <Predicate = (!icmp_ln178 & !icmp_ln182)> <Delay = 6.56> <CoreType = "Generic">   --->   Core 0 '' <Latency = 0> <II = 1> <Delay = 1.00> <Generic> <Opcode : >

State 37 <SV = 36> <Delay = 6.56>
ST_37 : Operation 119 [10/18] (6.56ns)   --->   "%call_ln183 = call void @MixColumns, i8 %state, i8 %mul02, i8 %mul03" [source/AESfunctions.cpp:183->source/AESfunctions.cpp:254]   --->   Operation 119 'call' 'call_ln183' <Predicate = (!icmp_ln178 & !icmp_ln182)> <Delay = 6.56> <CoreType = "Generic">   --->   Core 0 '' <Latency = 0> <II = 1> <Delay = 1.00> <Generic> <Opcode : >

State 38 <SV = 37> <Delay = 6.56>
ST_38 : Operation 120 [9/18] (6.56ns)   --->   "%call_ln183 = call void @MixColumns, i8 %state, i8 %mul02, i8 %mul03" [source/AESfunctions.cpp:183->source/AESfunctions.cpp:254]   --->   Operation 120 'call' 'call_ln183' <Predicate = (!icmp_ln178 & !icmp_ln182)> <Delay = 6.56> <CoreType = "Generic">   --->   Core 0 '' <Latency = 0> <II = 1> <Delay = 1.00> <Generic> <Opcode : >

State 39 <SV = 38> <Delay = 6.56>
ST_39 : Operation 121 [8/18] (6.56ns)   --->   "%call_ln183 = call void @MixColumns, i8 %state, i8 %mul02, i8 %mul03" [source/AESfunctions.cpp:183->source/AESfunctions.cpp:254]   --->   Operation 121 'call' 'call_ln183' <Predicate = (!icmp_ln178 & !icmp_ln182)> <Delay = 6.56> <CoreType = "Generic">   --->   Core 0 '' <Latency = 0> <II = 1> <Delay = 1.00> <Generic> <Opcode : >

State 40 <SV = 39> <Delay = 6.56>
ST_40 : Operation 122 [7/18] (6.56ns)   --->   "%call_ln183 = call void @MixColumns, i8 %state, i8 %mul02, i8 %mul03" [source/AESfunctions.cpp:183->source/AESfunctions.cpp:254]   --->   Operation 122 'call' 'call_ln183' <Predicate = (!icmp_ln178 & !icmp_ln182)> <Delay = 6.56> <CoreType = "Generic">   --->   Core 0 '' <Latency = 0> <II = 1> <Delay = 1.00> <Generic> <Opcode : >

State 41 <SV = 40> <Delay = 6.56>
ST_41 : Operation 123 [6/18] (6.56ns)   --->   "%call_ln183 = call void @MixColumns, i8 %state, i8 %mul02, i8 %mul03" [source/AESfunctions.cpp:183->source/AESfunctions.cpp:254]   --->   Operation 123 'call' 'call_ln183' <Predicate = (!icmp_ln178 & !icmp_ln182)> <Delay = 6.56> <CoreType = "Generic">   --->   Core 0 '' <Latency = 0> <II = 1> <Delay = 1.00> <Generic> <Opcode : >

State 42 <SV = 41> <Delay = 6.56>
ST_42 : Operation 124 [5/18] (6.56ns)   --->   "%call_ln183 = call void @MixColumns, i8 %state, i8 %mul02, i8 %mul03" [source/AESfunctions.cpp:183->source/AESfunctions.cpp:254]   --->   Operation 124 'call' 'call_ln183' <Predicate = (!icmp_ln178 & !icmp_ln182)> <Delay = 6.56> <CoreType = "Generic">   --->   Core 0 '' <Latency = 0> <II = 1> <Delay = 1.00> <Generic> <Opcode : >

State 43 <SV = 42> <Delay = 6.56>
ST_43 : Operation 125 [4/18] (6.56ns)   --->   "%call_ln183 = call void @MixColumns, i8 %state, i8 %mul02, i8 %mul03" [source/AESfunctions.cpp:183->source/AESfunctions.cpp:254]   --->   Operation 125 'call' 'call_ln183' <Predicate = (!icmp_ln178 & !icmp_ln182)> <Delay = 6.56> <CoreType = "Generic">   --->   Core 0 '' <Latency = 0> <II = 1> <Delay = 1.00> <Generic> <Opcode : >

State 44 <SV = 43> <Delay = 6.56>
ST_44 : Operation 126 [3/18] (6.56ns)   --->   "%call_ln183 = call void @MixColumns, i8 %state, i8 %mul02, i8 %mul03" [source/AESfunctions.cpp:183->source/AESfunctions.cpp:254]   --->   Operation 126 'call' 'call_ln183' <Predicate = (!icmp_ln178 & !icmp_ln182)> <Delay = 6.56> <CoreType = "Generic">   --->   Core 0 '' <Latency = 0> <II = 1> <Delay = 1.00> <Generic> <Opcode : >

State 45 <SV = 44> <Delay = 6.56>
ST_45 : Operation 127 [2/18] (6.56ns)   --->   "%call_ln183 = call void @MixColumns, i8 %state, i8 %mul02, i8 %mul03" [source/AESfunctions.cpp:183->source/AESfunctions.cpp:254]   --->   Operation 127 'call' 'call_ln183' <Predicate = (!icmp_ln178 & !icmp_ln182)> <Delay = 6.56> <CoreType = "Generic">   --->   Core 0 '' <Latency = 0> <II = 1> <Delay = 1.00> <Generic> <Opcode : >

State 46 <SV = 45> <Delay = 0.00>
ST_46 : Operation 128 [1/18] (0.00ns)   --->   "%call_ln183 = call void @MixColumns, i8 %state, i8 %mul02, i8 %mul03" [source/AESfunctions.cpp:183->source/AESfunctions.cpp:254]   --->   Operation 128 'call' 'call_ln183' <Predicate = (!icmp_ln178 & !icmp_ln182)> <Delay = 0.00> <CoreType = "Generic">   --->   Core 0 '' <Latency = 0> <II = 1> <Delay = 1.00> <Generic> <Opcode : >
ST_46 : Operation 129 [1/1] (0.00ns)   --->   "%br_ln184 = br void %.split3._crit_edge.i" [source/AESfunctions.cpp:184->source/AESfunctions.cpp:254]   --->   Operation 129 'br' 'br_ln184' <Predicate = (!icmp_ln178 & !icmp_ln182)> <Delay = 0.00>

State 47 <SV = 46> <Delay = 5.16>
ST_47 : Operation 130 [1/1] (0.00ns)   --->   "%shl_ln = bitconcatenate i8 @_ssdm_op_BitConcatenate.i8.i4.i4, i4 %trunc_ln185, i4 0" [source/AESfunctions.cpp:185->source/AESfunctions.cpp:254]   --->   Operation 130 'bitconcatenate' 'shl_ln' <Predicate = (!icmp_ln178)> <Delay = 0.00>
ST_47 : Operation 131 [1/1] (1.91ns)   --->   "%add_ln185 = add i8 %shl_ln, i8 16" [source/AESfunctions.cpp:185->source/AESfunctions.cpp:254]   --->   Operation 131 'add' 'add_ln185' <Predicate = (!icmp_ln178)> <Delay = 1.91> <CoreInst = "Adder">   --->   Core 1 'Adder' <Latency = 0> <II = 1> <Delay = 1.91> <FuncUnit> <Opcode : 'add' 'sub'> <InPorts = 2> <OutPorts = 1>
ST_47 : Operation 132 [17/17] (3.25ns)   --->   "%call_ln185 = call void @AddRoundKey, i8 %state, i8 %expandedKey, i8 %add_ln185" [source/AESfunctions.cpp:185->source/AESfunctions.cpp:254]   --->   Operation 132 'call' 'call_ln185' <Predicate = (!icmp_ln178)> <Delay = 3.25> <CoreType = "Generic">   --->   Core 0 '' <Latency = 0> <II = 1> <Delay = 1.00> <Generic> <Opcode : >

State 48 <SV = 47> <Delay = 6.56>
ST_48 : Operation 133 [16/17] (6.56ns)   --->   "%call_ln185 = call void @AddRoundKey, i8 %state, i8 %expandedKey, i8 %add_ln185" [source/AESfunctions.cpp:185->source/AESfunctions.cpp:254]   --->   Operation 133 'call' 'call_ln185' <Predicate = (!icmp_ln178)> <Delay = 6.56> <CoreType = "Generic">   --->   Core 0 '' <Latency = 0> <II = 1> <Delay = 1.00> <Generic> <Opcode : >

State 49 <SV = 48> <Delay = 6.56>
ST_49 : Operation 134 [15/17] (6.56ns)   --->   "%call_ln185 = call void @AddRoundKey, i8 %state, i8 %expandedKey, i8 %add_ln185" [source/AESfunctions.cpp:185->source/AESfunctions.cpp:254]   --->   Operation 134 'call' 'call_ln185' <Predicate = (!icmp_ln178)> <Delay = 6.56> <CoreType = "Generic">   --->   Core 0 '' <Latency = 0> <II = 1> <Delay = 1.00> <Generic> <Opcode : >

State 50 <SV = 49> <Delay = 6.56>
ST_50 : Operation 135 [14/17] (6.56ns)   --->   "%call_ln185 = call void @AddRoundKey, i8 %state, i8 %expandedKey, i8 %add_ln185" [source/AESfunctions.cpp:185->source/AESfunctions.cpp:254]   --->   Operation 135 'call' 'call_ln185' <Predicate = (!icmp_ln178)> <Delay = 6.56> <CoreType = "Generic">   --->   Core 0 '' <Latency = 0> <II = 1> <Delay = 1.00> <Generic> <Opcode : >

State 51 <SV = 50> <Delay = 6.56>
ST_51 : Operation 136 [13/17] (6.56ns)   --->   "%call_ln185 = call void @AddRoundKey, i8 %state, i8 %expandedKey, i8 %add_ln185" [source/AESfunctions.cpp:185->source/AESfunctions.cpp:254]   --->   Operation 136 'call' 'call_ln185' <Predicate = (!icmp_ln178)> <Delay = 6.56> <CoreType = "Generic">   --->   Core 0 '' <Latency = 0> <II = 1> <Delay = 1.00> <Generic> <Opcode : >

State 52 <SV = 51> <Delay = 6.56>
ST_52 : Operation 137 [12/17] (6.56ns)   --->   "%call_ln185 = call void @AddRoundKey, i8 %state, i8 %expandedKey, i8 %add_ln185" [source/AESfunctions.cpp:185->source/AESfunctions.cpp:254]   --->   Operation 137 'call' 'call_ln185' <Predicate = (!icmp_ln178)> <Delay = 6.56> <CoreType = "Generic">   --->   Core 0 '' <Latency = 0> <II = 1> <Delay = 1.00> <Generic> <Opcode : >

State 53 <SV = 52> <Delay = 6.56>
ST_53 : Operation 138 [11/17] (6.56ns)   --->   "%call_ln185 = call void @AddRoundKey, i8 %state, i8 %expandedKey, i8 %add_ln185" [source/AESfunctions.cpp:185->source/AESfunctions.cpp:254]   --->   Operation 138 'call' 'call_ln185' <Predicate = (!icmp_ln178)> <Delay = 6.56> <CoreType = "Generic">   --->   Core 0 '' <Latency = 0> <II = 1> <Delay = 1.00> <Generic> <Opcode : >

State 54 <SV = 53> <Delay = 6.56>
ST_54 : Operation 139 [10/17] (6.56ns)   --->   "%call_ln185 = call void @AddRoundKey, i8 %state, i8 %expandedKey, i8 %add_ln185" [source/AESfunctions.cpp:185->source/AESfunctions.cpp:254]   --->   Operation 139 'call' 'call_ln185' <Predicate = (!icmp_ln178)> <Delay = 6.56> <CoreType = "Generic">   --->   Core 0 '' <Latency = 0> <II = 1> <Delay = 1.00> <Generic> <Opcode : >

State 55 <SV = 54> <Delay = 6.56>
ST_55 : Operation 140 [9/17] (6.56ns)   --->   "%call_ln185 = call void @AddRoundKey, i8 %state, i8 %expandedKey, i8 %add_ln185" [source/AESfunctions.cpp:185->source/AESfunctions.cpp:254]   --->   Operation 140 'call' 'call_ln185' <Predicate = (!icmp_ln178)> <Delay = 6.56> <CoreType = "Generic">   --->   Core 0 '' <Latency = 0> <II = 1> <Delay = 1.00> <Generic> <Opcode : >

State 56 <SV = 55> <Delay = 6.56>
ST_56 : Operation 141 [8/17] (6.56ns)   --->   "%call_ln185 = call void @AddRoundKey, i8 %state, i8 %expandedKey, i8 %add_ln185" [source/AESfunctions.cpp:185->source/AESfunctions.cpp:254]   --->   Operation 141 'call' 'call_ln185' <Predicate = (!icmp_ln178)> <Delay = 6.56> <CoreType = "Generic">   --->   Core 0 '' <Latency = 0> <II = 1> <Delay = 1.00> <Generic> <Opcode : >

State 57 <SV = 56> <Delay = 6.56>
ST_57 : Operation 142 [7/17] (6.56ns)   --->   "%call_ln185 = call void @AddRoundKey, i8 %state, i8 %expandedKey, i8 %add_ln185" [source/AESfunctions.cpp:185->source/AESfunctions.cpp:254]   --->   Operation 142 'call' 'call_ln185' <Predicate = (!icmp_ln178)> <Delay = 6.56> <CoreType = "Generic">   --->   Core 0 '' <Latency = 0> <II = 1> <Delay = 1.00> <Generic> <Opcode : >

State 58 <SV = 57> <Delay = 6.56>
ST_58 : Operation 143 [6/17] (6.56ns)   --->   "%call_ln185 = call void @AddRoundKey, i8 %state, i8 %expandedKey, i8 %add_ln185" [source/AESfunctions.cpp:185->source/AESfunctions.cpp:254]   --->   Operation 143 'call' 'call_ln185' <Predicate = (!icmp_ln178)> <Delay = 6.56> <CoreType = "Generic">   --->   Core 0 '' <Latency = 0> <II = 1> <Delay = 1.00> <Generic> <Opcode : >

State 59 <SV = 58> <Delay = 6.56>
ST_59 : Operation 144 [5/17] (6.56ns)   --->   "%call_ln185 = call void @AddRoundKey, i8 %state, i8 %expandedKey, i8 %add_ln185" [source/AESfunctions.cpp:185->source/AESfunctions.cpp:254]   --->   Operation 144 'call' 'call_ln185' <Predicate = (!icmp_ln178)> <Delay = 6.56> <CoreType = "Generic">   --->   Core 0 '' <Latency = 0> <II = 1> <Delay = 1.00> <Generic> <Opcode : >

State 60 <SV = 59> <Delay = 6.56>
ST_60 : Operation 145 [4/17] (6.56ns)   --->   "%call_ln185 = call void @AddRoundKey, i8 %state, i8 %expandedKey, i8 %add_ln185" [source/AESfunctions.cpp:185->source/AESfunctions.cpp:254]   --->   Operation 145 'call' 'call_ln185' <Predicate = (!icmp_ln178)> <Delay = 6.56> <CoreType = "Generic">   --->   Core 0 '' <Latency = 0> <II = 1> <Delay = 1.00> <Generic> <Opcode : >

State 61 <SV = 60> <Delay = 6.56>
ST_61 : Operation 146 [3/17] (6.56ns)   --->   "%call_ln185 = call void @AddRoundKey, i8 %state, i8 %expandedKey, i8 %add_ln185" [source/AESfunctions.cpp:185->source/AESfunctions.cpp:254]   --->   Operation 146 'call' 'call_ln185' <Predicate = (!icmp_ln178)> <Delay = 6.56> <CoreType = "Generic">   --->   Core 0 '' <Latency = 0> <II = 1> <Delay = 1.00> <Generic> <Opcode : >

State 62 <SV = 61> <Delay = 6.56>
ST_62 : Operation 147 [2/17] (6.56ns)   --->   "%call_ln185 = call void @AddRoundKey, i8 %state, i8 %expandedKey, i8 %add_ln185" [source/AESfunctions.cpp:185->source/AESfunctions.cpp:254]   --->   Operation 147 'call' 'call_ln185' <Predicate = (!icmp_ln178)> <Delay = 6.56> <CoreType = "Generic">   --->   Core 0 '' <Latency = 0> <II = 1> <Delay = 1.00> <Generic> <Opcode : >

State 63 <SV = 62> <Delay = 0.00>
ST_63 : Operation 148 [1/17] (0.00ns)   --->   "%call_ln185 = call void @AddRoundKey, i8 %state, i8 %expandedKey, i8 %add_ln185" [source/AESfunctions.cpp:185->source/AESfunctions.cpp:254]   --->   Operation 148 'call' 'call_ln185' <Predicate = true> <Delay = 0.00> <CoreType = "Generic">   --->   Core 0 '' <Latency = 0> <II = 1> <Delay = 1.00> <Generic> <Opcode : >
ST_63 : Operation 149 [1/1] (0.00ns)   --->   "%br_ln0 = br void"   --->   Operation 149 'br' 'br_ln0' <Predicate = true> <Delay = 0.00>


============================================================
+ Verbose Summary: Timing violations
============================================================
Target clock period: 10ns, clock uncertainty: 2.7ns.

 <State 1>: 4.02ns
The critical path consists of the following:
	'alloca' operation ('i') [8]  (0 ns)
	'load' operation ('i', source/AESfunctions.cpp:185->source/AESfunctions.cpp:254) on local variable 'i' [16]  (0 ns)
	'add' operation ('i', source/AESfunctions.cpp:178->source/AESfunctions.cpp:254) [19]  (2.08 ns)
	'store' operation ('store_ln178', source/AESfunctions.cpp:178->source/AESfunctions.cpp:254) of variable 'i', source/AESfunctions.cpp:178->source/AESfunctions.cpp:254 on local variable 'i' [36]  (1.59 ns)
	blocking operation 0.352 ns on control path)

 <State 2>: 0ns
The critical path consists of the following:

 <State 3>: 5.58ns
The critical path consists of the following:
	'call' operation ('call_ln180', source/AESfunctions.cpp:180->source/AESfunctions.cpp:254) to 'SubBytes' [24]  (5.58 ns)

 <State 4>: 5.58ns
The critical path consists of the following:
	'call' operation ('call_ln180', source/AESfunctions.cpp:180->source/AESfunctions.cpp:254) to 'SubBytes' [24]  (5.58 ns)

 <State 5>: 5.58ns
The critical path consists of the following:
	'call' operation ('call_ln180', source/AESfunctions.cpp:180->source/AESfunctions.cpp:254) to 'SubBytes' [24]  (5.58 ns)

 <State 6>: 5.58ns
The critical path consists of the following:
	'call' operation ('call_ln180', source/AESfunctions.cpp:180->source/AESfunctions.cpp:254) to 'SubBytes' [24]  (5.58 ns)

 <State 7>: 5.58ns
The critical path consists of the following:
	'call' operation ('call_ln180', source/AESfunctions.cpp:180->source/AESfunctions.cpp:254) to 'SubBytes' [24]  (5.58 ns)

 <State 8>: 5.58ns
The critical path consists of the following:
	'call' operation ('call_ln180', source/AESfunctions.cpp:180->source/AESfunctions.cpp:254) to 'SubBytes' [24]  (5.58 ns)

 <State 9>: 5.58ns
The critical path consists of the following:
	'call' operation ('call_ln180', source/AESfunctions.cpp:180->source/AESfunctions.cpp:254) to 'SubBytes' [24]  (5.58 ns)

 <State 10>: 5.58ns
The critical path consists of the following:
	'call' operation ('call_ln180', source/AESfunctions.cpp:180->source/AESfunctions.cpp:254) to 'SubBytes' [24]  (5.58 ns)

 <State 11>: 5.58ns
The critical path consists of the following:
	'call' operation ('call_ln180', source/AESfunctions.cpp:180->source/AESfunctions.cpp:254) to 'SubBytes' [24]  (5.58 ns)

 <State 12>: 5.58ns
The critical path consists of the following:
	'call' operation ('call_ln180', source/AESfunctions.cpp:180->source/AESfunctions.cpp:254) to 'SubBytes' [24]  (5.58 ns)

 <State 13>: 5.58ns
The critical path consists of the following:
	'call' operation ('call_ln180', source/AESfunctions.cpp:180->source/AESfunctions.cpp:254) to 'SubBytes' [24]  (5.58 ns)

 <State 14>: 5.58ns
The critical path consists of the following:
	'call' operation ('call_ln180', source/AESfunctions.cpp:180->source/AESfunctions.cpp:254) to 'SubBytes' [24]  (5.58 ns)

 <State 15>: 5.58ns
The critical path consists of the following:
	'call' operation ('call_ln180', source/AESfunctions.cpp:180->source/AESfunctions.cpp:254) to 'SubBytes' [24]  (5.58 ns)

 <State 16>: 5.58ns
The critical path consists of the following:
	'call' operation ('call_ln180', source/AESfunctions.cpp:180->source/AESfunctions.cpp:254) to 'SubBytes' [24]  (5.58 ns)

 <State 17>: 5.58ns
The critical path consists of the following:
	'call' operation ('call_ln180', source/AESfunctions.cpp:180->source/AESfunctions.cpp:254) to 'SubBytes' [24]  (5.58 ns)

 <State 18>: 5.58ns
The critical path consists of the following:
	'call' operation ('call_ln180', source/AESfunctions.cpp:180->source/AESfunctions.cpp:254) to 'SubBytes' [24]  (5.58 ns)

 <State 19>: 0ns
The critical path consists of the following:

 <State 20>: 0ns
The critical path consists of the following:

 <State 21>: 4.64ns
The critical path consists of the following:
	'call' operation ('call_ln181', source/AESfunctions.cpp:181->source/AESfunctions.cpp:254) to 'ShiftRows' [25]  (4.64 ns)

 <State 22>: 4.64ns
The critical path consists of the following:
	'call' operation ('call_ln181', source/AESfunctions.cpp:181->source/AESfunctions.cpp:254) to 'ShiftRows' [25]  (4.64 ns)

 <State 23>: 4.64ns
The critical path consists of the following:
	'call' operation ('call_ln181', source/AESfunctions.cpp:181->source/AESfunctions.cpp:254) to 'ShiftRows' [25]  (4.64 ns)

 <State 24>: 4.64ns
The critical path consists of the following:
	'call' operation ('call_ln181', source/AESfunctions.cpp:181->source/AESfunctions.cpp:254) to 'ShiftRows' [25]  (4.64 ns)

 <State 25>: 4.64ns
The critical path consists of the following:
	'call' operation ('call_ln181', source/AESfunctions.cpp:181->source/AESfunctions.cpp:254) to 'ShiftRows' [25]  (4.64 ns)

 <State 26>: 4.64ns
The critical path consists of the following:
	'call' operation ('call_ln181', source/AESfunctions.cpp:181->source/AESfunctions.cpp:254) to 'ShiftRows' [25]  (4.64 ns)

 <State 27>: 4.64ns
The critical path consists of the following:
	'call' operation ('call_ln181', source/AESfunctions.cpp:181->source/AESfunctions.cpp:254) to 'ShiftRows' [25]  (4.64 ns)

 <State 28>: 0ns
The critical path consists of the following:

 <State 29>: 0ns
The critical path consists of the following:

 <State 30>: 6.57ns
The critical path consists of the following:
	'call' operation ('call_ln183', source/AESfunctions.cpp:183->source/AESfunctions.cpp:254) to 'MixColumns' [29]  (6.57 ns)

 <State 31>: 6.57ns
The critical path consists of the following:
	'call' operation ('call_ln183', source/AESfunctions.cpp:183->source/AESfunctions.cpp:254) to 'MixColumns' [29]  (6.57 ns)

 <State 32>: 6.57ns
The critical path consists of the following:
	'call' operation ('call_ln183', source/AESfunctions.cpp:183->source/AESfunctions.cpp:254) to 'MixColumns' [29]  (6.57 ns)

 <State 33>: 6.57ns
The critical path consists of the following:
	'call' operation ('call_ln183', source/AESfunctions.cpp:183->source/AESfunctions.cpp:254) to 'MixColumns' [29]  (6.57 ns)

 <State 34>: 6.57ns
The critical path consists of the following:
	'call' operation ('call_ln183', source/AESfunctions.cpp:183->source/AESfunctions.cpp:254) to 'MixColumns' [29]  (6.57 ns)

 <State 35>: 6.57ns
The critical path consists of the following:
	'call' operation ('call_ln183', source/AESfunctions.cpp:183->source/AESfunctions.cpp:254) to 'MixColumns' [29]  (6.57 ns)

 <State 36>: 6.57ns
The critical path consists of the following:
	'call' operation ('call_ln183', source/AESfunctions.cpp:183->source/AESfunctions.cpp:254) to 'MixColumns' [29]  (6.57 ns)

 <State 37>: 6.57ns
The critical path consists of the following:
	'call' operation ('call_ln183', source/AESfunctions.cpp:183->source/AESfunctions.cpp:254) to 'MixColumns' [29]  (6.57 ns)

 <State 38>: 6.57ns
The critical path consists of the following:
	'call' operation ('call_ln183', source/AESfunctions.cpp:183->source/AESfunctions.cpp:254) to 'MixColumns' [29]  (6.57 ns)

 <State 39>: 6.57ns
The critical path consists of the following:
	'call' operation ('call_ln183', source/AESfunctions.cpp:183->source/AESfunctions.cpp:254) to 'MixColumns' [29]  (6.57 ns)

 <State 40>: 6.57ns
The critical path consists of the following:
	'call' operation ('call_ln183', source/AESfunctions.cpp:183->source/AESfunctions.cpp:254) to 'MixColumns' [29]  (6.57 ns)

 <State 41>: 6.57ns
The critical path consists of the following:
	'call' operation ('call_ln183', source/AESfunctions.cpp:183->source/AESfunctions.cpp:254) to 'MixColumns' [29]  (6.57 ns)

 <State 42>: 6.57ns
The critical path consists of the following:
	'call' operation ('call_ln183', source/AESfunctions.cpp:183->source/AESfunctions.cpp:254) to 'MixColumns' [29]  (6.57 ns)

 <State 43>: 6.57ns
The critical path consists of the following:
	'call' operation ('call_ln183', source/AESfunctions.cpp:183->source/AESfunctions.cpp:254) to 'MixColumns' [29]  (6.57 ns)

 <State 44>: 6.57ns
The critical path consists of the following:
	'call' operation ('call_ln183', source/AESfunctions.cpp:183->source/AESfunctions.cpp:254) to 'MixColumns' [29]  (6.57 ns)

 <State 45>: 6.57ns
The critical path consists of the following:
	'call' operation ('call_ln183', source/AESfunctions.cpp:183->source/AESfunctions.cpp:254) to 'MixColumns' [29]  (6.57 ns)

 <State 46>: 0ns
The critical path consists of the following:

 <State 47>: 5.17ns
The critical path consists of the following:
	'add' operation ('add_ln185', source/AESfunctions.cpp:185->source/AESfunctions.cpp:254) [34]  (1.92 ns)
	'call' operation ('call_ln185', source/AESfunctions.cpp:185->source/AESfunctions.cpp:254) to 'AddRoundKey' [35]  (3.25 ns)

 <State 48>: 6.57ns
The critical path consists of the following:
	'call' operation ('call_ln185', source/AESfunctions.cpp:185->source/AESfunctions.cpp:254) to 'AddRoundKey' [35]  (6.57 ns)

 <State 49>: 6.57ns
The critical path consists of the following:
	'call' operation ('call_ln185', source/AESfunctions.cpp:185->source/AESfunctions.cpp:254) to 'AddRoundKey' [35]  (6.57 ns)

 <State 50>: 6.57ns
The critical path consists of the following:
	'call' operation ('call_ln185', source/AESfunctions.cpp:185->source/AESfunctions.cpp:254) to 'AddRoundKey' [35]  (6.57 ns)

 <State 51>: 6.57ns
The critical path consists of the following:
	'call' operation ('call_ln185', source/AESfunctions.cpp:185->source/AESfunctions.cpp:254) to 'AddRoundKey' [35]  (6.57 ns)

 <State 52>: 6.57ns
The critical path consists of the following:
	'call' operation ('call_ln185', source/AESfunctions.cpp:185->source/AESfunctions.cpp:254) to 'AddRoundKey' [35]  (6.57 ns)

 <State 53>: 6.57ns
The critical path consists of the following:
	'call' operation ('call_ln185', source/AESfunctions.cpp:185->source/AESfunctions.cpp:254) to 'AddRoundKey' [35]  (6.57 ns)

 <State 54>: 6.57ns
The critical path consists of the following:
	'call' operation ('call_ln185', source/AESfunctions.cpp:185->source/AESfunctions.cpp:254) to 'AddRoundKey' [35]  (6.57 ns)

 <State 55>: 6.57ns
The critical path consists of the following:
	'call' operation ('call_ln185', source/AESfunctions.cpp:185->source/AESfunctions.cpp:254) to 'AddRoundKey' [35]  (6.57 ns)

 <State 56>: 6.57ns
The critical path consists of the following:
	'call' operation ('call_ln185', source/AESfunctions.cpp:185->source/AESfunctions.cpp:254) to 'AddRoundKey' [35]  (6.57 ns)

 <State 57>: 6.57ns
The critical path consists of the following:
	'call' operation ('call_ln185', source/AESfunctions.cpp:185->source/AESfunctions.cpp:254) to 'AddRoundKey' [35]  (6.57 ns)

 <State 58>: 6.57ns
The critical path consists of the following:
	'call' operation ('call_ln185', source/AESfunctions.cpp:185->source/AESfunctions.cpp:254) to 'AddRoundKey' [35]  (6.57 ns)

 <State 59>: 6.57ns
The critical path consists of the following:
	'call' operation ('call_ln185', source/AESfunctions.cpp:185->source/AESfunctions.cpp:254) to 'AddRoundKey' [35]  (6.57 ns)

 <State 60>: 6.57ns
The critical path consists of the following:
	'call' operation ('call_ln185', source/AESfunctions.cpp:185->source/AESfunctions.cpp:254) to 'AddRoundKey' [35]  (6.57 ns)

 <State 61>: 6.57ns
The critical path consists of the following:
	'call' operation ('call_ln185', source/AESfunctions.cpp:185->source/AESfunctions.cpp:254) to 'AddRoundKey' [35]  (6.57 ns)

 <State 62>: 6.57ns
The critical path consists of the following:
	'call' operation ('call_ln185', source/AESfunctions.cpp:185->source/AESfunctions.cpp:254) to 'AddRoundKey' [35]  (6.57 ns)

 <State 63>: 0ns
The critical path consists of the following:


============================================================
+ Verbose Summary: Binding
============================================================
N/A
* FSMD analyzer results:
  - Output states:
 - Input state : 
  - Chain level:
	State 1
	State 2
	State 3
	State 4
	State 5
	State 6
	State 7
	State 8
	State 9
	State 10
	State 11
	State 12
	State 13
	State 14
	State 15
	State 16
	State 17
	State 18
	State 19
	State 20
	State 21
	State 22
	State 23
	State 24
	State 25
	State 26
	State 27
	State 28
	State 29
	State 30
	State 31
	State 32
	State 33
	State 34
	State 35
	State 36
	State 37
	State 38
	State 39
	State 40
	State 41
	State 42
	State 43
	State 44
	State 45
	State 46
	State 47
	State 48
	State 49
	State 50
	State 51
	State 52
	State 53
	State 54
	State 55
	State 56
	State 57
	State 58
	State 59
	State 60
	State 61
	State 62
	State 63


============================================================
+ Verbose Summary: Datapath Resource usage 
============================================================
N/A
