

================================================================
== Vitis HLS Report for 'AES_Full_Pipeline_L_copy_o3'
================================================================
* Date:           Thu Apr 17 13:41:46 2025

* Version:        2021.2 (Build 3367213 on Tue Oct 19 02:48:09 MDT 2021)
* Project:        aes_full
* Solution:       full (Vivado IP Flow Target)
* Product family: zynq
* Target device:  xc7z020-clg400-1


================================================================
== Performance Estimates
================================================================
+ Timing: 
    * Summary: 
    +--------+----------+----------+------------+
    |  Clock |  Target  | Estimated| Uncertainty|
    +--------+----------+----------+------------+
    |ap_clk  |  10.00 ns|  4.644 ns|     2.70 ns|
    +--------+----------+----------+------------+

+ Latency: 
    * Summary: 
    +---------+---------+----------+----------+-----+-----+---------+
    |  Latency (cycles) |  Latency (absolute) |  Interval | Pipeline|
    |   min   |   max   |    min   |    max   | min | max |   Type  |
    +---------+---------+----------+----------+-----+-----+---------+
    |       18|       18|  0.180 us|  0.180 us|   18|   18|       no|
    +---------+---------+----------+----------+-----+-----+---------+

    + Detail: 
        * Instance: 
        N/A

        * Loop: 
        +------------+---------+---------+----------+-----------+-----------+------+----------+
        |            |  Latency (cycles) | Iteration|  Initiation Interval  | Trip |          |
        |  Loop Name |   min   |   max   |  Latency |  achieved |   target  | Count| Pipelined|
        +------------+---------+---------+----------+-----------+-----------+------+----------+
        |- L_copy_o  |       16|       16|         2|          1|          1|    16|       yes|
        +------------+---------+---------+----------+-----------+-----------+------+----------+

============================================================
+ Verbose Summary: Synthesis Manager
============================================================
InlineROM: 1
ExposeGlobal: 0
============================================================
+ Verbose Summary: CDFG Model
============================================================
IsTopModel: 0
ResetActiveHigh: 1
IsCombinational: 0
IsDatapathOnly: 0
HasWiredReturn: 1
HasMFsm: 2
HasVarLatency: 1
IsPipeline: 0
IsRtlPipelined: 0
IsInstanceOverlapped: 0
IsDontTouch: 0
HasImplIP: 0
IsGatedGlobalClock: 0

+ Individual pipeline summary: 
  * Pipeline-0: initiation interval (II) = 1, depth = 2


============================================================
+ Verbose Summary: Schedule
============================================================
* Number of FSM states : 2
* Pipeline : 1
  Pipeline-0 : II = 1, D = 2, States = { 1 2 }
* Dataflow Pipeline: 0

* FSM state transitions: 
1 --> 2 
2 --> 

* FSM state operations: 

State 1 <SV = 0> <Delay = 3.36>
ST_1 : Operation 5 [1/1] (0.00ns)   --->   "%i = alloca i32 1"   --->   Operation 5 'alloca' 'i' <Predicate = true> <Delay = 0.00>
ST_1 : Operation 6 [1/1] (0.00ns)   --->   "%specmemcore_ln0 = specmemcore void @_ssdm_op_SpecMemCore, i8 %data_out, i64 666, i64 207, i64 1"   --->   Operation 6 'specmemcore' 'specmemcore_ln0' <Predicate = true> <Delay = 0.00>
ST_1 : Operation 7 [1/1] (0.00ns)   --->   "%specinterface_ln0 = specinterface void @_ssdm_op_SpecInterface, i8 %data_out, void @empty_6, i32 0, i32 0, void @empty_0, i32 1, i32 0, void @empty_0, void @empty_0, void @empty_0, i32 0, i32 0, i32 0, i32 0, void @empty_0, void @empty_0"   --->   Operation 7 'specinterface' 'specinterface_ln0' <Predicate = true> <Delay = 0.00>
ST_1 : Operation 8 [1/1] (1.58ns)   --->   "%store_ln0 = store i5 0, i5 %i"   --->   Operation 8 'store' 'store_ln0' <Predicate = true> <Delay = 1.58>
ST_1 : Operation 9 [1/1] (0.00ns)   --->   "%br_ln0 = br void %._crit_edge.loopexit.i20"   --->   Operation 9 'br' 'br_ln0' <Predicate = true> <Delay = 0.00>
ST_1 : Operation 10 [1/1] (0.00ns)   --->   "%i_4 = load i5 %i" [source/AESfunctions.cpp:233->source/AESfunctions.cpp:257]   --->   Operation 10 'load' 'i_4' <Predicate = true> <Delay = 0.00>
ST_1 : Operation 11 [1/1] (0.00ns)   --->   "%specpipeline_ln0 = specpipeline void @_ssdm_op_SpecPipeline, i32 4294967295, i32 0, i32 1, i32 0, void @p_str"   --->   Operation 11 'specpipeline' 'specpipeline_ln0' <Predicate = true> <Delay = 0.00>
ST_1 : Operation 12 [1/1] (1.36ns)   --->   "%icmp_ln233 = icmp_eq  i5 %i_4, i5 16" [source/AESfunctions.cpp:233->source/AESfunctions.cpp:257]   --->   Operation 12 'icmp' 'icmp_ln233' <Predicate = true> <Delay = 1.36> <CoreInst = "Cmp">   --->   Core 9 'Cmp' <Latency = 0> <II = 1> <Delay = 1.36> <FuncUnit> <Opcode : 'icmp'> <InPorts = 2> <OutPorts = 1>
ST_1 : Operation 13 [1/1] (0.00ns)   --->   "%empty = speclooptripcount i32 @_ssdm_op_SpecLoopTripCount, i64 16, i64 16, i64 16"   --->   Operation 13 'speclooptripcount' 'empty' <Predicate = true> <Delay = 0.00>
ST_1 : Operation 14 [1/1] (1.78ns)   --->   "%add_ln233 = add i5 %i_4, i5 1" [source/AESfunctions.cpp:233->source/AESfunctions.cpp:257]   --->   Operation 14 'add' 'add_ln233' <Predicate = true> <Delay = 1.78> <CoreInst = "Adder">   --->   Core 1 'Adder' <Latency = 0> <II = 1> <Delay = 1.78> <FuncUnit> <Opcode : 'add' 'sub'> <InPorts = 2> <OutPorts = 1>
ST_1 : Operation 15 [1/1] (0.00ns)   --->   "%br_ln233 = br i1 %icmp_ln233, void %.split.i22, void %AES_Decrypt.region_end.exitStub" [source/AESfunctions.cpp:233->source/AESfunctions.cpp:257]   --->   Operation 15 'br' 'br_ln233' <Predicate = true> <Delay = 0.00>
ST_1 : Operation 16 [1/1] (0.00ns)   --->   "%i_6_cast = zext i5 %i_4" [source/AESfunctions.cpp:233->source/AESfunctions.cpp:257]   --->   Operation 16 'zext' 'i_6_cast' <Predicate = (!icmp_ln233)> <Delay = 0.00>
ST_1 : Operation 17 [1/1] (0.00ns)   --->   "%state_1_addr = getelementptr i8 %state_1, i64 0, i64 %i_6_cast" [source/AESfunctions.cpp:235->source/AESfunctions.cpp:257]   --->   Operation 17 'getelementptr' 'state_1_addr' <Predicate = (!icmp_ln233)> <Delay = 0.00>
ST_1 : Operation 18 [2/2] (2.32ns)   --->   "%state_1_load = load i4 %state_1_addr" [source/AESfunctions.cpp:235->source/AESfunctions.cpp:257]   --->   Operation 18 'load' 'state_1_load' <Predicate = (!icmp_ln233)> <Delay = 2.32> <CoreInst = "RAM">   --->   Core 82 'RAM' <Latency = 1> <II = 1> <Delay = 2.32> <Storage> <Opcode : 'load' 'store'> <Ports = 2> <Width = 8> <Depth = 16> <RAM>
ST_1 : Operation 19 [1/1] (1.58ns)   --->   "%store_ln233 = store i5 %add_ln233, i5 %i" [source/AESfunctions.cpp:233->source/AESfunctions.cpp:257]   --->   Operation 19 'store' 'store_ln233' <Predicate = (!icmp_ln233)> <Delay = 1.58>
ST_1 : Operation 25 [1/1] (0.00ns)   --->   "%ret_ln0 = ret"   --->   Operation 25 'ret' 'ret_ln0' <Predicate = (icmp_ln233)> <Delay = 0.00>

State 2 <SV = 1> <Delay = 4.64>
ST_2 : Operation 20 [1/1] (0.00ns)   --->   "%specloopname_ln233 = specloopname void @_ssdm_op_SpecLoopName, void @empty_11" [source/AESfunctions.cpp:233->source/AESfunctions.cpp:257]   --->   Operation 20 'specloopname' 'specloopname_ln233' <Predicate = true> <Delay = 0.00>
ST_2 : Operation 21 [1/2] (2.32ns)   --->   "%state_1_load = load i4 %state_1_addr" [source/AESfunctions.cpp:235->source/AESfunctions.cpp:257]   --->   Operation 21 'load' 'state_1_load' <Predicate = true> <Delay = 2.32> <CoreInst = "RAM">   --->   Core 82 'RAM' <Latency = 1> <II = 1> <Delay = 2.32> <Storage> <Opcode : 'load' 'store'> <Ports = 2> <Width = 8> <Depth = 16> <RAM>
ST_2 : Operation 22 [1/1] (0.00ns)   --->   "%data_out_addr = getelementptr i8 %data_out, i64 0, i64 %i_6_cast" [source/AESfunctions.cpp:235->source/AESfunctions.cpp:257]   --->   Operation 22 'getelementptr' 'data_out_addr' <Predicate = true> <Delay = 0.00>
ST_2 : Operation 23 [1/1] (2.32ns)   --->   "%store_ln235 = store i8 %state_1_load, i4 %data_out_addr" [source/AESfunctions.cpp:235->source/AESfunctions.cpp:257]   --->   Operation 23 'store' 'store_ln235' <Predicate = true> <Delay = 2.32> <CoreInst = "RAM_1P">   --->   Core 86 'RAM_1P' <Latency = 1> <II = 1> <Delay = 2.32> <Storage> <Opcode : 'load' 'store'> <Ports = 1> <Width = 8> <Depth = 16> <RAM>
ST_2 : Operation 24 [1/1] (0.00ns)   --->   "%br_ln0 = br void %._crit_edge.loopexit.i20"   --->   Operation 24 'br' 'br_ln0' <Predicate = true> <Delay = 0.00>


============================================================
+ Verbose Summary: Timing violations
============================================================
Target clock period: 10ns, clock uncertainty: 2.7ns.

 <State 1>: 3.37ns
The critical path consists of the following:
	'alloca' operation ('i') [3]  (0 ns)
	'load' operation ('i', source/AESfunctions.cpp:233->source/AESfunctions.cpp:257) on local variable 'i' [9]  (0 ns)
	'add' operation ('add_ln233', source/AESfunctions.cpp:233->source/AESfunctions.cpp:257) [13]  (1.78 ns)
	'store' operation ('store_ln233', source/AESfunctions.cpp:233->source/AESfunctions.cpp:257) of variable 'add_ln233', source/AESfunctions.cpp:233->source/AESfunctions.cpp:257 on local variable 'i' [22]  (1.59 ns)

 <State 2>: 4.64ns
The critical path consists of the following:
	'load' operation ('state_1_load', source/AESfunctions.cpp:235->source/AESfunctions.cpp:257) on array 'state_1' [19]  (2.32 ns)
	'store' operation ('store_ln235', source/AESfunctions.cpp:235->source/AESfunctions.cpp:257) of variable 'state_1_load', source/AESfunctions.cpp:235->source/AESfunctions.cpp:257 on array 'data_out' [21]  (2.32 ns)


============================================================
+ Verbose Summary: Binding
============================================================
N/A
* FSMD analyzer results:
  - Output states:
 - Input state : 
  - Chain level:
	State 1
	State 2


============================================================
+ Verbose Summary: Datapath Resource usage 
============================================================
N/A
