

================================================================
== Vitis HLS Report for 'ShiftRows'
================================================================
* Date:           Thu Apr 17 13:41:35 2025

* Version:        2021.2 (Build 3367213 on Tue Oct 19 02:48:09 MDT 2021)
* Project:        aes_full
* Solution:       full (Vivado IP Flow Target)
* Product family: zynq
* Target device:  xc7z020-clg400-1


================================================================
== Performance Estimates
================================================================
+ Timing: 
    * Summary: 
    +--------+----------+----------+------------+
    |  Clock |  Target  | Estimated| Uncertainty|
    +--------+----------+----------+------------+
    |ap_clk  |  10.00 ns|  4.644 ns|     2.70 ns|
    +--------+----------+----------+------------+

+ Latency: 
    * Summary: 
    +---------+---------+-----------+-----------+-----+-----+---------+
    |  Latency (cycles) |   Latency (absolute)  |  Interval | Pipeline|
    |   min   |   max   |    min    |    max    | min | max |   Type  |
    +---------+---------+-----------+-----------+-----+-----+---------+
    |        8|        8|  80.000 ns|  80.000 ns|    9|    9|      yes|
    +---------+---------+-----------+-----------+-----+-----+---------+

    + Detail: 
        * Instance: 
        N/A

        * Loop: 
        N/A

============================================================
+ Verbose Summary: Synthesis Manager
============================================================
InlineROM: 1
ExposeGlobal: 0
============================================================
+ Verbose Summary: CDFG Model
============================================================
IsTopModel: 0
ResetActiveHigh: 1
IsCombinational: 0
IsDatapathOnly: 0
HasWiredReturn: 1
HasMFsm: 2
HasVarLatency: 0
IsPipeline: 1
IsRtlPipelined: 0
IsInstanceOverlapped: 0
IsDontTouch: 0
HasImplIP: 0
IsGatedGlobalClock: 0

+ Individual pipeline summary: 
  * Pipeline-0: initiation interval (II) = 9, depth = 9


============================================================
+ Verbose Summary: Schedule
============================================================
* Number of FSM states : 9
* Pipeline : 1
  Pipeline-0 : II = 9, D = 9, States = { 1 2 3 4 5 6 7 8 9 }
* Dataflow Pipeline: 0

* FSM state transitions: 
1 --> 2 
2 --> 3 
3 --> 4 
4 --> 5 
5 --> 6 
6 --> 7 
7 --> 8 
8 --> 9 
9 --> 

* FSM state operations: 

State 1 <SV = 0> <Delay = 2.32>
ST_1 : Operation 10 [1/1] (0.00ns)   --->   "%state_addr = getelementptr i8 %state, i64 0, i64 5" [source/AESfunctions.cpp:24]   --->   Operation 10 'getelementptr' 'state_addr' <Predicate = true> <Delay = 0.00>
ST_1 : Operation 11 [2/2] (2.32ns)   --->   "%state_load = load i4 %state_addr" [source/AESfunctions.cpp:24]   --->   Operation 11 'load' 'state_load' <Predicate = true> <Delay = 2.32> <CoreInst = "RAM">   --->   Core 82 'RAM' <Latency = 1> <II = 1> <Delay = 2.32> <Storage> <Opcode : 'load' 'store'> <Ports = 2> <Width = 8> <Depth = 16> <RAM>
ST_1 : Operation 12 [1/1] (0.00ns)   --->   "%state_addr_16 = getelementptr i8 %state, i64 0, i64 10" [source/AESfunctions.cpp:25]   --->   Operation 12 'getelementptr' 'state_addr_16' <Predicate = true> <Delay = 0.00>
ST_1 : Operation 13 [2/2] (2.32ns)   --->   "%state_load_16 = load i4 %state_addr_16" [source/AESfunctions.cpp:25]   --->   Operation 13 'load' 'state_load_16' <Predicate = true> <Delay = 2.32> <CoreInst = "RAM">   --->   Core 82 'RAM' <Latency = 1> <II = 1> <Delay = 2.32> <Storage> <Opcode : 'load' 'store'> <Ports = 2> <Width = 8> <Depth = 16> <RAM>

State 2 <SV = 1> <Delay = 2.32>
ST_2 : Operation 14 [1/2] (2.32ns)   --->   "%state_load = load i4 %state_addr" [source/AESfunctions.cpp:24]   --->   Operation 14 'load' 'state_load' <Predicate = true> <Delay = 2.32> <CoreInst = "RAM">   --->   Core 82 'RAM' <Latency = 1> <II = 1> <Delay = 2.32> <Storage> <Opcode : 'load' 'store'> <Ports = 2> <Width = 8> <Depth = 16> <RAM>
ST_2 : Operation 15 [1/2] (2.32ns)   --->   "%state_load_16 = load i4 %state_addr_16" [source/AESfunctions.cpp:25]   --->   Operation 15 'load' 'state_load_16' <Predicate = true> <Delay = 2.32> <CoreInst = "RAM">   --->   Core 82 'RAM' <Latency = 1> <II = 1> <Delay = 2.32> <Storage> <Opcode : 'load' 'store'> <Ports = 2> <Width = 8> <Depth = 16> <RAM>
ST_2 : Operation 16 [1/1] (0.00ns)   --->   "%state_addr_17 = getelementptr i8 %state, i64 0, i64 15" [source/AESfunctions.cpp:26]   --->   Operation 16 'getelementptr' 'state_addr_17' <Predicate = true> <Delay = 0.00>
ST_2 : Operation 17 [2/2] (2.32ns)   --->   "%state_load_17 = load i4 %state_addr_17" [source/AESfunctions.cpp:26]   --->   Operation 17 'load' 'state_load_17' <Predicate = true> <Delay = 2.32> <CoreInst = "RAM">   --->   Core 82 'RAM' <Latency = 1> <II = 1> <Delay = 2.32> <Storage> <Opcode : 'load' 'store'> <Ports = 2> <Width = 8> <Depth = 16> <RAM>
ST_2 : Operation 18 [1/1] (0.00ns)   --->   "%state_addr_18 = getelementptr i8 %state, i64 0, i64 9" [source/AESfunctions.cpp:29]   --->   Operation 18 'getelementptr' 'state_addr_18' <Predicate = true> <Delay = 0.00>
ST_2 : Operation 19 [2/2] (2.32ns)   --->   "%state_load_18 = load i4 %state_addr_18" [source/AESfunctions.cpp:29]   --->   Operation 19 'load' 'state_load_18' <Predicate = true> <Delay = 2.32> <CoreInst = "RAM">   --->   Core 82 'RAM' <Latency = 1> <II = 1> <Delay = 2.32> <Storage> <Opcode : 'load' 'store'> <Ports = 2> <Width = 8> <Depth = 16> <RAM>

State 3 <SV = 2> <Delay = 4.64>
ST_3 : Operation 20 [1/2] (2.32ns)   --->   "%state_load_17 = load i4 %state_addr_17" [source/AESfunctions.cpp:26]   --->   Operation 20 'load' 'state_load_17' <Predicate = true> <Delay = 2.32> <CoreInst = "RAM">   --->   Core 82 'RAM' <Latency = 1> <II = 1> <Delay = 2.32> <Storage> <Opcode : 'load' 'store'> <Ports = 2> <Width = 8> <Depth = 16> <RAM>
ST_3 : Operation 21 [1/2] (2.32ns)   --->   "%state_load_18 = load i4 %state_addr_18" [source/AESfunctions.cpp:29]   --->   Operation 21 'load' 'state_load_18' <Predicate = true> <Delay = 2.32> <CoreInst = "RAM">   --->   Core 82 'RAM' <Latency = 1> <II = 1> <Delay = 2.32> <Storage> <Opcode : 'load' 'store'> <Ports = 2> <Width = 8> <Depth = 16> <RAM>
ST_3 : Operation 22 [1/1] (0.00ns)   --->   "%state_addr_19 = getelementptr i8 %state, i64 0, i64 14" [source/AESfunctions.cpp:30]   --->   Operation 22 'getelementptr' 'state_addr_19' <Predicate = true> <Delay = 0.00>
ST_3 : Operation 23 [2/2] (2.32ns)   --->   "%state_load_19 = load i4 %state_addr_19" [source/AESfunctions.cpp:30]   --->   Operation 23 'load' 'state_load_19' <Predicate = true> <Delay = 2.32> <CoreInst = "RAM">   --->   Core 82 'RAM' <Latency = 1> <II = 1> <Delay = 2.32> <Storage> <Opcode : 'load' 'store'> <Ports = 2> <Width = 8> <Depth = 16> <RAM>
ST_3 : Operation 24 [1/1] (0.00ns)   --->   "%state_addr_20 = getelementptr i8 %state, i64 0, i64 3" [source/AESfunctions.cpp:31]   --->   Operation 24 'getelementptr' 'state_addr_20' <Predicate = true> <Delay = 0.00>
ST_3 : Operation 25 [2/2] (2.32ns)   --->   "%state_load_20 = load i4 %state_addr_20" [source/AESfunctions.cpp:31]   --->   Operation 25 'load' 'state_load_20' <Predicate = true> <Delay = 2.32> <CoreInst = "RAM">   --->   Core 82 'RAM' <Latency = 1> <II = 1> <Delay = 2.32> <Storage> <Opcode : 'load' 'store'> <Ports = 2> <Width = 8> <Depth = 16> <RAM>
ST_3 : Operation 26 [1/1] (2.32ns)   --->   "%store_ln43 = store i8 %state_load_17, i4 %state_addr_20" [source/AESfunctions.cpp:43]   --->   Operation 26 'store' 'store_ln43' <Predicate = true> <Delay = 2.32> <CoreInst = "RAM">   --->   Core 82 'RAM' <Latency = 1> <II = 1> <Delay = 2.32> <Storage> <Opcode : 'load' 'store'> <Ports = 2> <Width = 8> <Depth = 16> <RAM>

State 4 <SV = 3> <Delay = 2.32>
ST_4 : Operation 27 [1/2] (2.32ns)   --->   "%state_load_19 = load i4 %state_addr_19" [source/AESfunctions.cpp:30]   --->   Operation 27 'load' 'state_load_19' <Predicate = true> <Delay = 2.32> <CoreInst = "RAM">   --->   Core 82 'RAM' <Latency = 1> <II = 1> <Delay = 2.32> <Storage> <Opcode : 'load' 'store'> <Ports = 2> <Width = 8> <Depth = 16> <RAM>
ST_4 : Operation 28 [1/2] (2.32ns)   --->   "%state_load_20 = load i4 %state_addr_20" [source/AESfunctions.cpp:31]   --->   Operation 28 'load' 'state_load_20' <Predicate = true> <Delay = 2.32> <CoreInst = "RAM">   --->   Core 82 'RAM' <Latency = 1> <II = 1> <Delay = 2.32> <Storage> <Opcode : 'load' 'store'> <Ports = 2> <Width = 8> <Depth = 16> <RAM>
ST_4 : Operation 29 [1/1] (0.00ns)   --->   "%state_addr_21 = getelementptr i8 %state, i64 0, i64 13" [source/AESfunctions.cpp:34]   --->   Operation 29 'getelementptr' 'state_addr_21' <Predicate = true> <Delay = 0.00>
ST_4 : Operation 30 [2/2] (2.32ns)   --->   "%state_load_21 = load i4 %state_addr_21" [source/AESfunctions.cpp:34]   --->   Operation 30 'load' 'state_load_21' <Predicate = true> <Delay = 2.32> <CoreInst = "RAM">   --->   Core 82 'RAM' <Latency = 1> <II = 1> <Delay = 2.32> <Storage> <Opcode : 'load' 'store'> <Ports = 2> <Width = 8> <Depth = 16> <RAM>
ST_4 : Operation 31 [1/1] (0.00ns)   --->   "%state_addr_22 = getelementptr i8 %state, i64 0, i64 2" [source/AESfunctions.cpp:35]   --->   Operation 31 'getelementptr' 'state_addr_22' <Predicate = true> <Delay = 0.00>
ST_4 : Operation 32 [2/2] (2.32ns)   --->   "%state_load_22 = load i4 %state_addr_22" [source/AESfunctions.cpp:35]   --->   Operation 32 'load' 'state_load_22' <Predicate = true> <Delay = 2.32> <CoreInst = "RAM">   --->   Core 82 'RAM' <Latency = 1> <II = 1> <Delay = 2.32> <Storage> <Opcode : 'load' 'store'> <Ports = 2> <Width = 8> <Depth = 16> <RAM>
ST_4 : Operation 33 [1/1] (2.32ns)   --->   "%store_ln43 = store i8 %state_load_16, i4 %state_addr_22" [source/AESfunctions.cpp:43]   --->   Operation 33 'store' 'store_ln43' <Predicate = true> <Delay = 2.32> <CoreInst = "RAM">   --->   Core 82 'RAM' <Latency = 1> <II = 1> <Delay = 2.32> <Storage> <Opcode : 'load' 'store'> <Ports = 2> <Width = 8> <Depth = 16> <RAM>

State 5 <SV = 4> <Delay = 2.32>
ST_5 : Operation 34 [1/2] (2.32ns)   --->   "%state_load_21 = load i4 %state_addr_21" [source/AESfunctions.cpp:34]   --->   Operation 34 'load' 'state_load_21' <Predicate = true> <Delay = 2.32> <CoreInst = "RAM">   --->   Core 82 'RAM' <Latency = 1> <II = 1> <Delay = 2.32> <Storage> <Opcode : 'load' 'store'> <Ports = 2> <Width = 8> <Depth = 16> <RAM>
ST_5 : Operation 35 [1/2] (2.32ns)   --->   "%state_load_22 = load i4 %state_addr_22" [source/AESfunctions.cpp:35]   --->   Operation 35 'load' 'state_load_22' <Predicate = true> <Delay = 2.32> <CoreInst = "RAM">   --->   Core 82 'RAM' <Latency = 1> <II = 1> <Delay = 2.32> <Storage> <Opcode : 'load' 'store'> <Ports = 2> <Width = 8> <Depth = 16> <RAM>
ST_5 : Operation 36 [1/1] (0.00ns)   --->   "%state_addr_23 = getelementptr i8 %state, i64 0, i64 7" [source/AESfunctions.cpp:36]   --->   Operation 36 'getelementptr' 'state_addr_23' <Predicate = true> <Delay = 0.00>
ST_5 : Operation 37 [2/2] (2.32ns)   --->   "%state_load_23 = load i4 %state_addr_23" [source/AESfunctions.cpp:36]   --->   Operation 37 'load' 'state_load_23' <Predicate = true> <Delay = 2.32> <CoreInst = "RAM">   --->   Core 82 'RAM' <Latency = 1> <II = 1> <Delay = 2.32> <Storage> <Opcode : 'load' 'store'> <Ports = 2> <Width = 8> <Depth = 16> <RAM>
ST_5 : Operation 38 [1/1] (0.00ns)   --->   "%state_addr_24 = getelementptr i8 %state, i64 0, i64 1" [source/AESfunctions.cpp:39]   --->   Operation 38 'getelementptr' 'state_addr_24' <Predicate = true> <Delay = 0.00>
ST_5 : Operation 39 [2/2] (2.32ns)   --->   "%state_load_24 = load i4 %state_addr_24" [source/AESfunctions.cpp:39]   --->   Operation 39 'load' 'state_load_24' <Predicate = true> <Delay = 2.32> <CoreInst = "RAM">   --->   Core 82 'RAM' <Latency = 1> <II = 1> <Delay = 2.32> <Storage> <Opcode : 'load' 'store'> <Ports = 2> <Width = 8> <Depth = 16> <RAM>
ST_5 : Operation 40 [1/1] (2.32ns)   --->   "%store_ln43 = store i8 %state_load, i4 %state_addr_24" [source/AESfunctions.cpp:43]   --->   Operation 40 'store' 'store_ln43' <Predicate = true> <Delay = 2.32> <CoreInst = "RAM">   --->   Core 82 'RAM' <Latency = 1> <II = 1> <Delay = 2.32> <Storage> <Opcode : 'load' 'store'> <Ports = 2> <Width = 8> <Depth = 16> <RAM>
ST_5 : Operation 41 [1/1] (2.32ns)   --->   "%store_ln43 = store i8 %state_load_20, i4 %state_addr_23" [source/AESfunctions.cpp:43]   --->   Operation 41 'store' 'store_ln43' <Predicate = true> <Delay = 2.32> <CoreInst = "RAM">   --->   Core 82 'RAM' <Latency = 1> <II = 1> <Delay = 2.32> <Storage> <Opcode : 'load' 'store'> <Ports = 2> <Width = 8> <Depth = 16> <RAM>

State 6 <SV = 5> <Delay = 4.64>
ST_6 : Operation 42 [1/2] (2.32ns)   --->   "%state_load_23 = load i4 %state_addr_23" [source/AESfunctions.cpp:36]   --->   Operation 42 'load' 'state_load_23' <Predicate = true> <Delay = 2.32> <CoreInst = "RAM">   --->   Core 82 'RAM' <Latency = 1> <II = 1> <Delay = 2.32> <Storage> <Opcode : 'load' 'store'> <Ports = 2> <Width = 8> <Depth = 16> <RAM>
ST_6 : Operation 43 [1/2] (2.32ns)   --->   "%state_load_24 = load i4 %state_addr_24" [source/AESfunctions.cpp:39]   --->   Operation 43 'load' 'state_load_24' <Predicate = true> <Delay = 2.32> <CoreInst = "RAM">   --->   Core 82 'RAM' <Latency = 1> <II = 1> <Delay = 2.32> <Storage> <Opcode : 'load' 'store'> <Ports = 2> <Width = 8> <Depth = 16> <RAM>
ST_6 : Operation 44 [1/1] (0.00ns)   --->   "%state_addr_25 = getelementptr i8 %state, i64 0, i64 6" [source/AESfunctions.cpp:40]   --->   Operation 44 'getelementptr' 'state_addr_25' <Predicate = true> <Delay = 0.00>
ST_6 : Operation 45 [2/2] (2.32ns)   --->   "%state_load_25 = load i4 %state_addr_25" [source/AESfunctions.cpp:40]   --->   Operation 45 'load' 'state_load_25' <Predicate = true> <Delay = 2.32> <CoreInst = "RAM">   --->   Core 82 'RAM' <Latency = 1> <II = 1> <Delay = 2.32> <Storage> <Opcode : 'load' 'store'> <Ports = 2> <Width = 8> <Depth = 16> <RAM>
ST_6 : Operation 46 [1/1] (0.00ns)   --->   "%state_addr_26 = getelementptr i8 %state, i64 0, i64 11" [source/AESfunctions.cpp:41]   --->   Operation 46 'getelementptr' 'state_addr_26' <Predicate = true> <Delay = 0.00>
ST_6 : Operation 47 [2/2] (2.32ns)   --->   "%state_load_26 = load i4 %state_addr_26" [source/AESfunctions.cpp:41]   --->   Operation 47 'load' 'state_load_26' <Predicate = true> <Delay = 2.32> <CoreInst = "RAM">   --->   Core 82 'RAM' <Latency = 1> <II = 1> <Delay = 2.32> <Storage> <Opcode : 'load' 'store'> <Ports = 2> <Width = 8> <Depth = 16> <RAM>
ST_6 : Operation 48 [1/1] (2.32ns)   --->   "%store_ln43 = store i8 %state_load_19, i4 %state_addr_25" [source/AESfunctions.cpp:43]   --->   Operation 48 'store' 'store_ln43' <Predicate = true> <Delay = 2.32> <CoreInst = "RAM">   --->   Core 82 'RAM' <Latency = 1> <II = 1> <Delay = 2.32> <Storage> <Opcode : 'load' 'store'> <Ports = 2> <Width = 8> <Depth = 16> <RAM>
ST_6 : Operation 49 [1/1] (2.32ns)   --->   "%store_ln43 = store i8 %state_load_23, i4 %state_addr_26" [source/AESfunctions.cpp:43]   --->   Operation 49 'store' 'store_ln43' <Predicate = true> <Delay = 2.32> <CoreInst = "RAM">   --->   Core 82 'RAM' <Latency = 1> <II = 1> <Delay = 2.32> <Storage> <Opcode : 'load' 'store'> <Ports = 2> <Width = 8> <Depth = 16> <RAM>

State 7 <SV = 6> <Delay = 2.32>
ST_7 : Operation 50 [1/2] (2.32ns)   --->   "%state_load_25 = load i4 %state_addr_25" [source/AESfunctions.cpp:40]   --->   Operation 50 'load' 'state_load_25' <Predicate = true> <Delay = 2.32> <CoreInst = "RAM">   --->   Core 82 'RAM' <Latency = 1> <II = 1> <Delay = 2.32> <Storage> <Opcode : 'load' 'store'> <Ports = 2> <Width = 8> <Depth = 16> <RAM>
ST_7 : Operation 51 [1/2] (2.32ns)   --->   "%state_load_26 = load i4 %state_addr_26" [source/AESfunctions.cpp:41]   --->   Operation 51 'load' 'state_load_26' <Predicate = true> <Delay = 2.32> <CoreInst = "RAM">   --->   Core 82 'RAM' <Latency = 1> <II = 1> <Delay = 2.32> <Storage> <Opcode : 'load' 'store'> <Ports = 2> <Width = 8> <Depth = 16> <RAM>
ST_7 : Operation 52 [1/1] (2.32ns)   --->   "%store_ln43 = store i8 %state_load_18, i4 %state_addr" [source/AESfunctions.cpp:43]   --->   Operation 52 'store' 'store_ln43' <Predicate = true> <Delay = 2.32> <CoreInst = "RAM">   --->   Core 82 'RAM' <Latency = 1> <II = 1> <Delay = 2.32> <Storage> <Opcode : 'load' 'store'> <Ports = 2> <Width = 8> <Depth = 16> <RAM>
ST_7 : Operation 53 [1/1] (2.32ns)   --->   "%store_ln43 = store i8 %state_load_21, i4 %state_addr_18" [source/AESfunctions.cpp:43]   --->   Operation 53 'store' 'store_ln43' <Predicate = true> <Delay = 2.32> <CoreInst = "RAM">   --->   Core 82 'RAM' <Latency = 1> <II = 1> <Delay = 2.32> <Storage> <Opcode : 'load' 'store'> <Ports = 2> <Width = 8> <Depth = 16> <RAM>

State 8 <SV = 7> <Delay = 2.32>
ST_8 : Operation 54 [1/1] (2.32ns)   --->   "%store_ln43 = store i8 %state_load_22, i4 %state_addr_16" [source/AESfunctions.cpp:43]   --->   Operation 54 'store' 'store_ln43' <Predicate = true> <Delay = 2.32> <CoreInst = "RAM">   --->   Core 82 'RAM' <Latency = 1> <II = 1> <Delay = 2.32> <Storage> <Opcode : 'load' 'store'> <Ports = 2> <Width = 8> <Depth = 16> <RAM>
ST_8 : Operation 55 [1/1] (2.32ns)   --->   "%store_ln43 = store i8 %state_load_24, i4 %state_addr_21" [source/AESfunctions.cpp:43]   --->   Operation 55 'store' 'store_ln43' <Predicate = true> <Delay = 2.32> <CoreInst = "RAM">   --->   Core 82 'RAM' <Latency = 1> <II = 1> <Delay = 2.32> <Storage> <Opcode : 'load' 'store'> <Ports = 2> <Width = 8> <Depth = 16> <RAM>

State 9 <SV = 8> <Delay = 2.32>
ST_9 : Operation 56 [1/1] (2.32ns)   --->   "%store_ln43 = store i8 %state_load_25, i4 %state_addr_19" [source/AESfunctions.cpp:43]   --->   Operation 56 'store' 'store_ln43' <Predicate = true> <Delay = 2.32> <CoreInst = "RAM">   --->   Core 82 'RAM' <Latency = 1> <II = 1> <Delay = 2.32> <Storage> <Opcode : 'load' 'store'> <Ports = 2> <Width = 8> <Depth = 16> <RAM>
ST_9 : Operation 57 [1/1] (2.32ns)   --->   "%store_ln43 = store i8 %state_load_26, i4 %state_addr_17" [source/AESfunctions.cpp:43]   --->   Operation 57 'store' 'store_ln43' <Predicate = true> <Delay = 2.32> <CoreInst = "RAM">   --->   Core 82 'RAM' <Latency = 1> <II = 1> <Delay = 2.32> <Storage> <Opcode : 'load' 'store'> <Ports = 2> <Width = 8> <Depth = 16> <RAM>
ST_9 : Operation 58 [1/1] (0.00ns)   --->   "%ret_ln45 = ret" [source/AESfunctions.cpp:45]   --->   Operation 58 'ret' 'ret_ln45' <Predicate = true> <Delay = 0.00>


============================================================
+ Verbose Summary: Timing violations
============================================================
Target clock period: 10ns, clock uncertainty: 2.7ns.

 <State 1>: 2.32ns
The critical path consists of the following:
	'getelementptr' operation ('state_addr', source/AESfunctions.cpp:24) [2]  (0 ns)
	'load' operation ('state_load', source/AESfunctions.cpp:24) on array 'state' [3]  (2.32 ns)

 <State 2>: 2.32ns
The critical path consists of the following:
	'load' operation ('state_load', source/AESfunctions.cpp:24) on array 'state' [3]  (2.32 ns)

 <State 3>: 4.64ns
The critical path consists of the following:
	'load' operation ('state_load_17', source/AESfunctions.cpp:26) on array 'state' [7]  (2.32 ns)
	'store' operation ('store_ln43', source/AESfunctions.cpp:43) of variable 'state_load_17', source/AESfunctions.cpp:26 on array 'state' [28]  (2.32 ns)

 <State 4>: 2.32ns
The critical path consists of the following:
	'load' operation ('state_load_19', source/AESfunctions.cpp:30) on array 'state' [11]  (2.32 ns)

 <State 5>: 2.32ns
The critical path consists of the following:
	'load' operation ('state_load_21', source/AESfunctions.cpp:34) on array 'state' [15]  (2.32 ns)

 <State 6>: 4.64ns
The critical path consists of the following:
	'load' operation ('state_load_23', source/AESfunctions.cpp:36) on array 'state' [19]  (2.32 ns)
	'store' operation ('store_ln43', source/AESfunctions.cpp:43) of variable 'state_load_23', source/AESfunctions.cpp:36 on array 'state' [34]  (2.32 ns)

 <State 7>: 2.32ns
The critical path consists of the following:
	'load' operation ('state_load_25', source/AESfunctions.cpp:40) on array 'state' [23]  (2.32 ns)

 <State 8>: 2.32ns
The critical path consists of the following:
	'store' operation ('store_ln43', source/AESfunctions.cpp:43) of variable 'state_load_22', source/AESfunctions.cpp:35 on array 'state' [33]  (2.32 ns)

 <State 9>: 2.32ns
The critical path consists of the following:
	'store' operation ('store_ln43', source/AESfunctions.cpp:43) of variable 'state_load_25', source/AESfunctions.cpp:40 on array 'state' [36]  (2.32 ns)


============================================================
+ Verbose Summary: Binding
============================================================
N/A
* FSMD analyzer results:
  - Output states:
 - Input state : 
  - Chain level:
	State 1
	State 2
	State 3
	State 4
	State 5
	State 6
	State 7
	State 8
	State 9


============================================================
+ Verbose Summary: Datapath Resource usage 
============================================================
N/A
