

================================================================
== Vitis HLS Report for 'SubBytes'
================================================================
* Date:           Thu Apr 17 13:41:34 2025

* Version:        2021.2 (Build 3367213 on Tue Oct 19 02:48:09 MDT 2021)
* Project:        aes_full
* Solution:       full (Vivado IP Flow Target)
* Product family: zynq
* Target device:  xc7z020-clg400-1


================================================================
== Performance Estimates
================================================================
+ Timing: 
    * Summary: 
    +--------+----------+----------+------------+
    |  Clock |  Target  | Estimated| Uncertainty|
    +--------+----------+----------+------------+
    |ap_clk  |  10.00 ns|  5.576 ns|     2.70 ns|
    +--------+----------+----------+------------+

+ Latency: 
    * Summary: 
    +---------+---------+----------+----------+-----+-----+---------+
    |  Latency (cycles) |  Latency (absolute) |  Interval | Pipeline|
    |   min   |   max   |    min   |    max   | min | max |   Type  |
    +---------+---------+----------+----------+-----+-----+---------+
    |       17|       17|  0.170 us|  0.170 us|   18|   18|      yes|
    +---------+---------+----------+----------+-----+-----+---------+

    + Detail: 
        * Instance: 
        N/A

        * Loop: 
        N/A

============================================================
+ Verbose Summary: Synthesis Manager
============================================================
InlineROM: 1
ExposeGlobal: 0
============================================================
+ Verbose Summary: CDFG Model
============================================================
IsTopModel: 0
ResetActiveHigh: 1
IsCombinational: 0
IsDatapathOnly: 0
HasWiredReturn: 1
HasMFsm: 2
HasVarLatency: 0
IsPipeline: 1
IsRtlPipelined: 0
IsInstanceOverlapped: 0
IsDontTouch: 0
HasImplIP: 0
IsGatedGlobalClock: 0

+ Individual pipeline summary: 
  * Pipeline-0: initiation interval (II) = 18, depth = 18


============================================================
+ Verbose Summary: Schedule
============================================================
* Number of FSM states : 18
* Pipeline : 1
  Pipeline-0 : II = 18, D = 18, States = { 1 2 3 4 5 6 7 8 9 10 11 12 13 14 15 16 17 18 }
* Dataflow Pipeline: 0

* FSM state transitions: 
1 --> 2 
2 --> 3 
3 --> 4 
4 --> 5 
5 --> 6 
6 --> 7 
7 --> 8 
8 --> 9 
9 --> 10 
10 --> 11 
11 --> 12 
12 --> 13 
13 --> 14 
14 --> 15 
15 --> 16 
16 --> 17 
17 --> 18 
18 --> 

* FSM state operations: 

State 1 <SV = 0> <Delay = 2.32>
ST_1 : Operation 19 [1/1] (0.00ns)   --->   "%state_addr = getelementptr i8 %state, i64 0, i64 0" [source/AESfunctions.cpp:4]   --->   Operation 19 'getelementptr' 'state_addr' <Predicate = true> <Delay = 0.00>
ST_1 : Operation 20 [2/2] (2.32ns)   --->   "%state_load = load i4 %state_addr" [source/AESfunctions.cpp:8]   --->   Operation 20 'load' 'state_load' <Predicate = true> <Delay = 2.32> <CoreInst = "RAM">   --->   Core 82 'RAM' <Latency = 1> <II = 1> <Delay = 2.32> <Storage> <Opcode : 'load' 'store'> <Ports = 2> <Width = 8> <Depth = 16> <RAM>
ST_1 : Operation 21 [1/1] (0.00ns)   --->   "%state_addr_1 = getelementptr i8 %state, i64 0, i64 1" [source/AESfunctions.cpp:8]   --->   Operation 21 'getelementptr' 'state_addr_1' <Predicate = true> <Delay = 0.00>
ST_1 : Operation 22 [2/2] (2.32ns)   --->   "%state_load_1 = load i4 %state_addr_1" [source/AESfunctions.cpp:8]   --->   Operation 22 'load' 'state_load_1' <Predicate = true> <Delay = 2.32> <CoreInst = "RAM">   --->   Core 82 'RAM' <Latency = 1> <II = 1> <Delay = 2.32> <Storage> <Opcode : 'load' 'store'> <Ports = 2> <Width = 8> <Depth = 16> <RAM>

State 2 <SV = 1> <Delay = 5.57>
ST_2 : Operation 23 [1/2] (2.32ns)   --->   "%state_load = load i4 %state_addr" [source/AESfunctions.cpp:8]   --->   Operation 23 'load' 'state_load' <Predicate = true> <Delay = 2.32> <CoreInst = "RAM">   --->   Core 82 'RAM' <Latency = 1> <II = 1> <Delay = 2.32> <Storage> <Opcode : 'load' 'store'> <Ports = 2> <Width = 8> <Depth = 16> <RAM>
ST_2 : Operation 24 [1/1] (0.00ns)   --->   "%zext_ln8 = zext i8 %state_load" [source/AESfunctions.cpp:8]   --->   Operation 24 'zext' 'zext_ln8' <Predicate = true> <Delay = 0.00>
ST_2 : Operation 25 [1/1] (0.00ns)   --->   "%s_box_addr = getelementptr i8 %s_box, i64 0, i64 %zext_ln8" [source/AESfunctions.cpp:8]   --->   Operation 25 'getelementptr' 's_box_addr' <Predicate = true> <Delay = 0.00>
ST_2 : Operation 26 [2/2] (3.25ns)   --->   "%s_box_load = load i8 %s_box_addr" [source/AESfunctions.cpp:8]   --->   Operation 26 'load' 's_box_load' <Predicate = true> <Delay = 3.25> <CoreInst = "ROM">   --->   Core 95 'ROM' <Latency = 1> <II = 1> <Delay = 3.25> <Storage> <Opcode : 'load'> <Ports = 0> <Width = 8> <Depth = 256> <ROM>
ST_2 : Operation 27 [1/2] (2.32ns)   --->   "%state_load_1 = load i4 %state_addr_1" [source/AESfunctions.cpp:8]   --->   Operation 27 'load' 'state_load_1' <Predicate = true> <Delay = 2.32> <CoreInst = "RAM">   --->   Core 82 'RAM' <Latency = 1> <II = 1> <Delay = 2.32> <Storage> <Opcode : 'load' 'store'> <Ports = 2> <Width = 8> <Depth = 16> <RAM>
ST_2 : Operation 28 [1/1] (0.00ns)   --->   "%state_addr_2 = getelementptr i8 %state, i64 0, i64 2" [source/AESfunctions.cpp:8]   --->   Operation 28 'getelementptr' 'state_addr_2' <Predicate = true> <Delay = 0.00>
ST_2 : Operation 29 [2/2] (2.32ns)   --->   "%state_load_2 = load i4 %state_addr_2" [source/AESfunctions.cpp:8]   --->   Operation 29 'load' 'state_load_2' <Predicate = true> <Delay = 2.32> <CoreInst = "RAM">   --->   Core 82 'RAM' <Latency = 1> <II = 1> <Delay = 2.32> <Storage> <Opcode : 'load' 'store'> <Ports = 2> <Width = 8> <Depth = 16> <RAM>
ST_2 : Operation 30 [1/1] (0.00ns)   --->   "%state_addr_3 = getelementptr i8 %state, i64 0, i64 3" [source/AESfunctions.cpp:8]   --->   Operation 30 'getelementptr' 'state_addr_3' <Predicate = true> <Delay = 0.00>
ST_2 : Operation 31 [2/2] (2.32ns)   --->   "%state_load_3 = load i4 %state_addr_3" [source/AESfunctions.cpp:8]   --->   Operation 31 'load' 'state_load_3' <Predicate = true> <Delay = 2.32> <CoreInst = "RAM">   --->   Core 82 'RAM' <Latency = 1> <II = 1> <Delay = 2.32> <Storage> <Opcode : 'load' 'store'> <Ports = 2> <Width = 8> <Depth = 16> <RAM>

State 3 <SV = 2> <Delay = 3.25>
ST_3 : Operation 32 [1/2] (3.25ns)   --->   "%s_box_load = load i8 %s_box_addr" [source/AESfunctions.cpp:8]   --->   Operation 32 'load' 's_box_load' <Predicate = true> <Delay = 3.25> <CoreInst = "ROM">   --->   Core 95 'ROM' <Latency = 1> <II = 1> <Delay = 3.25> <Storage> <Opcode : 'load'> <Ports = 0> <Width = 8> <Depth = 256> <ROM>
ST_3 : Operation 33 [1/1] (0.00ns)   --->   "%zext_ln8_1 = zext i8 %state_load_1" [source/AESfunctions.cpp:8]   --->   Operation 33 'zext' 'zext_ln8_1' <Predicate = true> <Delay = 0.00>
ST_3 : Operation 34 [1/1] (0.00ns)   --->   "%s_box_addr_1 = getelementptr i8 %s_box, i64 0, i64 %zext_ln8_1" [source/AESfunctions.cpp:8]   --->   Operation 34 'getelementptr' 's_box_addr_1' <Predicate = true> <Delay = 0.00>
ST_3 : Operation 35 [2/2] (3.25ns)   --->   "%s_box_load_1 = load i8 %s_box_addr_1" [source/AESfunctions.cpp:8]   --->   Operation 35 'load' 's_box_load_1' <Predicate = true> <Delay = 3.25> <CoreInst = "ROM">   --->   Core 95 'ROM' <Latency = 1> <II = 1> <Delay = 3.25> <Storage> <Opcode : 'load'> <Ports = 0> <Width = 8> <Depth = 256> <ROM>
ST_3 : Operation 36 [1/2] (2.32ns)   --->   "%state_load_2 = load i4 %state_addr_2" [source/AESfunctions.cpp:8]   --->   Operation 36 'load' 'state_load_2' <Predicate = true> <Delay = 2.32> <CoreInst = "RAM">   --->   Core 82 'RAM' <Latency = 1> <II = 1> <Delay = 2.32> <Storage> <Opcode : 'load' 'store'> <Ports = 2> <Width = 8> <Depth = 16> <RAM>
ST_3 : Operation 37 [1/2] (2.32ns)   --->   "%state_load_3 = load i4 %state_addr_3" [source/AESfunctions.cpp:8]   --->   Operation 37 'load' 'state_load_3' <Predicate = true> <Delay = 2.32> <CoreInst = "RAM">   --->   Core 82 'RAM' <Latency = 1> <II = 1> <Delay = 2.32> <Storage> <Opcode : 'load' 'store'> <Ports = 2> <Width = 8> <Depth = 16> <RAM>
ST_3 : Operation 38 [1/1] (0.00ns)   --->   "%state_addr_4 = getelementptr i8 %state, i64 0, i64 4" [source/AESfunctions.cpp:8]   --->   Operation 38 'getelementptr' 'state_addr_4' <Predicate = true> <Delay = 0.00>
ST_3 : Operation 39 [2/2] (2.32ns)   --->   "%state_load_4 = load i4 %state_addr_4" [source/AESfunctions.cpp:8]   --->   Operation 39 'load' 'state_load_4' <Predicate = true> <Delay = 2.32> <CoreInst = "RAM">   --->   Core 82 'RAM' <Latency = 1> <II = 1> <Delay = 2.32> <Storage> <Opcode : 'load' 'store'> <Ports = 2> <Width = 8> <Depth = 16> <RAM>
ST_3 : Operation 40 [1/1] (0.00ns)   --->   "%state_addr_5 = getelementptr i8 %state, i64 0, i64 5" [source/AESfunctions.cpp:8]   --->   Operation 40 'getelementptr' 'state_addr_5' <Predicate = true> <Delay = 0.00>
ST_3 : Operation 41 [2/2] (2.32ns)   --->   "%state_load_5 = load i4 %state_addr_5" [source/AESfunctions.cpp:8]   --->   Operation 41 'load' 'state_load_5' <Predicate = true> <Delay = 2.32> <CoreInst = "RAM">   --->   Core 82 'RAM' <Latency = 1> <II = 1> <Delay = 2.32> <Storage> <Opcode : 'load' 'store'> <Ports = 2> <Width = 8> <Depth = 16> <RAM>

State 4 <SV = 3> <Delay = 3.25>
ST_4 : Operation 42 [1/2] (3.25ns)   --->   "%s_box_load_1 = load i8 %s_box_addr_1" [source/AESfunctions.cpp:8]   --->   Operation 42 'load' 's_box_load_1' <Predicate = true> <Delay = 3.25> <CoreInst = "ROM">   --->   Core 95 'ROM' <Latency = 1> <II = 1> <Delay = 3.25> <Storage> <Opcode : 'load'> <Ports = 0> <Width = 8> <Depth = 256> <ROM>
ST_4 : Operation 43 [1/1] (0.00ns)   --->   "%zext_ln8_2 = zext i8 %state_load_2" [source/AESfunctions.cpp:8]   --->   Operation 43 'zext' 'zext_ln8_2' <Predicate = true> <Delay = 0.00>
ST_4 : Operation 44 [1/1] (0.00ns)   --->   "%s_box_addr_2 = getelementptr i8 %s_box, i64 0, i64 %zext_ln8_2" [source/AESfunctions.cpp:8]   --->   Operation 44 'getelementptr' 's_box_addr_2' <Predicate = true> <Delay = 0.00>
ST_4 : Operation 45 [2/2] (3.25ns)   --->   "%s_box_load_2 = load i8 %s_box_addr_2" [source/AESfunctions.cpp:8]   --->   Operation 45 'load' 's_box_load_2' <Predicate = true> <Delay = 3.25> <CoreInst = "ROM">   --->   Core 95 'ROM' <Latency = 1> <II = 1> <Delay = 3.25> <Storage> <Opcode : 'load'> <Ports = 0> <Width = 8> <Depth = 256> <ROM>
ST_4 : Operation 46 [1/2] (2.32ns)   --->   "%state_load_4 = load i4 %state_addr_4" [source/AESfunctions.cpp:8]   --->   Operation 46 'load' 'state_load_4' <Predicate = true> <Delay = 2.32> <CoreInst = "RAM">   --->   Core 82 'RAM' <Latency = 1> <II = 1> <Delay = 2.32> <Storage> <Opcode : 'load' 'store'> <Ports = 2> <Width = 8> <Depth = 16> <RAM>
ST_4 : Operation 47 [1/2] (2.32ns)   --->   "%state_load_5 = load i4 %state_addr_5" [source/AESfunctions.cpp:8]   --->   Operation 47 'load' 'state_load_5' <Predicate = true> <Delay = 2.32> <CoreInst = "RAM">   --->   Core 82 'RAM' <Latency = 1> <II = 1> <Delay = 2.32> <Storage> <Opcode : 'load' 'store'> <Ports = 2> <Width = 8> <Depth = 16> <RAM>
ST_4 : Operation 48 [1/1] (0.00ns)   --->   "%state_addr_6 = getelementptr i8 %state, i64 0, i64 6" [source/AESfunctions.cpp:8]   --->   Operation 48 'getelementptr' 'state_addr_6' <Predicate = true> <Delay = 0.00>
ST_4 : Operation 49 [2/2] (2.32ns)   --->   "%state_load_6 = load i4 %state_addr_6" [source/AESfunctions.cpp:8]   --->   Operation 49 'load' 'state_load_6' <Predicate = true> <Delay = 2.32> <CoreInst = "RAM">   --->   Core 82 'RAM' <Latency = 1> <II = 1> <Delay = 2.32> <Storage> <Opcode : 'load' 'store'> <Ports = 2> <Width = 8> <Depth = 16> <RAM>
ST_4 : Operation 50 [1/1] (0.00ns)   --->   "%state_addr_7 = getelementptr i8 %state, i64 0, i64 7" [source/AESfunctions.cpp:8]   --->   Operation 50 'getelementptr' 'state_addr_7' <Predicate = true> <Delay = 0.00>
ST_4 : Operation 51 [2/2] (2.32ns)   --->   "%state_load_7 = load i4 %state_addr_7" [source/AESfunctions.cpp:8]   --->   Operation 51 'load' 'state_load_7' <Predicate = true> <Delay = 2.32> <CoreInst = "RAM">   --->   Core 82 'RAM' <Latency = 1> <II = 1> <Delay = 2.32> <Storage> <Opcode : 'load' 'store'> <Ports = 2> <Width = 8> <Depth = 16> <RAM>

State 5 <SV = 4> <Delay = 3.25>
ST_5 : Operation 52 [1/2] (3.25ns)   --->   "%s_box_load_2 = load i8 %s_box_addr_2" [source/AESfunctions.cpp:8]   --->   Operation 52 'load' 's_box_load_2' <Predicate = true> <Delay = 3.25> <CoreInst = "ROM">   --->   Core 95 'ROM' <Latency = 1> <II = 1> <Delay = 3.25> <Storage> <Opcode : 'load'> <Ports = 0> <Width = 8> <Depth = 256> <ROM>
ST_5 : Operation 53 [1/1] (0.00ns)   --->   "%zext_ln8_3 = zext i8 %state_load_3" [source/AESfunctions.cpp:8]   --->   Operation 53 'zext' 'zext_ln8_3' <Predicate = true> <Delay = 0.00>
ST_5 : Operation 54 [1/1] (0.00ns)   --->   "%s_box_addr_3 = getelementptr i8 %s_box, i64 0, i64 %zext_ln8_3" [source/AESfunctions.cpp:8]   --->   Operation 54 'getelementptr' 's_box_addr_3' <Predicate = true> <Delay = 0.00>
ST_5 : Operation 55 [2/2] (3.25ns)   --->   "%s_box_load_3 = load i8 %s_box_addr_3" [source/AESfunctions.cpp:8]   --->   Operation 55 'load' 's_box_load_3' <Predicate = true> <Delay = 3.25> <CoreInst = "ROM">   --->   Core 95 'ROM' <Latency = 1> <II = 1> <Delay = 3.25> <Storage> <Opcode : 'load'> <Ports = 0> <Width = 8> <Depth = 256> <ROM>
ST_5 : Operation 56 [1/2] (2.32ns)   --->   "%state_load_6 = load i4 %state_addr_6" [source/AESfunctions.cpp:8]   --->   Operation 56 'load' 'state_load_6' <Predicate = true> <Delay = 2.32> <CoreInst = "RAM">   --->   Core 82 'RAM' <Latency = 1> <II = 1> <Delay = 2.32> <Storage> <Opcode : 'load' 'store'> <Ports = 2> <Width = 8> <Depth = 16> <RAM>
ST_5 : Operation 57 [1/2] (2.32ns)   --->   "%state_load_7 = load i4 %state_addr_7" [source/AESfunctions.cpp:8]   --->   Operation 57 'load' 'state_load_7' <Predicate = true> <Delay = 2.32> <CoreInst = "RAM">   --->   Core 82 'RAM' <Latency = 1> <II = 1> <Delay = 2.32> <Storage> <Opcode : 'load' 'store'> <Ports = 2> <Width = 8> <Depth = 16> <RAM>
ST_5 : Operation 58 [1/1] (0.00ns)   --->   "%state_addr_8 = getelementptr i8 %state, i64 0, i64 8" [source/AESfunctions.cpp:8]   --->   Operation 58 'getelementptr' 'state_addr_8' <Predicate = true> <Delay = 0.00>
ST_5 : Operation 59 [2/2] (2.32ns)   --->   "%state_load_8 = load i4 %state_addr_8" [source/AESfunctions.cpp:8]   --->   Operation 59 'load' 'state_load_8' <Predicate = true> <Delay = 2.32> <CoreInst = "RAM">   --->   Core 82 'RAM' <Latency = 1> <II = 1> <Delay = 2.32> <Storage> <Opcode : 'load' 'store'> <Ports = 2> <Width = 8> <Depth = 16> <RAM>
ST_5 : Operation 60 [1/1] (0.00ns)   --->   "%state_addr_9 = getelementptr i8 %state, i64 0, i64 9" [source/AESfunctions.cpp:8]   --->   Operation 60 'getelementptr' 'state_addr_9' <Predicate = true> <Delay = 0.00>
ST_5 : Operation 61 [2/2] (2.32ns)   --->   "%state_load_9 = load i4 %state_addr_9" [source/AESfunctions.cpp:8]   --->   Operation 61 'load' 'state_load_9' <Predicate = true> <Delay = 2.32> <CoreInst = "RAM">   --->   Core 82 'RAM' <Latency = 1> <II = 1> <Delay = 2.32> <Storage> <Opcode : 'load' 'store'> <Ports = 2> <Width = 8> <Depth = 16> <RAM>

State 6 <SV = 5> <Delay = 3.25>
ST_6 : Operation 62 [1/2] (3.25ns)   --->   "%s_box_load_3 = load i8 %s_box_addr_3" [source/AESfunctions.cpp:8]   --->   Operation 62 'load' 's_box_load_3' <Predicate = true> <Delay = 3.25> <CoreInst = "ROM">   --->   Core 95 'ROM' <Latency = 1> <II = 1> <Delay = 3.25> <Storage> <Opcode : 'load'> <Ports = 0> <Width = 8> <Depth = 256> <ROM>
ST_6 : Operation 63 [1/1] (0.00ns)   --->   "%zext_ln8_4 = zext i8 %state_load_4" [source/AESfunctions.cpp:8]   --->   Operation 63 'zext' 'zext_ln8_4' <Predicate = true> <Delay = 0.00>
ST_6 : Operation 64 [1/1] (0.00ns)   --->   "%s_box_addr_4 = getelementptr i8 %s_box, i64 0, i64 %zext_ln8_4" [source/AESfunctions.cpp:8]   --->   Operation 64 'getelementptr' 's_box_addr_4' <Predicate = true> <Delay = 0.00>
ST_6 : Operation 65 [2/2] (3.25ns)   --->   "%s_box_load_4 = load i8 %s_box_addr_4" [source/AESfunctions.cpp:8]   --->   Operation 65 'load' 's_box_load_4' <Predicate = true> <Delay = 3.25> <CoreInst = "ROM">   --->   Core 95 'ROM' <Latency = 1> <II = 1> <Delay = 3.25> <Storage> <Opcode : 'load'> <Ports = 0> <Width = 8> <Depth = 256> <ROM>
ST_6 : Operation 66 [1/2] (2.32ns)   --->   "%state_load_8 = load i4 %state_addr_8" [source/AESfunctions.cpp:8]   --->   Operation 66 'load' 'state_load_8' <Predicate = true> <Delay = 2.32> <CoreInst = "RAM">   --->   Core 82 'RAM' <Latency = 1> <II = 1> <Delay = 2.32> <Storage> <Opcode : 'load' 'store'> <Ports = 2> <Width = 8> <Depth = 16> <RAM>
ST_6 : Operation 67 [1/2] (2.32ns)   --->   "%state_load_9 = load i4 %state_addr_9" [source/AESfunctions.cpp:8]   --->   Operation 67 'load' 'state_load_9' <Predicate = true> <Delay = 2.32> <CoreInst = "RAM">   --->   Core 82 'RAM' <Latency = 1> <II = 1> <Delay = 2.32> <Storage> <Opcode : 'load' 'store'> <Ports = 2> <Width = 8> <Depth = 16> <RAM>
ST_6 : Operation 68 [1/1] (0.00ns)   --->   "%state_addr_10 = getelementptr i8 %state, i64 0, i64 10" [source/AESfunctions.cpp:8]   --->   Operation 68 'getelementptr' 'state_addr_10' <Predicate = true> <Delay = 0.00>
ST_6 : Operation 69 [2/2] (2.32ns)   --->   "%state_load_10 = load i4 %state_addr_10" [source/AESfunctions.cpp:8]   --->   Operation 69 'load' 'state_load_10' <Predicate = true> <Delay = 2.32> <CoreInst = "RAM">   --->   Core 82 'RAM' <Latency = 1> <II = 1> <Delay = 2.32> <Storage> <Opcode : 'load' 'store'> <Ports = 2> <Width = 8> <Depth = 16> <RAM>
ST_6 : Operation 70 [1/1] (0.00ns)   --->   "%state_addr_11 = getelementptr i8 %state, i64 0, i64 11" [source/AESfunctions.cpp:8]   --->   Operation 70 'getelementptr' 'state_addr_11' <Predicate = true> <Delay = 0.00>
ST_6 : Operation 71 [2/2] (2.32ns)   --->   "%state_load_11 = load i4 %state_addr_11" [source/AESfunctions.cpp:8]   --->   Operation 71 'load' 'state_load_11' <Predicate = true> <Delay = 2.32> <CoreInst = "RAM">   --->   Core 82 'RAM' <Latency = 1> <II = 1> <Delay = 2.32> <Storage> <Opcode : 'load' 'store'> <Ports = 2> <Width = 8> <Depth = 16> <RAM>

State 7 <SV = 6> <Delay = 3.25>
ST_7 : Operation 72 [1/2] (3.25ns)   --->   "%s_box_load_4 = load i8 %s_box_addr_4" [source/AESfunctions.cpp:8]   --->   Operation 72 'load' 's_box_load_4' <Predicate = true> <Delay = 3.25> <CoreInst = "ROM">   --->   Core 95 'ROM' <Latency = 1> <II = 1> <Delay = 3.25> <Storage> <Opcode : 'load'> <Ports = 0> <Width = 8> <Depth = 256> <ROM>
ST_7 : Operation 73 [1/1] (0.00ns)   --->   "%zext_ln8_5 = zext i8 %state_load_5" [source/AESfunctions.cpp:8]   --->   Operation 73 'zext' 'zext_ln8_5' <Predicate = true> <Delay = 0.00>
ST_7 : Operation 74 [1/1] (0.00ns)   --->   "%s_box_addr_5 = getelementptr i8 %s_box, i64 0, i64 %zext_ln8_5" [source/AESfunctions.cpp:8]   --->   Operation 74 'getelementptr' 's_box_addr_5' <Predicate = true> <Delay = 0.00>
ST_7 : Operation 75 [2/2] (3.25ns)   --->   "%s_box_load_5 = load i8 %s_box_addr_5" [source/AESfunctions.cpp:8]   --->   Operation 75 'load' 's_box_load_5' <Predicate = true> <Delay = 3.25> <CoreInst = "ROM">   --->   Core 95 'ROM' <Latency = 1> <II = 1> <Delay = 3.25> <Storage> <Opcode : 'load'> <Ports = 0> <Width = 8> <Depth = 256> <ROM>
ST_7 : Operation 76 [1/2] (2.32ns)   --->   "%state_load_10 = load i4 %state_addr_10" [source/AESfunctions.cpp:8]   --->   Operation 76 'load' 'state_load_10' <Predicate = true> <Delay = 2.32> <CoreInst = "RAM">   --->   Core 82 'RAM' <Latency = 1> <II = 1> <Delay = 2.32> <Storage> <Opcode : 'load' 'store'> <Ports = 2> <Width = 8> <Depth = 16> <RAM>
ST_7 : Operation 77 [1/2] (2.32ns)   --->   "%state_load_11 = load i4 %state_addr_11" [source/AESfunctions.cpp:8]   --->   Operation 77 'load' 'state_load_11' <Predicate = true> <Delay = 2.32> <CoreInst = "RAM">   --->   Core 82 'RAM' <Latency = 1> <II = 1> <Delay = 2.32> <Storage> <Opcode : 'load' 'store'> <Ports = 2> <Width = 8> <Depth = 16> <RAM>
ST_7 : Operation 78 [1/1] (0.00ns)   --->   "%state_addr_12 = getelementptr i8 %state, i64 0, i64 12" [source/AESfunctions.cpp:8]   --->   Operation 78 'getelementptr' 'state_addr_12' <Predicate = true> <Delay = 0.00>
ST_7 : Operation 79 [2/2] (2.32ns)   --->   "%state_load_12 = load i4 %state_addr_12" [source/AESfunctions.cpp:8]   --->   Operation 79 'load' 'state_load_12' <Predicate = true> <Delay = 2.32> <CoreInst = "RAM">   --->   Core 82 'RAM' <Latency = 1> <II = 1> <Delay = 2.32> <Storage> <Opcode : 'load' 'store'> <Ports = 2> <Width = 8> <Depth = 16> <RAM>
ST_7 : Operation 80 [1/1] (0.00ns)   --->   "%state_addr_13 = getelementptr i8 %state, i64 0, i64 13" [source/AESfunctions.cpp:8]   --->   Operation 80 'getelementptr' 'state_addr_13' <Predicate = true> <Delay = 0.00>
ST_7 : Operation 81 [2/2] (2.32ns)   --->   "%state_load_13 = load i4 %state_addr_13" [source/AESfunctions.cpp:8]   --->   Operation 81 'load' 'state_load_13' <Predicate = true> <Delay = 2.32> <CoreInst = "RAM">   --->   Core 82 'RAM' <Latency = 1> <II = 1> <Delay = 2.32> <Storage> <Opcode : 'load' 'store'> <Ports = 2> <Width = 8> <Depth = 16> <RAM>

State 8 <SV = 7> <Delay = 3.25>
ST_8 : Operation 82 [1/2] (3.25ns)   --->   "%s_box_load_5 = load i8 %s_box_addr_5" [source/AESfunctions.cpp:8]   --->   Operation 82 'load' 's_box_load_5' <Predicate = true> <Delay = 3.25> <CoreInst = "ROM">   --->   Core 95 'ROM' <Latency = 1> <II = 1> <Delay = 3.25> <Storage> <Opcode : 'load'> <Ports = 0> <Width = 8> <Depth = 256> <ROM>
ST_8 : Operation 83 [1/1] (0.00ns)   --->   "%zext_ln8_6 = zext i8 %state_load_6" [source/AESfunctions.cpp:8]   --->   Operation 83 'zext' 'zext_ln8_6' <Predicate = true> <Delay = 0.00>
ST_8 : Operation 84 [1/1] (0.00ns)   --->   "%s_box_addr_6 = getelementptr i8 %s_box, i64 0, i64 %zext_ln8_6" [source/AESfunctions.cpp:8]   --->   Operation 84 'getelementptr' 's_box_addr_6' <Predicate = true> <Delay = 0.00>
ST_8 : Operation 85 [2/2] (3.25ns)   --->   "%s_box_load_6 = load i8 %s_box_addr_6" [source/AESfunctions.cpp:8]   --->   Operation 85 'load' 's_box_load_6' <Predicate = true> <Delay = 3.25> <CoreInst = "ROM">   --->   Core 95 'ROM' <Latency = 1> <II = 1> <Delay = 3.25> <Storage> <Opcode : 'load'> <Ports = 0> <Width = 8> <Depth = 256> <ROM>
ST_8 : Operation 86 [1/2] (2.32ns)   --->   "%state_load_12 = load i4 %state_addr_12" [source/AESfunctions.cpp:8]   --->   Operation 86 'load' 'state_load_12' <Predicate = true> <Delay = 2.32> <CoreInst = "RAM">   --->   Core 82 'RAM' <Latency = 1> <II = 1> <Delay = 2.32> <Storage> <Opcode : 'load' 'store'> <Ports = 2> <Width = 8> <Depth = 16> <RAM>
ST_8 : Operation 87 [1/2] (2.32ns)   --->   "%state_load_13 = load i4 %state_addr_13" [source/AESfunctions.cpp:8]   --->   Operation 87 'load' 'state_load_13' <Predicate = true> <Delay = 2.32> <CoreInst = "RAM">   --->   Core 82 'RAM' <Latency = 1> <II = 1> <Delay = 2.32> <Storage> <Opcode : 'load' 'store'> <Ports = 2> <Width = 8> <Depth = 16> <RAM>
ST_8 : Operation 88 [1/1] (0.00ns)   --->   "%state_addr_14 = getelementptr i8 %state, i64 0, i64 14" [source/AESfunctions.cpp:8]   --->   Operation 88 'getelementptr' 'state_addr_14' <Predicate = true> <Delay = 0.00>
ST_8 : Operation 89 [2/2] (2.32ns)   --->   "%state_load_14 = load i4 %state_addr_14" [source/AESfunctions.cpp:8]   --->   Operation 89 'load' 'state_load_14' <Predicate = true> <Delay = 2.32> <CoreInst = "RAM">   --->   Core 82 'RAM' <Latency = 1> <II = 1> <Delay = 2.32> <Storage> <Opcode : 'load' 'store'> <Ports = 2> <Width = 8> <Depth = 16> <RAM>
ST_8 : Operation 90 [1/1] (0.00ns)   --->   "%state_addr_15 = getelementptr i8 %state, i64 0, i64 15" [source/AESfunctions.cpp:8]   --->   Operation 90 'getelementptr' 'state_addr_15' <Predicate = true> <Delay = 0.00>
ST_8 : Operation 91 [2/2] (2.32ns)   --->   "%state_load_15 = load i4 %state_addr_15" [source/AESfunctions.cpp:8]   --->   Operation 91 'load' 'state_load_15' <Predicate = true> <Delay = 2.32> <CoreInst = "RAM">   --->   Core 82 'RAM' <Latency = 1> <II = 1> <Delay = 2.32> <Storage> <Opcode : 'load' 'store'> <Ports = 2> <Width = 8> <Depth = 16> <RAM>

State 9 <SV = 8> <Delay = 3.25>
ST_9 : Operation 92 [1/1] (2.32ns)   --->   "%store_ln8 = store i8 %s_box_load, i4 %state_addr" [source/AESfunctions.cpp:8]   --->   Operation 92 'store' 'store_ln8' <Predicate = true> <Delay = 2.32> <CoreInst = "RAM">   --->   Core 82 'RAM' <Latency = 1> <II = 1> <Delay = 2.32> <Storage> <Opcode : 'load' 'store'> <Ports = 2> <Width = 8> <Depth = 16> <RAM>
ST_9 : Operation 93 [1/1] (2.32ns)   --->   "%store_ln8 = store i8 %s_box_load_1, i4 %state_addr_1" [source/AESfunctions.cpp:8]   --->   Operation 93 'store' 'store_ln8' <Predicate = true> <Delay = 2.32> <CoreInst = "RAM">   --->   Core 82 'RAM' <Latency = 1> <II = 1> <Delay = 2.32> <Storage> <Opcode : 'load' 'store'> <Ports = 2> <Width = 8> <Depth = 16> <RAM>
ST_9 : Operation 94 [1/2] (3.25ns)   --->   "%s_box_load_6 = load i8 %s_box_addr_6" [source/AESfunctions.cpp:8]   --->   Operation 94 'load' 's_box_load_6' <Predicate = true> <Delay = 3.25> <CoreInst = "ROM">   --->   Core 95 'ROM' <Latency = 1> <II = 1> <Delay = 3.25> <Storage> <Opcode : 'load'> <Ports = 0> <Width = 8> <Depth = 256> <ROM>
ST_9 : Operation 95 [1/1] (0.00ns)   --->   "%zext_ln8_7 = zext i8 %state_load_7" [source/AESfunctions.cpp:8]   --->   Operation 95 'zext' 'zext_ln8_7' <Predicate = true> <Delay = 0.00>
ST_9 : Operation 96 [1/1] (0.00ns)   --->   "%s_box_addr_7 = getelementptr i8 %s_box, i64 0, i64 %zext_ln8_7" [source/AESfunctions.cpp:8]   --->   Operation 96 'getelementptr' 's_box_addr_7' <Predicate = true> <Delay = 0.00>
ST_9 : Operation 97 [2/2] (3.25ns)   --->   "%s_box_load_7 = load i8 %s_box_addr_7" [source/AESfunctions.cpp:8]   --->   Operation 97 'load' 's_box_load_7' <Predicate = true> <Delay = 3.25> <CoreInst = "ROM">   --->   Core 95 'ROM' <Latency = 1> <II = 1> <Delay = 3.25> <Storage> <Opcode : 'load'> <Ports = 0> <Width = 8> <Depth = 256> <ROM>
ST_9 : Operation 98 [1/2] (2.32ns)   --->   "%state_load_14 = load i4 %state_addr_14" [source/AESfunctions.cpp:8]   --->   Operation 98 'load' 'state_load_14' <Predicate = true> <Delay = 2.32> <CoreInst = "RAM">   --->   Core 82 'RAM' <Latency = 1> <II = 1> <Delay = 2.32> <Storage> <Opcode : 'load' 'store'> <Ports = 2> <Width = 8> <Depth = 16> <RAM>
ST_9 : Operation 99 [1/2] (2.32ns)   --->   "%state_load_15 = load i4 %state_addr_15" [source/AESfunctions.cpp:8]   --->   Operation 99 'load' 'state_load_15' <Predicate = true> <Delay = 2.32> <CoreInst = "RAM">   --->   Core 82 'RAM' <Latency = 1> <II = 1> <Delay = 2.32> <Storage> <Opcode : 'load' 'store'> <Ports = 2> <Width = 8> <Depth = 16> <RAM>

State 10 <SV = 9> <Delay = 3.25>
ST_10 : Operation 100 [1/1] (2.32ns)   --->   "%store_ln8 = store i8 %s_box_load_2, i4 %state_addr_2" [source/AESfunctions.cpp:8]   --->   Operation 100 'store' 'store_ln8' <Predicate = true> <Delay = 2.32> <CoreInst = "RAM">   --->   Core 82 'RAM' <Latency = 1> <II = 1> <Delay = 2.32> <Storage> <Opcode : 'load' 'store'> <Ports = 2> <Width = 8> <Depth = 16> <RAM>
ST_10 : Operation 101 [1/1] (2.32ns)   --->   "%store_ln8 = store i8 %s_box_load_3, i4 %state_addr_3" [source/AESfunctions.cpp:8]   --->   Operation 101 'store' 'store_ln8' <Predicate = true> <Delay = 2.32> <CoreInst = "RAM">   --->   Core 82 'RAM' <Latency = 1> <II = 1> <Delay = 2.32> <Storage> <Opcode : 'load' 'store'> <Ports = 2> <Width = 8> <Depth = 16> <RAM>
ST_10 : Operation 102 [1/2] (3.25ns)   --->   "%s_box_load_7 = load i8 %s_box_addr_7" [source/AESfunctions.cpp:8]   --->   Operation 102 'load' 's_box_load_7' <Predicate = true> <Delay = 3.25> <CoreInst = "ROM">   --->   Core 95 'ROM' <Latency = 1> <II = 1> <Delay = 3.25> <Storage> <Opcode : 'load'> <Ports = 0> <Width = 8> <Depth = 256> <ROM>
ST_10 : Operation 103 [1/1] (0.00ns)   --->   "%zext_ln8_8 = zext i8 %state_load_8" [source/AESfunctions.cpp:8]   --->   Operation 103 'zext' 'zext_ln8_8' <Predicate = true> <Delay = 0.00>
ST_10 : Operation 104 [1/1] (0.00ns)   --->   "%s_box_addr_8 = getelementptr i8 %s_box, i64 0, i64 %zext_ln8_8" [source/AESfunctions.cpp:8]   --->   Operation 104 'getelementptr' 's_box_addr_8' <Predicate = true> <Delay = 0.00>
ST_10 : Operation 105 [2/2] (3.25ns)   --->   "%s_box_load_8 = load i8 %s_box_addr_8" [source/AESfunctions.cpp:8]   --->   Operation 105 'load' 's_box_load_8' <Predicate = true> <Delay = 3.25> <CoreInst = "ROM">   --->   Core 95 'ROM' <Latency = 1> <II = 1> <Delay = 3.25> <Storage> <Opcode : 'load'> <Ports = 0> <Width = 8> <Depth = 256> <ROM>

State 11 <SV = 10> <Delay = 3.25>
ST_11 : Operation 106 [1/1] (2.32ns)   --->   "%store_ln8 = store i8 %s_box_load_4, i4 %state_addr_4" [source/AESfunctions.cpp:8]   --->   Operation 106 'store' 'store_ln8' <Predicate = true> <Delay = 2.32> <CoreInst = "RAM">   --->   Core 82 'RAM' <Latency = 1> <II = 1> <Delay = 2.32> <Storage> <Opcode : 'load' 'store'> <Ports = 2> <Width = 8> <Depth = 16> <RAM>
ST_11 : Operation 107 [1/1] (2.32ns)   --->   "%store_ln8 = store i8 %s_box_load_5, i4 %state_addr_5" [source/AESfunctions.cpp:8]   --->   Operation 107 'store' 'store_ln8' <Predicate = true> <Delay = 2.32> <CoreInst = "RAM">   --->   Core 82 'RAM' <Latency = 1> <II = 1> <Delay = 2.32> <Storage> <Opcode : 'load' 'store'> <Ports = 2> <Width = 8> <Depth = 16> <RAM>
ST_11 : Operation 108 [1/2] (3.25ns)   --->   "%s_box_load_8 = load i8 %s_box_addr_8" [source/AESfunctions.cpp:8]   --->   Operation 108 'load' 's_box_load_8' <Predicate = true> <Delay = 3.25> <CoreInst = "ROM">   --->   Core 95 'ROM' <Latency = 1> <II = 1> <Delay = 3.25> <Storage> <Opcode : 'load'> <Ports = 0> <Width = 8> <Depth = 256> <ROM>
ST_11 : Operation 109 [1/1] (0.00ns)   --->   "%zext_ln8_9 = zext i8 %state_load_9" [source/AESfunctions.cpp:8]   --->   Operation 109 'zext' 'zext_ln8_9' <Predicate = true> <Delay = 0.00>
ST_11 : Operation 110 [1/1] (0.00ns)   --->   "%s_box_addr_9 = getelementptr i8 %s_box, i64 0, i64 %zext_ln8_9" [source/AESfunctions.cpp:8]   --->   Operation 110 'getelementptr' 's_box_addr_9' <Predicate = true> <Delay = 0.00>
ST_11 : Operation 111 [2/2] (3.25ns)   --->   "%s_box_load_9 = load i8 %s_box_addr_9" [source/AESfunctions.cpp:8]   --->   Operation 111 'load' 's_box_load_9' <Predicate = true> <Delay = 3.25> <CoreInst = "ROM">   --->   Core 95 'ROM' <Latency = 1> <II = 1> <Delay = 3.25> <Storage> <Opcode : 'load'> <Ports = 0> <Width = 8> <Depth = 256> <ROM>

State 12 <SV = 11> <Delay = 3.25>
ST_12 : Operation 112 [1/1] (2.32ns)   --->   "%store_ln8 = store i8 %s_box_load_6, i4 %state_addr_6" [source/AESfunctions.cpp:8]   --->   Operation 112 'store' 'store_ln8' <Predicate = true> <Delay = 2.32> <CoreInst = "RAM">   --->   Core 82 'RAM' <Latency = 1> <II = 1> <Delay = 2.32> <Storage> <Opcode : 'load' 'store'> <Ports = 2> <Width = 8> <Depth = 16> <RAM>
ST_12 : Operation 113 [1/1] (2.32ns)   --->   "%store_ln8 = store i8 %s_box_load_7, i4 %state_addr_7" [source/AESfunctions.cpp:8]   --->   Operation 113 'store' 'store_ln8' <Predicate = true> <Delay = 2.32> <CoreInst = "RAM">   --->   Core 82 'RAM' <Latency = 1> <II = 1> <Delay = 2.32> <Storage> <Opcode : 'load' 'store'> <Ports = 2> <Width = 8> <Depth = 16> <RAM>
ST_12 : Operation 114 [1/2] (3.25ns)   --->   "%s_box_load_9 = load i8 %s_box_addr_9" [source/AESfunctions.cpp:8]   --->   Operation 114 'load' 's_box_load_9' <Predicate = true> <Delay = 3.25> <CoreInst = "ROM">   --->   Core 95 'ROM' <Latency = 1> <II = 1> <Delay = 3.25> <Storage> <Opcode : 'load'> <Ports = 0> <Width = 8> <Depth = 256> <ROM>
ST_12 : Operation 115 [1/1] (0.00ns)   --->   "%zext_ln8_10 = zext i8 %state_load_10" [source/AESfunctions.cpp:8]   --->   Operation 115 'zext' 'zext_ln8_10' <Predicate = true> <Delay = 0.00>
ST_12 : Operation 116 [1/1] (0.00ns)   --->   "%s_box_addr_10 = getelementptr i8 %s_box, i64 0, i64 %zext_ln8_10" [source/AESfunctions.cpp:8]   --->   Operation 116 'getelementptr' 's_box_addr_10' <Predicate = true> <Delay = 0.00>
ST_12 : Operation 117 [2/2] (3.25ns)   --->   "%s_box_load_10 = load i8 %s_box_addr_10" [source/AESfunctions.cpp:8]   --->   Operation 117 'load' 's_box_load_10' <Predicate = true> <Delay = 3.25> <CoreInst = "ROM">   --->   Core 95 'ROM' <Latency = 1> <II = 1> <Delay = 3.25> <Storage> <Opcode : 'load'> <Ports = 0> <Width = 8> <Depth = 256> <ROM>

State 13 <SV = 12> <Delay = 3.25>
ST_13 : Operation 118 [1/1] (2.32ns)   --->   "%store_ln8 = store i8 %s_box_load_8, i4 %state_addr_8" [source/AESfunctions.cpp:8]   --->   Operation 118 'store' 'store_ln8' <Predicate = true> <Delay = 2.32> <CoreInst = "RAM">   --->   Core 82 'RAM' <Latency = 1> <II = 1> <Delay = 2.32> <Storage> <Opcode : 'load' 'store'> <Ports = 2> <Width = 8> <Depth = 16> <RAM>
ST_13 : Operation 119 [1/1] (2.32ns)   --->   "%store_ln8 = store i8 %s_box_load_9, i4 %state_addr_9" [source/AESfunctions.cpp:8]   --->   Operation 119 'store' 'store_ln8' <Predicate = true> <Delay = 2.32> <CoreInst = "RAM">   --->   Core 82 'RAM' <Latency = 1> <II = 1> <Delay = 2.32> <Storage> <Opcode : 'load' 'store'> <Ports = 2> <Width = 8> <Depth = 16> <RAM>
ST_13 : Operation 120 [1/2] (3.25ns)   --->   "%s_box_load_10 = load i8 %s_box_addr_10" [source/AESfunctions.cpp:8]   --->   Operation 120 'load' 's_box_load_10' <Predicate = true> <Delay = 3.25> <CoreInst = "ROM">   --->   Core 95 'ROM' <Latency = 1> <II = 1> <Delay = 3.25> <Storage> <Opcode : 'load'> <Ports = 0> <Width = 8> <Depth = 256> <ROM>
ST_13 : Operation 121 [1/1] (0.00ns)   --->   "%zext_ln8_11 = zext i8 %state_load_11" [source/AESfunctions.cpp:8]   --->   Operation 121 'zext' 'zext_ln8_11' <Predicate = true> <Delay = 0.00>
ST_13 : Operation 122 [1/1] (0.00ns)   --->   "%s_box_addr_11 = getelementptr i8 %s_box, i64 0, i64 %zext_ln8_11" [source/AESfunctions.cpp:8]   --->   Operation 122 'getelementptr' 's_box_addr_11' <Predicate = true> <Delay = 0.00>
ST_13 : Operation 123 [2/2] (3.25ns)   --->   "%s_box_load_11 = load i8 %s_box_addr_11" [source/AESfunctions.cpp:8]   --->   Operation 123 'load' 's_box_load_11' <Predicate = true> <Delay = 3.25> <CoreInst = "ROM">   --->   Core 95 'ROM' <Latency = 1> <II = 1> <Delay = 3.25> <Storage> <Opcode : 'load'> <Ports = 0> <Width = 8> <Depth = 256> <ROM>

State 14 <SV = 13> <Delay = 5.57>
ST_14 : Operation 124 [1/1] (2.32ns)   --->   "%store_ln8 = store i8 %s_box_load_10, i4 %state_addr_10" [source/AESfunctions.cpp:8]   --->   Operation 124 'store' 'store_ln8' <Predicate = true> <Delay = 2.32> <CoreInst = "RAM">   --->   Core 82 'RAM' <Latency = 1> <II = 1> <Delay = 2.32> <Storage> <Opcode : 'load' 'store'> <Ports = 2> <Width = 8> <Depth = 16> <RAM>
ST_14 : Operation 125 [1/2] (3.25ns)   --->   "%s_box_load_11 = load i8 %s_box_addr_11" [source/AESfunctions.cpp:8]   --->   Operation 125 'load' 's_box_load_11' <Predicate = true> <Delay = 3.25> <CoreInst = "ROM">   --->   Core 95 'ROM' <Latency = 1> <II = 1> <Delay = 3.25> <Storage> <Opcode : 'load'> <Ports = 0> <Width = 8> <Depth = 256> <ROM>
ST_14 : Operation 126 [1/1] (2.32ns)   --->   "%store_ln8 = store i8 %s_box_load_11, i4 %state_addr_11" [source/AESfunctions.cpp:8]   --->   Operation 126 'store' 'store_ln8' <Predicate = true> <Delay = 2.32> <CoreInst = "RAM">   --->   Core 82 'RAM' <Latency = 1> <II = 1> <Delay = 2.32> <Storage> <Opcode : 'load' 'store'> <Ports = 2> <Width = 8> <Depth = 16> <RAM>
ST_14 : Operation 127 [1/1] (0.00ns)   --->   "%zext_ln8_12 = zext i8 %state_load_12" [source/AESfunctions.cpp:8]   --->   Operation 127 'zext' 'zext_ln8_12' <Predicate = true> <Delay = 0.00>
ST_14 : Operation 128 [1/1] (0.00ns)   --->   "%s_box_addr_12 = getelementptr i8 %s_box, i64 0, i64 %zext_ln8_12" [source/AESfunctions.cpp:8]   --->   Operation 128 'getelementptr' 's_box_addr_12' <Predicate = true> <Delay = 0.00>
ST_14 : Operation 129 [2/2] (3.25ns)   --->   "%s_box_load_12 = load i8 %s_box_addr_12" [source/AESfunctions.cpp:8]   --->   Operation 129 'load' 's_box_load_12' <Predicate = true> <Delay = 3.25> <CoreInst = "ROM">   --->   Core 95 'ROM' <Latency = 1> <II = 1> <Delay = 3.25> <Storage> <Opcode : 'load'> <Ports = 0> <Width = 8> <Depth = 256> <ROM>

State 15 <SV = 14> <Delay = 5.57>
ST_15 : Operation 130 [1/2] (3.25ns)   --->   "%s_box_load_12 = load i8 %s_box_addr_12" [source/AESfunctions.cpp:8]   --->   Operation 130 'load' 's_box_load_12' <Predicate = true> <Delay = 3.25> <CoreInst = "ROM">   --->   Core 95 'ROM' <Latency = 1> <II = 1> <Delay = 3.25> <Storage> <Opcode : 'load'> <Ports = 0> <Width = 8> <Depth = 256> <ROM>
ST_15 : Operation 131 [1/1] (2.32ns)   --->   "%store_ln8 = store i8 %s_box_load_12, i4 %state_addr_12" [source/AESfunctions.cpp:8]   --->   Operation 131 'store' 'store_ln8' <Predicate = true> <Delay = 2.32> <CoreInst = "RAM">   --->   Core 82 'RAM' <Latency = 1> <II = 1> <Delay = 2.32> <Storage> <Opcode : 'load' 'store'> <Ports = 2> <Width = 8> <Depth = 16> <RAM>
ST_15 : Operation 132 [1/1] (0.00ns)   --->   "%zext_ln8_13 = zext i8 %state_load_13" [source/AESfunctions.cpp:8]   --->   Operation 132 'zext' 'zext_ln8_13' <Predicate = true> <Delay = 0.00>
ST_15 : Operation 133 [1/1] (0.00ns)   --->   "%s_box_addr_13 = getelementptr i8 %s_box, i64 0, i64 %zext_ln8_13" [source/AESfunctions.cpp:8]   --->   Operation 133 'getelementptr' 's_box_addr_13' <Predicate = true> <Delay = 0.00>
ST_15 : Operation 134 [2/2] (3.25ns)   --->   "%s_box_load_13 = load i8 %s_box_addr_13" [source/AESfunctions.cpp:8]   --->   Operation 134 'load' 's_box_load_13' <Predicate = true> <Delay = 3.25> <CoreInst = "ROM">   --->   Core 95 'ROM' <Latency = 1> <II = 1> <Delay = 3.25> <Storage> <Opcode : 'load'> <Ports = 0> <Width = 8> <Depth = 256> <ROM>

State 16 <SV = 15> <Delay = 5.57>
ST_16 : Operation 135 [1/2] (3.25ns)   --->   "%s_box_load_13 = load i8 %s_box_addr_13" [source/AESfunctions.cpp:8]   --->   Operation 135 'load' 's_box_load_13' <Predicate = true> <Delay = 3.25> <CoreInst = "ROM">   --->   Core 95 'ROM' <Latency = 1> <II = 1> <Delay = 3.25> <Storage> <Opcode : 'load'> <Ports = 0> <Width = 8> <Depth = 256> <ROM>
ST_16 : Operation 136 [1/1] (2.32ns)   --->   "%store_ln8 = store i8 %s_box_load_13, i4 %state_addr_13" [source/AESfunctions.cpp:8]   --->   Operation 136 'store' 'store_ln8' <Predicate = true> <Delay = 2.32> <CoreInst = "RAM">   --->   Core 82 'RAM' <Latency = 1> <II = 1> <Delay = 2.32> <Storage> <Opcode : 'load' 'store'> <Ports = 2> <Width = 8> <Depth = 16> <RAM>
ST_16 : Operation 137 [1/1] (0.00ns)   --->   "%zext_ln8_14 = zext i8 %state_load_14" [source/AESfunctions.cpp:8]   --->   Operation 137 'zext' 'zext_ln8_14' <Predicate = true> <Delay = 0.00>
ST_16 : Operation 138 [1/1] (0.00ns)   --->   "%s_box_addr_14 = getelementptr i8 %s_box, i64 0, i64 %zext_ln8_14" [source/AESfunctions.cpp:8]   --->   Operation 138 'getelementptr' 's_box_addr_14' <Predicate = true> <Delay = 0.00>
ST_16 : Operation 139 [2/2] (3.25ns)   --->   "%s_box_load_14 = load i8 %s_box_addr_14" [source/AESfunctions.cpp:8]   --->   Operation 139 'load' 's_box_load_14' <Predicate = true> <Delay = 3.25> <CoreInst = "ROM">   --->   Core 95 'ROM' <Latency = 1> <II = 1> <Delay = 3.25> <Storage> <Opcode : 'load'> <Ports = 0> <Width = 8> <Depth = 256> <ROM>

State 17 <SV = 16> <Delay = 5.57>
ST_17 : Operation 140 [1/2] (3.25ns)   --->   "%s_box_load_14 = load i8 %s_box_addr_14" [source/AESfunctions.cpp:8]   --->   Operation 140 'load' 's_box_load_14' <Predicate = true> <Delay = 3.25> <CoreInst = "ROM">   --->   Core 95 'ROM' <Latency = 1> <II = 1> <Delay = 3.25> <Storage> <Opcode : 'load'> <Ports = 0> <Width = 8> <Depth = 256> <ROM>
ST_17 : Operation 141 [1/1] (2.32ns)   --->   "%store_ln8 = store i8 %s_box_load_14, i4 %state_addr_14" [source/AESfunctions.cpp:8]   --->   Operation 141 'store' 'store_ln8' <Predicate = true> <Delay = 2.32> <CoreInst = "RAM">   --->   Core 82 'RAM' <Latency = 1> <II = 1> <Delay = 2.32> <Storage> <Opcode : 'load' 'store'> <Ports = 2> <Width = 8> <Depth = 16> <RAM>
ST_17 : Operation 142 [1/1] (0.00ns)   --->   "%zext_ln8_15 = zext i8 %state_load_15" [source/AESfunctions.cpp:8]   --->   Operation 142 'zext' 'zext_ln8_15' <Predicate = true> <Delay = 0.00>
ST_17 : Operation 143 [1/1] (0.00ns)   --->   "%s_box_addr_15 = getelementptr i8 %s_box, i64 0, i64 %zext_ln8_15" [source/AESfunctions.cpp:8]   --->   Operation 143 'getelementptr' 's_box_addr_15' <Predicate = true> <Delay = 0.00>
ST_17 : Operation 144 [2/2] (3.25ns)   --->   "%s_box_load_15 = load i8 %s_box_addr_15" [source/AESfunctions.cpp:8]   --->   Operation 144 'load' 's_box_load_15' <Predicate = true> <Delay = 3.25> <CoreInst = "ROM">   --->   Core 95 'ROM' <Latency = 1> <II = 1> <Delay = 3.25> <Storage> <Opcode : 'load'> <Ports = 0> <Width = 8> <Depth = 256> <ROM>

State 18 <SV = 17> <Delay = 5.57>
ST_18 : Operation 145 [1/2] (3.25ns)   --->   "%s_box_load_15 = load i8 %s_box_addr_15" [source/AESfunctions.cpp:8]   --->   Operation 145 'load' 's_box_load_15' <Predicate = true> <Delay = 3.25> <CoreInst = "ROM">   --->   Core 95 'ROM' <Latency = 1> <II = 1> <Delay = 3.25> <Storage> <Opcode : 'load'> <Ports = 0> <Width = 8> <Depth = 256> <ROM>
ST_18 : Operation 146 [1/1] (2.32ns)   --->   "%store_ln8 = store i8 %s_box_load_15, i4 %state_addr_15" [source/AESfunctions.cpp:8]   --->   Operation 146 'store' 'store_ln8' <Predicate = true> <Delay = 2.32> <CoreInst = "RAM">   --->   Core 82 'RAM' <Latency = 1> <II = 1> <Delay = 2.32> <Storage> <Opcode : 'load' 'store'> <Ports = 2> <Width = 8> <Depth = 16> <RAM>
ST_18 : Operation 147 [1/1] (0.00ns)   --->   "%ret_ln10 = ret" [source/AESfunctions.cpp:10]   --->   Operation 147 'ret' 'ret_ln10' <Predicate = true> <Delay = 0.00>


============================================================
+ Verbose Summary: Timing violations
============================================================
Target clock period: 10ns, clock uncertainty: 2.7ns.

 <State 1>: 2.32ns
The critical path consists of the following:
	'getelementptr' operation ('state_addr', source/AESfunctions.cpp:4) [3]  (0 ns)
	'load' operation ('state_load', source/AESfunctions.cpp:8) on array 'state' [4]  (2.32 ns)

 <State 2>: 5.58ns
The critical path consists of the following:
	'load' operation ('state_load', source/AESfunctions.cpp:8) on array 'state' [4]  (2.32 ns)
	'getelementptr' operation ('s_box_addr', source/AESfunctions.cpp:8) [6]  (0 ns)
	'load' operation ('s_box_load', source/AESfunctions.cpp:8) on array 's_box' [7]  (3.25 ns)

 <State 3>: 3.25ns
The critical path consists of the following:
	'load' operation ('s_box_load', source/AESfunctions.cpp:8) on array 's_box' [7]  (3.25 ns)

 <State 4>: 3.25ns
The critical path consists of the following:
	'load' operation ('s_box_load_1', source/AESfunctions.cpp:8) on array 's_box' [13]  (3.25 ns)

 <State 5>: 3.25ns
The critical path consists of the following:
	'load' operation ('s_box_load_2', source/AESfunctions.cpp:8) on array 's_box' [19]  (3.25 ns)

 <State 6>: 3.25ns
The critical path consists of the following:
	'load' operation ('s_box_load_3', source/AESfunctions.cpp:8) on array 's_box' [25]  (3.25 ns)

 <State 7>: 3.25ns
The critical path consists of the following:
	'load' operation ('s_box_load_4', source/AESfunctions.cpp:8) on array 's_box' [31]  (3.25 ns)

 <State 8>: 3.25ns
The critical path consists of the following:
	'load' operation ('s_box_load_5', source/AESfunctions.cpp:8) on array 's_box' [37]  (3.25 ns)

 <State 9>: 3.25ns
The critical path consists of the following:
	'load' operation ('s_box_load_6', source/AESfunctions.cpp:8) on array 's_box' [43]  (3.25 ns)

 <State 10>: 3.25ns
The critical path consists of the following:
	'load' operation ('s_box_load_7', source/AESfunctions.cpp:8) on array 's_box' [49]  (3.25 ns)

 <State 11>: 3.25ns
The critical path consists of the following:
	'load' operation ('s_box_load_8', source/AESfunctions.cpp:8) on array 's_box' [55]  (3.25 ns)

 <State 12>: 3.25ns
The critical path consists of the following:
	'load' operation ('s_box_load_9', source/AESfunctions.cpp:8) on array 's_box' [61]  (3.25 ns)

 <State 13>: 3.25ns
The critical path consists of the following:
	'load' operation ('s_box_load_10', source/AESfunctions.cpp:8) on array 's_box' [67]  (3.25 ns)

 <State 14>: 5.58ns
The critical path consists of the following:
	'load' operation ('s_box_load_11', source/AESfunctions.cpp:8) on array 's_box' [73]  (3.25 ns)
	'store' operation ('store_ln8', source/AESfunctions.cpp:8) of variable 's_box_load_11', source/AESfunctions.cpp:8 on array 'state' [74]  (2.32 ns)

 <State 15>: 5.58ns
The critical path consists of the following:
	'load' operation ('s_box_load_12', source/AESfunctions.cpp:8) on array 's_box' [79]  (3.25 ns)
	'store' operation ('store_ln8', source/AESfunctions.cpp:8) of variable 's_box_load_12', source/AESfunctions.cpp:8 on array 'state' [80]  (2.32 ns)

 <State 16>: 5.58ns
The critical path consists of the following:
	'load' operation ('s_box_load_13', source/AESfunctions.cpp:8) on array 's_box' [85]  (3.25 ns)
	'store' operation ('store_ln8', source/AESfunctions.cpp:8) of variable 's_box_load_13', source/AESfunctions.cpp:8 on array 'state' [86]  (2.32 ns)

 <State 17>: 5.58ns
The critical path consists of the following:
	'load' operation ('s_box_load_14', source/AESfunctions.cpp:8) on array 's_box' [91]  (3.25 ns)
	'store' operation ('store_ln8', source/AESfunctions.cpp:8) of variable 's_box_load_14', source/AESfunctions.cpp:8 on array 'state' [92]  (2.32 ns)

 <State 18>: 5.58ns
The critical path consists of the following:
	'load' operation ('s_box_load_15', source/AESfunctions.cpp:8) on array 's_box' [97]  (3.25 ns)
	'store' operation ('store_ln8', source/AESfunctions.cpp:8) of variable 's_box_load_15', source/AESfunctions.cpp:8 on array 'state' [98]  (2.32 ns)


============================================================
+ Verbose Summary: Binding
============================================================
N/A
* FSMD analyzer results:
  - Output states:
 - Input state : 
  - Chain level:
	State 1
	State 2
	State 3
	State 4
	State 5
	State 6
	State 7
	State 8
	State 9
	State 10
	State 11
	State 12
	State 13
	State 14
	State 15
	State 16
	State 17
	State 18


============================================================
+ Verbose Summary: Datapath Resource usage 
============================================================
N/A
