INFO: [XSIM 43-3496] Using init file passed via -initfile option "C:/Dev/Xilinx/Vivado/2017.4/data/xsim/ip/xsim_ip.ini".
Vivado Simulator 2017.4
Copyright 1986-1999, 2001-2016 Xilinx, Inc. All Rights Reserved.
Running: C:/Dev/Xilinx/Vivado/2017.4/bin/unwrapped/win64.o/xelab.exe xil_defaultlib.apatb_AES_Decrypt_top glbl -prj AES_Decrypt.prj -L smartconnect_v1_0 -L axi_protocol_checker_v1_1_12 -L axi_protocol_checker_v1_1_13 -L axis_protocol_checker_v1_1_11 -L axis_protocol_checker_v1_1_12 -L xil_defaultlib -L unisims_ver --initfile C:/Dev/Xilinx/Vivado/2017.4/data/xsim/ip/xsim_ip.ini --lib ieee_proposed=./ieee_proposed -s AES_Decrypt 
Multi-threading is on. Using 2 slave threads.
INFO: [VRFC 10-2263] Analyzing SystemVerilog file "D:/OneDrive/UVA/crypto/AES_code/VivadoHLS/inverse_cipher/aes_inverse_cipher/sim/verilog/glbl.v" into library work
INFO: [VRFC 10-311] analyzing module glbl
INFO: [VRFC 10-2263] Analyzing SystemVerilog file "D:/OneDrive/UVA/crypto/AES_code/VivadoHLS/inverse_cipher/aes_inverse_cipher/sim/verilog/AESL_automem_ciphertext.v" into library xil_defaultlib
INFO: [VRFC 10-311] analyzing module AESL_automem_ciphertext
INFO: [VRFC 10-2263] Analyzing SystemVerilog file "D:/OneDrive/UVA/crypto/AES_code/VivadoHLS/inverse_cipher/aes_inverse_cipher/sim/verilog/AESL_automem_expandedKey.v" into library xil_defaultlib
INFO: [VRFC 10-311] analyzing module AESL_automem_expandedKey
INFO: [VRFC 10-2263] Analyzing SystemVerilog file "D:/OneDrive/UVA/crypto/AES_code/VivadoHLS/inverse_cipher/aes_inverse_cipher/sim/verilog/AESL_automem_plaintext.v" into library xil_defaultlib
INFO: [VRFC 10-311] analyzing module AESL_automem_plaintext
INFO: [VRFC 10-2263] Analyzing SystemVerilog file "D:/OneDrive/UVA/crypto/AES_code/VivadoHLS/inverse_cipher/aes_inverse_cipher/sim/verilog/AES_Decrypt.autotb.v" into library xil_defaultlib
INFO: [VRFC 10-311] analyzing module apatb_AES_Decrypt_top
INFO: [VRFC 10-2263] Analyzing SystemVerilog file "D:/OneDrive/UVA/crypto/AES_code/VivadoHLS/inverse_cipher/aes_inverse_cipher/sim/verilog/AES_Decrypt.v" into library xil_defaultlib
INFO: [VRFC 10-311] analyzing module AES_Decrypt
INFO: [VRFC 10-2263] Analyzing SystemVerilog file "D:/OneDrive/UVA/crypto/AES_code/VivadoHLS/inverse_cipher/aes_inverse_cipher/sim/verilog/AES_Decrypt_inverdEe.v" into library xil_defaultlib
INFO: [VRFC 10-311] analyzing module AES_Decrypt_inverdEe_rom
INFO: [VRFC 10-311] analyzing module AES_Decrypt_inverdEe
INFO: [VRFC 10-2263] Analyzing SystemVerilog file "D:/OneDrive/UVA/crypto/AES_code/VivadoHLS/inverse_cipher/aes_inverse_cipher/sim/verilog/AES_Decrypt_state.v" into library xil_defaultlib
INFO: [VRFC 10-311] analyzing module AES_Decrypt_state_ram
INFO: [VRFC 10-311] analyzing module AES_Decrypt_state
INFO: [VRFC 10-2263] Analyzing SystemVerilog file "D:/OneDrive/UVA/crypto/AES_code/VivadoHLS/inverse_cipher/aes_inverse_cipher/sim/verilog/InvMixColumns.v" into library xil_defaultlib
INFO: [VRFC 10-311] analyzing module InvMixColumns
INFO: [VRFC 10-2263] Analyzing SystemVerilog file "D:/OneDrive/UVA/crypto/AES_code/VivadoHLS/inverse_cipher/aes_inverse_cipher/sim/verilog/InvMixColumns_mul09.v" into library xil_defaultlib
INFO: [VRFC 10-311] analyzing module InvMixColumns_mul09_rom
INFO: [VRFC 10-311] analyzing module InvMixColumns_mul09
INFO: [VRFC 10-2263] Analyzing SystemVerilog file "D:/OneDrive/UVA/crypto/AES_code/VivadoHLS/inverse_cipher/aes_inverse_cipher/sim/verilog/InvMixColumns_mul11.v" into library xil_defaultlib
INFO: [VRFC 10-311] analyzing module InvMixColumns_mul11_rom
INFO: [VRFC 10-311] analyzing module InvMixColumns_mul11
INFO: [VRFC 10-2263] Analyzing SystemVerilog file "D:/OneDrive/UVA/crypto/AES_code/VivadoHLS/inverse_cipher/aes_inverse_cipher/sim/verilog/InvMixColumns_mul13.v" into library xil_defaultlib
INFO: [VRFC 10-311] analyzing module InvMixColumns_mul13_rom
INFO: [VRFC 10-311] analyzing module InvMixColumns_mul13
INFO: [VRFC 10-2263] Analyzing SystemVerilog file "D:/OneDrive/UVA/crypto/AES_code/VivadoHLS/inverse_cipher/aes_inverse_cipher/sim/verilog/InvMixColumns_mul14.v" into library xil_defaultlib
INFO: [VRFC 10-311] analyzing module InvMixColumns_mul14_rom
INFO: [VRFC 10-311] analyzing module InvMixColumns_mul14
INFO: [VRFC 10-2263] Analyzing SystemVerilog file "D:/OneDrive/UVA/crypto/AES_code/VivadoHLS/inverse_cipher/aes_inverse_cipher/sim/verilog/InvShiftRows.v" into library xil_defaultlib
INFO: [VRFC 10-311] analyzing module InvShiftRows
INFO: [VRFC 10-2263] Analyzing SystemVerilog file "D:/OneDrive/UVA/crypto/AES_code/VivadoHLS/inverse_cipher/aes_inverse_cipher/sim/verilog/InvShiftRows_tmp_bkb.v" into library xil_defaultlib
INFO: [VRFC 10-311] analyzing module InvShiftRows_tmp_bkb_ram
INFO: [VRFC 10-311] analyzing module InvShiftRows_tmp_bkb
Starting static elaboration
Completed static elaboration
Starting simulation data flow analysis
Completed simulation data flow analysis
Time Resolution for simulation is 1ps
Compiling module xil_defaultlib.AES_Decrypt_inverdEe_rom
Compiling module xil_defaultlib.AES_Decrypt_inverdEe(DataWidth=8...
Compiling module xil_defaultlib.AES_Decrypt_state_ram
Compiling module xil_defaultlib.AES_Decrypt_state(DataWidth=8,Ad...
Compiling module xil_defaultlib.InvMixColumns_mul14_rom
Compiling module xil_defaultlib.InvMixColumns_mul14(DataWidth=8,...
Compiling module xil_defaultlib.InvMixColumns_mul11_rom
Compiling module xil_defaultlib.InvMixColumns_mul11(DataWidth=8,...
Compiling module xil_defaultlib.InvMixColumns_mul13_rom
Compiling module xil_defaultlib.InvMixColumns_mul13(DataWidth=8,...
Compiling module xil_defaultlib.InvMixColumns_mul09_rom
Compiling module xil_defaultlib.InvMixColumns_mul09(DataWidth=8,...
Compiling module xil_defaultlib.InvShiftRows_tmp_bkb_ram
Compiling module xil_defaultlib.InvShiftRows_tmp_bkb(DataWidth=8...
Compiling module xil_defaultlib.InvMixColumns
Compiling module xil_defaultlib.InvShiftRows
Compiling module xil_defaultlib.AES_Decrypt
Compiling module xil_defaultlib.AESL_automem_ciphertext
Compiling module xil_defaultlib.AESL_automem_expandedKey
Compiling module xil_defaultlib.AESL_automem_plaintext
Compiling module xil_defaultlib.apatb_AES_Decrypt_top
Compiling module work.glbl
Built simulation snapshot AES_Decrypt
