#-----------------------------------------------------------
# xsim v2017.4 (64-bit)
# SW Build 2086221 on Fri Dec 15 20:55:39 MST 2017
# IP Build 2085800 on Fri Dec 15 22:25:07 MST 2017
# Start of session at: Tue Feb  6 22:32:08 2018
# Process ID: 16460
# Current directory: D:/OneDrive/UVA/crypto/AES_code/VivadoHLS/inverse_cipher/aes_inverse_cipher/sim/verilog
# Command line: xsim.exe -mode tcl -source {xsim.dir/AES_Decrypt/xsim_script.tcl}
# Log file: D:/OneDrive/UVA/crypto/AES_code/VivadoHLS/inverse_cipher/aes_inverse_cipher/sim/verilog/xsim.log
# Journal file: D:/OneDrive/UVA/crypto/AES_code/VivadoHLS/inverse_cipher/aes_inverse_cipher/sim/verilog\xsim.jou
#-----------------------------------------------------------
source xsim.dir/AES_Decrypt/xsim_script.tcl
# xsim {AES_Decrypt} -autoloadwcfg -tclbatch {AES_Decrypt.tcl}
Vivado Simulator 2017.4
Time resolution is 1 ps
source AES_Decrypt.tcl
## run all
////////////////////////////////////////////////////////////////////////////////////
// Inter-Transaction Progress: Completed Transaction / Total Transaction
// Intra-Transaction Progress: Measured Latency / Latency Estimation * 100%
//
// RTL Simulation : "Inter-Transaction Progress" ["Intra-Transaction Progress"] @ "Simulation Time"
////////////////////////////////////////////////////////////////////////////////////
// RTL Simulation : 0 / 1 [n/a] @ "125000"
// RTL Simulation : 1 / 1 [n/a] @ "17615000"
////////////////////////////////////////////////////////////////////////////////////
$finish called at time : 17655 ns : File "D:/OneDrive/UVA/crypto/AES_code/VivadoHLS/inverse_cipher/aes_inverse_cipher/sim/verilog/AES_Decrypt.autotb.v" Line 379
## quit
INFO: [Common 17-206] Exiting xsim at Tue Feb  6 22:32:14 2018...
